[0.031s] Invoking command in '/home/exomy/exomy_ws/build/exomy_sim_msgs': CMAKE_PREFIX_PATH=${CMAKE_PREFIX_PATH}:/home/exomy/exomy_ws/install/exomy:/opt/ros/foxy /usr/bin/cmake --build /home/exomy/exomy_ws/build/exomy_sim_msgs -- -j2 -l2
[0.173s] [  2%] Built target exomy_sim_msgs__cpp
[0.201s] [ 12%] Built target exomy_sim_msgs__rosidl_generator_c
[0.261s] [ 23%] Built target exomy_sim_msgs__rosidl_typesupport_introspection_cpp
[0.275s] [ 33%] Built target exomy_sim_msgs__rosidl_typesupport_cpp
[0.348s] [ 43%] Built target exomy_sim_msgs__rosidl_typesupport_fastrtps_cpp
[0.352s] [ 53%] Built target exomy_sim_msgs__rosidl_typesupport_introspection_c
[0.393s] [ 64%] Built target exomy_sim_msgs__rosidl_typesupport_c
[0.418s] [ 74%] Built target exomy_sim_msgs__rosidl_typesupport_fastrtps_c
[0.488s] [ 74%] Built target exomy_sim_msgs
[0.536s] [ 76%] Built target exomy_sim_msgs__py
[0.626s] [ 84%] Built target exomy_sim_msgs__python
[0.816s] [ 89%] Built target exomy_sim_msgs__rosidl_typesupport_introspection_c__pyext
[0.820s] [ 94%] Built target exomy_sim_msgs__rosidl_typesupport_fastrtps_c__pyext
[0.900s] [100%] Built target exomy_sim_msgs__rosidl_typesupport_c__pyext
[0.916s] Invoked command in '/home/exomy/exomy_ws/build/exomy_sim_msgs' returned '0': CMAKE_PREFIX_PATH=${CMAKE_PREFIX_PATH}:/home/exomy/exomy_ws/install/exomy:/opt/ros/foxy /usr/bin/cmake --build /home/exomy/exomy_ws/build/exomy_sim_msgs -- -j2 -l2
[1.498s] Invoking command in '/home/exomy/exomy_ws/build/exomy_sim_msgs': CMAKE_PREFIX_PATH=${CMAKE_PREFIX_PATH}:/home/exomy/exomy_ws/install/exomy:/opt/ros/foxy /usr/bin/cmake --install /home/exomy/exomy_ws/build/exomy_sim_msgs
[1.556s] -- Install configuration: ""
[1.561s] -- Up-to-date: /home/exomy/exomy_ws/install/exomy_sim_msgs/share/ament_index/resource_index/rosidl_interfaces/exomy_sim_msgs
[1.561s] -- Up-to-date: /home/exomy/exomy_ws/install/exomy_sim_msgs/include/exomy_sim_msgs
[1.561s] -- Up-to-date: /home/exomy/exomy_ws/install/exomy_sim_msgs/include/exomy_sim_msgs/msg
[1.562s] -- Up-to-date: /home/exomy/exomy_ws/install/exomy_sim_msgs/include/exomy_sim_msgs/msg/rosidl_generator_c__visibility_control.h
[1.562s] -- Up-to-date: /home/exomy/exomy_ws/install/exomy_sim_msgs/include/exomy_sim_msgs/msg/detail
[1.562s] -- Up-to-date: /home/exomy/exomy_ws/install/exomy_sim_msgs/include/exomy_sim_msgs/msg/detail/joint_command_array__functions.h
[1.563s] -- Up-to-date: /home/exomy/exomy_ws/install/exomy_sim_msgs/include/exomy_sim_msgs/msg/detail/joint_command__functions.h
[1.563s] -- Up-to-date: /home/exomy/exomy_ws/install/exomy_sim_msgs/include/exomy_sim_msgs/msg/detail/joint_command_array__type_support.h
[1.563s] -- Up-to-date: /home/exomy/exomy_ws/install/exomy_sim_msgs/include/exomy_sim_msgs/msg/detail/joint_command_array__functions.c
[1.563s] -- Up-to-date: /home/exomy/exomy_ws/install/exomy_sim_msgs/include/exomy_sim_msgs/msg/detail/joint_command_array__struct.h
[1.563s] -- Up-to-date: /home/exomy/exomy_ws/install/exomy_sim_msgs/include/exomy_sim_msgs/msg/detail/joint_command__struct.h
[1.563s] -- Up-to-date: /home/exomy/exomy_ws/install/exomy_sim_msgs/include/exomy_sim_msgs/msg/detail/joint_command__functions.c
[1.564s] -- Up-to-date: /home/exomy/exomy_ws/install/exomy_sim_msgs/include/exomy_sim_msgs/msg/detail/joint_command__type_support.h
[1.564s] -- Up-to-date: /home/exomy/exomy_ws/install/exomy_sim_msgs/include/exomy_sim_msgs/msg/joint_command_array.h
[1.564s] -- Up-to-date: /home/exomy/exomy_ws/install/exomy_sim_msgs/include/exomy_sim_msgs/msg/joint_command.h
[1.565s] -- Up-to-date: /home/exomy/exomy_ws/install/exomy_sim_msgs/share/exomy_sim_msgs/environment/library_path.sh
[1.565s] -- Up-to-date: /home/exomy/exomy_ws/install/exomy_sim_msgs/share/exomy_sim_msgs/environment/library_path.dsv
[1.565s] -- Up-to-date: /home/exomy/exomy_ws/install/exomy_sim_msgs/lib/libexomy_sim_msgs__rosidl_generator_c.so
[1.566s] -- Up-to-date: /home/exomy/exomy_ws/install/exomy_sim_msgs/include/exomy_sim_msgs
[1.566s] -- Up-to-date: /home/exomy/exomy_ws/install/exomy_sim_msgs/include/exomy_sim_msgs/msg
[1.566s] -- Up-to-date: /home/exomy/exomy_ws/install/exomy_sim_msgs/include/exomy_sim_msgs/msg/detail
[1.567s] -- Up-to-date: /home/exomy/exomy_ws/install/exomy_sim_msgs/include/exomy_sim_msgs/msg/detail/joint_command__rosidl_typesupport_fastrtps_c.h
[1.567s] -- Up-to-date: /home/exomy/exomy_ws/install/exomy_sim_msgs/include/exomy_sim_msgs/msg/detail/joint_command_array__rosidl_typesupport_fastrtps_c.h
[1.567s] -- Up-to-date: /home/exomy/exomy_ws/install/exomy_sim_msgs/include/exomy_sim_msgs/msg/rosidl_typesupport_fastrtps_c__visibility_control.h
[1.568s] -- Up-to-date: /home/exomy/exomy_ws/install/exomy_sim_msgs/lib/libexomy_sim_msgs__rosidl_typesupport_fastrtps_c.so
[1.568s] -- Up-to-date: /home/exomy/exomy_ws/install/exomy_sim_msgs/include/exomy_sim_msgs
[1.568s] -- Up-to-date: /home/exomy/exomy_ws/install/exomy_sim_msgs/include/exomy_sim_msgs/msg
[1.568s] -- Up-to-date: /home/exomy/exomy_ws/install/exomy_sim_msgs/include/exomy_sim_msgs/msg/rosidl_typesupport_fastrtps_cpp__visibility_control.h
[1.569s] -- Up-to-date: /home/exomy/exomy_ws/install/exomy_sim_msgs/include/exomy_sim_msgs/msg/detail
[1.569s] -- Up-to-date: /home/exomy/exomy_ws/install/exomy_sim_msgs/include/exomy_sim_msgs/msg/detail/joint_command_array__rosidl_typesupport_fastrtps_cpp.hpp
[1.569s] -- Up-to-date: /home/exomy/exomy_ws/install/exomy_sim_msgs/include/exomy_sim_msgs/msg/detail/dds_fastrtps
[1.570s] -- Up-to-date: /home/exomy/exomy_ws/install/exomy_sim_msgs/include/exomy_sim_msgs/msg/detail/joint_command__rosidl_typesupport_fastrtps_cpp.hpp
[1.570s] -- Up-to-date: /home/exomy/exomy_ws/install/exomy_sim_msgs/lib/libexomy_sim_msgs__rosidl_typesupport_fastrtps_cpp.so
[1.571s] -- Up-to-date: /home/exomy/exomy_ws/install/exomy_sim_msgs/include/exomy_sim_msgs
[1.573s] -- Up-to-date: /home/exomy/exomy_ws/install/exomy_sim_msgs/include/exomy_sim_msgs/msg
[1.573s] -- Up-to-date: /home/exomy/exomy_ws/install/exomy_sim_msgs/include/exomy_sim_msgs/msg/rosidl_typesupport_introspection_c__visibility_control.h
[1.573s] -- Up-to-date: /home/exomy/exomy_ws/install/exomy_sim_msgs/include/exomy_sim_msgs/msg/detail
[1.574s] -- Up-to-date: /home/exomy/exomy_ws/install/exomy_sim_msgs/include/exomy_sim_msgs/msg/detail/joint_command_array__rosidl_typesupport_introspection_c.h
[1.575s] -- Up-to-date: /home/exomy/exomy_ws/install/exomy_sim_msgs/include/exomy_sim_msgs/msg/detail/joint_command__rosidl_typesupport_introspection_c.h
[1.575s] -- Up-to-date: /home/exomy/exomy_ws/install/exomy_sim_msgs/include/exomy_sim_msgs/msg/detail/joint_command__type_support.c
[1.575s] -- Up-to-date: /home/exomy/exomy_ws/install/exomy_sim_msgs/include/exomy_sim_msgs/msg/detail/joint_command_array__type_support.c
[1.575s] -- Up-to-date: /home/exomy/exomy_ws/install/exomy_sim_msgs/lib/libexomy_sim_msgs__rosidl_typesupport_introspection_c.so
[1.575s] -- Up-to-date: /home/exomy/exomy_ws/install/exomy_sim_msgs/lib/libexomy_sim_msgs__rosidl_typesupport_c.so
[1.575s] -- Up-to-date: /home/exomy/exomy_ws/install/exomy_sim_msgs/include/exomy_sim_msgs
[1.575s] -- Up-to-date: /home/exomy/exomy_ws/install/exomy_sim_msgs/include/exomy_sim_msgs/msg
[1.575s] -- Up-to-date: /home/exomy/exomy_ws/install/exomy_sim_msgs/include/exomy_sim_msgs/msg/joint_command_array.hpp
[1.575s] -- Up-to-date: /home/exomy/exomy_ws/install/exomy_sim_msgs/include/exomy_sim_msgs/msg/joint_command.hpp
[1.576s] -- Up-to-date: /home/exomy/exomy_ws/install/exomy_sim_msgs/include/exomy_sim_msgs/msg/detail
[1.576s] -- Up-to-date: /home/exomy/exomy_ws/install/exomy_sim_msgs/include/exomy_sim_msgs/msg/detail/joint_command__struct.hpp
[1.576s] -- Up-to-date: /home/exomy/exomy_ws/install/exomy_sim_msgs/include/exomy_sim_msgs/msg/detail/joint_command_array__struct.hpp
[1.576s] -- Up-to-date: /home/exomy/exomy_ws/install/exomy_sim_msgs/include/exomy_sim_msgs/msg/detail/joint_command__traits.hpp
[1.576s] -- Up-to-date: /home/exomy/exomy_ws/install/exomy_sim_msgs/include/exomy_sim_msgs/msg/detail/joint_command_array__builder.hpp
[1.576s] -- Up-to-date: /home/exomy/exomy_ws/install/exomy_sim_msgs/include/exomy_sim_msgs/msg/detail/joint_command__builder.hpp
[1.576s] -- Up-to-date: /home/exomy/exomy_ws/install/exomy_sim_msgs/include/exomy_sim_msgs/msg/detail/joint_command_array__traits.hpp
[1.576s] -- Up-to-date: /home/exomy/exomy_ws/install/exomy_sim_msgs/include/exomy_sim_msgs
[1.576s] -- Up-to-date: /home/exomy/exomy_ws/install/exomy_sim_msgs/include/exomy_sim_msgs/msg
[1.576s] -- Up-to-date: /home/exomy/exomy_ws/install/exomy_sim_msgs/include/exomy_sim_msgs/msg/detail
[1.576s] -- Up-to-date: /home/exomy/exomy_ws/install/exomy_sim_msgs/include/exomy_sim_msgs/msg/detail/joint_command_array__rosidl_typesupport_introspection_cpp.hpp
[1.576s] -- Up-to-date: /home/exomy/exomy_ws/install/exomy_sim_msgs/include/exomy_sim_msgs/msg/detail/joint_command__type_support.cpp
[1.576s] -- Up-to-date: /home/exomy/exomy_ws/install/exomy_sim_msgs/include/exomy_sim_msgs/msg/detail/joint_command__rosidl_typesupport_introspection_cpp.hpp
[1.576s] -- Up-to-date: /home/exomy/exomy_ws/install/exomy_sim_msgs/include/exomy_sim_msgs/msg/detail/joint_command_array__type_support.cpp
[1.576s] -- Up-to-date: /home/exomy/exomy_ws/install/exomy_sim_msgs/lib/libexomy_sim_msgs__rosidl_typesupport_introspection_cpp.so
[1.577s] -- Up-to-date: /home/exomy/exomy_ws/install/exomy_sim_msgs/lib/libexomy_sim_msgs__rosidl_typesupport_cpp.so
[1.589s] -- Up-to-date: /home/exomy/exomy_ws/install/exomy_sim_msgs/share/exomy_sim_msgs/environment/pythonpath.sh
[1.589s] -- Up-to-date: /home/exomy/exomy_ws/install/exomy_sim_msgs/share/exomy_sim_msgs/environment/pythonpath.dsv
[1.590s] -- Up-to-date: /home/exomy/exomy_ws/install/exomy_sim_msgs/lib/python3.8/site-packages/exomy_sim_msgs/__init__.py
[1.705s] -- Up-to-date: /home/exomy/exomy_ws/install/exomy_sim_msgs/lib/python3.8/site-packages/exomy_sim_msgs/msg
[1.705s] -- Up-to-date: /home/exomy/exomy_ws/install/exomy_sim_msgs/lib/python3.8/site-packages/exomy_sim_msgs/msg/_joint_command_array_s.c
[1.705s] -- Up-to-date: /home/exomy/exomy_ws/install/exomy_sim_msgs/lib/python3.8/site-packages/exomy_sim_msgs/msg/_joint_command.py
[1.705s] -- Up-to-date: /home/exomy/exomy_ws/install/exomy_sim_msgs/lib/python3.8/site-packages/exomy_sim_msgs/msg/__init__.py
[1.705s] -- Up-to-date: /home/exomy/exomy_ws/install/exomy_sim_msgs/lib/python3.8/site-packages/exomy_sim_msgs/msg/_joint_command_array.py
[1.705s] -- Up-to-date: /home/exomy/exomy_ws/install/exomy_sim_msgs/lib/python3.8/site-packages/exomy_sim_msgs/msg/_joint_command_s.c
[1.705s] -- Up-to-date: /home/exomy/exomy_ws/install/exomy_sim_msgs/lib/python3.8/site-packages/exomy_sim_msgs/exomy_sim_msgs_s__rosidl_typesupport_fastrtps_c.cpython-38-x86_64-linux-gnu.so
[1.705s] -- Up-to-date: /home/exomy/exomy_ws/install/exomy_sim_msgs/lib/python3.8/site-packages/exomy_sim_msgs/exomy_sim_msgs_s__rosidl_typesupport_introspection_c.cpython-38-x86_64-linux-gnu.so
[1.705s] -- Up-to-date: /home/exomy/exomy_ws/install/exomy_sim_msgs/lib/python3.8/site-packages/exomy_sim_msgs/exomy_sim_msgs_s__rosidl_typesupport_c.cpython-38-x86_64-linux-gnu.so
[1.705s] -- Up-to-date: /home/exomy/exomy_ws/install/exomy_sim_msgs/lib/libexomy_sim_msgs__python.so
[1.706s] -- Up-to-date: /home/exomy/exomy_ws/install/exomy_sim_msgs/share/exomy_sim_msgs/msg/JointCommand.idl
[1.706s] -- Up-to-date: /home/exomy/exomy_ws/install/exomy_sim_msgs/share/exomy_sim_msgs/msg/JointCommandArray.idl
[1.706s] -- Up-to-date: /home/exomy/exomy_ws/install/exomy_sim_msgs/share/exomy_sim_msgs/msg/JointCommand.msg
[1.706s] -- Up-to-date: /home/exomy/exomy_ws/install/exomy_sim_msgs/share/exomy_sim_msgs/msg/JointCommandArray.msg
[1.706s] -- Up-to-date: /home/exomy/exomy_ws/install/exomy_sim_msgs/share/ament_index/resource_index/package_run_dependencies/exomy_sim_msgs
[1.706s] -- Up-to-date: /home/exomy/exomy_ws/install/exomy_sim_msgs/share/ament_index/resource_index/parent_prefix_path/exomy_sim_msgs
[1.706s] -- Up-to-date: /home/exomy/exomy_ws/install/exomy_sim_msgs/share/exomy_sim_msgs/environment/ament_prefix_path.sh
[1.707s] -- Up-to-date: /home/exomy/exomy_ws/install/exomy_sim_msgs/share/exomy_sim_msgs/environment/ament_prefix_path.dsv
[1.707s] -- Up-to-date: /home/exomy/exomy_ws/install/exomy_sim_msgs/share/exomy_sim_msgs/environment/path.sh
[1.707s] -- Up-to-date: /home/exomy/exomy_ws/install/exomy_sim_msgs/share/exomy_sim_msgs/environment/path.dsv
[1.707s] -- Up-to-date: /home/exomy/exomy_ws/install/exomy_sim_msgs/share/exomy_sim_msgs/local_setup.bash
[1.707s] -- Up-to-date: /home/exomy/exomy_ws/install/exomy_sim_msgs/share/exomy_sim_msgs/local_setup.sh
[1.708s] -- Up-to-date: /home/exomy/exomy_ws/install/exomy_sim_msgs/share/exomy_sim_msgs/local_setup.zsh
[1.708s] -- Up-to-date: /home/exomy/exomy_ws/install/exomy_sim_msgs/share/exomy_sim_msgs/local_setup.dsv
[1.708s] -- Installing: /home/exomy/exomy_ws/install/exomy_sim_msgs/share/exomy_sim_msgs/package.dsv
[1.711s] -- Up-to-date: /home/exomy/exomy_ws/install/exomy_sim_msgs/share/ament_index/resource_index/packages/exomy_sim_msgs
[1.712s] -- Up-to-date: /home/exomy/exomy_ws/install/exomy_sim_msgs/share/exomy_sim_msgs/cmake/exomy_sim_msgs__rosidl_generator_cExport.cmake
[1.712s] -- Up-to-date: /home/exomy/exomy_ws/install/exomy_sim_msgs/share/exomy_sim_msgs/cmake/exomy_sim_msgs__rosidl_generator_cExport-noconfig.cmake
[1.713s] -- Up-to-date: /home/exomy/exomy_ws/install/exomy_sim_msgs/share/exomy_sim_msgs/cmake/exomy_sim_msgs__rosidl_typesupport_introspection_cExport.cmake
[1.713s] -- Up-to-date: /home/exomy/exomy_ws/install/exomy_sim_msgs/share/exomy_sim_msgs/cmake/exomy_sim_msgs__rosidl_typesupport_introspection_cExport-noconfig.cmake
[1.714s] -- Up-to-date: /home/exomy/exomy_ws/install/exomy_sim_msgs/share/exomy_sim_msgs/cmake/exomy_sim_msgs__rosidl_typesupport_cExport.cmake
[1.714s] -- Up-to-date: /home/exomy/exomy_ws/install/exomy_sim_msgs/share/exomy_sim_msgs/cmake/exomy_sim_msgs__rosidl_typesupport_cExport-noconfig.cmake
[1.716s] -- Up-to-date: /home/exomy/exomy_ws/install/exomy_sim_msgs/share/exomy_sim_msgs/cmake/exomy_sim_msgs__rosidl_generator_cppExport.cmake
[1.716s] -- Up-to-date: /home/exomy/exomy_ws/install/exomy_sim_msgs/share/exomy_sim_msgs/cmake/exomy_sim_msgs__rosidl_typesupport_introspection_cppExport.cmake
[1.716s] -- Up-to-date: /home/exomy/exomy_ws/install/exomy_sim_msgs/share/exomy_sim_msgs/cmake/exomy_sim_msgs__rosidl_typesupport_introspection_cppExport-noconfig.cmake
[1.717s] -- Up-to-date: /home/exomy/exomy_ws/install/exomy_sim_msgs/share/exomy_sim_msgs/cmake/exomy_sim_msgs__rosidl_typesupport_cppExport.cmake
[1.718s] -- Up-to-date: /home/exomy/exomy_ws/install/exomy_sim_msgs/share/exomy_sim_msgs/cmake/exomy_sim_msgs__rosidl_typesupport_cppExport-noconfig.cmake
[1.718s] -- Up-to-date: /home/exomy/exomy_ws/install/exomy_sim_msgs/share/exomy_sim_msgs/cmake/rosidl_cmake-extras.cmake
[1.718s] -- Up-to-date: /home/exomy/exomy_ws/install/exomy_sim_msgs/share/exomy_sim_msgs/cmake/ament_cmake_export_dependencies-extras.cmake
[1.718s] -- Up-to-date: /home/exomy/exomy_ws/install/exomy_sim_msgs/share/exomy_sim_msgs/cmake/ament_cmake_export_libraries-extras.cmake
[1.718s] -- Up-to-date: /home/exomy/exomy_ws/install/exomy_sim_msgs/share/exomy_sim_msgs/cmake/ament_cmake_export_targets-extras.cmake
[1.719s] -- Up-to-date: /home/exomy/exomy_ws/install/exomy_sim_msgs/share/exomy_sim_msgs/cmake/ament_cmake_export_include_directories-extras.cmake
[1.719s] -- Up-to-date: /home/exomy/exomy_ws/install/exomy_sim_msgs/share/exomy_sim_msgs/cmake/rosidl_cmake_export_typesupport_libraries-extras.cmake
[1.719s] -- Up-to-date: /home/exomy/exomy_ws/install/exomy_sim_msgs/share/exomy_sim_msgs/cmake/rosidl_cmake_export_typesupport_targets-extras.cmake
[1.720s] -- Up-to-date: /home/exomy/exomy_ws/install/exomy_sim_msgs/share/exomy_sim_msgs/cmake/exomy_sim_msgsConfig.cmake
[1.720s] -- Up-to-date: /home/exomy/exomy_ws/install/exomy_sim_msgs/share/exomy_sim_msgs/cmake/exomy_sim_msgsConfig-version.cmake
[1.720s] -- Up-to-date: /home/exomy/exomy_ws/install/exomy_sim_msgs/share/exomy_sim_msgs/package.xml
[1.724s] Invoked command in '/home/exomy/exomy_ws/build/exomy_sim_msgs' returned '0': CMAKE_PREFIX_PATH=${CMAKE_PREFIX_PATH}:/home/exomy/exomy_ws/install/exomy:/opt/ros/foxy /usr/bin/cmake --install /home/exomy/exomy_ws/build/exomy_sim_msgs
