[0.258s] Invoking command in '/home/exomy/exomy_ws/build/exomy_sim': AMENT_PREFIX_PATH=/home/exomy/exomy_ws/install/exomy_sim_msgs:/home/exomy/exomy_ws/install/exomy_msgs:${AMENT_PREFIX_PATH} CMAKE_PREFIX_PATH=/home/exomy/exomy_ws/install/exomy_sim_msgs:/home/exomy/exomy_ws/install/exomy_msgs:/opt/ros/foxy LD_LIBRARY_PATH=/home/exomy/exomy_ws/install/exomy_sim_msgs/lib:/home/exomy/exomy_ws/install/exomy_msgs/lib:${LD_LIBRARY_PATH} PYTHONPATH=/home/exomy/exomy_ws/install/exomy_sim_msgs/lib/python3.8/site-packages:/home/exomy/exomy_ws/install/exomy_msgs/lib/python3.8/site-packages:${PYTHONPATH} /usr/bin/cmake --build /home/exomy/exomy_ws/build/exomy_sim -- -j2 -l2
[1.438s] [100%] Built target joint_command_node
[1.604s] Invoked command in '/home/exomy/exomy_ws/build/exomy_sim' returned '0': AMENT_PREFIX_PATH=/home/exomy/exomy_ws/install/exomy_sim_msgs:/home/exomy/exomy_ws/install/exomy_msgs:${AMENT_PREFIX_PATH} CMAKE_PREFIX_PATH=/home/exomy/exomy_ws/install/exomy_sim_msgs:/home/exomy/exomy_ws/install/exomy_msgs:/opt/ros/foxy LD_LIBRARY_PATH=/home/exomy/exomy_ws/install/exomy_sim_msgs/lib:/home/exomy/exomy_ws/install/exomy_msgs/lib:${LD_LIBRARY_PATH} PYTHONPATH=/home/exomy/exomy_ws/install/exomy_sim_msgs/lib/python3.8/site-packages:/home/exomy/exomy_ws/install/exomy_msgs/lib/python3.8/site-packages:${PYTHONPATH} /usr/bin/cmake --build /home/exomy/exomy_ws/build/exomy_sim -- -j2 -l2
[2.333s] Invoking command in '/home/exomy/exomy_ws/build/exomy_sim': AMENT_PREFIX_PATH=/home/exomy/exomy_ws/install/exomy_sim_msgs:/home/exomy/exomy_ws/install/exomy_msgs:${AMENT_PREFIX_PATH} CMAKE_PREFIX_PATH=/home/exomy/exomy_ws/install/exomy_sim_msgs:/home/exomy/exomy_ws/install/exomy_msgs:/opt/ros/foxy LD_LIBRARY_PATH=/home/exomy/exomy_ws/install/exomy_sim_msgs/lib:/home/exomy/exomy_ws/install/exomy_msgs/lib:${LD_LIBRARY_PATH} PYTHONPATH=/home/exomy/exomy_ws/install/exomy_sim_msgs/lib/python3.8/site-packages:/home/exomy/exomy_ws/install/exomy_msgs/lib/python3.8/site-packages:${PYTHONPATH} /usr/bin/cmake --install /home/exomy/exomy_ws/build/exomy_sim
[2.654s] -- Install configuration: ""
[2.657s] -- Up-to-date: /home/exomy/exomy_ws/install/exomy_sim/share/exomy_sim/config
[2.660s] -- Up-to-date: /home/exomy/exomy_ws/install/exomy_sim/share/exomy_sim/config/joint_names_exomy_model.yaml
[2.660s] -- Up-to-date: /home/exomy/exomy_ws/install/exomy_sim/share/exomy_sim/rviz
[2.660s] -- Up-to-date: /home/exomy/exomy_ws/install/exomy_sim/share/exomy_sim/rviz/simulation.rviz
[2.672s] -- Up-to-date: /home/exomy/exomy_ws/install/exomy_sim/share/exomy_sim/models
[2.681s] -- Up-to-date: /home/exomy/exomy_ws/install/exomy_sim/share/exomy_sim/models/exomy_model
[2.682s] -- Up-to-date: /home/exomy/exomy_ws/install/exomy_sim/share/exomy_sim/models/exomy_model/meshes
[2.683s] -- Up-to-date: /home/exomy/exomy_ws/install/exomy_sim/share/exomy_sim/models/exomy_model/meshes/STR_RF_link.STL
[2.683s] -- Up-to-date: /home/exomy/exomy_ws/install/exomy_sim/share/exomy_sim/models/exomy_model/meshes/DRV_LF_link.STL
[2.693s] -- Up-to-date: /home/exomy/exomy_ws/install/exomy_sim/share/exomy_sim/models/exomy_model/meshes/pupil_left_link.STL
[2.693s] -- Up-to-date: /home/exomy/exomy_ws/install/exomy_sim/share/exomy_sim/models/exomy_model/meshes/RFB_link.STL
[2.694s] -- Up-to-date: /home/exomy/exomy_ws/install/exomy_sim/share/exomy_sim/models/exomy_model/meshes/eyewhite_link.STL
[2.694s] -- Up-to-date: /home/exomy/exomy_ws/install/exomy_sim/share/exomy_sim/models/exomy_model/meshes/STR_LM_link.STL
[2.694s] -- Up-to-date: /home/exomy/exomy_ws/install/exomy_sim/share/exomy_sim/models/exomy_model/meshes/hat_link.STL
[2.694s] -- Up-to-date: /home/exomy/exomy_ws/install/exomy_sim/share/exomy_sim/models/exomy_model/meshes/STR_RR_link.STL
[2.703s] -- Up-to-date: /home/exomy/exomy_ws/install/exomy_sim/share/exomy_sim/models/exomy_model/meshes/MRB_link.STL
[2.710s] -- Up-to-date: /home/exomy/exomy_ws/install/exomy_sim/share/exomy_sim/models/exomy_model/meshes/LFB_link.STL
[2.711s] -- Up-to-date: /home/exomy/exomy_ws/install/exomy_sim/share/exomy_sim/models/exomy_model/meshes/cam_link.STL
[2.714s] -- Up-to-date: /home/exomy/exomy_ws/install/exomy_sim/share/exomy_sim/models/exomy_model/meshes/DRV_LR_link.STL
[2.714s] -- Up-to-date: /home/exomy/exomy_ws/install/exomy_sim/share/exomy_sim/models/exomy_model/meshes/base_link.STL
[2.714s] -- Up-to-date: /home/exomy/exomy_ws/install/exomy_sim/share/exomy_sim/models/exomy_model/meshes/pupil_right_link.STL
[2.714s] -- Up-to-date: /home/exomy/exomy_ws/install/exomy_sim/share/exomy_sim/models/exomy_model/meshes/STR_LR_link.STL
[2.714s] -- Up-to-date: /home/exomy/exomy_ws/install/exomy_sim/share/exomy_sim/models/exomy_model/meshes/DRV_LM_link.STL
[2.714s] -- Up-to-date: /home/exomy/exomy_ws/install/exomy_sim/share/exomy_sim/models/exomy_model/meshes/DRV_RR_link.STL
[2.715s] -- Up-to-date: /home/exomy/exomy_ws/install/exomy_sim/share/exomy_sim/models/exomy_model/meshes/bling_link.STL
[2.715s] -- Up-to-date: /home/exomy/exomy_ws/install/exomy_sim/share/exomy_sim/models/exomy_model/meshes/DRV_RF_link.STL
[2.715s] -- Up-to-date: /home/exomy/exomy_ws/install/exomy_sim/share/exomy_sim/models/exomy_model/meshes/head_link.STL
[2.715s] -- Up-to-date: /home/exomy/exomy_ws/install/exomy_sim/share/exomy_sim/models/exomy_model/meshes/STR_LF_link.STL
[2.715s] -- Up-to-date: /home/exomy/exomy_ws/install/exomy_sim/share/exomy_sim/models/exomy_model/meshes/DRV_RM_link.STL
[2.715s] -- Up-to-date: /home/exomy/exomy_ws/install/exomy_sim/share/exomy_sim/models/exomy_model/meshes/STR_RM_link.STL
[2.724s] -- Up-to-date: /home/exomy/exomy_ws/install/exomy_sim/share/exomy_sim/models/exomy_model/model.config
[2.724s] -- Up-to-date: /home/exomy/exomy_ws/install/exomy_sim/share/exomy_sim/models/exomy_model/exomy_model.urdf
[2.729s] -- Up-to-date: /home/exomy/exomy_ws/install/exomy_sim/share/exomy_sim/models/exomy_model/exomy_model.csv
[2.729s] -- Up-to-date: /home/exomy/exomy_ws/install/exomy_sim/share/exomy_sim/models/mars_yard
[2.729s] -- Up-to-date: /home/exomy/exomy_ws/install/exomy_sim/share/exomy_sim/models/mars_yard/meshes
[2.729s] -- Up-to-date: /home/exomy/exomy_ws/install/exomy_sim/share/exomy_sim/models/mars_yard/meshes/mars_yard.dae
[2.730s] -- Up-to-date: /home/exomy/exomy_ws/install/exomy_sim/share/exomy_sim/models/mars_yard/meshes/PUTBOrtho.jpg
[2.730s] -- Up-to-date: /home/exomy/exomy_ws/install/exomy_sim/share/exomy_sim/models/mars_yard/model.config
[2.730s] -- Up-to-date: /home/exomy/exomy_ws/install/exomy_sim/share/exomy_sim/models/mars_yard/model
[2.730s] -- Up-to-date: /home/exomy/exomy_ws/install/exomy_sim/share/exomy_sim/models/mars_yard/model/lab_terrain.blend
[2.733s] -- Up-to-date: /home/exomy/exomy_ws/install/exomy_sim/share/exomy_sim/models/mars_yard/model.sdf
[2.736s] -- Up-to-date: /home/exomy/exomy_ws/install/exomy_sim/share/exomy_sim/models/curiosity
[2.737s] -- Up-to-date: /home/exomy/exomy_ws/install/exomy_sim/share/exomy_sim/models/curiosity/meshes
[2.737s] -- Up-to-date: /home/exomy/exomy_ws/install/exomy_sim/share/exomy_sim/models/curiosity/meshes/curiosity.stl
[2.737s] -- Up-to-date: /home/exomy/exomy_ws/install/exomy_sim/share/exomy_sim/models/curiosity/model.config
[2.738s] -- Up-to-date: /home/exomy/exomy_ws/install/exomy_sim/share/exomy_sim/models/curiosity/model.sdf
[2.738s] -- Up-to-date: /home/exomy/exomy_ws/install/exomy_sim/share/exomy_sim/worlds
[2.738s] -- Up-to-date: /home/exomy/exomy_ws/install/exomy_sim/share/exomy_sim/worlds/empty.world
[2.738s] -- Up-to-date: /home/exomy/exomy_ws/install/exomy_sim/share/exomy_sim/worlds/curiosity.world
[2.738s] -- Up-to-date: /home/exomy/exomy_ws/install/exomy_sim/share/exomy_sim/worlds/mars_yard.world
[2.770s] -- Up-to-date: /home/exomy/exomy_ws/install/exomy_sim/lib/exomy_sim/joint_command_node
[2.782s] -- Up-to-date: /home/exomy/exomy_ws/install/exomy_sim/share/exomy_sim/environment/exomy_sim.sh
[2.782s] -- Up-to-date: /home/exomy/exomy_ws/install/exomy_sim/share/exomy_sim/environment/exomy_sim.dsv
[2.783s] -- Up-to-date: /home/exomy/exomy_ws/install/exomy_sim/share/ament_index/resource_index/package_run_dependencies/exomy_sim
[2.798s] -- Up-to-date: /home/exomy/exomy_ws/install/exomy_sim/share/ament_index/resource_index/parent_prefix_path/exomy_sim
[2.799s] -- Up-to-date: /home/exomy/exomy_ws/install/exomy_sim/share/exomy_sim/environment/ament_prefix_path.sh
[2.799s] -- Up-to-date: /home/exomy/exomy_ws/install/exomy_sim/share/exomy_sim/environment/ament_prefix_path.dsv
[2.800s] -- Up-to-date: /home/exomy/exomy_ws/install/exomy_sim/share/exomy_sim/environment/path.sh
[2.810s] -- Up-to-date: /home/exomy/exomy_ws/install/exomy_sim/share/exomy_sim/environment/path.dsv
[2.810s] -- Up-to-date: /home/exomy/exomy_ws/install/exomy_sim/share/exomy_sim/local_setup.bash
[2.811s] -- Up-to-date: /home/exomy/exomy_ws/install/exomy_sim/share/exomy_sim/local_setup.sh
[2.822s] -- Up-to-date: /home/exomy/exomy_ws/install/exomy_sim/share/exomy_sim/local_setup.zsh
[2.822s] -- Up-to-date: /home/exomy/exomy_ws/install/exomy_sim/share/exomy_sim/local_setup.dsv
[2.822s] -- Installing: /home/exomy/exomy_ws/install/exomy_sim/share/exomy_sim/package.dsv
[2.838s] -- Up-to-date: /home/exomy/exomy_ws/install/exomy_sim/share/ament_index/resource_index/packages/exomy_sim
[2.854s] -- Up-to-date: /home/exomy/exomy_ws/install/exomy_sim/share/exomy_sim/cmake/exomy_simConfig.cmake
[2.855s] -- Up-to-date: /home/exomy/exomy_ws/install/exomy_sim/share/exomy_sim/cmake/exomy_simConfig-version.cmake
[2.855s] -- Up-to-date: /home/exomy/exomy_ws/install/exomy_sim/share/exomy_sim/package.xml
[2.930s] Invoked command in '/home/exomy/exomy_ws/build/exomy_sim' returned '0': AMENT_PREFIX_PATH=/home/exomy/exomy_ws/install/exomy_sim_msgs:/home/exomy/exomy_ws/install/exomy_msgs:${AMENT_PREFIX_PATH} CMAKE_PREFIX_PATH=/home/exomy/exomy_ws/install/exomy_sim_msgs:/home/exomy/exomy_ws/install/exomy_msgs:/opt/ros/foxy LD_LIBRARY_PATH=/home/exomy/exomy_ws/install/exomy_sim_msgs/lib:/home/exomy/exomy_ws/install/exomy_msgs/lib:${LD_LIBRARY_PATH} PYTHONPATH=/home/exomy/exomy_ws/install/exomy_sim_msgs/lib/python3.8/site-packages:/home/exomy/exomy_ws/install/exomy_msgs/lib/python3.8/site-packages:${PYTHONPATH} /usr/bin/cmake --install /home/exomy/exomy_ws/build/exomy_sim
