[0.064s] Invoking command in '/home/exomy/exomy_ws/exomy_ws_ros/exomy_ws/src/build/rtabmap_ros': CMAKE_PREFIX_PATH=${CMAKE_PREFIX_PATH}:/home/exomy/exomy_ws/exomy_ws_ros/exomy_ws/src/install/exomy:/home/exomy/exomy_ws/install/exomy:/opt/ros/foxy /usr/bin/cmake /home/exomy/exomy_ws/exomy_ws_ros/exomy_ws/src/rtabmap_ros -DCMAKE_INSTALL_PREFIX=/home/exomy/exomy_ws/exomy_ws_ros/exomy_ws/src/install/rtabmap_ros
[0.086s] -- Found ament_cmake: 0.9.9 (/opt/ros/foxy/share/ament_cmake/cmake)
[0.118s] -- Using PYTHON_EXECUTABLE: /usr/bin/python3
[0.398s] -- Override CMake install command with custom implementation using symlinks instead of copying resources
[0.410s] -- Found builtin_interfaces: 1.0.0 (/opt/ros/foxy/share/builtin_interfaces/cmake)
[0.441s] -- Using all available rosidl_typesupport_c: rosidl_typesupport_fastrtps_c;rosidl_typesupport_introspection_c
[0.448s] -- Found rosidl_adapter: 1.2.1 (/opt/ros/foxy/share/rosidl_adapter/cmake)
[0.674s] -- Using all available rosidl_typesupport_cpp: rosidl_typesupport_fastrtps_cpp;rosidl_typesupport_introspection_cpp
[0.715s] -- Found rosidl_default_generators: 1.0.1 (/opt/ros/foxy/share/rosidl_default_generators/cmake)
[0.737s] -- Found rclcpp: 2.4.1 (/opt/ros/foxy/share/rclcpp/cmake)
[0.794s] -- Found rmw_implementation_cmake: 1.0.3 (/opt/ros/foxy/share/rmw_implementation_cmake/cmake)
[0.797s] -- Using RMW implementation 'rmw_fastrtps_cpp' as default
[1.018s] -- Found rclcpp_components: 2.4.1 (/opt/ros/foxy/share/rclcpp_components/cmake)
[1.098s] -- Found cv_bridge: 2.2.1 (/opt/ros/foxy/share/cv_bridge/cmake)
[1.117s] -- Found sensor_msgs: 2.0.5 (/opt/ros/foxy/share/sensor_msgs/cmake)
[1.315s] -- Found std_srvs: 2.0.5 (/opt/ros/foxy/share/std_srvs/cmake)
[1.334s] -- Found nav_msgs: 2.0.5 (/opt/ros/foxy/share/nav_msgs/cmake)
[1.452s] -- Found nav2_msgs: 0.4.7 (/opt/ros/foxy/share/nav2_msgs/cmake)
[1.900s] -- Found stereo_msgs: 2.0.5 (/opt/ros/foxy/share/stereo_msgs/cmake)
[2.103s] -- Found visualization_msgs: 2.0.5 (/opt/ros/foxy/share/visualization_msgs/cmake)
[2.237s] -- Found image_transport: 2.3.0 (/opt/ros/foxy/share/image_transport/cmake)
[2.300s] -- Found tf2: 0.13.13 (/opt/ros/foxy/share/tf2/cmake)
[2.311s] -- Found tf2_eigen: 0.13.13 (/opt/ros/foxy/share/tf2_eigen/cmake)
[2.672s] -- Found laser_geometry: 2.2.0 (/opt/ros/foxy/share/laser_geometry/cmake)
[2.677s] -- Found pcl_conversions: 2.2.1 (/opt/ros/foxy/share/pcl_conversions/cmake)
[2.950s] -- Found image_geometry: 2.2.1 (/opt/ros/foxy/share/image_geometry/cmake)
[2.974s] CMake Warning at CMakeLists.txt:53 (find_package):
[2.974s]   By not providing "Findoctomap_msgs.cmake" in CMAKE_MODULE_PATH this project
[2.974s]   has asked CMake to find a package configuration file provided by
[2.974s]   "octomap_msgs", but CMake did not find one.
[2.974s] 
[2.974s]   Could not find a package configuration file provided by "octomap_msgs" with
[2.974s]   any of the following names:
[2.975s] 
[2.975s]     octomap_msgsConfig.cmake
[2.975s]     octomap_msgs-config.cmake
[2.975s] 
[2.975s]   Add the installation prefix of "octomap_msgs" to CMAKE_PREFIX_PATH or set
[2.975s]   "octomap_msgs_DIR" to a directory containing one of the above files.  If
[2.975s]   "octomap_msgs" provides a separate development package or SDK, be sure it
[2.975s]   has been installed.
[2.975s] 
[2.976s] 
[2.997s] CMake Error at CMakeLists.txt:59 (find_package):
[2.997s]   By not providing "FindRTABMap.cmake" in CMAKE_MODULE_PATH this project has
[2.998s]   asked CMake to find a package configuration file provided by "RTABMap", but
[2.998s]   CMake did not find one.
[2.998s] 
[2.999s]   Could not find a package configuration file provided by "RTABMap"
[2.999s]   (requested version 0.20.18) with any of the following names:
[2.999s] 
[2.999s]     RTABMapConfig.cmake
[3.000s]     rtabmap-config.cmake
[3.000s] 
[3.000s]   Add the installation prefix of "RTABMap" to CMAKE_PREFIX_PATH or set
[3.000s]   "RTABMap_DIR" to a directory containing one of the above files.  If
[3.001s]   "RTABMap" provides a separate development package or SDK, be sure it has
[3.001s]   been installed.
[3.001s] 
[3.001s] 
[3.002s] -- Configuring incomplete, errors occurred!
[3.002s] See also "/home/exomy/exomy_ws/exomy_ws_ros/exomy_ws/src/build/rtabmap_ros/CMakeFiles/CMakeOutput.log".
[3.002s] See also "/home/exomy/exomy_ws/exomy_ws_ros/exomy_ws/src/build/rtabmap_ros/CMakeFiles/CMakeError.log".
[3.192s] Invoked command in '/home/exomy/exomy_ws/exomy_ws_ros/exomy_ws/src/build/rtabmap_ros' returned '1': CMAKE_PREFIX_PATH=${CMAKE_PREFIX_PATH}:/home/exomy/exomy_ws/exomy_ws_ros/exomy_ws/src/install/exomy:/home/exomy/exomy_ws/install/exomy:/opt/ros/foxy /usr/bin/cmake /home/exomy/exomy_ws/exomy_ws_ros/exomy_ws/src/rtabmap_ros -DCMAKE_INSTALL_PREFIX=/home/exomy/exomy_ws/exomy_ws_ros/exomy_ws/src/install/rtabmap_ros
