[0.184s] Invoking command in '/home/exomy/exomy_ws/build/exomy_sim_launch': AMENT_PREFIX_PATH=/home/exomy/exomy_ws/install/exomy_sim:/home/exomy/exomy_ws/install/exomy:/home/exomy/exomy_ws/install/exomy_sim_msgs:/home/exomy/exomy_ws/install/exomy_msgs:${AMENT_PREFIX_PATH} CMAKE_PREFIX_PATH=/home/exomy/exomy_ws/install/exomy_sim:/home/exomy/exomy_ws/install/exomy_sim_msgs:/home/exomy/exomy_ws/install/exomy_msgs:/opt/ros/foxy GAZEBO_MODEL_PATH=/home/exomy/exomy_ws/install/exomy_sim/share/exomy_sim/models:/home/exomy/exomy_ws/install/exomy_sim/share:${GAZEBO_MODEL_PATH} GAZEBO_RESOURCE_PATH=/home/exomy/exomy_ws/install/exomy_sim/share/exomy_sim/worlds:${GAZEBO_RESOURCE_PATH} LD_LIBRARY_PATH=/home/exomy/exomy_ws/install/exomy_sim_msgs/lib:/home/exomy/exomy_ws/install/exomy_msgs/lib:${LD_LIBRARY_PATH} PYTHONPATH=/home/exomy/exomy_ws/install/exomy/lib/python3.8/site-packages:/home/exomy/exomy_ws/install/exomy_sim_msgs/lib/python3.8/site-packages:/home/exomy/exomy_ws/install/exomy_msgs/lib/python3.8/site-packages:${PYTHONPATH} /usr/bin/cmake --build /home/exomy/exomy_ws/build/exomy_sim_launch -- -j2 -l2
[0.873s] Invoked command in '/home/exomy/exomy_ws/build/exomy_sim_launch' returned '0': AMENT_PREFIX_PATH=/home/exomy/exomy_ws/install/exomy_sim:/home/exomy/exomy_ws/install/exomy:/home/exomy/exomy_ws/install/exomy_sim_msgs:/home/exomy/exomy_ws/install/exomy_msgs:${AMENT_PREFIX_PATH} CMAKE_PREFIX_PATH=/home/exomy/exomy_ws/install/exomy_sim:/home/exomy/exomy_ws/install/exomy_sim_msgs:/home/exomy/exomy_ws/install/exomy_msgs:/opt/ros/foxy GAZEBO_MODEL_PATH=/home/exomy/exomy_ws/install/exomy_sim/share/exomy_sim/models:/home/exomy/exomy_ws/install/exomy_sim/share:${GAZEBO_MODEL_PATH} GAZEBO_RESOURCE_PATH=/home/exomy/exomy_ws/install/exomy_sim/share/exomy_sim/worlds:${GAZEBO_RESOURCE_PATH} LD_LIBRARY_PATH=/home/exomy/exomy_ws/install/exomy_sim_msgs/lib:/home/exomy/exomy_ws/install/exomy_msgs/lib:${LD_LIBRARY_PATH} PYTHONPATH=/home/exomy/exomy_ws/install/exomy/lib/python3.8/site-packages:/home/exomy/exomy_ws/install/exomy_sim_msgs/lib/python3.8/site-packages:/home/exomy/exomy_ws/install/exomy_msgs/lib/python3.8/site-packages:${PYTHONPATH} /usr/bin/cmake --build /home/exomy/exomy_ws/build/exomy_sim_launch -- -j2 -l2
[1.256s] Invoking command in '/home/exomy/exomy_ws/build/exomy_sim_launch': AMENT_PREFIX_PATH=/home/exomy/exomy_ws/install/exomy_sim:/home/exomy/exomy_ws/install/exomy:/home/exomy/exomy_ws/install/exomy_sim_msgs:/home/exomy/exomy_ws/install/exomy_msgs:${AMENT_PREFIX_PATH} CMAKE_PREFIX_PATH=/home/exomy/exomy_ws/install/exomy_sim:/home/exomy/exomy_ws/install/exomy_sim_msgs:/home/exomy/exomy_ws/install/exomy_msgs:/opt/ros/foxy GAZEBO_MODEL_PATH=/home/exomy/exomy_ws/install/exomy_sim/share/exomy_sim/models:/home/exomy/exomy_ws/install/exomy_sim/share:${GAZEBO_MODEL_PATH} GAZEBO_RESOURCE_PATH=/home/exomy/exomy_ws/install/exomy_sim/share/exomy_sim/worlds:${GAZEBO_RESOURCE_PATH} LD_LIBRARY_PATH=/home/exomy/exomy_ws/install/exomy_sim_msgs/lib:/home/exomy/exomy_ws/install/exomy_msgs/lib:${LD_LIBRARY_PATH} PYTHONPATH=/home/exomy/exomy_ws/install/exomy/lib/python3.8/site-packages:/home/exomy/exomy_ws/install/exomy_sim_msgs/lib/python3.8/site-packages:/home/exomy/exomy_ws/install/exomy_msgs/lib/python3.8/site-packages:${PYTHONPATH} /usr/bin/cmake --install /home/exomy/exomy_ws/build/exomy_sim_launch
[1.415s] -- Install configuration: ""
[1.426s] -- Up-to-date: /home/exomy/exomy_ws/install/exomy_sim_launch/share/exomy_sim_launch//launch
[1.426s] -- Up-to-date: /home/exomy/exomy_ws/install/exomy_sim_launch/share/exomy_sim_launch//launch/spawn_exomy.launch.py
[1.427s] -- Up-to-date: /home/exomy/exomy_ws/install/exomy_sim_launch/share/exomy_sim_launch//launch/simulation_mod.launch.py
[1.427s] -- Up-to-date: /home/exomy/exomy_ws/install/exomy_sim_launch/share/exomy_sim_launch//launch/ros_navigation_socket.launch.py
[1.427s] -- Up-to-date: /home/exomy/exomy_ws/install/exomy_sim_launch/share/exomy_sim_launch//launch/simulation.launch.py
[1.428s] -- Up-to-date: /home/exomy/exomy_ws/install/exomy_sim_launch/share/ament_index/resource_index/package_run_dependencies/exomy_sim_launch
[1.428s] -- Up-to-date: /home/exomy/exomy_ws/install/exomy_sim_launch/share/ament_index/resource_index/parent_prefix_path/exomy_sim_launch
[1.429s] -- Up-to-date: /home/exomy/exomy_ws/install/exomy_sim_launch/share/exomy_sim_launch/environment/ament_prefix_path.sh
[1.429s] -- Up-to-date: /home/exomy/exomy_ws/install/exomy_sim_launch/share/exomy_sim_launch/environment/ament_prefix_path.dsv
[1.449s] -- Up-to-date: /home/exomy/exomy_ws/install/exomy_sim_launch/share/exomy_sim_launch/environment/path.sh
[1.449s] -- Up-to-date: /home/exomy/exomy_ws/install/exomy_sim_launch/share/exomy_sim_launch/environment/path.dsv
[1.449s] -- Up-to-date: /home/exomy/exomy_ws/install/exomy_sim_launch/share/exomy_sim_launch/local_setup.bash
[1.449s] -- Up-to-date: /home/exomy/exomy_ws/install/exomy_sim_launch/share/exomy_sim_launch/local_setup.sh
[1.449s] -- Up-to-date: /home/exomy/exomy_ws/install/exomy_sim_launch/share/exomy_sim_launch/local_setup.zsh
[1.450s] -- Up-to-date: /home/exomy/exomy_ws/install/exomy_sim_launch/share/exomy_sim_launch/local_setup.dsv
[1.458s] -- Installing: /home/exomy/exomy_ws/install/exomy_sim_launch/share/exomy_sim_launch/package.dsv
[1.469s] -- Up-to-date: /home/exomy/exomy_ws/install/exomy_sim_launch/share/ament_index/resource_index/packages/exomy_sim_launch
[1.469s] -- Up-to-date: /home/exomy/exomy_ws/install/exomy_sim_launch/share/exomy_sim_launch/cmake/exomy_sim_launchConfig.cmake
[1.470s] -- Up-to-date: /home/exomy/exomy_ws/install/exomy_sim_launch/share/exomy_sim_launch/cmake/exomy_sim_launchConfig-version.cmake
[1.470s] -- Up-to-date: /home/exomy/exomy_ws/install/exomy_sim_launch/share/exomy_sim_launch/package.xml
[1.489s] Invoked command in '/home/exomy/exomy_ws/build/exomy_sim_launch' returned '0': AMENT_PREFIX_PATH=/home/exomy/exomy_ws/install/exomy_sim:/home/exomy/exomy_ws/install/exomy:/home/exomy/exomy_ws/install/exomy_sim_msgs:/home/exomy/exomy_ws/install/exomy_msgs:${AMENT_PREFIX_PATH} CMAKE_PREFIX_PATH=/home/exomy/exomy_ws/install/exomy_sim:/home/exomy/exomy_ws/install/exomy_sim_msgs:/home/exomy/exomy_ws/install/exomy_msgs:/opt/ros/foxy GAZEBO_MODEL_PATH=/home/exomy/exomy_ws/install/exomy_sim/share/exomy_sim/models:/home/exomy/exomy_ws/install/exomy_sim/share:${GAZEBO_MODEL_PATH} GAZEBO_RESOURCE_PATH=/home/exomy/exomy_ws/install/exomy_sim/share/exomy_sim/worlds:${GAZEBO_RESOURCE_PATH} LD_LIBRARY_PATH=/home/exomy/exomy_ws/install/exomy_sim_msgs/lib:/home/exomy/exomy_ws/install/exomy_msgs/lib:${LD_LIBRARY_PATH} PYTHONPATH=/home/exomy/exomy_ws/install/exomy/lib/python3.8/site-packages:/home/exomy/exomy_ws/install/exomy_sim_msgs/lib/python3.8/site-packages:/home/exomy/exomy_ws/install/exomy_msgs/lib/python3.8/site-packages:${PYTHONPATH} /usr/bin/cmake --install /home/exomy/exomy_ws/build/exomy_sim_launch
