[0.030s] Invoking command in '/home/exomy/exomy_ws/build/exomy_sim_msgs': CMAKE_PREFIX_PATH=${CMAKE_PREFIX_PATH}:/home/exomy/exomy_ws/install/exomy:/opt/ros/foxy /usr/bin/cmake --build /home/exomy/exomy_ws/build/exomy_sim_msgs -- -j2 -l2
[0.135s] [ 10%] Built target exomy_sim_msgs__rosidl_generator_c
[0.142s] [ 12%] Built target exomy_sim_msgs__cpp
[0.202s] [ 23%] Built target exomy_sim_msgs__rosidl_typesupport_introspection_c
[0.205s] [ 33%] Built target exomy_sim_msgs__rosidl_typesupport_c
[0.252s] [ 43%] Built target exomy_sim_msgs__rosidl_typesupport_cpp
[0.285s] [ 53%] Built target exomy_sim_msgs__rosidl_typesupport_introspection_cpp
[0.304s] [ 64%] Built target exomy_sim_msgs__rosidl_typesupport_fastrtps_cpp
[0.338s] [ 74%] Built target exomy_sim_msgs__rosidl_typesupport_fastrtps_c
[0.365s] [ 74%] Built target exomy_sim_msgs
[0.401s] [ 76%] Built target exomy_sim_msgs__py
[0.441s] [ 84%] Built target exomy_sim_msgs__python
[0.501s] [ 89%] Built target exomy_sim_msgs__rosidl_typesupport_fastrtps_c__pyext
[0.524s] [ 94%] Built target exomy_sim_msgs__rosidl_typesupport_introspection_c__pyext
[0.551s] [100%] Built target exomy_sim_msgs__rosidl_typesupport_c__pyext
[0.568s] Invoked command in '/home/exomy/exomy_ws/build/exomy_sim_msgs' returned '0': CMAKE_PREFIX_PATH=${CMAKE_PREFIX_PATH}:/home/exomy/exomy_ws/install/exomy:/opt/ros/foxy /usr/bin/cmake --build /home/exomy/exomy_ws/build/exomy_sim_msgs -- -j2 -l2
[0.747s] Invoking command in '/home/exomy/exomy_ws/build/exomy_sim_msgs': CMAKE_PREFIX_PATH=${CMAKE_PREFIX_PATH}:/home/exomy/exomy_ws/install/exomy:/opt/ros/foxy /usr/bin/cmake --install /home/exomy/exomy_ws/build/exomy_sim_msgs
[0.760s] -- Install configuration: ""
[0.761s] -- Up-to-date: /home/exomy/exomy_ws/install/exomy_sim_msgs/share/ament_index/resource_index/rosidl_interfaces/exomy_sim_msgs
[0.761s] -- Up-to-date: /home/exomy/exomy_ws/install/exomy_sim_msgs/include/exomy_sim_msgs
[0.761s] -- Up-to-date: /home/exomy/exomy_ws/install/exomy_sim_msgs/include/exomy_sim_msgs/msg
[0.761s] -- Up-to-date: /home/exomy/exomy_ws/install/exomy_sim_msgs/include/exomy_sim_msgs/msg/rosidl_generator_c__visibility_control.h
[0.762s] -- Up-to-date: /home/exomy/exomy_ws/install/exomy_sim_msgs/include/exomy_sim_msgs/msg/detail
[0.762s] -- Up-to-date: /home/exomy/exomy_ws/install/exomy_sim_msgs/include/exomy_sim_msgs/msg/detail/joint_command_array__functions.h
[0.762s] -- Up-to-date: /home/exomy/exomy_ws/install/exomy_sim_msgs/include/exomy_sim_msgs/msg/detail/joint_command__functions.h
[0.762s] -- Up-to-date: /home/exomy/exomy_ws/install/exomy_sim_msgs/include/exomy_sim_msgs/msg/detail/joint_command_array__type_support.h
[0.762s] -- Up-to-date: /home/exomy/exomy_ws/install/exomy_sim_msgs/include/exomy_sim_msgs/msg/detail/joint_command_array__functions.c
[0.762s] -- Up-to-date: /home/exomy/exomy_ws/install/exomy_sim_msgs/include/exomy_sim_msgs/msg/detail/joint_command_array__struct.h
[0.762s] -- Up-to-date: /home/exomy/exomy_ws/install/exomy_sim_msgs/include/exomy_sim_msgs/msg/detail/joint_command__struct.h
[0.762s] -- Up-to-date: /home/exomy/exomy_ws/install/exomy_sim_msgs/include/exomy_sim_msgs/msg/detail/joint_command__functions.c
[0.763s] -- Up-to-date: /home/exomy/exomy_ws/install/exomy_sim_msgs/include/exomy_sim_msgs/msg/detail/joint_command__type_support.h
[0.763s] -- Up-to-date: /home/exomy/exomy_ws/install/exomy_sim_msgs/include/exomy_sim_msgs/msg/joint_command_array.h
[0.763s] -- Up-to-date: /home/exomy/exomy_ws/install/exomy_sim_msgs/include/exomy_sim_msgs/msg/joint_command.h
[0.763s] -- Up-to-date: /home/exomy/exomy_ws/install/exomy_sim_msgs/share/exomy_sim_msgs/environment/library_path.sh
[0.763s] -- Up-to-date: /home/exomy/exomy_ws/install/exomy_sim_msgs/share/exomy_sim_msgs/environment/library_path.dsv
[0.763s] -- Up-to-date: /home/exomy/exomy_ws/install/exomy_sim_msgs/lib/libexomy_sim_msgs__rosidl_generator_c.so
[0.763s] -- Up-to-date: /home/exomy/exomy_ws/install/exomy_sim_msgs/include/exomy_sim_msgs
[0.763s] -- Up-to-date: /home/exomy/exomy_ws/install/exomy_sim_msgs/include/exomy_sim_msgs/msg
[0.763s] -- Up-to-date: /home/exomy/exomy_ws/install/exomy_sim_msgs/include/exomy_sim_msgs/msg/detail
[0.764s] -- Up-to-date: /home/exomy/exomy_ws/install/exomy_sim_msgs/include/exomy_sim_msgs/msg/detail/joint_command__rosidl_typesupport_fastrtps_c.h
[0.764s] -- Up-to-date: /home/exomy/exomy_ws/install/exomy_sim_msgs/include/exomy_sim_msgs/msg/detail/joint_command_array__rosidl_typesupport_fastrtps_c.h
[0.764s] -- Up-to-date: /home/exomy/exomy_ws/install/exomy_sim_msgs/include/exomy_sim_msgs/msg/rosidl_typesupport_fastrtps_c__visibility_control.h
[0.764s] -- Up-to-date: /home/exomy/exomy_ws/install/exomy_sim_msgs/lib/libexomy_sim_msgs__rosidl_typesupport_fastrtps_c.so
[0.765s] -- Up-to-date: /home/exomy/exomy_ws/install/exomy_sim_msgs/include/exomy_sim_msgs
[0.765s] -- Up-to-date: /home/exomy/exomy_ws/install/exomy_sim_msgs/include/exomy_sim_msgs/msg
[0.765s] -- Up-to-date: /home/exomy/exomy_ws/install/exomy_sim_msgs/include/exomy_sim_msgs/msg/rosidl_typesupport_fastrtps_cpp__visibility_control.h
[0.765s] -- Up-to-date: /home/exomy/exomy_ws/install/exomy_sim_msgs/include/exomy_sim_msgs/msg/detail
[0.765s] -- Up-to-date: /home/exomy/exomy_ws/install/exomy_sim_msgs/include/exomy_sim_msgs/msg/detail/joint_command_array__rosidl_typesupport_fastrtps_cpp.hpp
[0.765s] -- Up-to-date: /home/exomy/exomy_ws/install/exomy_sim_msgs/include/exomy_sim_msgs/msg/detail/dds_fastrtps
[0.765s] -- Up-to-date: /home/exomy/exomy_ws/install/exomy_sim_msgs/include/exomy_sim_msgs/msg/detail/joint_command__rosidl_typesupport_fastrtps_cpp.hpp
[0.765s] -- Up-to-date: /home/exomy/exomy_ws/install/exomy_sim_msgs/lib/libexomy_sim_msgs__rosidl_typesupport_fastrtps_cpp.so
[0.766s] -- Up-to-date: /home/exomy/exomy_ws/install/exomy_sim_msgs/include/exomy_sim_msgs
[0.766s] -- Up-to-date: /home/exomy/exomy_ws/install/exomy_sim_msgs/include/exomy_sim_msgs/msg
[0.766s] -- Up-to-date: /home/exomy/exomy_ws/install/exomy_sim_msgs/include/exomy_sim_msgs/msg/rosidl_typesupport_introspection_c__visibility_control.h
[0.766s] -- Up-to-date: /home/exomy/exomy_ws/install/exomy_sim_msgs/include/exomy_sim_msgs/msg/detail
[0.766s] -- Up-to-date: /home/exomy/exomy_ws/install/exomy_sim_msgs/include/exomy_sim_msgs/msg/detail/joint_command_array__rosidl_typesupport_introspection_c.h
[0.766s] -- Up-to-date: /home/exomy/exomy_ws/install/exomy_sim_msgs/include/exomy_sim_msgs/msg/detail/joint_command__rosidl_typesupport_introspection_c.h
[0.766s] -- Up-to-date: /home/exomy/exomy_ws/install/exomy_sim_msgs/include/exomy_sim_msgs/msg/detail/joint_command__type_support.c
[0.766s] -- Up-to-date: /home/exomy/exomy_ws/install/exomy_sim_msgs/include/exomy_sim_msgs/msg/detail/joint_command_array__type_support.c
[0.766s] -- Up-to-date: /home/exomy/exomy_ws/install/exomy_sim_msgs/lib/libexomy_sim_msgs__rosidl_typesupport_introspection_c.so
[0.766s] -- Up-to-date: /home/exomy/exomy_ws/install/exomy_sim_msgs/lib/libexomy_sim_msgs__rosidl_typesupport_c.so
[0.766s] -- Up-to-date: /home/exomy/exomy_ws/install/exomy_sim_msgs/include/exomy_sim_msgs
[0.766s] -- Up-to-date: /home/exomy/exomy_ws/install/exomy_sim_msgs/include/exomy_sim_msgs/msg
[0.766s] -- Up-to-date: /home/exomy/exomy_ws/install/exomy_sim_msgs/include/exomy_sim_msgs/msg/joint_command_array.hpp
[0.766s] -- Up-to-date: /home/exomy/exomy_ws/install/exomy_sim_msgs/include/exomy_sim_msgs/msg/joint_command.hpp
[0.766s] -- Up-to-date: /home/exomy/exomy_ws/install/exomy_sim_msgs/include/exomy_sim_msgs/msg/detail
[0.767s] -- Up-to-date: /home/exomy/exomy_ws/install/exomy_sim_msgs/include/exomy_sim_msgs/msg/detail/joint_command__struct.hpp
[0.767s] -- Up-to-date: /home/exomy/exomy_ws/install/exomy_sim_msgs/include/exomy_sim_msgs/msg/detail/joint_command_array__struct.hpp
[0.767s] -- Up-to-date: /home/exomy/exomy_ws/install/exomy_sim_msgs/include/exomy_sim_msgs/msg/detail/joint_command__traits.hpp
[0.767s] -- Up-to-date: /home/exomy/exomy_ws/install/exomy_sim_msgs/include/exomy_sim_msgs/msg/detail/joint_command_array__builder.hpp
[0.767s] -- Up-to-date: /home/exomy/exomy_ws/install/exomy_sim_msgs/include/exomy_sim_msgs/msg/detail/joint_command__builder.hpp
[0.767s] -- Up-to-date: /home/exomy/exomy_ws/install/exomy_sim_msgs/include/exomy_sim_msgs/msg/detail/joint_command_array__traits.hpp
[0.767s] -- Up-to-date: /home/exomy/exomy_ws/install/exomy_sim_msgs/include/exomy_sim_msgs
[0.767s] -- Up-to-date: /home/exomy/exomy_ws/install/exomy_sim_msgs/include/exomy_sim_msgs/msg
[0.767s] -- Up-to-date: /home/exomy/exomy_ws/install/exomy_sim_msgs/include/exomy_sim_msgs/msg/detail
[0.767s] -- Up-to-date: /home/exomy/exomy_ws/install/exomy_sim_msgs/include/exomy_sim_msgs/msg/detail/joint_command_array__rosidl_typesupport_introspection_cpp.hpp
[0.767s] -- Up-to-date: /home/exomy/exomy_ws/install/exomy_sim_msgs/include/exomy_sim_msgs/msg/detail/joint_command__type_support.cpp
[0.767s] -- Up-to-date: /home/exomy/exomy_ws/install/exomy_sim_msgs/include/exomy_sim_msgs/msg/detail/joint_command__rosidl_typesupport_introspection_cpp.hpp
[0.767s] -- Up-to-date: /home/exomy/exomy_ws/install/exomy_sim_msgs/include/exomy_sim_msgs/msg/detail/joint_command_array__type_support.cpp
[0.767s] -- Up-to-date: /home/exomy/exomy_ws/install/exomy_sim_msgs/lib/libexomy_sim_msgs__rosidl_typesupport_introspection_cpp.so
[0.768s] -- Up-to-date: /home/exomy/exomy_ws/install/exomy_sim_msgs/lib/libexomy_sim_msgs__rosidl_typesupport_cpp.so
[0.768s] -- Up-to-date: /home/exomy/exomy_ws/install/exomy_sim_msgs/share/exomy_sim_msgs/environment/pythonpath.sh
[0.768s] -- Up-to-date: /home/exomy/exomy_ws/install/exomy_sim_msgs/share/exomy_sim_msgs/environment/pythonpath.dsv
[0.768s] -- Up-to-date: /home/exomy/exomy_ws/install/exomy_sim_msgs/lib/python3.8/site-packages/exomy_sim_msgs/__init__.py
[0.810s] -- Up-to-date: /home/exomy/exomy_ws/install/exomy_sim_msgs/lib/python3.8/site-packages/exomy_sim_msgs/msg
[0.810s] -- Up-to-date: /home/exomy/exomy_ws/install/exomy_sim_msgs/lib/python3.8/site-packages/exomy_sim_msgs/msg/_joint_command_array_s.c
[0.810s] -- Up-to-date: /home/exomy/exomy_ws/install/exomy_sim_msgs/lib/python3.8/site-packages/exomy_sim_msgs/msg/_joint_command.py
[0.810s] -- Up-to-date: /home/exomy/exomy_ws/install/exomy_sim_msgs/lib/python3.8/site-packages/exomy_sim_msgs/msg/__init__.py
[0.810s] -- Up-to-date: /home/exomy/exomy_ws/install/exomy_sim_msgs/lib/python3.8/site-packages/exomy_sim_msgs/msg/_joint_command_array.py
[0.810s] -- Up-to-date: /home/exomy/exomy_ws/install/exomy_sim_msgs/lib/python3.8/site-packages/exomy_sim_msgs/msg/_joint_command_s.c
[0.810s] -- Up-to-date: /home/exomy/exomy_ws/install/exomy_sim_msgs/lib/python3.8/site-packages/exomy_sim_msgs/exomy_sim_msgs_s__rosidl_typesupport_fastrtps_c.cpython-38-x86_64-linux-gnu.so
[0.810s] -- Up-to-date: /home/exomy/exomy_ws/install/exomy_sim_msgs/lib/python3.8/site-packages/exomy_sim_msgs/exomy_sim_msgs_s__rosidl_typesupport_introspection_c.cpython-38-x86_64-linux-gnu.so
[0.811s] -- Up-to-date: /home/exomy/exomy_ws/install/exomy_sim_msgs/lib/python3.8/site-packages/exomy_sim_msgs/exomy_sim_msgs_s__rosidl_typesupport_c.cpython-38-x86_64-linux-gnu.so
[0.811s] -- Up-to-date: /home/exomy/exomy_ws/install/exomy_sim_msgs/lib/libexomy_sim_msgs__python.so
[0.812s] -- Up-to-date: /home/exomy/exomy_ws/install/exomy_sim_msgs/share/exomy_sim_msgs/msg/JointCommand.idl
[0.812s] -- Up-to-date: /home/exomy/exomy_ws/install/exomy_sim_msgs/share/exomy_sim_msgs/msg/JointCommandArray.idl
[0.812s] -- Up-to-date: /home/exomy/exomy_ws/install/exomy_sim_msgs/share/exomy_sim_msgs/msg/JointCommand.msg
[0.814s] -- Up-to-date: /home/exomy/exomy_ws/install/exomy_sim_msgs/share/exomy_sim_msgs/msg/JointCommandArray.msg
[0.814s] -- Up-to-date: /home/exomy/exomy_ws/install/exomy_sim_msgs/share/ament_index/resource_index/package_run_dependencies/exomy_sim_msgs
[0.814s] -- Up-to-date: /home/exomy/exomy_ws/install/exomy_sim_msgs/share/ament_index/resource_index/parent_prefix_path/exomy_sim_msgs
[0.814s] -- Up-to-date: /home/exomy/exomy_ws/install/exomy_sim_msgs/share/exomy_sim_msgs/environment/ament_prefix_path.sh
[0.814s] -- Up-to-date: /home/exomy/exomy_ws/install/exomy_sim_msgs/share/exomy_sim_msgs/environment/ament_prefix_path.dsv
[0.815s] -- Up-to-date: /home/exomy/exomy_ws/install/exomy_sim_msgs/share/exomy_sim_msgs/environment/path.sh
[0.815s] -- Up-to-date: /home/exomy/exomy_ws/install/exomy_sim_msgs/share/exomy_sim_msgs/environment/path.dsv
[0.815s] -- Up-to-date: /home/exomy/exomy_ws/install/exomy_sim_msgs/share/exomy_sim_msgs/local_setup.bash
[0.815s] -- Up-to-date: /home/exomy/exomy_ws/install/exomy_sim_msgs/share/exomy_sim_msgs/local_setup.sh
[0.815s] -- Up-to-date: /home/exomy/exomy_ws/install/exomy_sim_msgs/share/exomy_sim_msgs/local_setup.zsh
[0.815s] -- Up-to-date: /home/exomy/exomy_ws/install/exomy_sim_msgs/share/exomy_sim_msgs/local_setup.dsv
[0.815s] -- Installing: /home/exomy/exomy_ws/install/exomy_sim_msgs/share/exomy_sim_msgs/package.dsv
[0.815s] -- Up-to-date: /home/exomy/exomy_ws/install/exomy_sim_msgs/share/ament_index/resource_index/packages/exomy_sim_msgs
[0.815s] -- Up-to-date: /home/exomy/exomy_ws/install/exomy_sim_msgs/share/exomy_sim_msgs/cmake/exomy_sim_msgs__rosidl_generator_cExport.cmake
[0.815s] -- Up-to-date: /home/exomy/exomy_ws/install/exomy_sim_msgs/share/exomy_sim_msgs/cmake/exomy_sim_msgs__rosidl_generator_cExport-noconfig.cmake
[0.815s] -- Up-to-date: /home/exomy/exomy_ws/install/exomy_sim_msgs/share/exomy_sim_msgs/cmake/exomy_sim_msgs__rosidl_typesupport_introspection_cExport.cmake
[0.816s] -- Up-to-date: /home/exomy/exomy_ws/install/exomy_sim_msgs/share/exomy_sim_msgs/cmake/exomy_sim_msgs__rosidl_typesupport_introspection_cExport-noconfig.cmake
[0.816s] -- Up-to-date: /home/exomy/exomy_ws/install/exomy_sim_msgs/share/exomy_sim_msgs/cmake/exomy_sim_msgs__rosidl_typesupport_cExport.cmake
[0.816s] -- Up-to-date: /home/exomy/exomy_ws/install/exomy_sim_msgs/share/exomy_sim_msgs/cmake/exomy_sim_msgs__rosidl_typesupport_cExport-noconfig.cmake
[0.816s] -- Up-to-date: /home/exomy/exomy_ws/install/exomy_sim_msgs/share/exomy_sim_msgs/cmake/exomy_sim_msgs__rosidl_generator_cppExport.cmake
[0.816s] -- Up-to-date: /home/exomy/exomy_ws/install/exomy_sim_msgs/share/exomy_sim_msgs/cmake/exomy_sim_msgs__rosidl_typesupport_introspection_cppExport.cmake
[0.816s] -- Up-to-date: /home/exomy/exomy_ws/install/exomy_sim_msgs/share/exomy_sim_msgs/cmake/exomy_sim_msgs__rosidl_typesupport_introspection_cppExport-noconfig.cmake
[0.816s] -- Up-to-date: /home/exomy/exomy_ws/install/exomy_sim_msgs/share/exomy_sim_msgs/cmake/exomy_sim_msgs__rosidl_typesupport_cppExport.cmake
[0.816s] -- Up-to-date: /home/exomy/exomy_ws/install/exomy_sim_msgs/share/exomy_sim_msgs/cmake/exomy_sim_msgs__rosidl_typesupport_cppExport-noconfig.cmake
[0.816s] -- Up-to-date: /home/exomy/exomy_ws/install/exomy_sim_msgs/share/exomy_sim_msgs/cmake/rosidl_cmake-extras.cmake
[0.817s] -- Up-to-date: /home/exomy/exomy_ws/install/exomy_sim_msgs/share/exomy_sim_msgs/cmake/ament_cmake_export_dependencies-extras.cmake
[0.823s] -- Up-to-date: /home/exomy/exomy_ws/install/exomy_sim_msgs/share/exomy_sim_msgs/cmake/ament_cmake_export_libraries-extras.cmake
[0.824s] -- Up-to-date: /home/exomy/exomy_ws/install/exomy_sim_msgs/share/exomy_sim_msgs/cmake/ament_cmake_export_targets-extras.cmake
[0.824s] -- Up-to-date: /home/exomy/exomy_ws/install/exomy_sim_msgs/share/exomy_sim_msgs/cmake/ament_cmake_export_include_directories-extras.cmake
[0.824s] -- Up-to-date: /home/exomy/exomy_ws/install/exomy_sim_msgs/share/exomy_sim_msgs/cmake/rosidl_cmake_export_typesupport_libraries-extras.cmake
[0.824s] -- Up-to-date: /home/exomy/exomy_ws/install/exomy_sim_msgs/share/exomy_sim_msgs/cmake/rosidl_cmake_export_typesupport_targets-extras.cmake
[0.824s] -- Up-to-date: /home/exomy/exomy_ws/install/exomy_sim_msgs/share/exomy_sim_msgs/cmake/exomy_sim_msgsConfig.cmake
[0.825s] -- Up-to-date: /home/exomy/exomy_ws/install/exomy_sim_msgs/share/exomy_sim_msgs/cmake/exomy_sim_msgsConfig-version.cmake
[0.825s] -- Up-to-date: /home/exomy/exomy_ws/install/exomy_sim_msgs/share/exomy_sim_msgs/package.xml
[0.825s] Invoked command in '/home/exomy/exomy_ws/build/exomy_sim_msgs' returned '0': CMAKE_PREFIX_PATH=${CMAKE_PREFIX_PATH}:/home/exomy/exomy_ws/install/exomy:/opt/ros/foxy /usr/bin/cmake --install /home/exomy/exomy_ws/build/exomy_sim_msgs
