[0.000000] (-) TimerEvent: {}
[0.001429] (exomy_msgs) JobQueued: {'identifier': 'exomy_msgs', 'dependencies': OrderedDict()}
[0.001532] (exomy_sim_msgs) JobQueued: {'identifier': 'exomy_sim_msgs', 'dependencies': OrderedDict()}
[0.001929] (realsense_ros_gazebo) JobQueued: {'identifier': 'realsense_ros_gazebo', 'dependencies': OrderedDict()}
[0.002120] (exomy) JobQueued: {'identifier': 'exomy', 'dependencies': OrderedDict([('exomy_msgs', '/home/exomy/exomy_ws/exomy_ws_ros/exomy_ws/src/install/exomy_msgs')])}
[0.002310] (exomy_sim) JobQueued: {'identifier': 'exomy_sim', 'dependencies': OrderedDict([('exomy_msgs', '/home/exomy/exomy_ws/exomy_ws_ros/exomy_ws/src/install/exomy_msgs'), ('exomy_sim_msgs', '/home/exomy/exomy_ws/exomy_ws_ros/exomy_ws/src/install/exomy_sim_msgs')])}
[0.002368] (rover_gazebo_plugins) JobQueued: {'identifier': 'rover_gazebo_plugins', 'dependencies': OrderedDict([('exomy_sim_msgs', '/home/exomy/exomy_ws/exomy_ws_ros/exomy_ws/src/install/exomy_sim_msgs')])}
[0.002503] (exomy_sim_launch) JobQueued: {'identifier': 'exomy_sim_launch', 'dependencies': OrderedDict([('exomy_msgs', '/home/exomy/exomy_ws/exomy_ws_ros/exomy_ws/src/install/exomy_msgs'), ('exomy_sim_msgs', '/home/exomy/exomy_ws/exomy_ws_ros/exomy_ws/src/install/exomy_sim_msgs'), ('exomy', '/home/exomy/exomy_ws/exomy_ws_ros/exomy_ws/src/install/exomy'), ('exomy_sim', '/home/exomy/exomy_ws/exomy_ws_ros/exomy_ws/src/install/exomy_sim')])}
[0.002607] (exomy_msgs) JobStarted: {'identifier': 'exomy_msgs'}
[0.016037] (exomy_sim_msgs) JobStarted: {'identifier': 'exomy_sim_msgs'}
[0.029213] (realsense_ros_gazebo) JobStarted: {'identifier': 'realsense_ros_gazebo'}
[0.051296] (exomy_msgs) JobProgress: {'identifier': 'exomy_msgs', 'progress': 'cmake'}
[0.053269] (exomy_msgs) JobProgress: {'identifier': 'exomy_msgs', 'progress': 'build'}
[0.053784] (exomy_msgs) Command: {'cmd': ['/usr/bin/cmake', '--build', '/home/exomy/exomy_ws/exomy_ws_ros/exomy_ws/src/build/exomy_msgs', '--', '-j4', '-l4'], 'cwd': '/home/exomy/exomy_ws/exomy_ws_ros/exomy_ws/src/build/exomy_msgs', 'env': OrderedDict([('HOSTNAME', 'ubuntu'), ('SHLVL', '1'), ('GREP_COLOR', '1;33'), ('LD_LIBRARY_PATH', '/home/exomy/exomy_ws/exomy_ws_ros/exomy_ws/src/install/rover_gazebo_plugins/lib:/home/exomy/exomy_ws/exomy_ws_ros/exomy_ws/src/install/exomy_sim_msgs/lib:/home/exomy/exomy_ws/exomy_ws_ros/exomy_ws/src/install/exomy_msgs/lib:/home/exomy/exomy_ws/install/rover_gazebo_plugins/lib:/home/exomy/exomy_ws/install/exomy_sim_msgs/lib:/home/exomy/exomy_ws/install/exomy_msgs/lib:/usr/lib/x86_64-linux-gnu/gazebo-11/plugins:/opt/ros/foxy/opt/yaml_cpp_vendor/lib:/opt/ros/foxy/opt/rviz_ogre_vendor/lib:/opt/ros/foxy/lib/x86_64-linux-gnu:/opt/ros/foxy/lib:/usr/lib/x86_64-linux-gnu/gazebo-11/plugins'), ('HOME', '/root'), ('OLDPWD', '/home/exomy/exomy_ws/exomy_ws_ros/exomy_ws'), ('LESS', '-R'), ('ZSH', '/root/.oh-my-zsh'), ('LSCOLORS', 'exfxcxdxbxegedabagacad'), ('PAGER', 'less'), ('ROS_PYTHON_VERSION', '3'), ('GAZEBO_MASTER_URI', 'http://localhost:11345'), ('ROS_DISTRO', 'foxy'), ('COLCON_PREFIX_PATH', '/home/exomy/exomy_ws/exomy_ws_ros/exomy_ws/src/install:/home/exomy/exomy_ws/install'), ('LOGNAME', 'root'), ('EXOMY_WS', '/home/exomy/exomy_ws'), ('_', '/usr/bin/colcon'), ('ROS_VERSION', '2'), ('TERM', 'xterm'), ('GAZEBO_MODEL_PATH', '/home/exomy/exomy_ws/exomy_ws_ros/exomy_ws/src/install/exomy_sim/share/exomy_sim/models:/home/exomy/exomy_ws/exomy_ws_ros/exomy_ws/src/install/exomy_sim/share:/home/exomy/exomy_ws/install/exomy_sim/share/exomy_sim/models:/home/exomy/exomy_ws/install/exomy_sim/share:/usr/share/gazebo-11/models:'), ('ROS_LOCALHOST_ONLY', '0'), ('QT_X11_NO_MITSHM', '1'), ('OGRE_RESOURCE_PATH', '/usr/lib/x86_64-linux-gnu/OGRE-1.9.0'), ('PATH', '/opt/ros/foxy/bin:/usr/local/sbin:/usr/local/bin:/usr/sbin:/usr/bin:/sbin:/bin:/home/exomy/.npm-global/bin'), ('DISPLAY', ':0'), ('LANG', 'C.UTF-8'), ('LS_COLORS', 'di=34;40:ln=35;40:so=32;40:pi=33;40:ex=31;40:bd=34;46:cd=34;43:su=0;41:sg=0;46:tw=0;42:ow=0;43:'), ('AMENT_PREFIX_PATH', '/home/exomy/exomy_ws/exomy_ws_ros/exomy_ws/src/install/rover_gazebo_plugins:/home/exomy/exomy_ws/exomy_ws_ros/exomy_ws/src/install/exomy_sim_launch:/home/exomy/exomy_ws/exomy_ws_ros/exomy_ws/src/install/exomy_sim:/home/exomy/exomy_ws/exomy_ws_ros/exomy_ws/src/install/exomy_sim_msgs:/home/exomy/exomy_ws/exomy_ws_ros/exomy_ws/src/install/exomy:/home/exomy/exomy_ws/exomy_ws_ros/exomy_ws/src/install/exomy_msgs:/home/exomy/exomy_ws/install/rover_gazebo_plugins:/home/exomy/exomy_ws/install/exomy_sim_launch:/home/exomy/exomy_ws/install/exomy_sim:/home/exomy/exomy_ws/install/exomy_sim_msgs:/home/exomy/exomy_ws/install/exomy:/home/exomy/exomy_ws/install/exomy_msgs:/opt/ros/foxy'), ('GAZEBO_RESOURCE_PATH', '/home/exomy/exomy_ws/exomy_ws_ros/exomy_ws/src/install/exomy_sim/share/exomy_sim/worlds:/home/exomy/exomy_ws/install/exomy_sim/share/exomy_sim/worlds:/usr/share/gazebo-11:'), ('GAZEBO_MODEL_DATABASE_URI', 'http://models.gazebosim.org'), ('LC_ALL', 'C.UTF-8'), ('PWD', '/home/exomy/exomy_ws/exomy_ws_ros/exomy_ws/src/build/exomy_msgs'), ('GAZEBO_PLUGIN_PATH', '/usr/lib/x86_64-linux-gnu/gazebo-11/plugins:'), ('PYTHONPATH', '/home/exomy/exomy_ws/exomy_ws_ros/exomy_ws/src/install/exomy_sim_msgs/lib/python3.8/site-packages:/home/exomy/exomy_ws/exomy_ws_ros/exomy_ws/src/install/exomy/lib/python3.8/site-packages:/home/exomy/exomy_ws/exomy_ws_ros/exomy_ws/src/install/exomy_msgs/lib/python3.8/site-packages:/home/exomy/exomy_ws/install/exomy_sim_msgs/lib/python3.8/site-packages:/home/exomy/exomy_ws/install/exomy/lib/python3.8/site-packages:/home/exomy/exomy_ws/install/exomy_msgs/lib/python3.8/site-packages:/opt/ros/foxy/lib/python3.8/site-packages'), ('TZ', 'Europe/Amsterdam'), ('COLCON', '1'), ('NPM_CONFIG_PREFIX', '/home/exomy/.npm-global'), ('CMAKE_PREFIX_PATH', '/home/exomy/exomy_ws/exomy_ws_ros/exomy_ws/src/install/rover_gazebo_plugins:/home/exomy/exomy_ws/exomy_ws_ros/exomy_ws/src/install/exomy_sim_launch:/home/exomy/exomy_ws/exomy_ws_ros/exomy_ws/src/install/exomy_sim:/home/exomy/exomy_ws/exomy_ws_ros/exomy_ws/src/install/exomy_sim_msgs:/home/exomy/exomy_ws/exomy_ws_ros/exomy_ws/src/install/exomy_msgs:/home/exomy/exomy_ws/install/rover_gazebo_plugins:/home/exomy/exomy_ws/install/exomy_sim_launch:/home/exomy/exomy_ws/install/exomy_sim:/home/exomy/exomy_ws/install/exomy_sim_msgs:/home/exomy/exomy_ws/install/exomy_msgs:/home/exomy/exomy_ws/exomy_ws_ros/exomy_ws/src/install/exomy:/home/exomy/exomy_ws/install/exomy:/opt/ros/foxy')]), 'shell': False}
[0.063554] (exomy_sim_msgs) JobProgress: {'identifier': 'exomy_sim_msgs', 'progress': 'cmake'}
[0.068799] (exomy_sim_msgs) JobProgress: {'identifier': 'exomy_sim_msgs', 'progress': 'build'}
[0.069044] (exomy_sim_msgs) Command: {'cmd': ['/usr/bin/cmake', '--build', '/home/exomy/exomy_ws/exomy_ws_ros/exomy_ws/src/build/exomy_sim_msgs', '--', '-j4', '-l4'], 'cwd': '/home/exomy/exomy_ws/exomy_ws_ros/exomy_ws/src/build/exomy_sim_msgs', 'env': OrderedDict([('HOSTNAME', 'ubuntu'), ('SHLVL', '1'), ('GREP_COLOR', '1;33'), ('LD_LIBRARY_PATH', '/home/exomy/exomy_ws/exomy_ws_ros/exomy_ws/src/install/rover_gazebo_plugins/lib:/home/exomy/exomy_ws/exomy_ws_ros/exomy_ws/src/install/exomy_sim_msgs/lib:/home/exomy/exomy_ws/exomy_ws_ros/exomy_ws/src/install/exomy_msgs/lib:/home/exomy/exomy_ws/install/rover_gazebo_plugins/lib:/home/exomy/exomy_ws/install/exomy_sim_msgs/lib:/home/exomy/exomy_ws/install/exomy_msgs/lib:/usr/lib/x86_64-linux-gnu/gazebo-11/plugins:/opt/ros/foxy/opt/yaml_cpp_vendor/lib:/opt/ros/foxy/opt/rviz_ogre_vendor/lib:/opt/ros/foxy/lib/x86_64-linux-gnu:/opt/ros/foxy/lib:/usr/lib/x86_64-linux-gnu/gazebo-11/plugins'), ('HOME', '/root'), ('OLDPWD', '/home/exomy/exomy_ws/exomy_ws_ros/exomy_ws'), ('LESS', '-R'), ('ZSH', '/root/.oh-my-zsh'), ('LSCOLORS', 'exfxcxdxbxegedabagacad'), ('PAGER', 'less'), ('ROS_PYTHON_VERSION', '3'), ('GAZEBO_MASTER_URI', 'http://localhost:11345'), ('ROS_DISTRO', 'foxy'), ('COLCON_PREFIX_PATH', '/home/exomy/exomy_ws/exomy_ws_ros/exomy_ws/src/install:/home/exomy/exomy_ws/install'), ('LOGNAME', 'root'), ('EXOMY_WS', '/home/exomy/exomy_ws'), ('_', '/usr/bin/colcon'), ('ROS_VERSION', '2'), ('TERM', 'xterm'), ('GAZEBO_MODEL_PATH', '/home/exomy/exomy_ws/exomy_ws_ros/exomy_ws/src/install/exomy_sim/share/exomy_sim/models:/home/exomy/exomy_ws/exomy_ws_ros/exomy_ws/src/install/exomy_sim/share:/home/exomy/exomy_ws/install/exomy_sim/share/exomy_sim/models:/home/exomy/exomy_ws/install/exomy_sim/share:/usr/share/gazebo-11/models:'), ('ROS_LOCALHOST_ONLY', '0'), ('QT_X11_NO_MITSHM', '1'), ('OGRE_RESOURCE_PATH', '/usr/lib/x86_64-linux-gnu/OGRE-1.9.0'), ('PATH', '/opt/ros/foxy/bin:/usr/local/sbin:/usr/local/bin:/usr/sbin:/usr/bin:/sbin:/bin:/home/exomy/.npm-global/bin'), ('DISPLAY', ':0'), ('LANG', 'C.UTF-8'), ('LS_COLORS', 'di=34;40:ln=35;40:so=32;40:pi=33;40:ex=31;40:bd=34;46:cd=34;43:su=0;41:sg=0;46:tw=0;42:ow=0;43:'), ('AMENT_PREFIX_PATH', '/home/exomy/exomy_ws/exomy_ws_ros/exomy_ws/src/install/rover_gazebo_plugins:/home/exomy/exomy_ws/exomy_ws_ros/exomy_ws/src/install/exomy_sim_launch:/home/exomy/exomy_ws/exomy_ws_ros/exomy_ws/src/install/exomy_sim:/home/exomy/exomy_ws/exomy_ws_ros/exomy_ws/src/install/exomy_sim_msgs:/home/exomy/exomy_ws/exomy_ws_ros/exomy_ws/src/install/exomy:/home/exomy/exomy_ws/exomy_ws_ros/exomy_ws/src/install/exomy_msgs:/home/exomy/exomy_ws/install/rover_gazebo_plugins:/home/exomy/exomy_ws/install/exomy_sim_launch:/home/exomy/exomy_ws/install/exomy_sim:/home/exomy/exomy_ws/install/exomy_sim_msgs:/home/exomy/exomy_ws/install/exomy:/home/exomy/exomy_ws/install/exomy_msgs:/opt/ros/foxy'), ('GAZEBO_RESOURCE_PATH', '/home/exomy/exomy_ws/exomy_ws_ros/exomy_ws/src/install/exomy_sim/share/exomy_sim/worlds:/home/exomy/exomy_ws/install/exomy_sim/share/exomy_sim/worlds:/usr/share/gazebo-11:'), ('GAZEBO_MODEL_DATABASE_URI', 'http://models.gazebosim.org'), ('LC_ALL', 'C.UTF-8'), ('PWD', '/home/exomy/exomy_ws/exomy_ws_ros/exomy_ws/src/build/exomy_sim_msgs'), ('GAZEBO_PLUGIN_PATH', '/usr/lib/x86_64-linux-gnu/gazebo-11/plugins:'), ('PYTHONPATH', '/home/exomy/exomy_ws/exomy_ws_ros/exomy_ws/src/install/exomy_sim_msgs/lib/python3.8/site-packages:/home/exomy/exomy_ws/exomy_ws_ros/exomy_ws/src/install/exomy/lib/python3.8/site-packages:/home/exomy/exomy_ws/exomy_ws_ros/exomy_ws/src/install/exomy_msgs/lib/python3.8/site-packages:/home/exomy/exomy_ws/install/exomy_sim_msgs/lib/python3.8/site-packages:/home/exomy/exomy_ws/install/exomy/lib/python3.8/site-packages:/home/exomy/exomy_ws/install/exomy_msgs/lib/python3.8/site-packages:/opt/ros/foxy/lib/python3.8/site-packages'), ('TZ', 'Europe/Amsterdam'), ('COLCON', '1'), ('NPM_CONFIG_PREFIX', '/home/exomy/.npm-global'), ('CMAKE_PREFIX_PATH', '/home/exomy/exomy_ws/exomy_ws_ros/exomy_ws/src/install/rover_gazebo_plugins:/home/exomy/exomy_ws/exomy_ws_ros/exomy_ws/src/install/exomy_sim_launch:/home/exomy/exomy_ws/exomy_ws_ros/exomy_ws/src/install/exomy_sim:/home/exomy/exomy_ws/exomy_ws_ros/exomy_ws/src/install/exomy_sim_msgs:/home/exomy/exomy_ws/exomy_ws_ros/exomy_ws/src/install/exomy_msgs:/home/exomy/exomy_ws/install/rover_gazebo_plugins:/home/exomy/exomy_ws/install/exomy_sim_launch:/home/exomy/exomy_ws/install/exomy_sim:/home/exomy/exomy_ws/install/exomy_sim_msgs:/home/exomy/exomy_ws/install/exomy_msgs:/home/exomy/exomy_ws/exomy_ws_ros/exomy_ws/src/install/exomy:/home/exomy/exomy_ws/install/exomy:/opt/ros/foxy')]), 'shell': False}
[0.076470] (realsense_ros_gazebo) JobProgress: {'identifier': 'realsense_ros_gazebo', 'progress': 'cmake'}
[0.079193] (realsense_ros_gazebo) Command: {'cmd': ['/usr/bin/cmake', '/home/exomy/exomy_ws/exomy_ws_ros/exomy_ws/src/realsense_ros_gazebo', '-DCATKIN_INSTALL_INTO_PREFIX_ROOT=0', '-DCMAKE_INSTALL_PREFIX=/home/exomy/exomy_ws/exomy_ws_ros/exomy_ws/src/install/realsense_ros_gazebo'], 'cwd': '/home/exomy/exomy_ws/exomy_ws_ros/exomy_ws/src/build/realsense_ros_gazebo', 'env': OrderedDict([('HOSTNAME', 'ubuntu'), ('SHLVL', '1'), ('GREP_COLOR', '1;33'), ('LD_LIBRARY_PATH', '/home/exomy/exomy_ws/exomy_ws_ros/exomy_ws/src/install/rover_gazebo_plugins/lib:/home/exomy/exomy_ws/exomy_ws_ros/exomy_ws/src/install/exomy_sim_msgs/lib:/home/exomy/exomy_ws/exomy_ws_ros/exomy_ws/src/install/exomy_msgs/lib:/home/exomy/exomy_ws/install/rover_gazebo_plugins/lib:/home/exomy/exomy_ws/install/exomy_sim_msgs/lib:/home/exomy/exomy_ws/install/exomy_msgs/lib:/usr/lib/x86_64-linux-gnu/gazebo-11/plugins:/opt/ros/foxy/opt/yaml_cpp_vendor/lib:/opt/ros/foxy/opt/rviz_ogre_vendor/lib:/opt/ros/foxy/lib/x86_64-linux-gnu:/opt/ros/foxy/lib:/usr/lib/x86_64-linux-gnu/gazebo-11/plugins'), ('HOME', '/root'), ('OLDPWD', '/home/exomy/exomy_ws/exomy_ws_ros/exomy_ws'), ('LESS', '-R'), ('ZSH', '/root/.oh-my-zsh'), ('LSCOLORS', 'exfxcxdxbxegedabagacad'), ('PAGER', 'less'), ('ROS_PYTHON_VERSION', '3'), ('GAZEBO_MASTER_URI', 'http://localhost:11345'), ('ROS_DISTRO', 'foxy'), ('COLCON_PREFIX_PATH', '/home/exomy/exomy_ws/exomy_ws_ros/exomy_ws/src/install:/home/exomy/exomy_ws/install'), ('LOGNAME', 'root'), ('EXOMY_WS', '/home/exomy/exomy_ws'), ('_', '/usr/bin/colcon'), ('ROS_VERSION', '2'), ('TERM', 'xterm'), ('GAZEBO_MODEL_PATH', '/home/exomy/exomy_ws/exomy_ws_ros/exomy_ws/src/install/exomy_sim/share/exomy_sim/models:/home/exomy/exomy_ws/exomy_ws_ros/exomy_ws/src/install/exomy_sim/share:/home/exomy/exomy_ws/install/exomy_sim/share/exomy_sim/models:/home/exomy/exomy_ws/install/exomy_sim/share:/usr/share/gazebo-11/models:'), ('ROS_LOCALHOST_ONLY', '0'), ('QT_X11_NO_MITSHM', '1'), ('OGRE_RESOURCE_PATH', '/usr/lib/x86_64-linux-gnu/OGRE-1.9.0'), ('PATH', '/opt/ros/foxy/bin:/usr/local/sbin:/usr/local/bin:/usr/sbin:/usr/bin:/sbin:/bin:/home/exomy/.npm-global/bin'), ('DISPLAY', ':0'), ('LANG', 'C.UTF-8'), ('LS_COLORS', 'di=34;40:ln=35;40:so=32;40:pi=33;40:ex=31;40:bd=34;46:cd=34;43:su=0;41:sg=0;46:tw=0;42:ow=0;43:'), ('AMENT_PREFIX_PATH', '/home/exomy/exomy_ws/exomy_ws_ros/exomy_ws/src/install/rover_gazebo_plugins:/home/exomy/exomy_ws/exomy_ws_ros/exomy_ws/src/install/exomy_sim_launch:/home/exomy/exomy_ws/exomy_ws_ros/exomy_ws/src/install/exomy_sim:/home/exomy/exomy_ws/exomy_ws_ros/exomy_ws/src/install/exomy_sim_msgs:/home/exomy/exomy_ws/exomy_ws_ros/exomy_ws/src/install/exomy:/home/exomy/exomy_ws/exomy_ws_ros/exomy_ws/src/install/exomy_msgs:/home/exomy/exomy_ws/install/rover_gazebo_plugins:/home/exomy/exomy_ws/install/exomy_sim_launch:/home/exomy/exomy_ws/install/exomy_sim:/home/exomy/exomy_ws/install/exomy_sim_msgs:/home/exomy/exomy_ws/install/exomy:/home/exomy/exomy_ws/install/exomy_msgs:/opt/ros/foxy'), ('GAZEBO_RESOURCE_PATH', '/home/exomy/exomy_ws/exomy_ws_ros/exomy_ws/src/install/exomy_sim/share/exomy_sim/worlds:/home/exomy/exomy_ws/install/exomy_sim/share/exomy_sim/worlds:/usr/share/gazebo-11:'), ('GAZEBO_MODEL_DATABASE_URI', 'http://models.gazebosim.org'), ('LC_ALL', 'C.UTF-8'), ('PWD', '/home/exomy/exomy_ws/exomy_ws_ros/exomy_ws/src/build/realsense_ros_gazebo'), ('GAZEBO_PLUGIN_PATH', '/usr/lib/x86_64-linux-gnu/gazebo-11/plugins:'), ('PYTHONPATH', '/home/exomy/exomy_ws/exomy_ws_ros/exomy_ws/src/install/exomy_sim_msgs/lib/python3.8/site-packages:/home/exomy/exomy_ws/exomy_ws_ros/exomy_ws/src/install/exomy/lib/python3.8/site-packages:/home/exomy/exomy_ws/exomy_ws_ros/exomy_ws/src/install/exomy_msgs/lib/python3.8/site-packages:/home/exomy/exomy_ws/install/exomy_sim_msgs/lib/python3.8/site-packages:/home/exomy/exomy_ws/install/exomy/lib/python3.8/site-packages:/home/exomy/exomy_ws/install/exomy_msgs/lib/python3.8/site-packages:/opt/ros/foxy/lib/python3.8/site-packages'), ('TZ', 'Europe/Amsterdam'), ('COLCON', '1'), ('NPM_CONFIG_PREFIX', '/home/exomy/.npm-global'), ('CMAKE_PREFIX_PATH', '/home/exomy/exomy_ws/exomy_ws_ros/exomy_ws/src/install/rover_gazebo_plugins:/home/exomy/exomy_ws/exomy_ws_ros/exomy_ws/src/install/exomy_sim_launch:/home/exomy/exomy_ws/exomy_ws_ros/exomy_ws/src/install/exomy_sim:/home/exomy/exomy_ws/exomy_ws_ros/exomy_ws/src/install/exomy_sim_msgs:/home/exomy/exomy_ws/exomy_ws_ros/exomy_ws/src/install/exomy_msgs:/home/exomy/exomy_ws/install/rover_gazebo_plugins:/home/exomy/exomy_ws/install/exomy_sim_launch:/home/exomy/exomy_ws/install/exomy_sim:/home/exomy/exomy_ws/install/exomy_sim_msgs:/home/exomy/exomy_ws/install/exomy_msgs')]), 'shell': False}
[0.099194] (-) TimerEvent: {}
[0.143214] (realsense_ros_gazebo) StderrLine: {'line': b'CMake Error at CMakeLists.txt:4 (find_package):\n'}
[0.143508] (realsense_ros_gazebo) StderrLine: {'line': b'  By not providing "Findcatkin.cmake" in CMAKE_MODULE_PATH this project has\n'}
[0.143728] (realsense_ros_gazebo) StderrLine: {'line': b'  asked CMake to find a package configuration file provided by "catkin", but\n'}
[0.143802] (realsense_ros_gazebo) StderrLine: {'line': b'  CMake did not find one.\n'}
[0.143869] (realsense_ros_gazebo) StderrLine: {'line': b'\n'}
[0.143933] (realsense_ros_gazebo) StderrLine: {'line': b'  Could not find a package configuration file provided by "catkin" with any\n'}
[0.143995] (realsense_ros_gazebo) StderrLine: {'line': b'  of the following names:\n'}
[0.144057] (realsense_ros_gazebo) StderrLine: {'line': b'\n'}
[0.144168] (realsense_ros_gazebo) StderrLine: {'line': b'    catkinConfig.cmake\n'}
[0.144233] (realsense_ros_gazebo) StderrLine: {'line': b'    catkin-config.cmake\n'}
[0.144293] (realsense_ros_gazebo) StderrLine: {'line': b'\n'}
[0.144353] (realsense_ros_gazebo) StderrLine: {'line': b'  Add the installation prefix of "catkin" to CMAKE_PREFIX_PATH or set\n'}
[0.144489] (realsense_ros_gazebo) StderrLine: {'line': b'  "catkin_DIR" to a directory containing one of the above files.  If "catkin"\n'}
[0.144553] (realsense_ros_gazebo) StderrLine: {'line': b'  provides a separate development package or SDK, be sure it has been\n'}
[0.144612] (realsense_ros_gazebo) StderrLine: {'line': b'  installed.\n'}
[0.144670] (realsense_ros_gazebo) StderrLine: {'line': b'\n'}
[0.144729] (realsense_ros_gazebo) StderrLine: {'line': b'\n'}
[0.144792] (realsense_ros_gazebo) StdoutLine: {'line': b'-- Configuring incomplete, errors occurred!\n'}
[0.144878] (realsense_ros_gazebo) StdoutLine: {'line': b'See also "/home/exomy/exomy_ws/exomy_ws_ros/exomy_ws/src/build/realsense_ros_gazebo/CMakeFiles/CMakeOutput.log".\n'}
[0.163505] (exomy_msgs) StdoutLine: {'line': b'[ 10%] Built target exomy_msgs__rosidl_generator_c\n'}
[0.167011] (exomy_msgs) StdoutLine: {'line': b'[ 12%] Built target exomy_msgs__cpp\n'}
[0.174735] (exomy_sim_msgs) StdoutLine: {'line': b'[  2%] Built target exomy_sim_msgs__cpp\n'}
[0.184081] (realsense_ros_gazebo) CommandEnded: {'returncode': 1}
[0.189356] (exomy_sim_msgs) StdoutLine: {'line': b'[ 12%] Built target exomy_sim_msgs__rosidl_generator_c\n'}
[0.199605] (-) TimerEvent: {}
[0.245054] (exomy_msgs) StdoutLine: {'line': b'[ 23%] Built target exomy_msgs__rosidl_typesupport_c\n'}
[0.248530] (realsense_ros_gazebo) JobEnded: {'identifier': 'realsense_ros_gazebo', 'rc': 1}
[0.252906] (exomy_sim_msgs) StdoutLine: {'line': b'[ 23%] Built target exomy_sim_msgs__rosidl_typesupport_introspection_cpp\n'}
[0.264956] (exomy_msgs) StdoutLine: {'line': b'[ 34%] Built target exomy_msgs__rosidl_typesupport_introspection_c\n'}
[0.275123] (exomy_sim_msgs) StdoutLine: {'line': b'[ 33%] Built target exomy_sim_msgs__rosidl_typesupport_fastrtps_cpp\n'}
[0.280553] (exomy_sim_msgs) StdoutLine: {'line': b'[ 43%] Built target exomy_sim_msgs__rosidl_typesupport_cpp\n'}
[0.297821] (exomy_sim_msgs) StdoutLine: {'line': b'[ 53%] Built target exomy_sim_msgs__rosidl_typesupport_introspection_c\n'}
[0.299648] (-) TimerEvent: {}
[0.318050] (exomy_msgs) StdoutLine: {'line': b'[ 44%] Built target exomy_msgs__rosidl_typesupport_fastrtps_cpp\n'}
[0.323473] (exomy_sim_msgs) StdoutLine: {'line': b'[ 64%] Built target exomy_sim_msgs__rosidl_typesupport_c\n'}
[0.324436] (exomy_msgs) StdoutLine: {'line': b'[ 55%] Built target exomy_msgs__rosidl_typesupport_cpp\n'}
[0.338102] (exomy_msgs) StdoutLine: {'line': b'[ 65%] Built target exomy_msgs__rosidl_typesupport_introspection_cpp\n'}
[0.354978] (exomy_sim_msgs) StdoutLine: {'line': b'[ 74%] Built target exomy_sim_msgs__rosidl_typesupport_fastrtps_c\n'}
[0.367801] (exomy_msgs) StdoutLine: {'line': b'[ 76%] Built target exomy_msgs__rosidl_typesupport_fastrtps_c\n'}
[0.383384] (exomy_sim_msgs) StdoutLine: {'line': b'[ 74%] Built target exomy_sim_msgs\n'}
[0.396366] (exomy_msgs) StdoutLine: {'line': b'[ 76%] Built target exomy_msgs\n'}
[0.399768] (-) TimerEvent: {}
[0.412845] (exomy_sim_msgs) StdoutLine: {'line': b'[ 76%] Built target exomy_sim_msgs__py\n'}
[0.425547] (exomy_msgs) StdoutLine: {'line': b'[ 78%] Built target exomy_msgs__py\n'}
[0.453065] (exomy_sim_msgs) StdoutLine: {'line': b'[ 84%] Built target exomy_sim_msgs__python\n'}
[0.470832] (exomy_msgs) StdoutLine: {'line': b'[ 87%] Built target exomy_msgs__python\n'}
[0.499909] (-) TimerEvent: {}
[0.510643] (exomy_sim_msgs) StdoutLine: {'line': b'[ 89%] Built target exomy_sim_msgs__rosidl_typesupport_introspection_c__pyext\n'}
[0.512974] (exomy_sim_msgs) StdoutLine: {'line': b'[ 94%] Built target exomy_sim_msgs__rosidl_typesupport_c__pyext\n'}
[0.524904] (exomy_msgs) StdoutLine: {'line': b'[ 91%] Built target exomy_msgs__rosidl_typesupport_c__pyext\n'}
[0.526624] (exomy_sim_msgs) StdoutLine: {'line': b'[100%] Built target exomy_sim_msgs__rosidl_typesupport_fastrtps_c__pyext\n'}
[0.529402] (exomy_msgs) StdoutLine: {'line': b'[ 95%] Built target exomy_msgs__rosidl_typesupport_introspection_c__pyext\n'}
[0.537732] (exomy_msgs) StdoutLine: {'line': b'[100%] Built target exomy_msgs__rosidl_typesupport_fastrtps_c__pyext\n'}
[0.542716] (exomy_sim_msgs) JobEnded: {'identifier': 'exomy_sim_msgs', 'rc': 'SIGINT'}
[0.562266] (exomy_msgs) JobEnded: {'identifier': 'exomy_msgs', 'rc': 'SIGINT'}
[0.573221] (exomy) JobSkipped: {'identifier': 'exomy'}
[0.573638] (exomy_sim) JobSkipped: {'identifier': 'exomy_sim'}
[0.573707] (rover_gazebo_plugins) JobSkipped: {'identifier': 'rover_gazebo_plugins'}
[0.573752] (exomy_sim_launch) JobSkipped: {'identifier': 'exomy_sim_launch'}
[0.573794] (-) EventReactorShutdown: {}
