[  2%] Built target exomy_msgs__cpp
[ 12%] Built target exomy_msgs__rosidl_generator_c
[ 23%] Built target exomy_msgs__rosidl_typesupport_cpp
[ 36%] Built target exomy_msgs__rosidl_typesupport_fastrtps_cpp
[ 44%] Built target exomy_msgs__rosidl_typesupport_introspection_cpp
[ 55%] Built target exomy_msgs__rosidl_typesupport_c
[ 65%] Built target exomy_msgs__rosidl_typesupport_introspection_c
[ 76%] Built target exomy_msgs__rosidl_typesupport_fastrtps_c
[ 76%] Built target exomy_msgs
[ 78%] Built target exomy_msgs__py
[ 87%] Built target exomy_msgs__python
[ 91%] Built target exomy_msgs__rosidl_typesupport_c__pyext
[ 95%] Built target exomy_msgs__rosidl_typesupport_fastrtps_c__pyext
[100%] Built target exomy_msgs__rosidl_typesupport_introspection_c__pyext
-- Install configuration: ""
-- Up-to-date: /home/exomy/exomy_ws/exomy_ws_ros/exomy_ws/src/install/exomy_msgs/include/exomy_msgs
-- Up-to-date: /home/exomy/exomy_ws/exomy_ws_ros/exomy_ws/src/install/exomy_msgs/include/exomy_msgs/msg
-- Up-to-date: /home/exomy/exomy_ws/exomy_ws_ros/exomy_ws/src/install/exomy_msgs/include/exomy_msgs/msg/detail
-- Installing: /home/exomy/exomy_ws/exomy_ws_ros/exomy_ws/src/install/exomy_msgs/include/exomy_msgs/msg/detail/screen__functions.c
-- Installing: /home/exomy/exomy_ws/exomy_ws_ros/exomy_ws/src/install/exomy_msgs/include/exomy_msgs/msg/detail/motor_commands__functions.c
-- Installing: /home/exomy/exomy_ws/exomy_ws_ros/exomy_ws/src/install/exomy_msgs/include/exomy_msgs/msg/detail/rover_command__functions.c
-- Installing: /home/exomy/exomy_ws/exomy_ws_ros/exomy_ws/src/install/exomy_msgs/lib/libexomy_msgs__rosidl_generator_c.so
-- Set runtime path of "/home/exomy/exomy_ws/exomy_ws_ros/exomy_ws/src/install/exomy_msgs/lib/libexomy_msgs__rosidl_generator_c.so" to ""
-- Up-to-date: /home/exomy/exomy_ws/exomy_ws_ros/exomy_ws/src/install/exomy_msgs/include/exomy_msgs
-- Up-to-date: /home/exomy/exomy_ws/exomy_ws_ros/exomy_ws/src/install/exomy_msgs/include/exomy_msgs/msg
-- Up-to-date: /home/exomy/exomy_ws/exomy_ws_ros/exomy_ws/src/install/exomy_msgs/include/exomy_msgs/msg/detail
-- Up-to-date: /home/exomy/exomy_ws/exomy_ws_ros/exomy_ws/src/install/exomy_msgs/include/exomy_msgs
-- Up-to-date: /home/exomy/exomy_ws/exomy_ws_ros/exomy_ws/src/install/exomy_msgs/include/exomy_msgs/msg
-- Up-to-date: /home/exomy/exomy_ws/exomy_ws_ros/exomy_ws/src/install/exomy_msgs/include/exomy_msgs/msg/detail
-- Up-to-date: /home/exomy/exomy_ws/exomy_ws_ros/exomy_ws/src/install/exomy_msgs/include/exomy_msgs/msg/detail/dds_fastrtps
-- Up-to-date: /home/exomy/exomy_ws/exomy_ws_ros/exomy_ws/src/install/exomy_msgs/include/exomy_msgs
-- Up-to-date: /home/exomy/exomy_ws/exomy_ws_ros/exomy_ws/src/install/exomy_msgs/include/exomy_msgs/msg
-- Up-to-date: /home/exomy/exomy_ws/exomy_ws_ros/exomy_ws/src/install/exomy_msgs/include/exomy_msgs/msg/detail
-- Installing: /home/exomy/exomy_ws/exomy_ws_ros/exomy_ws/src/install/exomy_msgs/include/exomy_msgs/msg/detail/motor_commands__type_support.c
-- Installing: /home/exomy/exomy_ws/exomy_ws_ros/exomy_ws/src/install/exomy_msgs/include/exomy_msgs/msg/detail/screen__type_support.c
-- Installing: /home/exomy/exomy_ws/exomy_ws_ros/exomy_ws/src/install/exomy_msgs/include/exomy_msgs/msg/detail/rover_command__type_support.c
-- Installing: /home/exomy/exomy_ws/exomy_ws_ros/exomy_ws/src/install/exomy_msgs/lib/libexomy_msgs__rosidl_typesupport_introspection_c.so
-- Set runtime path of "/home/exomy/exomy_ws/exomy_ws_ros/exomy_ws/src/install/exomy_msgs/lib/libexomy_msgs__rosidl_typesupport_introspection_c.so" to ""
-- Installing: /home/exomy/exomy_ws/exomy_ws_ros/exomy_ws/src/install/exomy_msgs/lib/libexomy_msgs__rosidl_typesupport_c.so
-- Set runtime path of "/home/exomy/exomy_ws/exomy_ws_ros/exomy_ws/src/install/exomy_msgs/lib/libexomy_msgs__rosidl_typesupport_c.so" to ""
-- Up-to-date: /home/exomy/exomy_ws/exomy_ws_ros/exomy_ws/src/install/exomy_msgs/include/exomy_msgs
-- Up-to-date: /home/exomy/exomy_ws/exomy_ws_ros/exomy_ws/src/install/exomy_msgs/include/exomy_msgs/msg
-- Up-to-date: /home/exomy/exomy_ws/exomy_ws_ros/exomy_ws/src/install/exomy_msgs/include/exomy_msgs/msg/detail
-- Up-to-date: /home/exomy/exomy_ws/exomy_ws_ros/exomy_ws/src/install/exomy_msgs/include/exomy_msgs
-- Up-to-date: /home/exomy/exomy_ws/exomy_ws_ros/exomy_ws/src/install/exomy_msgs/include/exomy_msgs/msg
-- Up-to-date: /home/exomy/exomy_ws/exomy_ws_ros/exomy_ws/src/install/exomy_msgs/include/exomy_msgs/msg/detail
-- Installing: /home/exomy/exomy_ws/exomy_ws_ros/exomy_ws/src/install/exomy_msgs/include/exomy_msgs/msg/detail/motor_commands__type_support.cpp
-- Installing: /home/exomy/exomy_ws/exomy_ws_ros/exomy_ws/src/install/exomy_msgs/include/exomy_msgs/msg/detail/screen__type_support.cpp
-- Installing: /home/exomy/exomy_ws/exomy_ws_ros/exomy_ws/src/install/exomy_msgs/include/exomy_msgs/msg/detail/rover_command__type_support.cpp
-- Installing: /home/exomy/exomy_ws/exomy_ws_ros/exomy_ws/src/install/exomy_msgs/lib/libexomy_msgs__rosidl_typesupport_introspection_cpp.so
-- Set runtime path of "/home/exomy/exomy_ws/exomy_ws_ros/exomy_ws/src/install/exomy_msgs/lib/libexomy_msgs__rosidl_typesupport_introspection_cpp.so" to ""
-- Installing: /home/exomy/exomy_ws/exomy_ws_ros/exomy_ws/src/install/exomy_msgs/lib/libexomy_msgs__rosidl_typesupport_cpp.so
-- Set runtime path of "/home/exomy/exomy_ws/exomy_ws_ros/exomy_ws/src/install/exomy_msgs/lib/libexomy_msgs__rosidl_typesupport_cpp.so" to ""
Compiling '/home/exomy/exomy_ws/exomy_ws_ros/exomy_ws/src/install/exomy_msgs/lib/python3.8/site-packages/exomy_msgs/__init__.py'...
-- Up-to-date: /home/exomy/exomy_ws/exomy_ws_ros/exomy_ws/src/install/exomy_msgs/lib/python3.8/site-packages/exomy_msgs/msg
-- Installing: /home/exomy/exomy_ws/exomy_ws_ros/exomy_ws/src/install/exomy_msgs/lib/python3.8/site-packages/exomy_msgs/msg/_motor_commands_s.c
-- Installing: /home/exomy/exomy_ws/exomy_ws_ros/exomy_ws/src/install/exomy_msgs/lib/python3.8/site-packages/exomy_msgs/msg/_rover_command_s.c
-- Installing: /home/exomy/exomy_ws/exomy_ws_ros/exomy_ws/src/install/exomy_msgs/lib/python3.8/site-packages/exomy_msgs/msg/_screen_s.c
-- Installing: /home/exomy/exomy_ws/exomy_ws_ros/exomy_ws/src/install/exomy_msgs/share/exomy_msgs/package.dsv
-- Installing: /home/exomy/exomy_ws/exomy_ws_ros/exomy_ws/src/install/exomy_msgs/share/exomy_msgs/cmake/exomy_msgs__rosidl_generator_cExport.cmake
-- Installing: /home/exomy/exomy_ws/exomy_ws_ros/exomy_ws/src/install/exomy_msgs/share/exomy_msgs/cmake/exomy_msgs__rosidl_generator_cExport-noconfig.cmake
-- Installing: /home/exomy/exomy_ws/exomy_ws_ros/exomy_ws/src/install/exomy_msgs/share/exomy_msgs/cmake/exomy_msgs__rosidl_typesupport_introspection_cExport.cmake
-- Installing: /home/exomy/exomy_ws/exomy_ws_ros/exomy_ws/src/install/exomy_msgs/share/exomy_msgs/cmake/exomy_msgs__rosidl_typesupport_introspection_cExport-noconfig.cmake
-- Installing: /home/exomy/exomy_ws/exomy_ws_ros/exomy_ws/src/install/exomy_msgs/share/exomy_msgs/cmake/exomy_msgs__rosidl_typesupport_cExport.cmake
-- Installing: /home/exomy/exomy_ws/exomy_ws_ros/exomy_ws/src/install/exomy_msgs/share/exomy_msgs/cmake/exomy_msgs__rosidl_typesupport_cExport-noconfig.cmake
-- Installing: /home/exomy/exomy_ws/exomy_ws_ros/exomy_ws/src/install/exomy_msgs/share/exomy_msgs/cmake/exomy_msgs__rosidl_generator_cppExport.cmake
-- Installing: /home/exomy/exomy_ws/exomy_ws_ros/exomy_ws/src/install/exomy_msgs/share/exomy_msgs/cmake/exomy_msgs__rosidl_typesupport_introspection_cppExport.cmake
-- Installing: /home/exomy/exomy_ws/exomy_ws_ros/exomy_ws/src/install/exomy_msgs/share/exomy_msgs/cmake/exomy_msgs__rosidl_typesupport_introspection_cppExport-noconfig.cmake
-- Installing: /home/exomy/exomy_ws/exomy_ws_ros/exomy_ws/src/install/exomy_msgs/share/exomy_msgs/cmake/exomy_msgs__rosidl_typesupport_cppExport.cmake
-- Installing: /home/exomy/exomy_ws/exomy_ws_ros/exomy_ws/src/install/exomy_msgs/share/exomy_msgs/cmake/exomy_msgs__rosidl_typesupport_cppExport-noconfig.cmake
