-- The C compiler identification is GNU 9.3.0
-- The CXX compiler identification is GNU 9.3.0
-- Check for working C compiler: /usr/bin/cc
-- Check for working C compiler: /usr/bin/cc -- works
-- Detecting C compiler ABI info
-- Detecting C compiler ABI info - done
-- Detecting C compile features
-- Detecting C compile features - done
-- Check for working CXX compiler: /usr/bin/c++
-- Check for working CXX compiler: /usr/bin/c++ -- works
-- Detecting CXX compiler ABI info
-- Detecting CXX compiler ABI info - done
-- Detecting CXX compile features
-- Detecting CXX compile features - done
-- Found ament_cmake: 0.9.9 (/opt/ros/foxy/share/ament_cmake/cmake)
-- Found PythonInterp: /usr/bin/python3 (found suitable version "3.8.10", minimum required is "3") 
-- Using PYTHON_EXECUTABLE: /usr/bin/python3
-- Found rosidl_default_generators: 1.0.1 (/opt/ros/foxy/share/rosidl_default_generators/cmake)
-- Using all available rosidl_typesupport_c: rosidl_typesupport_fastrtps_c;rosidl_typesupport_introspection_c
-- Found rosidl_adapter: 1.2.1 (/opt/ros/foxy/share/rosidl_adapter/cmake)
-- Found OpenSSL: /usr/lib/x86_64-linux-gnu/libcrypto.so (found version "1.1.1f")  
-- Found FastRTPS: /opt/ros/foxy/include  
-- Using all available rosidl_typesupport_cpp: rosidl_typesupport_fastrtps_cpp;rosidl_typesupport_introspection_cpp
-- Found std_msgs: 2.0.5 (/opt/ros/foxy/share/std_msgs/cmake)
-- Found PythonInterp: /usr/bin/python3 (found version "3.8.10") 
-- Found ament_cmake_ros: 0.9.2 (/opt/ros/foxy/share/ament_cmake_ros/cmake)
-- Using all available rosidl_typesupport_c: rosidl_typesupport_fastrtps_c;rosidl_typesupport_introspection_c
-- Using all available rosidl_typesupport_cpp: rosidl_typesupport_fastrtps_cpp;rosidl_typesupport_introspection_cpp
-- Found PythonInterp: /usr/bin/python3 (found suitable version "3.8.10", minimum required is "3.5") 
-- Found python_cmake_module: 0.8.1 (/opt/ros/foxy/share/python_cmake_module/cmake)
-- Found PythonLibs: /usr/lib/x86_64-linux-gnu/libpython3.8.so (found suitable version "3.8.10", minimum required is "3.5") 
-- Using PYTHON_EXECUTABLE: /usr/bin/python3
-- Using PYTHON_INCLUDE_DIRS: /usr/include/python3.8
-- Using PYTHON_LIBRARIES: /usr/lib/x86_64-linux-gnu/libpython3.8.so
-- Found PythonExtra: .so  
-- Configuring done
-- Generating done
-- Build files have been written to: /home/exomy/exomy_ws/exomy_ws_ros/exomy_ws/src/build/exomy_sim_msgs
[35m[1mScanning dependencies of target exomy_sim_msgs__cpp[0m
[  2%] [34m[1mGenerating C code for ROS interfaces[0m
[  5%] [34m[1mGenerating C++ code for ROS interfaces[0m
[  5%] Built target exomy_sim_msgs__cpp
[  7%] [34m[1mGenerating C++ introspection for ROS interfaces[0m
[ 10%] [34m[1mGenerating C++ type support dispatch for ROS interfaces[0m
[ 12%] [34m[1mGenerating C++ type support for eProsima Fast-RTPS[0m
[35m[1mScanning dependencies of target exomy_sim_msgs__rosidl_generator_c[0m
[ 15%] [32mBuilding C object CMakeFiles/exomy_sim_msgs__rosidl_generator_c.dir/rosidl_generator_c/exomy_sim_msgs/msg/detail/joint_command__functions.c.o[0m
[ 17%] [32mBuilding C object CMakeFiles/exomy_sim_msgs__rosidl_generator_c.dir/rosidl_generator_c/exomy_sim_msgs/msg/detail/joint_command_array__functions.c.o[0m
[ 20%] [32m[1mLinking C shared library libexomy_sim_msgs__rosidl_generator_c.so[0m
[ 20%] Built target exomy_sim_msgs__rosidl_generator_c
[ 23%] [34m[1mGenerating C introspection for ROS interfaces[0m
[ 25%] [34m[1mGenerating C type support dispatch for ROS interfaces[0m
[35m[1mScanning dependencies of target exomy_sim_msgs__rosidl_typesupport_introspection_cpp[0m
[ 28%] [32mBuilding CXX object CMakeFiles/exomy_sim_msgs__rosidl_typesupport_introspection_cpp.dir/rosidl_typesupport_introspection_cpp/exomy_sim_msgs/msg/detail/joint_command__type_support.cpp.o[0m
[ 30%] [32mBuilding CXX object CMakeFiles/exomy_sim_msgs__rosidl_typesupport_introspection_cpp.dir/rosidl_typesupport_introspection_cpp/exomy_sim_msgs/msg/detail/joint_command_array__type_support.cpp.o[0m
[35m[1mScanning dependencies of target exomy_sim_msgs__rosidl_typesupport_cpp[0m
[ 33%] [32mBuilding CXX object CMakeFiles/exomy_sim_msgs__rosidl_typesupport_cpp.dir/rosidl_typesupport_cpp/exomy_sim_msgs/msg/joint_command__type_support.cpp.o[0m
[35m[1mScanning dependencies of target exomy_sim_msgs__rosidl_typesupport_fastrtps_cpp[0m
[ 35%] [32mBuilding CXX object CMakeFiles/exomy_sim_msgs__rosidl_typesupport_fastrtps_cpp.dir/rosidl_typesupport_fastrtps_cpp/exomy_sim_msgs/msg/detail/dds_fastrtps/joint_command__type_support.cpp.o[0m
[35m[1mScanning dependencies of target exomy_sim_msgs__rosidl_typesupport_introspection_c[0m
[35m[1mScanning dependencies of target exomy_sim_msgs__rosidl_typesupport_c[0m
[ 38%] [32mBuilding C object CMakeFiles/exomy_sim_msgs__rosidl_typesupport_introspection_c.dir/rosidl_typesupport_introspection_c/exomy_sim_msgs/msg/detail/joint_command__type_support.c.o[0m
[ 41%] [32mBuilding CXX object CMakeFiles/exomy_sim_msgs__rosidl_typesupport_c.dir/rosidl_typesupport_c/exomy_sim_msgs/msg/joint_command__type_support.cpp.o[0m
[ 43%] [32mBuilding C object CMakeFiles/exomy_sim_msgs__rosidl_typesupport_introspection_c.dir/rosidl_typesupport_introspection_c/exomy_sim_msgs/msg/detail/joint_command_array__type_support.c.o[0m
[ 46%] [32mBuilding CXX object CMakeFiles/exomy_sim_msgs__rosidl_typesupport_c.dir/rosidl_typesupport_c/exomy_sim_msgs/msg/joint_command_array__type_support.cpp.o[0m
[ 48%] [32m[1mLinking C shared library libexomy_sim_msgs__rosidl_typesupport_introspection_c.so[0m
[ 51%] [32m[1mLinking CXX shared library libexomy_sim_msgs__rosidl_typesupport_c.so[0m
[ 53%] [32mBuilding CXX object CMakeFiles/exomy_sim_msgs__rosidl_typesupport_fastrtps_cpp.dir/rosidl_typesupport_fastrtps_cpp/exomy_sim_msgs/msg/detail/dds_fastrtps/joint_command_array__type_support.cpp.o[0m
[ 56%] [32m[1mLinking CXX shared library libexomy_sim_msgs__rosidl_typesupport_introspection_cpp.so[0m
[ 56%] Built target exomy_sim_msgs__rosidl_typesupport_introspection_c
[ 58%] [32mBuilding CXX object CMakeFiles/exomy_sim_msgs__rosidl_typesupport_cpp.dir/rosidl_typesupport_cpp/exomy_sim_msgs/msg/joint_command_array__type_support.cpp.o[0m
[ 58%] Built target exomy_sim_msgs__rosidl_typesupport_c
[ 58%] Built target exomy_sim_msgs__rosidl_typesupport_introspection_cpp
[ 61%] [32m[1mLinking CXX shared library libexomy_sim_msgs__rosidl_typesupport_cpp.so[0m
[ 61%] Built target exomy_sim_msgs__rosidl_typesupport_cpp
[ 64%] [32m[1mLinking CXX shared library libexomy_sim_msgs__rosidl_typesupport_fastrtps_cpp.so[0m
[ 64%] Built target exomy_sim_msgs__rosidl_typesupport_fastrtps_cpp
[ 66%] [34m[1mGenerating C type support for eProsima Fast-RTPS[0m
[35m[1mScanning dependencies of target exomy_sim_msgs__rosidl_typesupport_fastrtps_c[0m
[ 69%] [32mBuilding CXX object CMakeFiles/exomy_sim_msgs__rosidl_typesupport_fastrtps_c.dir/rosidl_typesupport_fastrtps_c/exomy_sim_msgs/msg/detail/joint_command_array__type_support_c.cpp.o[0m
[ 71%] [32mBuilding CXX object CMakeFiles/exomy_sim_msgs__rosidl_typesupport_fastrtps_c.dir/rosidl_typesupport_fastrtps_c/exomy_sim_msgs/msg/detail/joint_command__type_support_c.cpp.o[0m
[ 74%] [32m[1mLinking CXX shared library libexomy_sim_msgs__rosidl_typesupport_fastrtps_c.so[0m
[ 74%] Built target exomy_sim_msgs__rosidl_typesupport_fastrtps_c
[35m[1mScanning dependencies of target exomy_sim_msgs[0m
[ 74%] Built target exomy_sim_msgs
[35m[1mScanning dependencies of target exomy_sim_msgs__py[0m
[ 76%] [34m[1mGenerating Python code for ROS interfaces[0m
[ 76%] Built target exomy_sim_msgs__py
[35m[1mScanning dependencies of target exomy_sim_msgs__python[0m
[ 79%] [32mBuilding C object CMakeFiles/exomy_sim_msgs__python.dir/rosidl_generator_py/exomy_sim_msgs/msg/_joint_command_s.c.o[0m
[ 82%] [32mBuilding C object CMakeFiles/exomy_sim_msgs__python.dir/rosidl_generator_py/exomy_sim_msgs/msg/_joint_command_array_s.c.o[0m
[ 84%] [32m[1mLinking C shared library rosidl_generator_py/exomy_sim_msgs/libexomy_sim_msgs__python.so[0m
[ 84%] Built target exomy_sim_msgs__python
[35m[1mScanning dependencies of target exomy_sim_msgs__rosidl_typesupport_introspection_c__pyext[0m
[35m[1mScanning dependencies of target exomy_sim_msgs__rosidl_typesupport_fastrtps_c__pyext[0m
[35m[1mScanning dependencies of target exomy_sim_msgs__rosidl_typesupport_c__pyext[0m
[ 87%] [32mBuilding C object CMakeFiles/exomy_sim_msgs__rosidl_typesupport_introspection_c__pyext.dir/rosidl_generator_py/exomy_sim_msgs/_exomy_sim_msgs_s.ep.rosidl_typesupport_introspection_c.c.o[0m
[ 89%] [32mBuilding C object CMakeFiles/exomy_sim_msgs__rosidl_typesupport_fastrtps_c__pyext.dir/rosidl_generator_py/exomy_sim_msgs/_exomy_sim_msgs_s.ep.rosidl_typesupport_fastrtps_c.c.o[0m
[ 92%] [32mBuilding C object CMakeFiles/exomy_sim_msgs__rosidl_typesupport_c__pyext.dir/rosidl_generator_py/exomy_sim_msgs/_exomy_sim_msgs_s.ep.rosidl_typesupport_c.c.o[0m
[ 94%] [32m[1mLinking C shared library rosidl_generator_py/exomy_sim_msgs/exomy_sim_msgs_s__rosidl_typesupport_c.cpython-38-x86_64-linux-gnu.so[0m
[ 97%] [32m[1mLinking C shared library rosidl_generator_py/exomy_sim_msgs/exomy_sim_msgs_s__rosidl_typesupport_introspection_c.cpython-38-x86_64-linux-gnu.so[0m
[100%] [32m[1mLinking CXX shared library rosidl_generator_py/exomy_sim_msgs/exomy_sim_msgs_s__rosidl_typesupport_fastrtps_c.cpython-38-x86_64-linux-gnu.so[0m
[100%] Built target exomy_sim_msgs__rosidl_typesupport_c__pyext
[100%] Built target exomy_sim_msgs__rosidl_typesupport_introspection_c__pyext
[100%] Built target exomy_sim_msgs__rosidl_typesupport_fastrtps_c__pyext
