[1.256s] Invoking command in '/home/exomy/exomy_ws/exomy_ws_ros/exomy_ws/src/exomy': AMENT_PREFIX_PATH=/home/exomy/exomy_ws/exomy_ws_ros/exomy_ws/src/install/exomy_msgs:${AMENT_PREFIX_PATH} CMAKE_PREFIX_PATH=/home/exomy/exomy_ws/exomy_ws_ros/exomy_ws/src/install/exomy_msgs:${CMAKE_PREFIX_PATH} LD_LIBRARY_PATH=/home/exomy/exomy_ws/exomy_ws_ros/exomy_ws/src/install/exomy_msgs/lib:${LD_LIBRARY_PATH} PYTHONPATH=/home/exomy/exomy_ws/exomy_ws_ros/exomy_ws/src/install/exomy/lib/python3.8/site-packages:/home/exomy/exomy_ws/exomy_ws_ros/exomy_ws/src/install/exomy_msgs/lib/python3.8/site-packages:${PYTHONPATH} /usr/bin/python3 setup.py egg_info --egg-base ../build/exomy build --build-base /home/exomy/exomy_ws/exomy_ws_ros/exomy_ws/src/build/exomy/build install --prefix /home/exomy/exomy_ws/exomy_ws_ros/exomy_ws/src/install/exomy --record /home/exomy/exomy_ws/exomy_ws_ros/exomy_ws/src/build/exomy/install.log --single-version-externally-managed
[1.551s] running egg_info
[1.552s] writing ../build/exomy/exomy.egg-info/PKG-INFO
[1.554s] writing dependency_links to ../build/exomy/exomy.egg-info/dependency_links.txt
[1.555s] writing entry points to ../build/exomy/exomy.egg-info/entry_points.txt
[1.555s] writing requirements to ../build/exomy/exomy.egg-info/requires.txt
[1.556s] writing top-level names to ../build/exomy/exomy.egg-info/top_level.txt
[1.597s] reading manifest file '../build/exomy/exomy.egg-info/SOURCES.txt'
[1.599s] writing manifest file '../build/exomy/exomy.egg-info/SOURCES.txt'
[1.600s] running build
[1.600s] running build_py
[1.600s] copying exomy/robot_node_modified.py -> /home/exomy/exomy_ws/exomy_ws_ros/exomy_ws/src/build/exomy/build/lib/exomy
[1.601s] running install
[1.602s] running install_lib
[1.603s] copying /home/exomy/exomy_ws/exomy_ws_ros/exomy_ws/src/build/exomy/build/lib/exomy/robot_node_modified.py -> /home/exomy/exomy_ws/exomy_ws_ros/exomy_ws/src/install/exomy/lib/python3.8/site-packages/exomy
[1.604s] byte-compiling /home/exomy/exomy_ws/exomy_ws_ros/exomy_ws/src/install/exomy/lib/python3.8/site-packages/exomy/robot_node_modified.py to robot_node_modified.cpython-38.pyc
[1.608s] running install_data
[1.608s] running install_egg_info
[1.610s] removing '/home/exomy/exomy_ws/exomy_ws_ros/exomy_ws/src/install/exomy/lib/python3.8/site-packages/exomy-2.0.0-py3.8.egg-info' (and everything under it)
[1.611s] Copying ../build/exomy/exomy.egg-info to /home/exomy/exomy_ws/exomy_ws_ros/exomy_ws/src/install/exomy/lib/python3.8/site-packages/exomy-2.0.0-py3.8.egg-info
[1.612s] running install_scripts
[1.637s] Installing gamepad_parser_node script to /home/exomy/exomy_ws/exomy_ws_ros/exomy_ws/src/install/exomy/lib/exomy
[1.640s] Installing motor_node script to /home/exomy/exomy_ws/exomy_ws_ros/exomy_ws/src/install/exomy/lib/exomy
[1.641s] Installing robot_node script to /home/exomy/exomy_ws/exomy_ws_ros/exomy_ws/src/install/exomy/lib/exomy
[1.644s] Installing robot_node_modified script to /home/exomy/exomy_ws/exomy_ws_ros/exomy_ws/src/install/exomy/lib/exomy
[1.645s] writing list of installed files to '/home/exomy/exomy_ws/exomy_ws_ros/exomy_ws/src/build/exomy/install.log'
[1.696s] Invoked command in '/home/exomy/exomy_ws/exomy_ws_ros/exomy_ws/src/exomy' returned '0': AMENT_PREFIX_PATH=/home/exomy/exomy_ws/exomy_ws_ros/exomy_ws/src/install/exomy_msgs:${AMENT_PREFIX_PATH} CMAKE_PREFIX_PATH=/home/exomy/exomy_ws/exomy_ws_ros/exomy_ws/src/install/exomy_msgs:${CMAKE_PREFIX_PATH} LD_LIBRARY_PATH=/home/exomy/exomy_ws/exomy_ws_ros/exomy_ws/src/install/exomy_msgs/lib:${LD_LIBRARY_PATH} PYTHONPATH=/home/exomy/exomy_ws/exomy_ws_ros/exomy_ws/src/install/exomy/lib/python3.8/site-packages:/home/exomy/exomy_ws/exomy_ws_ros/exomy_ws/src/install/exomy_msgs/lib/python3.8/site-packages:${PYTHONPATH} /usr/bin/python3 setup.py egg_info --egg-base ../build/exomy build --build-base /home/exomy/exomy_ws/exomy_ws_ros/exomy_ws/src/build/exomy/build install --prefix /home/exomy/exomy_ws/exomy_ws_ros/exomy_ws/src/install/exomy --record /home/exomy/exomy_ws/exomy_ws_ros/exomy_ws/src/build/exomy/install.log --single-version-externally-managed
