[0.047s] Invoking command in '/home/exomy/exomy_ws/exomy_ws_ros/exomy_ws/build/realsense_ros_gazebo': /usr/bin/cmake /home/exomy/exomy_ws/exomy_ws_ros/exomy_ws/realsense_ros_gazebo -DCATKIN_INSTALL_INTO_PREFIX_ROOT=0 -DCMAKE_INSTALL_PREFIX=/home/exomy/exomy_ws/exomy_ws_ros/exomy_ws/install/realsense_ros_gazebo
[0.307s] -- The C compiler identification is GNU 9.3.0
[0.522s] -- The CXX compiler identification is GNU 9.3.0
[0.543s] -- Check for working C compiler: /usr/bin/cc
[0.624s] -- Check for working C compiler: /usr/bin/cc -- works
[0.627s] -- Detecting C compiler ABI info
[0.711s] -- Detecting C compiler ABI info - done
[0.726s] -- Detecting C compile features
[0.727s] -- Detecting C compile features - done
[0.736s] -- Check for working CXX compiler: /usr/bin/c++
[0.835s] -- Check for working CXX compiler: /usr/bin/c++ -- works
[0.836s] -- Detecting CXX compiler ABI info
[0.936s] -- Detecting CXX compiler ABI info - done
[0.951s] -- Detecting CXX compile features
[0.952s] -- Detecting CXX compile features - done
[0.973s] CMake Error at CMakeLists.txt:4 (find_package):
[0.973s]   By not providing "Findcatkin.cmake" in CMAKE_MODULE_PATH this project has
[0.973s]   asked CMake to find a package configuration file provided by "catkin", but
[0.974s]   CMake did not find one.
[0.974s] 
[0.974s]   Could not find a package configuration file provided by "catkin" with any
[0.974s]   of the following names:
[0.974s] 
[0.974s]     catkinConfig.cmake
[0.974s]     catkin-config.cmake
[0.974s] 
[0.974s]   Add the installation prefix of "catkin" to CMAKE_PREFIX_PATH or set
[0.974s]   "catkin_DIR" to a directory containing one of the above files.  If "catkin"
[0.974s]   provides a separate development package or SDK, be sure it has been
[0.974s]   installed.
[0.974s] 
[0.974s] 
[0.974s] -- Configuring incomplete, errors occurred!
[0.975s] See also "/home/exomy/exomy_ws/exomy_ws_ros/exomy_ws/build/realsense_ros_gazebo/CMakeFiles/CMakeOutput.log".
