[0.076s] Invoking command in '/home/exomy/exomy_ws/build/exomy_sim': CMAKE_PREFIX_PATH=/home/exomy/exomy_ws/install/exomy_sim_msgs:/home/exomy/exomy_ws/install/exomy_msgs:/home/exomy/exomy_ws/install/rover_gazebo_plugins:/home/exomy/exomy_ws/install/exomy_sim_launch:/home/exomy/exomy_ws/install/exomy_sim:/home/exomy/exomy_ws/install/exomy:/opt/ros/foxy LD_LIBRARY_PATH=/home/exomy/exomy_ws/install/exomy_sim_msgs/lib:/home/exomy/exomy_ws/install/exomy_msgs/lib:/home/exomy/exomy_ws/install/rover_gazebo_plugins/lib:/usr/lib/x86_64-linux-gnu/gazebo-11/plugins:/opt/ros/foxy/opt/yaml_cpp_vendor/lib:/opt/ros/foxy/opt/rviz_ogre_vendor/lib:/opt/ros/foxy/lib/x86_64-linux-gnu:/opt/ros/foxy/lib:/usr/lib/x86_64-linux-gnu/gazebo-11/plugins PYTHONPATH=/home/exomy/exomy_ws/install/exomy_sim_msgs/lib/python3.8/site-packages:/home/exomy/exomy_ws/install/exomy_msgs/lib/python3.8/site-packages:/home/exomy/exomy_ws/install/exomy/lib/python3.8/site-packages:/opt/ros/foxy/lib/python3.8/site-packages /usr/bin/cmake --build /home/exomy/exomy_ws/build/exomy_sim -- -j2 -l2
[0.254s] [100%] Built target joint_command_node
[0.303s] Invoked command in '/home/exomy/exomy_ws/build/exomy_sim' returned '0': CMAKE_PREFIX_PATH=/home/exomy/exomy_ws/install/exomy_sim_msgs:/home/exomy/exomy_ws/install/exomy_msgs:/home/exomy/exomy_ws/install/rover_gazebo_plugins:/home/exomy/exomy_ws/install/exomy_sim_launch:/home/exomy/exomy_ws/install/exomy_sim:/home/exomy/exomy_ws/install/exomy:/opt/ros/foxy LD_LIBRARY_PATH=/home/exomy/exomy_ws/install/exomy_sim_msgs/lib:/home/exomy/exomy_ws/install/exomy_msgs/lib:/home/exomy/exomy_ws/install/rover_gazebo_plugins/lib:/usr/lib/x86_64-linux-gnu/gazebo-11/plugins:/opt/ros/foxy/opt/yaml_cpp_vendor/lib:/opt/ros/foxy/opt/rviz_ogre_vendor/lib:/opt/ros/foxy/lib/x86_64-linux-gnu:/opt/ros/foxy/lib:/usr/lib/x86_64-linux-gnu/gazebo-11/plugins PYTHONPATH=/home/exomy/exomy_ws/install/exomy_sim_msgs/lib/python3.8/site-packages:/home/exomy/exomy_ws/install/exomy_msgs/lib/python3.8/site-packages:/home/exomy/exomy_ws/install/exomy/lib/python3.8/site-packages:/opt/ros/foxy/lib/python3.8/site-packages /usr/bin/cmake --build /home/exomy/exomy_ws/build/exomy_sim -- -j2 -l2
[0.514s] Invoking command in '/home/exomy/exomy_ws/build/exomy_sim': CMAKE_PREFIX_PATH=/home/exomy/exomy_ws/install/exomy_sim_msgs:/home/exomy/exomy_ws/install/exomy_msgs:/home/exomy/exomy_ws/install/rover_gazebo_plugins:/home/exomy/exomy_ws/install/exomy_sim_launch:/home/exomy/exomy_ws/install/exomy_sim:/home/exomy/exomy_ws/install/exomy:/opt/ros/foxy LD_LIBRARY_PATH=/home/exomy/exomy_ws/install/exomy_sim_msgs/lib:/home/exomy/exomy_ws/install/exomy_msgs/lib:/home/exomy/exomy_ws/install/rover_gazebo_plugins/lib:/usr/lib/x86_64-linux-gnu/gazebo-11/plugins:/opt/ros/foxy/opt/yaml_cpp_vendor/lib:/opt/ros/foxy/opt/rviz_ogre_vendor/lib:/opt/ros/foxy/lib/x86_64-linux-gnu:/opt/ros/foxy/lib:/usr/lib/x86_64-linux-gnu/gazebo-11/plugins PYTHONPATH=/home/exomy/exomy_ws/install/exomy_sim_msgs/lib/python3.8/site-packages:/home/exomy/exomy_ws/install/exomy_msgs/lib/python3.8/site-packages:/home/exomy/exomy_ws/install/exomy/lib/python3.8/site-packages:/opt/ros/foxy/lib/python3.8/site-packages /usr/bin/cmake --install /home/exomy/exomy_ws/build/exomy_sim
[0.528s] -- Install configuration: ""
[0.529s] -- Up-to-date: /home/exomy/exomy_ws/install/exomy_sim/share/exomy_sim/config
[0.529s] -- Up-to-date: /home/exomy/exomy_ws/install/exomy_sim/share/exomy_sim/config/joint_names_exomy_model.yaml
[0.529s] -- Up-to-date: /home/exomy/exomy_ws/install/exomy_sim/share/exomy_sim/rviz
[0.529s] -- Up-to-date: /home/exomy/exomy_ws/install/exomy_sim/share/exomy_sim/rviz/simulation.rviz
[0.529s] -- Up-to-date: /home/exomy/exomy_ws/install/exomy_sim/share/exomy_sim/models
[0.529s] -- Up-to-date: /home/exomy/exomy_ws/install/exomy_sim/share/exomy_sim/models/exomy_model
[0.529s] -- Up-to-date: /home/exomy/exomy_ws/install/exomy_sim/share/exomy_sim/models/exomy_model/meshes
[0.529s] -- Up-to-date: /home/exomy/exomy_ws/install/exomy_sim/share/exomy_sim/models/exomy_model/meshes/STR_RF_link.STL
[0.529s] -- Up-to-date: /home/exomy/exomy_ws/install/exomy_sim/share/exomy_sim/models/exomy_model/meshes/DRV_LF_link.STL
[0.529s] -- Up-to-date: /home/exomy/exomy_ws/install/exomy_sim/share/exomy_sim/models/exomy_model/meshes/pupil_left_link.STL
[0.529s] -- Up-to-date: /home/exomy/exomy_ws/install/exomy_sim/share/exomy_sim/models/exomy_model/meshes/RFB_link.STL
[0.530s] -- Up-to-date: /home/exomy/exomy_ws/install/exomy_sim/share/exomy_sim/models/exomy_model/meshes/eyewhite_link.STL
[0.530s] -- Up-to-date: /home/exomy/exomy_ws/install/exomy_sim/share/exomy_sim/models/exomy_model/meshes/STR_LM_link.STL
[0.530s] -- Up-to-date: /home/exomy/exomy_ws/install/exomy_sim/share/exomy_sim/models/exomy_model/meshes/hat_link.STL
[0.530s] -- Up-to-date: /home/exomy/exomy_ws/install/exomy_sim/share/exomy_sim/models/exomy_model/meshes/STR_RR_link.STL
[0.530s] -- Up-to-date: /home/exomy/exomy_ws/install/exomy_sim/share/exomy_sim/models/exomy_model/meshes/MRB_link.STL
[0.530s] -- Up-to-date: /home/exomy/exomy_ws/install/exomy_sim/share/exomy_sim/models/exomy_model/meshes/LFB_link.STL
[0.530s] -- Up-to-date: /home/exomy/exomy_ws/install/exomy_sim/share/exomy_sim/models/exomy_model/meshes/cam_link.STL
[0.530s] -- Up-to-date: /home/exomy/exomy_ws/install/exomy_sim/share/exomy_sim/models/exomy_model/meshes/DRV_LR_link.STL
[0.530s] -- Up-to-date: /home/exomy/exomy_ws/install/exomy_sim/share/exomy_sim/models/exomy_model/meshes/base_link.STL
[0.530s] -- Up-to-date: /home/exomy/exomy_ws/install/exomy_sim/share/exomy_sim/models/exomy_model/meshes/pupil_right_link.STL
[0.530s] -- Up-to-date: /home/exomy/exomy_ws/install/exomy_sim/share/exomy_sim/models/exomy_model/meshes/STR_LR_link.STL
[0.530s] -- Up-to-date: /home/exomy/exomy_ws/install/exomy_sim/share/exomy_sim/models/exomy_model/meshes/DRV_LM_link.STL
[0.530s] -- Up-to-date: /home/exomy/exomy_ws/install/exomy_sim/share/exomy_sim/models/exomy_model/meshes/DRV_RR_link.STL
[0.530s] -- Up-to-date: /home/exomy/exomy_ws/install/exomy_sim/share/exomy_sim/models/exomy_model/meshes/bling_link.STL
[0.531s] -- Up-to-date: /home/exomy/exomy_ws/install/exomy_sim/share/exomy_sim/models/exomy_model/meshes/DRV_RF_link.STL
[0.531s] -- Up-to-date: /home/exomy/exomy_ws/install/exomy_sim/share/exomy_sim/models/exomy_model/meshes/head_link.STL
[0.531s] -- Up-to-date: /home/exomy/exomy_ws/install/exomy_sim/share/exomy_sim/models/exomy_model/meshes/STR_LF_link.STL
[0.531s] -- Up-to-date: /home/exomy/exomy_ws/install/exomy_sim/share/exomy_sim/models/exomy_model/meshes/DRV_RM_link.STL
[0.531s] -- Up-to-date: /home/exomy/exomy_ws/install/exomy_sim/share/exomy_sim/models/exomy_model/meshes/STR_RM_link.STL
[0.531s] -- Up-to-date: /home/exomy/exomy_ws/install/exomy_sim/share/exomy_sim/models/exomy_model/model.config
[0.531s] -- Up-to-date: /home/exomy/exomy_ws/install/exomy_sim/share/exomy_sim/models/exomy_model/exomy_model.urdf
[0.531s] -- Up-to-date: /home/exomy/exomy_ws/install/exomy_sim/share/exomy_sim/models/exomy_model/exomy_model.csv
[0.531s] -- Up-to-date: /home/exomy/exomy_ws/install/exomy_sim/share/exomy_sim/models/mars_yard
[0.531s] -- Up-to-date: /home/exomy/exomy_ws/install/exomy_sim/share/exomy_sim/models/mars_yard/meshes
[0.531s] -- Up-to-date: /home/exomy/exomy_ws/install/exomy_sim/share/exomy_sim/models/mars_yard/meshes/mars_yard.dae
[0.531s] -- Up-to-date: /home/exomy/exomy_ws/install/exomy_sim/share/exomy_sim/models/mars_yard/meshes/PUTBOrtho.jpg
[0.531s] -- Up-to-date: /home/exomy/exomy_ws/install/exomy_sim/share/exomy_sim/models/mars_yard/model.config
[0.531s] -- Up-to-date: /home/exomy/exomy_ws/install/exomy_sim/share/exomy_sim/models/mars_yard/model
[0.531s] -- Up-to-date: /home/exomy/exomy_ws/install/exomy_sim/share/exomy_sim/models/mars_yard/model/lab_terrain.blend
[0.532s] -- Up-to-date: /home/exomy/exomy_ws/install/exomy_sim/share/exomy_sim/models/mars_yard/model.sdf
[0.532s] -- Up-to-date: /home/exomy/exomy_ws/install/exomy_sim/share/exomy_sim/models/curiosity
[0.533s] -- Up-to-date: /home/exomy/exomy_ws/install/exomy_sim/share/exomy_sim/models/curiosity/meshes
[0.533s] -- Up-to-date: /home/exomy/exomy_ws/install/exomy_sim/share/exomy_sim/models/curiosity/meshes/curiosity.stl
[0.534s] -- Up-to-date: /home/exomy/exomy_ws/install/exomy_sim/share/exomy_sim/models/curiosity/model.config
[0.534s] -- Up-to-date: /home/exomy/exomy_ws/install/exomy_sim/share/exomy_sim/models/curiosity/model.sdf
[0.534s] -- Up-to-date: /home/exomy/exomy_ws/install/exomy_sim/share/exomy_sim/worlds
[0.534s] -- Up-to-date: /home/exomy/exomy_ws/install/exomy_sim/share/exomy_sim/worlds/empty.world
[0.535s] -- Up-to-date: /home/exomy/exomy_ws/install/exomy_sim/share/exomy_sim/worlds/curiosity.world
[0.535s] -- Up-to-date: /home/exomy/exomy_ws/install/exomy_sim/share/exomy_sim/worlds/mars_yard.world
[0.542s] -- Up-to-date: /home/exomy/exomy_ws/install/exomy_sim/lib/exomy_sim/joint_command_node
[0.543s] -- Up-to-date: /home/exomy/exomy_ws/install/exomy_sim/share/exomy_sim/environment/exomy_sim.sh
[0.543s] -- Up-to-date: /home/exomy/exomy_ws/install/exomy_sim/share/exomy_sim/environment/exomy_sim.dsv
[0.543s] -- Up-to-date: /home/exomy/exomy_ws/install/exomy_sim/share/ament_index/resource_index/package_run_dependencies/exomy_sim
[0.543s] -- Up-to-date: /home/exomy/exomy_ws/install/exomy_sim/share/ament_index/resource_index/parent_prefix_path/exomy_sim
[0.543s] -- Up-to-date: /home/exomy/exomy_ws/install/exomy_sim/share/exomy_sim/environment/ament_prefix_path.sh
[0.543s] -- Up-to-date: /home/exomy/exomy_ws/install/exomy_sim/share/exomy_sim/environment/ament_prefix_path.dsv
[0.543s] -- Up-to-date: /home/exomy/exomy_ws/install/exomy_sim/share/exomy_sim/environment/path.sh
[0.543s] -- Up-to-date: /home/exomy/exomy_ws/install/exomy_sim/share/exomy_sim/environment/path.dsv
[0.543s] -- Up-to-date: /home/exomy/exomy_ws/install/exomy_sim/share/exomy_sim/local_setup.bash
[0.543s] -- Up-to-date: /home/exomy/exomy_ws/install/exomy_sim/share/exomy_sim/local_setup.sh
[0.543s] -- Up-to-date: /home/exomy/exomy_ws/install/exomy_sim/share/exomy_sim/local_setup.zsh
[0.543s] -- Up-to-date: /home/exomy/exomy_ws/install/exomy_sim/share/exomy_sim/local_setup.dsv
[0.544s] -- Installing: /home/exomy/exomy_ws/install/exomy_sim/share/exomy_sim/package.dsv
[0.547s] -- Up-to-date: /home/exomy/exomy_ws/install/exomy_sim/share/ament_index/resource_index/packages/exomy_sim
[0.547s] -- Up-to-date: /home/exomy/exomy_ws/install/exomy_sim/share/exomy_sim/cmake/exomy_simConfig.cmake
[0.548s] -- Up-to-date: /home/exomy/exomy_ws/install/exomy_sim/share/exomy_sim/cmake/exomy_simConfig-version.cmake
[0.548s] -- Up-to-date: /home/exomy/exomy_ws/install/exomy_sim/share/exomy_sim/package.xml
[0.552s] Invoked command in '/home/exomy/exomy_ws/build/exomy_sim' returned '0': CMAKE_PREFIX_PATH=/home/exomy/exomy_ws/install/exomy_sim_msgs:/home/exomy/exomy_ws/install/exomy_msgs:/home/exomy/exomy_ws/install/rover_gazebo_plugins:/home/exomy/exomy_ws/install/exomy_sim_launch:/home/exomy/exomy_ws/install/exomy_sim:/home/exomy/exomy_ws/install/exomy:/opt/ros/foxy LD_LIBRARY_PATH=/home/exomy/exomy_ws/install/exomy_sim_msgs/lib:/home/exomy/exomy_ws/install/exomy_msgs/lib:/home/exomy/exomy_ws/install/rover_gazebo_plugins/lib:/usr/lib/x86_64-linux-gnu/gazebo-11/plugins:/opt/ros/foxy/opt/yaml_cpp_vendor/lib:/opt/ros/foxy/opt/rviz_ogre_vendor/lib:/opt/ros/foxy/lib/x86_64-linux-gnu:/opt/ros/foxy/lib:/usr/lib/x86_64-linux-gnu/gazebo-11/plugins PYTHONPATH=/home/exomy/exomy_ws/install/exomy_sim_msgs/lib/python3.8/site-packages:/home/exomy/exomy_ws/install/exomy_msgs/lib/python3.8/site-packages:/home/exomy/exomy_ws/install/exomy/lib/python3.8/site-packages:/opt/ros/foxy/lib/python3.8/site-packages /usr/bin/cmake --install /home/exomy/exomy_ws/build/exomy_sim
