[0.068s] Invoking command in '/home/exomy/exomy_ws/exomy_ws_ros/exomy_ws/src/build/rover_gazebo_plugins': CMAKE_PREFIX_PATH=/home/exomy/exomy_ws/exomy_ws_ros/exomy_ws/src/install/exomy_sim_msgs:/home/exomy/exomy_ws/exomy_ws_ros/exomy_ws/src/install/rover_gazebo_plugins:/home/exomy/exomy_ws/exomy_ws_ros/exomy_ws/src/install/exomy_sim_launch:/home/exomy/exomy_ws/exomy_ws_ros/exomy_ws/src/install/exomy_sim:/home/exomy/exomy_ws/exomy_ws_ros/exomy_ws/src/install/exomy_msgs:/home/exomy/exomy_ws/install/rover_gazebo_plugins:/home/exomy/exomy_ws/install/exomy_sim_launch:/home/exomy/exomy_ws/install/exomy_sim:/home/exomy/exomy_ws/install/exomy_sim_msgs:/home/exomy/exomy_ws/install/exomy_msgs:/home/exomy/exomy_ws/exomy_ws_ros/exomy_ws/src/install/exomy:/home/exomy/exomy_ws/install/exomy:/opt/ros/foxy LD_LIBRARY_PATH=/home/exomy/exomy_ws/exomy_ws_ros/exomy_ws/src/install/exomy_sim_msgs/lib:/home/exomy/exomy_ws/exomy_ws_ros/exomy_ws/src/install/rover_gazebo_plugins/lib:/home/exomy/exomy_ws/exomy_ws_ros/exomy_ws/src/install/exomy_msgs/lib:/home/exomy/exomy_ws/install/rover_gazebo_plugins/lib:/home/exomy/exomy_ws/install/exomy_sim_msgs/lib:/home/exomy/exomy_ws/install/exomy_msgs/lib:/usr/lib/x86_64-linux-gnu/gazebo-11/plugins:/opt/ros/foxy/opt/yaml_cpp_vendor/lib:/opt/ros/foxy/opt/rviz_ogre_vendor/lib:/opt/ros/foxy/lib/x86_64-linux-gnu:/opt/ros/foxy/lib:/usr/lib/x86_64-linux-gnu/gazebo-11/plugins /usr/bin/cmake /home/exomy/exomy_ws/exomy_ws_ros/exomy_ws/src/rover_gazebo_plugins -DAMENT_CMAKE_SYMLINK_INSTALL=1 -DCMAKE_INSTALL_PREFIX=/home/exomy/exomy_ws/exomy_ws_ros/exomy_ws/src/install/rover_gazebo_plugins
[0.136s] -- Found ament_cmake: 0.9.9 (/opt/ros/foxy/share/ament_cmake/cmake)
[0.215s] -- Using PYTHON_EXECUTABLE: /usr/bin/python3
[0.636s] -- Override CMake install command with custom implementation using symlinks instead of copying resources
[0.654s] -- Found ament_index_cpp: 1.1.0 (/opt/ros/foxy/share/ament_index_cpp/cmake)
[0.664s] -- Found gazebo_dev: 3.5.3 (/opt/ros/foxy/share/gazebo_dev/cmake)
[0.792s] -- Found DART: /usr/include (Required is at least version "6.6") found components: dart 
[0.868s] -- Found Protobuf: /usr/lib/x86_64-linux-gnu/libprotobuf.so;-lpthread (found version "3.6.1") 
[0.873s] -- Looking for ignition-math6 -- found version 6.9.2
[0.882s] -- Searching for dependencies of ignition-math6
[0.886s] -- Looking for OGRE...
[0.899s] -- Found Ogre Ghadamon (1.9.0)
[0.899s] -- Found OGRE: optimized;/usr/lib/x86_64-linux-gnu/libOgreMain.so;debug;/usr/lib/x86_64-linux-gnu/libOgreMain.so
[0.919s] -- Looking for OGRE_Paging...
[0.919s] -- Found OGRE_Paging: optimized;/usr/lib/x86_64-linux-gnu/libOgrePaging.so;debug;/usr/lib/x86_64-linux-gnu/libOgrePaging.so
[0.920s] -- Looking for OGRE_Terrain...
[0.920s] -- Found OGRE_Terrain: optimized;/usr/lib/x86_64-linux-gnu/libOgreTerrain.so;debug;/usr/lib/x86_64-linux-gnu/libOgreTerrain.so
[0.920s] -- Looking for OGRE_Property...
[0.920s] -- Found OGRE_Property: optimized;/usr/lib/x86_64-linux-gnu/libOgreProperty.so;debug;/usr/lib/x86_64-linux-gnu/libOgreProperty.so
[0.921s] -- Looking for OGRE_RTShaderSystem...
[0.922s] -- Found OGRE_RTShaderSystem: optimized;/usr/lib/x86_64-linux-gnu/libOgreRTShaderSystem.so;debug;/usr/lib/x86_64-linux-gnu/libOgreRTShaderSystem.so
[0.922s] -- Looking for OGRE_Volume...
[0.923s] -- Found OGRE_Volume: optimized;/usr/lib/x86_64-linux-gnu/libOgreVolume.so;debug;/usr/lib/x86_64-linux-gnu/libOgreVolume.so
[0.923s] -- Looking for OGRE_Overlay...
[0.935s] -- Found OGRE_Overlay: optimized;/usr/lib/x86_64-linux-gnu/libOgreOverlay.so;debug;/usr/lib/x86_64-linux-gnu/libOgreOverlay.so
[1.243s] -- Looking for ignition-math6 -- found version 6.9.2
[1.244s] -- Looking for ignition-transport8 -- found version 8.2.1
[1.245s] -- Searching for dependencies of ignition-transport8
[1.294s] -- Found Protobuf: /usr/lib/x86_64-linux-gnu/libprotobuf.so;-lpthread (found suitable version "3.6.1", minimum required is "3") 
[1.327s] -- Config-file not installed for ZeroMQ -- checking for pkg-config
[1.336s] -- Checking for module 'libzmq >= 4'
[1.376s] --   Found libzmq , version 4.3.2
[1.490s] -- Checking for module 'uuid'
[1.536s] --   Found uuid, version 2.34.0
[1.658s] -- Looking for ignition-msgs5 -- found version 5.8.1
[1.661s] -- Searching for dependencies of ignition-msgs5
[1.730s] -- Looking for ignition-math6 -- found version 6.9.2
[1.747s] -- Checking for module 'tinyxml2'
[1.801s] --   Found tinyxml2, version 6.2.0
[1.904s] -- Looking for ignition-msgs5 -- found version 5.8.1
[1.905s] -- Looking for ignition-common3 -- found version 3.14.0
[1.908s] -- Searching for dependencies of ignition-common3
[1.908s] -- Looking for dlfcn.h - found
[1.908s] -- Looking for libdl - found
[1.923s] -- Searching for <ignition-common3> component [graphics]
[1.923s] -- Looking for ignition-common3-graphics -- found version 3.14.0
[1.924s] -- Searching for dependencies of ignition-common3-graphics
[1.925s] -- Looking for ignition-math6 -- found version 6.9.2
[1.927s] -- Looking for ignition-fuel_tools4 -- found version 4.4.0
[1.928s] -- Searching for dependencies of ignition-fuel_tools4
[1.976s] -- Checking for module 'jsoncpp'
[2.011s] --   Found jsoncpp, version 1.7.4
[2.103s] -- Checking for module 'libzip'
[2.137s] --   Found libzip, version 1.5.1
[2.234s] -- Looking for ignition-common3 -- found version 3.14.0
[2.234s] -- Looking for ignition-math6 -- found version 6.9.2
[2.235s] -- Looking for ignition-msgs5 -- found version 5.8.1
[2.237s] -- Gazebo version: 11.9
[2.238s] -- Found gazebo_ros: 3.5.3 (/opt/ros/foxy/share/gazebo_ros/cmake)
[2.291s] -- Using all available rosidl_typesupport_c: rosidl_typesupport_fastrtps_c;rosidl_typesupport_introspection_c
[2.296s] -- Found rosidl_adapter: 1.2.1 (/opt/ros/foxy/share/rosidl_adapter/cmake)
[2.548s] -- Using all available rosidl_typesupport_cpp: rosidl_typesupport_fastrtps_cpp;rosidl_typesupport_introspection_cpp
[2.642s] -- Found rmw_implementation_cmake: 1.0.3 (/opt/ros/foxy/share/rmw_implementation_cmake/cmake)
[2.645s] -- Using RMW implementation 'rmw_fastrtps_cpp' as default
[2.887s] -- Found exomy_sim_msgs: 2.0.0 (/home/exomy/exomy_ws/exomy_ws_ros/exomy_ws/src/install/exomy_sim_msgs/share/exomy_sim_msgs/cmake)
[2.978s] -- Found ament_lint_auto: 0.9.6 (/opt/ros/foxy/share/ament_lint_auto/cmake)
[3.096s] -- Added test 'copyright' to check source files copyright and LICENSE
[3.099s] -- Added test 'cppcheck' to perform static code analysis on C / C++ code
[3.102s] -- Configured cppcheck include dirs: /home/exomy/exomy_ws/exomy_ws_ros/exomy_ws/src/rover_gazebo_plugins/include
[3.103s] -- Configured cppcheck exclude dirs and/or files: 
[3.104s] -- Added test 'cpplint' to check C / C++ code against the Google style
[3.104s] -- Configured cpplint exclude dirs and/or files: 
[3.106s] -- Added test 'lint_cmake' to check CMake code style
[3.108s] -- Added test 'uncrustify' to check C / C++ code style
[3.108s] -- Configured uncrustify additional arguments: 
[3.109s] -- Added test 'xmllint' to check XML markup files
[3.118s] -- Configuring done
[3.171s] -- Generating done
[3.181s] -- Build files have been written to: /home/exomy/exomy_ws/exomy_ws_ros/exomy_ws/src/build/rover_gazebo_plugins
