[0.487s] Invoking command in '/home/exomy/exomy_ws/exomy_ws_ros/exomy_ws/src/build/exomy_sim': CMAKE_PREFIX_PATH=/home/exomy/exomy_ws/exomy_ws_ros/exomy_ws/src/install/exomy_sim_msgs:/home/exomy/exomy_ws/exomy_ws_ros/exomy_ws/src/install/exomy_msgs:/home/exomy/exomy_ws/exomy_ws_ros/exomy_ws/src/install/rover_gazebo_plugins:/home/exomy/exomy_ws/exomy_ws_ros/exomy_ws/src/install/exomy_sim_launch:/home/exomy/exomy_ws/exomy_ws_ros/exomy_ws/src/install/exomy_sim:/home/exomy/exomy_ws/install/rover_gazebo_plugins:/home/exomy/exomy_ws/install/exomy_sim_launch:/home/exomy/exomy_ws/install/exomy_sim:/home/exomy/exomy_ws/install/exomy_sim_msgs:/home/exomy/exomy_ws/install/exomy_msgs:/home/exomy/exomy_ws/exomy_ws_ros/exomy_ws/src/install/exomy:/home/exomy/exomy_ws/install/exomy:/opt/ros/foxy LD_LIBRARY_PATH=/home/exomy/exomy_ws/exomy_ws_ros/exomy_ws/src/install/exomy_sim_msgs/lib:/home/exomy/exomy_ws/exomy_ws_ros/exomy_ws/src/install/exomy_msgs/lib:/home/exomy/exomy_ws/exomy_ws_ros/exomy_ws/src/install/rover_gazebo_plugins/lib:/home/exomy/exomy_ws/install/rover_gazebo_plugins/lib:/home/exomy/exomy_ws/install/exomy_sim_msgs/lib:/home/exomy/exomy_ws/install/exomy_msgs/lib:/usr/lib/x86_64-linux-gnu/gazebo-11/plugins:/opt/ros/foxy/opt/yaml_cpp_vendor/lib:/opt/ros/foxy/opt/rviz_ogre_vendor/lib:/opt/ros/foxy/lib/x86_64-linux-gnu:/opt/ros/foxy/lib:/usr/lib/x86_64-linux-gnu/gazebo-11/plugins PYTHONPATH=/home/exomy/exomy_ws/exomy_ws_ros/exomy_ws/src/install/exomy_sim_msgs/lib/python3.8/site-packages:/home/exomy/exomy_ws/exomy_ws_ros/exomy_ws/src/install/exomy_msgs/lib/python3.8/site-packages:/home/exomy/exomy_ws/exomy_ws_ros/exomy_ws/src/install/exomy/lib/python3.8/site-packages:/home/exomy/exomy_ws/install/exomy_sim_msgs/lib/python3.8/site-packages:/home/exomy/exomy_ws/install/exomy/lib/python3.8/site-packages:/home/exomy/exomy_ws/install/exomy_msgs/lib/python3.8/site-packages:/opt/ros/foxy/lib/python3.8/site-packages /usr/bin/cmake --build /home/exomy/exomy_ws/exomy_ws_ros/exomy_ws/src/build/exomy_sim -- -j4 -l4
[0.625s] [100%] Built target joint_command_node
[0.656s] Invoked command in '/home/exomy/exomy_ws/exomy_ws_ros/exomy_ws/src/build/exomy_sim' returned '0': CMAKE_PREFIX_PATH=/home/exomy/exomy_ws/exomy_ws_ros/exomy_ws/src/install/exomy_sim_msgs:/home/exomy/exomy_ws/exomy_ws_ros/exomy_ws/src/install/exomy_msgs:/home/exomy/exomy_ws/exomy_ws_ros/exomy_ws/src/install/rover_gazebo_plugins:/home/exomy/exomy_ws/exomy_ws_ros/exomy_ws/src/install/exomy_sim_launch:/home/exomy/exomy_ws/exomy_ws_ros/exomy_ws/src/install/exomy_sim:/home/exomy/exomy_ws/install/rover_gazebo_plugins:/home/exomy/exomy_ws/install/exomy_sim_launch:/home/exomy/exomy_ws/install/exomy_sim:/home/exomy/exomy_ws/install/exomy_sim_msgs:/home/exomy/exomy_ws/install/exomy_msgs:/home/exomy/exomy_ws/exomy_ws_ros/exomy_ws/src/install/exomy:/home/exomy/exomy_ws/install/exomy:/opt/ros/foxy LD_LIBRARY_PATH=/home/exomy/exomy_ws/exomy_ws_ros/exomy_ws/src/install/exomy_sim_msgs/lib:/home/exomy/exomy_ws/exomy_ws_ros/exomy_ws/src/install/exomy_msgs/lib:/home/exomy/exomy_ws/exomy_ws_ros/exomy_ws/src/install/rover_gazebo_plugins/lib:/home/exomy/exomy_ws/install/rover_gazebo_plugins/lib:/home/exomy/exomy_ws/install/exomy_sim_msgs/lib:/home/exomy/exomy_ws/install/exomy_msgs/lib:/usr/lib/x86_64-linux-gnu/gazebo-11/plugins:/opt/ros/foxy/opt/yaml_cpp_vendor/lib:/opt/ros/foxy/opt/rviz_ogre_vendor/lib:/opt/ros/foxy/lib/x86_64-linux-gnu:/opt/ros/foxy/lib:/usr/lib/x86_64-linux-gnu/gazebo-11/plugins PYTHONPATH=/home/exomy/exomy_ws/exomy_ws_ros/exomy_ws/src/install/exomy_sim_msgs/lib/python3.8/site-packages:/home/exomy/exomy_ws/exomy_ws_ros/exomy_ws/src/install/exomy_msgs/lib/python3.8/site-packages:/home/exomy/exomy_ws/exomy_ws_ros/exomy_ws/src/install/exomy/lib/python3.8/site-packages:/home/exomy/exomy_ws/install/exomy_sim_msgs/lib/python3.8/site-packages:/home/exomy/exomy_ws/install/exomy/lib/python3.8/site-packages:/home/exomy/exomy_ws/install/exomy_msgs/lib/python3.8/site-packages:/opt/ros/foxy/lib/python3.8/site-packages /usr/bin/cmake --build /home/exomy/exomy_ws/exomy_ws_ros/exomy_ws/src/build/exomy_sim -- -j4 -l4
[0.713s] Invoking command in '/home/exomy/exomy_ws/exomy_ws_ros/exomy_ws/src/build/exomy_sim': CMAKE_PREFIX_PATH=/home/exomy/exomy_ws/exomy_ws_ros/exomy_ws/src/install/exomy_sim_msgs:/home/exomy/exomy_ws/exomy_ws_ros/exomy_ws/src/install/exomy_msgs:/home/exomy/exomy_ws/exomy_ws_ros/exomy_ws/src/install/rover_gazebo_plugins:/home/exomy/exomy_ws/exomy_ws_ros/exomy_ws/src/install/exomy_sim_launch:/home/exomy/exomy_ws/exomy_ws_ros/exomy_ws/src/install/exomy_sim:/home/exomy/exomy_ws/install/rover_gazebo_plugins:/home/exomy/exomy_ws/install/exomy_sim_launch:/home/exomy/exomy_ws/install/exomy_sim:/home/exomy/exomy_ws/install/exomy_sim_msgs:/home/exomy/exomy_ws/install/exomy_msgs:/home/exomy/exomy_ws/exomy_ws_ros/exomy_ws/src/install/exomy:/home/exomy/exomy_ws/install/exomy:/opt/ros/foxy LD_LIBRARY_PATH=/home/exomy/exomy_ws/exomy_ws_ros/exomy_ws/src/install/exomy_sim_msgs/lib:/home/exomy/exomy_ws/exomy_ws_ros/exomy_ws/src/install/exomy_msgs/lib:/home/exomy/exomy_ws/exomy_ws_ros/exomy_ws/src/install/rover_gazebo_plugins/lib:/home/exomy/exomy_ws/install/rover_gazebo_plugins/lib:/home/exomy/exomy_ws/install/exomy_sim_msgs/lib:/home/exomy/exomy_ws/install/exomy_msgs/lib:/usr/lib/x86_64-linux-gnu/gazebo-11/plugins:/opt/ros/foxy/opt/yaml_cpp_vendor/lib:/opt/ros/foxy/opt/rviz_ogre_vendor/lib:/opt/ros/foxy/lib/x86_64-linux-gnu:/opt/ros/foxy/lib:/usr/lib/x86_64-linux-gnu/gazebo-11/plugins PYTHONPATH=/home/exomy/exomy_ws/exomy_ws_ros/exomy_ws/src/install/exomy_sim_msgs/lib/python3.8/site-packages:/home/exomy/exomy_ws/exomy_ws_ros/exomy_ws/src/install/exomy_msgs/lib/python3.8/site-packages:/home/exomy/exomy_ws/exomy_ws_ros/exomy_ws/src/install/exomy/lib/python3.8/site-packages:/home/exomy/exomy_ws/install/exomy_sim_msgs/lib/python3.8/site-packages:/home/exomy/exomy_ws/install/exomy/lib/python3.8/site-packages:/home/exomy/exomy_ws/install/exomy_msgs/lib/python3.8/site-packages:/opt/ros/foxy/lib/python3.8/site-packages /usr/bin/cmake --install /home/exomy/exomy_ws/exomy_ws_ros/exomy_ws/src/build/exomy_sim
[0.734s] -- Install configuration: ""
[0.734s] -- Up-to-date: /home/exomy/exomy_ws/exomy_ws_ros/exomy_ws/src/install/exomy_sim/share/exomy_sim/config
[0.735s] -- Up-to-date: /home/exomy/exomy_ws/exomy_ws_ros/exomy_ws/src/install/exomy_sim/share/exomy_sim/config/joint_names_exomy_model.yaml
[0.735s] -- Up-to-date: /home/exomy/exomy_ws/exomy_ws_ros/exomy_ws/src/install/exomy_sim/share/exomy_sim/rviz
[0.735s] -- Up-to-date: /home/exomy/exomy_ws/exomy_ws_ros/exomy_ws/src/install/exomy_sim/share/exomy_sim/rviz/simulation.rviz
[0.736s] -- Up-to-date: /home/exomy/exomy_ws/exomy_ws_ros/exomy_ws/src/install/exomy_sim/share/exomy_sim/models
[0.736s] -- Up-to-date: /home/exomy/exomy_ws/exomy_ws_ros/exomy_ws/src/install/exomy_sim/share/exomy_sim/models/exomy_model
[0.736s] -- Up-to-date: /home/exomy/exomy_ws/exomy_ws_ros/exomy_ws/src/install/exomy_sim/share/exomy_sim/models/exomy_model/exomy_model.urdf
[0.737s] -- Up-to-date: /home/exomy/exomy_ws/exomy_ws_ros/exomy_ws/src/install/exomy_sim/share/exomy_sim/models/exomy_model/meshes
[0.738s] -- Up-to-date: /home/exomy/exomy_ws/exomy_ws_ros/exomy_ws/src/install/exomy_sim/share/exomy_sim/models/exomy_model/meshes/DRV_LM_link.STL
[0.738s] -- Up-to-date: /home/exomy/exomy_ws/exomy_ws_ros/exomy_ws/src/install/exomy_sim/share/exomy_sim/models/exomy_model/meshes/STR_RR_link.STL
[0.738s] -- Up-to-date: /home/exomy/exomy_ws/exomy_ws_ros/exomy_ws/src/install/exomy_sim/share/exomy_sim/models/exomy_model/meshes/STR_LF_link.STL
[0.739s] -- Up-to-date: /home/exomy/exomy_ws/exomy_ws_ros/exomy_ws/src/install/exomy_sim/share/exomy_sim/models/exomy_model/meshes/hat_link.STL
[0.739s] -- Up-to-date: /home/exomy/exomy_ws/exomy_ws_ros/exomy_ws/src/install/exomy_sim/share/exomy_sim/models/exomy_model/meshes/head_link.STL
[0.740s] -- Up-to-date: /home/exomy/exomy_ws/exomy_ws_ros/exomy_ws/src/install/exomy_sim/share/exomy_sim/models/exomy_model/meshes/pupil_left_link.STL
[0.740s] -- Up-to-date: /home/exomy/exomy_ws/exomy_ws_ros/exomy_ws/src/install/exomy_sim/share/exomy_sim/models/exomy_model/meshes/STR_LM_link.STL
[0.741s] -- Up-to-date: /home/exomy/exomy_ws/exomy_ws_ros/exomy_ws/src/install/exomy_sim/share/exomy_sim/models/exomy_model/meshes/DRV_RR_link.STL
[0.741s] -- Up-to-date: /home/exomy/exomy_ws/exomy_ws_ros/exomy_ws/src/install/exomy_sim/share/exomy_sim/models/exomy_model/meshes/base_link.STL
[0.742s] -- Up-to-date: /home/exomy/exomy_ws/exomy_ws_ros/exomy_ws/src/install/exomy_sim/share/exomy_sim/models/exomy_model/meshes/pupil_right_link.STL
[0.742s] -- Up-to-date: /home/exomy/exomy_ws/exomy_ws_ros/exomy_ws/src/install/exomy_sim/share/exomy_sim/models/exomy_model/meshes/STR_RF_link.STL
[0.743s] -- Up-to-date: /home/exomy/exomy_ws/exomy_ws_ros/exomy_ws/src/install/exomy_sim/share/exomy_sim/models/exomy_model/meshes/DRV_RF_link.STL
[0.743s] -- Up-to-date: /home/exomy/exomy_ws/exomy_ws_ros/exomy_ws/src/install/exomy_sim/share/exomy_sim/models/exomy_model/meshes/bling_link.STL
[0.743s] -- Up-to-date: /home/exomy/exomy_ws/exomy_ws_ros/exomy_ws/src/install/exomy_sim/share/exomy_sim/models/exomy_model/meshes/DRV_RM_link.STL
[0.744s] -- Up-to-date: /home/exomy/exomy_ws/exomy_ws_ros/exomy_ws/src/install/exomy_sim/share/exomy_sim/models/exomy_model/meshes/STR_RM_link.STL
[0.744s] -- Up-to-date: /home/exomy/exomy_ws/exomy_ws_ros/exomy_ws/src/install/exomy_sim/share/exomy_sim/models/exomy_model/meshes/DRV_LF_link.STL
[0.744s] -- Up-to-date: /home/exomy/exomy_ws/exomy_ws_ros/exomy_ws/src/install/exomy_sim/share/exomy_sim/models/exomy_model/meshes/cam_link.STL
[0.744s] -- Up-to-date: /home/exomy/exomy_ws/exomy_ws_ros/exomy_ws/src/install/exomy_sim/share/exomy_sim/models/exomy_model/meshes/MRB_link.STL
[0.745s] -- Up-to-date: /home/exomy/exomy_ws/exomy_ws_ros/exomy_ws/src/install/exomy_sim/share/exomy_sim/models/exomy_model/meshes/STR_LR_link.STL
[0.745s] -- Up-to-date: /home/exomy/exomy_ws/exomy_ws_ros/exomy_ws/src/install/exomy_sim/share/exomy_sim/models/exomy_model/meshes/LFB_link.STL
[0.745s] -- Up-to-date: /home/exomy/exomy_ws/exomy_ws_ros/exomy_ws/src/install/exomy_sim/share/exomy_sim/models/exomy_model/meshes/eyewhite_link.STL
[0.746s] -- Up-to-date: /home/exomy/exomy_ws/exomy_ws_ros/exomy_ws/src/install/exomy_sim/share/exomy_sim/models/exomy_model/meshes/DRV_LR_link.STL
[0.746s] -- Up-to-date: /home/exomy/exomy_ws/exomy_ws_ros/exomy_ws/src/install/exomy_sim/share/exomy_sim/models/exomy_model/meshes/RFB_link.STL
[0.750s] -- Up-to-date: /home/exomy/exomy_ws/exomy_ws_ros/exomy_ws/src/install/exomy_sim/share/exomy_sim/models/exomy_model/exomy_model.csv
[0.751s] -- Up-to-date: /home/exomy/exomy_ws/exomy_ws_ros/exomy_ws/src/install/exomy_sim/share/exomy_sim/models/exomy_model/exomy_model_mod.sdf
[0.751s] -- Up-to-date: /home/exomy/exomy_ws/exomy_ws_ros/exomy_ws/src/install/exomy_sim/share/exomy_sim/models/exomy_model/model.config
[0.752s] -- Installing: /home/exomy/exomy_ws/exomy_ws_ros/exomy_ws/src/install/exomy_sim/share/exomy_sim/models/exomy_model/exomy_model_modified.urdf
[0.752s] -- Up-to-date: /home/exomy/exomy_ws/exomy_ws_ros/exomy_ws/src/install/exomy_sim/share/exomy_sim/models/exomy_model/install
[0.753s] -- Up-to-date: /home/exomy/exomy_ws/exomy_ws_ros/exomy_ws/src/install/exomy_sim/share/exomy_sim/models/exomy_model/install/setup.bash
[0.753s] -- Up-to-date: /home/exomy/exomy_ws/exomy_ws_ros/exomy_ws/src/install/exomy_sim/share/exomy_sim/models/exomy_model/install/setup.sh
[0.753s] -- Up-to-date: /home/exomy/exomy_ws/exomy_ws_ros/exomy_ws/src/install/exomy_sim/share/exomy_sim/models/exomy_model/install/local_setup.bash
[0.754s] -- Up-to-date: /home/exomy/exomy_ws/exomy_ws_ros/exomy_ws/src/install/exomy_sim/share/exomy_sim/models/exomy_model/install/COLCON_IGNORE
[0.760s] -- Up-to-date: /home/exomy/exomy_ws/exomy_ws_ros/exomy_ws/src/install/exomy_sim/share/exomy_sim/models/exomy_model/install/setup.ps1
[0.762s] -- Up-to-date: /home/exomy/exomy_ws/exomy_ws_ros/exomy_ws/src/install/exomy_sim/share/exomy_sim/models/exomy_model/install/local_setup.zsh
[0.763s] -- Up-to-date: /home/exomy/exomy_ws/exomy_ws_ros/exomy_ws/src/install/exomy_sim/share/exomy_sim/models/exomy_model/install/setup.zsh
[0.770s] -- Up-to-date: /home/exomy/exomy_ws/exomy_ws_ros/exomy_ws/src/install/exomy_sim/share/exomy_sim/models/exomy_model/install/local_setup.sh
[0.772s] -- Up-to-date: /home/exomy/exomy_ws/exomy_ws_ros/exomy_ws/src/install/exomy_sim/share/exomy_sim/models/exomy_model/install/_local_setup_util_sh.py
[0.772s] -- Up-to-date: /home/exomy/exomy_ws/exomy_ws_ros/exomy_ws/src/install/exomy_sim/share/exomy_sim/models/exomy_model/install/.colcon_install_layout
[0.773s] -- Up-to-date: /home/exomy/exomy_ws/exomy_ws_ros/exomy_ws/src/install/exomy_sim/share/exomy_sim/models/exomy_model/install/local_setup.ps1
[0.774s] -- Up-to-date: /home/exomy/exomy_ws/exomy_ws_ros/exomy_ws/src/install/exomy_sim/share/exomy_sim/models/exomy_model/install/_local_setup_util_ps1.py
[0.776s] -- Up-to-date: /home/exomy/exomy_ws/exomy_ws_ros/exomy_ws/src/install/exomy_sim/share/exomy_sim/models/exomy_model/build
[0.776s] -- Up-to-date: /home/exomy/exomy_ws/exomy_ws_ros/exomy_ws/src/install/exomy_sim/share/exomy_sim/models/exomy_model/build/COLCON_IGNORE
[0.779s] -- Up-to-date: /home/exomy/exomy_ws/exomy_ws_ros/exomy_ws/src/install/exomy_sim/share/exomy_sim/models/exomy_model/build/.built_by
[0.781s] -- Up-to-date: /home/exomy/exomy_ws/exomy_ws_ros/exomy_ws/src/install/exomy_sim/share/exomy_sim/models/exomy_model/log
[0.781s] -- Up-to-date: /home/exomy/exomy_ws/exomy_ws_ros/exomy_ws/src/install/exomy_sim/share/exomy_sim/models/exomy_model/log/build_2022-03-11_13-27-28
[0.784s] -- Up-to-date: /home/exomy/exomy_ws/exomy_ws_ros/exomy_ws/src/install/exomy_sim/share/exomy_sim/models/exomy_model/log/build_2022-03-11_13-27-28/logger_all.log
[0.784s] -- Up-to-date: /home/exomy/exomy_ws/exomy_ws_ros/exomy_ws/src/install/exomy_sim/share/exomy_sim/models/exomy_model/log/build_2022-03-11_13-27-28/events.log
[0.785s] -- Up-to-date: /home/exomy/exomy_ws/exomy_ws_ros/exomy_ws/src/install/exomy_sim/share/exomy_sim/models/exomy_model/log/COLCON_IGNORE
[0.786s] -- Up-to-date: /home/exomy/exomy_ws/exomy_ws_ros/exomy_ws/src/install/exomy_sim/share/exomy_sim/models/exomy_model/log/latest
[0.787s] -- Up-to-date: /home/exomy/exomy_ws/exomy_ws_ros/exomy_ws/src/install/exomy_sim/share/exomy_sim/models/exomy_model/log/latest_build
[0.787s] -- Up-to-date: /home/exomy/exomy_ws/exomy_ws_ros/exomy_ws/src/install/exomy_sim/share/exomy_sim/models/mars_yard
[0.788s] -- Up-to-date: /home/exomy/exomy_ws/exomy_ws_ros/exomy_ws/src/install/exomy_sim/share/exomy_sim/models/mars_yard/meshes
[0.790s] -- Up-to-date: /home/exomy/exomy_ws/exomy_ws_ros/exomy_ws/src/install/exomy_sim/share/exomy_sim/models/mars_yard/meshes/PUTBOrtho.jpg
[0.792s] -- Up-to-date: /home/exomy/exomy_ws/exomy_ws_ros/exomy_ws/src/install/exomy_sim/share/exomy_sim/models/mars_yard/meshes/mars_yard.dae
[0.793s] -- Up-to-date: /home/exomy/exomy_ws/exomy_ws_ros/exomy_ws/src/install/exomy_sim/share/exomy_sim/models/mars_yard/model.config
[0.794s] -- Up-to-date: /home/exomy/exomy_ws/exomy_ws_ros/exomy_ws/src/install/exomy_sim/share/exomy_sim/models/mars_yard/model
[0.795s] -- Up-to-date: /home/exomy/exomy_ws/exomy_ws_ros/exomy_ws/src/install/exomy_sim/share/exomy_sim/models/mars_yard/model/lab_terrain.blend
[0.798s] -- Up-to-date: /home/exomy/exomy_ws/exomy_ws_ros/exomy_ws/src/install/exomy_sim/share/exomy_sim/models/mars_yard/model.sdf
[0.800s] -- Up-to-date: /home/exomy/exomy_ws/exomy_ws_ros/exomy_ws/src/install/exomy_sim/share/exomy_sim/models/curiosity
[0.800s] -- Up-to-date: /home/exomy/exomy_ws/exomy_ws_ros/exomy_ws/src/install/exomy_sim/share/exomy_sim/models/curiosity/meshes
[0.800s] -- Up-to-date: /home/exomy/exomy_ws/exomy_ws_ros/exomy_ws/src/install/exomy_sim/share/exomy_sim/models/curiosity/meshes/curiosity.stl
[0.801s] -- Up-to-date: /home/exomy/exomy_ws/exomy_ws_ros/exomy_ws/src/install/exomy_sim/share/exomy_sim/models/curiosity/model.config
[0.801s] -- Up-to-date: /home/exomy/exomy_ws/exomy_ws_ros/exomy_ws/src/install/exomy_sim/share/exomy_sim/models/curiosity/model.sdf
[0.801s] -- Up-to-date: /home/exomy/exomy_ws/exomy_ws_ros/exomy_ws/src/install/exomy_sim/share/exomy_sim/worlds
[0.802s] -- Up-to-date: /home/exomy/exomy_ws/exomy_ws_ros/exomy_ws/src/install/exomy_sim/share/exomy_sim/worlds/mars_yard.world
[0.803s] -- Up-to-date: /home/exomy/exomy_ws/exomy_ws_ros/exomy_ws/src/install/exomy_sim/share/exomy_sim/worlds/empty.world
[0.804s] -- Up-to-date: /home/exomy/exomy_ws/exomy_ws_ros/exomy_ws/src/install/exomy_sim/share/exomy_sim/worlds/curiosity.world
[0.804s] -- Up-to-date: /home/exomy/exomy_ws/exomy_ws_ros/exomy_ws/src/install/exomy_sim/lib/exomy_sim/joint_command_node
[0.804s] -- Up-to-date: /home/exomy/exomy_ws/exomy_ws_ros/exomy_ws/src/install/exomy_sim/share/exomy_sim/environment/exomy_sim.sh
[0.804s] -- Up-to-date: /home/exomy/exomy_ws/exomy_ws_ros/exomy_ws/src/install/exomy_sim/share/exomy_sim/environment/exomy_sim.dsv
[0.805s] -- Up-to-date: /home/exomy/exomy_ws/exomy_ws_ros/exomy_ws/src/install/exomy_sim/share/ament_index/resource_index/package_run_dependencies/exomy_sim
[0.805s] -- Up-to-date: /home/exomy/exomy_ws/exomy_ws_ros/exomy_ws/src/install/exomy_sim/share/ament_index/resource_index/parent_prefix_path/exomy_sim
[0.805s] -- Up-to-date: /home/exomy/exomy_ws/exomy_ws_ros/exomy_ws/src/install/exomy_sim/share/exomy_sim/environment/ament_prefix_path.sh
[0.805s] -- Up-to-date: /home/exomy/exomy_ws/exomy_ws_ros/exomy_ws/src/install/exomy_sim/share/exomy_sim/environment/ament_prefix_path.dsv
[0.806s] -- Up-to-date: /home/exomy/exomy_ws/exomy_ws_ros/exomy_ws/src/install/exomy_sim/share/exomy_sim/environment/path.sh
[0.806s] -- Up-to-date: /home/exomy/exomy_ws/exomy_ws_ros/exomy_ws/src/install/exomy_sim/share/exomy_sim/environment/path.dsv
[0.806s] -- Up-to-date: /home/exomy/exomy_ws/exomy_ws_ros/exomy_ws/src/install/exomy_sim/share/exomy_sim/local_setup.bash
[0.806s] -- Up-to-date: /home/exomy/exomy_ws/exomy_ws_ros/exomy_ws/src/install/exomy_sim/share/exomy_sim/local_setup.sh
[0.807s] -- Up-to-date: /home/exomy/exomy_ws/exomy_ws_ros/exomy_ws/src/install/exomy_sim/share/exomy_sim/local_setup.zsh
[0.807s] -- Up-to-date: /home/exomy/exomy_ws/exomy_ws_ros/exomy_ws/src/install/exomy_sim/share/exomy_sim/local_setup.dsv
[0.807s] -- Installing: /home/exomy/exomy_ws/exomy_ws_ros/exomy_ws/src/install/exomy_sim/share/exomy_sim/package.dsv
[0.807s] -- Up-to-date: /home/exomy/exomy_ws/exomy_ws_ros/exomy_ws/src/install/exomy_sim/share/ament_index/resource_index/packages/exomy_sim
[0.808s] -- Up-to-date: /home/exomy/exomy_ws/exomy_ws_ros/exomy_ws/src/install/exomy_sim/share/exomy_sim/cmake/exomy_simConfig.cmake
[0.808s] -- Up-to-date: /home/exomy/exomy_ws/exomy_ws_ros/exomy_ws/src/install/exomy_sim/share/exomy_sim/cmake/exomy_simConfig-version.cmake
[0.808s] -- Up-to-date: /home/exomy/exomy_ws/exomy_ws_ros/exomy_ws/src/install/exomy_sim/share/exomy_sim/package.xml
[0.809s] Invoked command in '/home/exomy/exomy_ws/exomy_ws_ros/exomy_ws/src/build/exomy_sim' returned '0': CMAKE_PREFIX_PATH=/home/exomy/exomy_ws/exomy_ws_ros/exomy_ws/src/install/exomy_sim_msgs:/home/exomy/exomy_ws/exomy_ws_ros/exomy_ws/src/install/exomy_msgs:/home/exomy/exomy_ws/exomy_ws_ros/exomy_ws/src/install/rover_gazebo_plugins:/home/exomy/exomy_ws/exomy_ws_ros/exomy_ws/src/install/exomy_sim_launch:/home/exomy/exomy_ws/exomy_ws_ros/exomy_ws/src/install/exomy_sim:/home/exomy/exomy_ws/install/rover_gazebo_plugins:/home/exomy/exomy_ws/install/exomy_sim_launch:/home/exomy/exomy_ws/install/exomy_sim:/home/exomy/exomy_ws/install/exomy_sim_msgs:/home/exomy/exomy_ws/install/exomy_msgs:/home/exomy/exomy_ws/exomy_ws_ros/exomy_ws/src/install/exomy:/home/exomy/exomy_ws/install/exomy:/opt/ros/foxy LD_LIBRARY_PATH=/home/exomy/exomy_ws/exomy_ws_ros/exomy_ws/src/install/exomy_sim_msgs/lib:/home/exomy/exomy_ws/exomy_ws_ros/exomy_ws/src/install/exomy_msgs/lib:/home/exomy/exomy_ws/exomy_ws_ros/exomy_ws/src/install/rover_gazebo_plugins/lib:/home/exomy/exomy_ws/install/rover_gazebo_plugins/lib:/home/exomy/exomy_ws/install/exomy_sim_msgs/lib:/home/exomy/exomy_ws/install/exomy_msgs/lib:/usr/lib/x86_64-linux-gnu/gazebo-11/plugins:/opt/ros/foxy/opt/yaml_cpp_vendor/lib:/opt/ros/foxy/opt/rviz_ogre_vendor/lib:/opt/ros/foxy/lib/x86_64-linux-gnu:/opt/ros/foxy/lib:/usr/lib/x86_64-linux-gnu/gazebo-11/plugins PYTHONPATH=/home/exomy/exomy_ws/exomy_ws_ros/exomy_ws/src/install/exomy_sim_msgs/lib/python3.8/site-packages:/home/exomy/exomy_ws/exomy_ws_ros/exomy_ws/src/install/exomy_msgs/lib/python3.8/site-packages:/home/exomy/exomy_ws/exomy_ws_ros/exomy_ws/src/install/exomy/lib/python3.8/site-packages:/home/exomy/exomy_ws/install/exomy_sim_msgs/lib/python3.8/site-packages:/home/exomy/exomy_ws/install/exomy/lib/python3.8/site-packages:/home/exomy/exomy_ws/install/exomy_msgs/lib/python3.8/site-packages:/opt/ros/foxy/lib/python3.8/site-packages /usr/bin/cmake --install /home/exomy/exomy_ws/exomy_ws_ros/exomy_ws/src/build/exomy_sim
