[0.079s] Invoking command in '/home/exomy/exomy_ws/exomy_ws_ros/exomy_ws/src/build/rtabmap_ros': CMAKE_PREFIX_PATH=${CMAKE_PREFIX_PATH}:/home/exomy/exomy_ws/exomy_ws_ros/exomy_ws/src/install/exomy:/home/exomy/exomy_ws/install/exomy:/opt/ros/foxy /usr/bin/cmake /home/exomy/exomy_ws/exomy_ws_ros/exomy_ws/src/rtabmap_ros -DAMENT_CMAKE_SYMLINK_INSTALL=1 -DCMAKE_INSTALL_PREFIX=/home/exomy/exomy_ws/exomy_ws_ros/exomy_ws/src/install/rtabmap_ros
[0.239s] -- The C compiler identification is GNU 9.3.0
[0.359s] -- The CXX compiler identification is GNU 9.3.0
[0.366s] -- Check for working C compiler: /usr/bin/cc
[0.496s] -- Check for working C compiler: /usr/bin/cc -- works
[0.497s] -- Detecting C compiler ABI info
[0.627s] -- Detecting C compiler ABI info - done
[0.643s] -- Detecting C compile features
[0.643s] -- Detecting C compile features - done
[0.646s] -- Check for working CXX compiler: /usr/bin/c++
[0.849s] -- Check for working CXX compiler: /usr/bin/c++ -- works
[0.851s] -- Detecting CXX compiler ABI info
[1.034s] -- Detecting CXX compiler ABI info - done
[1.046s] -- Detecting CXX compile features
[1.047s] -- Detecting CXX compile features - done
[1.053s] -- Found ament_cmake: 0.9.9 (/opt/ros/foxy/share/ament_cmake/cmake)
[1.106s] -- Found PythonInterp: /usr/bin/python3 (found suitable version "3.8.10", minimum required is "3") 
[1.106s] -- Using PYTHON_EXECUTABLE: /usr/bin/python3
[1.354s] -- Override CMake install command with custom implementation using symlinks instead of copying resources
[1.426s] -- Found builtin_interfaces: 1.0.0 (/opt/ros/foxy/share/builtin_interfaces/cmake)
[1.488s] -- Using all available rosidl_typesupport_c: rosidl_typesupport_fastrtps_c;rosidl_typesupport_introspection_c
[1.511s] -- Found rosidl_adapter: 1.2.1 (/opt/ros/foxy/share/rosidl_adapter/cmake)
[1.716s] -- Found OpenSSL: /usr/lib/x86_64-linux-gnu/libcrypto.so (found version "1.1.1f")  
[1.792s] -- Found FastRTPS: /opt/ros/foxy/include  
[2.046s] -- Using all available rosidl_typesupport_cpp: rosidl_typesupport_fastrtps_cpp;rosidl_typesupport_introspection_cpp
[2.104s] -- Found rosidl_default_generators: 1.0.1 (/opt/ros/foxy/share/rosidl_default_generators/cmake)
[2.133s] -- Found rclcpp: 2.4.1 (/opt/ros/foxy/share/rclcpp/cmake)
[2.236s] -- Found rmw_implementation_cmake: 1.0.3 (/opt/ros/foxy/share/rmw_implementation_cmake/cmake)
[2.245s] -- Using RMW implementation 'rmw_fastrtps_cpp' as default
[2.247s] -- Looking for pthread.h
[2.375s] -- Looking for pthread.h - found
[2.375s] -- Performing Test CMAKE_HAVE_LIBC_PTHREAD
[2.510s] -- Performing Test CMAKE_HAVE_LIBC_PTHREAD - Failed
[2.510s] -- Looking for pthread_create in pthreads
[2.667s] -- Looking for pthread_create in pthreads - not found
[2.668s] -- Looking for pthread_create in pthread
[2.800s] -- Looking for pthread_create in pthread - found
[2.803s] -- Found Threads: TRUE  
[3.148s] -- Found rclcpp_components: 2.4.1 (/opt/ros/foxy/share/rclcpp_components/cmake)
[3.282s] -- Found cv_bridge: 2.2.1 (/opt/ros/foxy/share/cv_bridge/cmake)
[3.321s] -- Found sensor_msgs: 2.0.5 (/opt/ros/foxy/share/sensor_msgs/cmake)
[3.542s] -- Found std_srvs: 2.0.5 (/opt/ros/foxy/share/std_srvs/cmake)
[3.580s] -- Found nav_msgs: 2.0.5 (/opt/ros/foxy/share/nav_msgs/cmake)
[3.733s] -- Found nav2_msgs: 0.4.7 (/opt/ros/foxy/share/nav2_msgs/cmake)
[4.389s] -- Found stereo_msgs: 2.0.5 (/opt/ros/foxy/share/stereo_msgs/cmake)
[4.660s] -- Found visualization_msgs: 2.0.5 (/opt/ros/foxy/share/visualization_msgs/cmake)
[4.814s] -- Found image_transport: 2.3.0 (/opt/ros/foxy/share/image_transport/cmake)
[4.925s] -- Found tf2: 0.13.13 (/opt/ros/foxy/share/tf2/cmake)
[4.957s] -- Found tf2_eigen: 0.13.13 (/opt/ros/foxy/share/tf2_eigen/cmake)
[5.761s] -- Found laser_geometry: 2.2.0 (/opt/ros/foxy/share/laser_geometry/cmake)
[5.785s] -- Found pcl_conversions: 2.2.1 (/opt/ros/foxy/share/pcl_conversions/cmake)
[6.221s] -- Found image_geometry: 2.2.1 (/opt/ros/foxy/share/image_geometry/cmake)
[6.269s] CMake Warning at CMakeLists.txt:53 (find_package):
[6.270s]   By not providing "Findoctomap_msgs.cmake" in CMAKE_MODULE_PATH this project
[6.270s]   has asked CMake to find a package configuration file provided by
[6.270s]   "octomap_msgs", but CMake did not find one.
[6.270s] 
[6.271s]   Could not find a package configuration file provided by "octomap_msgs" with
[6.271s]   any of the following names:
[6.271s] 
[6.271s]     octomap_msgsConfig.cmake
[6.271s]     octomap_msgs-config.cmake
[6.272s] 
[6.272s]   Add the installation prefix of "octomap_msgs" to CMAKE_PREFIX_PATH or set
[6.272s]   "octomap_msgs_DIR" to a directory containing one of the above files.  If
[6.272s]   "octomap_msgs" provides a separate development package or SDK, be sure it
[6.272s]   has been installed.
[6.273s] 
[6.273s] 
[6.312s] CMake Error at CMakeLists.txt:59 (find_package):
[6.313s]   By not providing "FindRTABMap.cmake" in CMAKE_MODULE_PATH this project has
[6.313s]   asked CMake to find a package configuration file provided by "RTABMap", but
[6.313s]   CMake did not find one.
[6.313s] 
[6.314s]   Could not find a package configuration file provided by "RTABMap"
[6.314s]   (requested version 0.20.18) with any of the following names:
[6.314s] 
[6.314s]     RTABMapConfig.cmake
[6.315s]     rtabmap-config.cmake
[6.315s] 
[6.315s]   Add the installation prefix of "RTABMap" to CMAKE_PREFIX_PATH or set
[6.315s]   "RTABMap_DIR" to a directory containing one of the above files.  If
[6.316s]   "RTABMap" provides a separate development package or SDK, be sure it has
[6.318s]   been installed.
[6.318s] 
[6.318s] 
[6.319s] -- Configuring incomplete, errors occurred!
[6.319s] See also "/home/exomy/exomy_ws/exomy_ws_ros/exomy_ws/src/build/rtabmap_ros/CMakeFiles/CMakeOutput.log".
[6.319s] See also "/home/exomy/exomy_ws/exomy_ws_ros/exomy_ws/src/build/rtabmap_ros/CMakeFiles/CMakeError.log".
[6.341s] Invoked command in '/home/exomy/exomy_ws/exomy_ws_ros/exomy_ws/src/build/rtabmap_ros' returned '1': CMAKE_PREFIX_PATH=${CMAKE_PREFIX_PATH}:/home/exomy/exomy_ws/exomy_ws_ros/exomy_ws/src/install/exomy:/home/exomy/exomy_ws/install/exomy:/opt/ros/foxy /usr/bin/cmake /home/exomy/exomy_ws/exomy_ws_ros/exomy_ws/src/rtabmap_ros -DAMENT_CMAKE_SYMLINK_INSTALL=1 -DCMAKE_INSTALL_PREFIX=/home/exomy/exomy_ws/exomy_ws_ros/exomy_ws/src/install/rtabmap_ros
