[0.051s] Invoking command in '/home/exomy/exomy_ws/exomy_ws_ros/exomy_ws/src/build/realsense_gazebo_plugin': /usr/bin/cmake /home/exomy/exomy_ws/exomy_ws_ros/exomy_ws/src/realsense_gazebo_plugin -DCATKIN_INSTALL_INTO_PREFIX_ROOT=0 -DCMAKE_INSTALL_PREFIX=/home/exomy/exomy_ws/exomy_ws_ros/exomy_ws/src/install/realsense_gazebo_plugin
[0.165s] -- The C compiler identification is GNU 9.3.0
[0.260s] -- The CXX compiler identification is GNU 9.3.0
[0.263s] -- Check for working C compiler: /usr/bin/cc
[0.396s] -- Check for working C compiler: /usr/bin/cc -- works
[0.396s] -- Detecting C compiler ABI info
[0.515s] -- Detecting C compiler ABI info - done
[0.540s] -- Detecting C compile features
[0.540s] -- Detecting C compile features - done
[0.544s] -- Check for working CXX compiler: /usr/bin/c++
[0.685s] -- Check for working CXX compiler: /usr/bin/c++ -- works
[0.687s] -- Detecting CXX compiler ABI info
[0.875s] -- Detecting CXX compiler ABI info - done
[0.894s] -- Detecting CXX compile features
[0.896s] -- Detecting CXX compile features - done
[0.904s] -- Found ament_cmake: 0.9.9 (/opt/ros/foxy/share/ament_cmake/cmake)
[0.956s] -- Found PythonInterp: /usr/bin/python3 (found suitable version "3.8.10", minimum required is "3") 
[0.956s] -- Using PYTHON_EXECUTABLE: /usr/bin/python3
[1.392s] -- Found rclcpp: 2.4.1 (/opt/ros/foxy/share/rclcpp/cmake)
[1.591s] -- Using all available rosidl_typesupport_c: rosidl_typesupport_fastrtps_c;rosidl_typesupport_introspection_c
[1.625s] -- Found rosidl_adapter: 1.2.1 (/opt/ros/foxy/share/rosidl_adapter/cmake)
[2.009s] -- Found OpenSSL: /usr/lib/x86_64-linux-gnu/libcrypto.so (found version "1.1.1f")  
[2.101s] -- Found FastRTPS: /opt/ros/foxy/include  
[2.332s] -- Using all available rosidl_typesupport_cpp: rosidl_typesupport_fastrtps_cpp;rosidl_typesupport_introspection_cpp
[2.519s] -- Found rmw_implementation_cmake: 1.0.3 (/opt/ros/foxy/share/rmw_implementation_cmake/cmake)
[2.523s] -- Using RMW implementation 'rmw_fastrtps_cpp' as default
[2.525s] -- Looking for pthread.h
[2.718s] -- Looking for pthread.h - found
[2.718s] -- Performing Test CMAKE_HAVE_LIBC_PTHREAD
[2.907s] -- Performing Test CMAKE_HAVE_LIBC_PTHREAD - Failed
[2.907s] -- Looking for pthread_create in pthreads
[3.088s] -- Looking for pthread_create in pthreads - not found
[3.088s] -- Looking for pthread_create in pthread
[3.296s] -- Looking for pthread_create in pthread - found
[3.298s] -- Found Threads: TRUE  
[3.775s] -- Found gazebo_ros: 3.5.3 (/opt/ros/foxy/share/gazebo_ros/cmake)
[3.808s] -- Found PkgConfig: /usr/bin/pkg-config (found version "0.29.1") 
[3.809s] -- Checking for module 'bullet>=2.82'
[3.863s] --   Found bullet, version 2.88
[4.436s] -- Found ccd: /usr/include (found suitable version "2.0", minimum required is "2.0") 
[4.905s] -- Found fcl: /usr/include (found suitable version "0.5.0", minimum required is "0.3.2") 
[5.421s] -- Found assimp: /usr/include (found version "5.0.0") 
[5.595s] -- Found DART: /usr/include (Required is at least version "6.6") found components: dart 
[5.667s] -- Found Boost: /usr/lib/x86_64-linux-gnu/cmake/Boost-1.71.0/BoostConfig.cmake (found suitable version "1.71.0", minimum required is "1.40.0") found components: thread system filesystem program_options regex iostreams date_time 
[5.743s] -- Found Protobuf: /usr/lib/x86_64-linux-gnu/libprotobuf.so;-lpthread (found version "3.6.1") 
[5.793s] -- Looking for ignition-math6 -- found version 6.9.2
[5.838s] -- Searching for dependencies of ignition-math6
[5.843s] -- Looking for OGRE...
[5.846s] -- OGRE_PREFIX_WATCH changed.
[5.871s] -- Checking for module 'OGRE'
[6.001s] --   Found OGRE, version 1.9.0
[6.419s] -- Found Ogre Ghadamon (1.9.0)
[6.465s] -- Found OGRE: optimized;/usr/lib/x86_64-linux-gnu/libOgreMain.so;debug;/usr/lib/x86_64-linux-gnu/libOgreMain.so
[6.541s] -- Looking for OGRE_Paging...
[6.578s] -- Found OGRE_Paging: optimized;/usr/lib/x86_64-linux-gnu/libOgrePaging.so;debug;/usr/lib/x86_64-linux-gnu/libOgrePaging.so
[6.578s] -- Looking for OGRE_Terrain...
[6.591s] -- Found OGRE_Terrain: optimized;/usr/lib/x86_64-linux-gnu/libOgreTerrain.so;debug;/usr/lib/x86_64-linux-gnu/libOgreTerrain.so
[6.596s] -- Looking for OGRE_Property...
[6.609s] -- Found OGRE_Property: optimized;/usr/lib/x86_64-linux-gnu/libOgreProperty.so;debug;/usr/lib/x86_64-linux-gnu/libOgreProperty.so
[6.609s] -- Looking for OGRE_RTShaderSystem...
[6.628s] -- Found OGRE_RTShaderSystem: optimized;/usr/lib/x86_64-linux-gnu/libOgreRTShaderSystem.so;debug;/usr/lib/x86_64-linux-gnu/libOgreRTShaderSystem.so
[6.628s] -- Looking for OGRE_Volume...
[6.668s] -- Found OGRE_Volume: optimized;/usr/lib/x86_64-linux-gnu/libOgreVolume.so;debug;/usr/lib/x86_64-linux-gnu/libOgreVolume.so
[6.669s] -- Looking for OGRE_Overlay...
[6.709s] -- Found OGRE_Overlay: optimized;/usr/lib/x86_64-linux-gnu/libOgreOverlay.so;debug;/usr/lib/x86_64-linux-gnu/libOgreOverlay.so
[7.335s] -- Looking for ignition-math6 -- found version 6.9.2
[7.362s] -- Looking for ignition-transport8 -- found version 8.2.1
[7.369s] -- Searching for dependencies of ignition-transport8
[7.580s] -- Found Protobuf: /usr/lib/x86_64-linux-gnu/libprotobuf.so;-lpthread (found suitable version "3.6.1", minimum required is "3") 
[7.753s] -- Config-file not installed for ZeroMQ -- checking for pkg-config
[7.798s] -- Checking for module 'libzmq >= 4'
[7.962s] --   Found libzmq , version 4.3.2
[8.507s] -- Found ZeroMQ: TRUE (Required is at least version "4") 
[8.556s] -- Checking for module 'uuid'
[8.741s] --   Found uuid, version 2.34.0
[9.235s] -- Found UUID: TRUE  
[9.282s] -- Looking for ignition-msgs5 -- found version 5.8.1
[9.284s] -- Searching for dependencies of ignition-msgs5
[9.474s] -- Looking for ignition-math6 -- found version 6.9.2
[9.512s] -- Checking for module 'tinyxml2'
[9.733s] --   Found tinyxml2, version 6.2.0
[10.204s] -- Looking for ignition-msgs5 -- found version 5.8.1
[10.237s] -- Looking for ignition-common3 -- found version 3.14.0
[10.246s] -- Searching for dependencies of ignition-common3
[10.257s] -- Looking for dlfcn.h - found
[10.260s] -- Looking for libdl - found
[10.265s] -- Found DL: TRUE  
[10.309s] -- Searching for <ignition-common3> component [graphics]
[10.321s] -- Looking for ignition-common3-graphics -- found version 3.14.0
[10.331s] -- Searching for dependencies of ignition-common3-graphics
[10.334s] -- Looking for ignition-math6 -- found version 6.9.2
[10.352s] -- Looking for ignition-fuel_tools4 -- found version 4.4.0
[10.358s] -- Searching for dependencies of ignition-fuel_tools4
[10.989s] -- Found CURL: /usr/lib/x86_64-linux-gnu/libcurl.so (found version "7.68.0")  
[11.041s] -- Checking for module 'jsoncpp'
[11.145s] --   Found jsoncpp, version 1.7.4
[11.471s] -- Found JSONCPP: TRUE  
[11.504s] -- Checking for module 'libzip'
[11.630s] --   Found libzip, version 1.5.1
[11.819s] -- Found ZIP: TRUE  
[11.821s] -- Looking for ignition-common3 -- found version 3.14.0
[11.822s] -- Looking for ignition-math6 -- found version 6.9.2
[11.824s] -- Looking for ignition-msgs5 -- found version 5.8.1
[11.829s] -- Gazebo version: 11.9
[11.852s] -- Found image_transport: 2.3.0 (/opt/ros/foxy/share/image_transport/cmake)
[12.319s] -- Found camera_info_manager: 2.3.0 (/opt/ros/foxy/share/camera_info_manager/cmake)
[12.373s] -- Setting yaml-cpp_DIR to: '/opt/ros/foxy/share/yaml_cpp_vendor/cmake/../../../opt/yaml_cpp_vendor/lib/cmake/yaml-cpp'
[12.648s] -- Found ament_lint_auto: 0.9.6 (/opt/ros/foxy/share/ament_lint_auto/cmake)
[12.868s] -- Configuring done
[13.081s] -- Generating done
[13.091s] CMake Warning:
[13.091s]   Manually-specified variables were not used by the project:
[13.091s] 
[13.092s]     CATKIN_INSTALL_INTO_PREFIX_ROOT
[13.092s] 
[13.092s] 
[13.101s] -- Build files have been written to: /home/exomy/exomy_ws/exomy_ws_ros/exomy_ws/src/build/realsense_gazebo_plugin
