running egg_info
creating ../build/exomy/exomy.egg-info
writing ../build/exomy/exomy.egg-info/PKG-INFO
writing dependency_links to ../build/exomy/exomy.egg-info/dependency_links.txt
writing entry points to ../build/exomy/exomy.egg-info/entry_points.txt
writing requirements to ../build/exomy/exomy.egg-info/requires.txt
writing top-level names to ../build/exomy/exomy.egg-info/top_level.txt
writing manifest file '../build/exomy/exomy.egg-info/SOURCES.txt'
reading manifest file '../build/exomy/exomy.egg-info/SOURCES.txt'
writing manifest file '../build/exomy/exomy.egg-info/SOURCES.txt'
running build
running build_py
creating /home/exomy/exomy_ws/exomy_ws_ros/exomy_ws/src/build/exomy/build
creating /home/exomy/exomy_ws/exomy_ws_ros/exomy_ws/src/build/exomy/build/lib
creating /home/exomy/exomy_ws/exomy_ws_ros/exomy_ws/src/build/exomy/build/lib/exomy
copying exomy/__init__.py -> /home/exomy/exomy_ws/exomy_ws_ros/exomy_ws/src/build/exomy/build/lib/exomy
copying exomy/robot_node_modified.py -> /home/exomy/exomy_ws/exomy_ws_ros/exomy_ws/src/build/exomy/build/lib/exomy
copying exomy/motor_node.py -> /home/exomy/exomy_ws/exomy_ws_ros/exomy_ws/src/build/exomy/build/lib/exomy
copying exomy/rover_modified.py -> /home/exomy/exomy_ws/exomy_ws_ros/exomy_ws/src/build/exomy/build/lib/exomy
copying exomy/motors.py -> /home/exomy/exomy_ws/exomy_ws_ros/exomy_ws/src/build/exomy/build/lib/exomy
copying exomy/locomotion_modes.py -> /home/exomy/exomy_ws/exomy_ws_ros/exomy_ws/src/build/exomy/build/lib/exomy
copying exomy/gamepad_parser_node.py -> /home/exomy/exomy_ws/exomy_ws_ros/exomy_ws/src/build/exomy/build/lib/exomy
copying exomy/rover.py -> /home/exomy/exomy_ws/exomy_ws_ros/exomy_ws/src/build/exomy/build/lib/exomy
copying exomy/robot_node.py -> /home/exomy/exomy_ws/exomy_ws_ros/exomy_ws/src/build/exomy/build/lib/exomy
running install
running install_lib
creating /home/exomy/exomy_ws/exomy_ws_ros/exomy_ws/src/install/exomy/lib/python3.8/site-packages/exomy
copying /home/exomy/exomy_ws/exomy_ws_ros/exomy_ws/src/build/exomy/build/lib/exomy/__init__.py -> /home/exomy/exomy_ws/exomy_ws_ros/exomy_ws/src/install/exomy/lib/python3.8/site-packages/exomy
copying /home/exomy/exomy_ws/exomy_ws_ros/exomy_ws/src/build/exomy/build/lib/exomy/robot_node_modified.py -> /home/exomy/exomy_ws/exomy_ws_ros/exomy_ws/src/install/exomy/lib/python3.8/site-packages/exomy
copying /home/exomy/exomy_ws/exomy_ws_ros/exomy_ws/src/build/exomy/build/lib/exomy/motor_node.py -> /home/exomy/exomy_ws/exomy_ws_ros/exomy_ws/src/install/exomy/lib/python3.8/site-packages/exomy
copying /home/exomy/exomy_ws/exomy_ws_ros/exomy_ws/src/build/exomy/build/lib/exomy/rover_modified.py -> /home/exomy/exomy_ws/exomy_ws_ros/exomy_ws/src/install/exomy/lib/python3.8/site-packages/exomy
copying /home/exomy/exomy_ws/exomy_ws_ros/exomy_ws/src/build/exomy/build/lib/exomy/motors.py -> /home/exomy/exomy_ws/exomy_ws_ros/exomy_ws/src/install/exomy/lib/python3.8/site-packages/exomy
copying /home/exomy/exomy_ws/exomy_ws_ros/exomy_ws/src/build/exomy/build/lib/exomy/locomotion_modes.py -> /home/exomy/exomy_ws/exomy_ws_ros/exomy_ws/src/install/exomy/lib/python3.8/site-packages/exomy
copying /home/exomy/exomy_ws/exomy_ws_ros/exomy_ws/src/build/exomy/build/lib/exomy/gamepad_parser_node.py -> /home/exomy/exomy_ws/exomy_ws_ros/exomy_ws/src/install/exomy/lib/python3.8/site-packages/exomy
copying /home/exomy/exomy_ws/exomy_ws_ros/exomy_ws/src/build/exomy/build/lib/exomy/rover.py -> /home/exomy/exomy_ws/exomy_ws_ros/exomy_ws/src/install/exomy/lib/python3.8/site-packages/exomy
copying /home/exomy/exomy_ws/exomy_ws_ros/exomy_ws/src/build/exomy/build/lib/exomy/robot_node.py -> /home/exomy/exomy_ws/exomy_ws_ros/exomy_ws/src/install/exomy/lib/python3.8/site-packages/exomy
byte-compiling /home/exomy/exomy_ws/exomy_ws_ros/exomy_ws/src/install/exomy/lib/python3.8/site-packages/exomy/__init__.py to __init__.cpython-38.pyc
byte-compiling /home/exomy/exomy_ws/exomy_ws_ros/exomy_ws/src/install/exomy/lib/python3.8/site-packages/exomy/robot_node_modified.py to robot_node_modified.cpython-38.pyc
byte-compiling /home/exomy/exomy_ws/exomy_ws_ros/exomy_ws/src/install/exomy/lib/python3.8/site-packages/exomy/motor_node.py to motor_node.cpython-38.pyc
byte-compiling /home/exomy/exomy_ws/exomy_ws_ros/exomy_ws/src/install/exomy/lib/python3.8/site-packages/exomy/rover_modified.py to rover_modified.cpython-38.pyc
byte-compiling /home/exomy/exomy_ws/exomy_ws_ros/exomy_ws/src/install/exomy/lib/python3.8/site-packages/exomy/motors.py to motors.cpython-38.pyc
byte-compiling /home/exomy/exomy_ws/exomy_ws_ros/exomy_ws/src/install/exomy/lib/python3.8/site-packages/exomy/locomotion_modes.py to locomotion_modes.cpython-38.pyc
byte-compiling /home/exomy/exomy_ws/exomy_ws_ros/exomy_ws/src/install/exomy/lib/python3.8/site-packages/exomy/gamepad_parser_node.py to gamepad_parser_node.cpython-38.pyc
byte-compiling /home/exomy/exomy_ws/exomy_ws_ros/exomy_ws/src/install/exomy/lib/python3.8/site-packages/exomy/rover.py to rover.cpython-38.pyc
byte-compiling /home/exomy/exomy_ws/exomy_ws_ros/exomy_ws/src/install/exomy/lib/python3.8/site-packages/exomy/robot_node.py to robot_node.cpython-38.pyc
running install_data
creating /home/exomy/exomy_ws/exomy_ws_ros/exomy_ws/src/install/exomy/share/ament_index
creating /home/exomy/exomy_ws/exomy_ws_ros/exomy_ws/src/install/exomy/share/ament_index/resource_index
creating /home/exomy/exomy_ws/exomy_ws_ros/exomy_ws/src/install/exomy/share/ament_index/resource_index/packages
copying resource/exomy -> /home/exomy/exomy_ws/exomy_ws_ros/exomy_ws/src/install/exomy/share/ament_index/resource_index/packages
copying package.xml -> /home/exomy/exomy_ws/exomy_ws_ros/exomy_ws/src/install/exomy/share/exomy
copying launch/exomy.launch.py -> /home/exomy/exomy_ws/exomy_ws_ros/exomy_ws/src/install/exomy/share/exomy
running install_egg_info
Copying ../build/exomy/exomy.egg-info to /home/exomy/exomy_ws/exomy_ws_ros/exomy_ws/src/install/exomy/lib/python3.8/site-packages/exomy-2.0.0-py3.8.egg-info
running install_scripts
Installing gamepad_parser_node script to /home/exomy/exomy_ws/exomy_ws_ros/exomy_ws/src/install/exomy/lib/exomy
Installing motor_node script to /home/exomy/exomy_ws/exomy_ws_ros/exomy_ws/src/install/exomy/lib/exomy
Installing robot_node script to /home/exomy/exomy_ws/exomy_ws_ros/exomy_ws/src/install/exomy/lib/exomy
Installing robot_node_modified script to /home/exomy/exomy_ws/exomy_ws_ros/exomy_ws/src/install/exomy/lib/exomy
writing list of installed files to '/home/exomy/exomy_ws/exomy_ws_ros/exomy_ws/src/build/exomy/install.log'
