[2.929s] Invoking command in '/home/exomy/exomy_ws/exomy_ws_ros/exomy_ws/src/exomy': AMENT_PREFIX_PATH=/home/exomy/exomy_ws/exomy_ws_ros/exomy_ws/src/install/exomy_msgs:${AMENT_PREFIX_PATH} CMAKE_PREFIX_PATH=/home/exomy/exomy_ws/exomy_ws_ros/exomy_ws/src/install/exomy_msgs:${CMAKE_PREFIX_PATH} LD_LIBRARY_PATH=/home/exomy/exomy_ws/exomy_ws_ros/exomy_ws/src/install/exomy_msgs/lib:${LD_LIBRARY_PATH} PYTHONPATH=/home/exomy/exomy_ws/exomy_ws_ros/exomy_ws/src/install/exomy/lib/python3.8/site-packages:/home/exomy/exomy_ws/exomy_ws_ros/exomy_ws/src/install/exomy_msgs/lib/python3.8/site-packages:${PYTHONPATH} /usr/bin/python3 setup.py egg_info --egg-base ../build/exomy build --build-base /home/exomy/exomy_ws/exomy_ws_ros/exomy_ws/src/build/exomy/build install --prefix /home/exomy/exomy_ws/exomy_ws_ros/exomy_ws/src/install/exomy --record /home/exomy/exomy_ws/exomy_ws_ros/exomy_ws/src/build/exomy/install.log --single-version-externally-managed
[3.667s] running egg_info
[3.673s] creating ../build/exomy/exomy.egg-info
[3.674s] writing ../build/exomy/exomy.egg-info/PKG-INFO
[3.676s] writing dependency_links to ../build/exomy/exomy.egg-info/dependency_links.txt
[3.676s] writing entry points to ../build/exomy/exomy.egg-info/entry_points.txt
[3.677s] writing requirements to ../build/exomy/exomy.egg-info/requires.txt
[3.677s] writing top-level names to ../build/exomy/exomy.egg-info/top_level.txt
[3.688s] writing manifest file '../build/exomy/exomy.egg-info/SOURCES.txt'
[3.777s] reading manifest file '../build/exomy/exomy.egg-info/SOURCES.txt'
[3.780s] writing manifest file '../build/exomy/exomy.egg-info/SOURCES.txt'
[3.781s] running build
[3.781s] running build_py
[3.782s] creating /home/exomy/exomy_ws/exomy_ws_ros/exomy_ws/src/build/exomy/build
[3.784s] creating /home/exomy/exomy_ws/exomy_ws_ros/exomy_ws/src/build/exomy/build/lib
[3.784s] creating /home/exomy/exomy_ws/exomy_ws_ros/exomy_ws/src/build/exomy/build/lib/exomy
[3.784s] copying exomy/__init__.py -> /home/exomy/exomy_ws/exomy_ws_ros/exomy_ws/src/build/exomy/build/lib/exomy
[3.785s] copying exomy/robot_node_modified.py -> /home/exomy/exomy_ws/exomy_ws_ros/exomy_ws/src/build/exomy/build/lib/exomy
[3.786s] copying exomy/motor_node.py -> /home/exomy/exomy_ws/exomy_ws_ros/exomy_ws/src/build/exomy/build/lib/exomy
[3.787s] copying exomy/rover_modified.py -> /home/exomy/exomy_ws/exomy_ws_ros/exomy_ws/src/build/exomy/build/lib/exomy
[3.787s] copying exomy/motors.py -> /home/exomy/exomy_ws/exomy_ws_ros/exomy_ws/src/build/exomy/build/lib/exomy
[3.788s] copying exomy/locomotion_modes.py -> /home/exomy/exomy_ws/exomy_ws_ros/exomy_ws/src/build/exomy/build/lib/exomy
[3.789s] copying exomy/gamepad_parser_node.py -> /home/exomy/exomy_ws/exomy_ws_ros/exomy_ws/src/build/exomy/build/lib/exomy
[3.790s] copying exomy/rover.py -> /home/exomy/exomy_ws/exomy_ws_ros/exomy_ws/src/build/exomy/build/lib/exomy
[3.791s] copying exomy/robot_node.py -> /home/exomy/exomy_ws/exomy_ws_ros/exomy_ws/src/build/exomy/build/lib/exomy
[3.792s] running install
[3.819s] running install_lib
[3.824s] creating /home/exomy/exomy_ws/exomy_ws_ros/exomy_ws/src/install/exomy/lib/python3.8/site-packages/exomy
[3.824s] copying /home/exomy/exomy_ws/exomy_ws_ros/exomy_ws/src/build/exomy/build/lib/exomy/__init__.py -> /home/exomy/exomy_ws/exomy_ws_ros/exomy_ws/src/install/exomy/lib/python3.8/site-packages/exomy
[3.825s] copying /home/exomy/exomy_ws/exomy_ws_ros/exomy_ws/src/build/exomy/build/lib/exomy/robot_node_modified.py -> /home/exomy/exomy_ws/exomy_ws_ros/exomy_ws/src/install/exomy/lib/python3.8/site-packages/exomy
[3.827s] copying /home/exomy/exomy_ws/exomy_ws_ros/exomy_ws/src/build/exomy/build/lib/exomy/motor_node.py -> /home/exomy/exomy_ws/exomy_ws_ros/exomy_ws/src/install/exomy/lib/python3.8/site-packages/exomy
[3.828s] copying /home/exomy/exomy_ws/exomy_ws_ros/exomy_ws/src/build/exomy/build/lib/exomy/rover_modified.py -> /home/exomy/exomy_ws/exomy_ws_ros/exomy_ws/src/install/exomy/lib/python3.8/site-packages/exomy
[3.835s] copying /home/exomy/exomy_ws/exomy_ws_ros/exomy_ws/src/build/exomy/build/lib/exomy/motors.py -> /home/exomy/exomy_ws/exomy_ws_ros/exomy_ws/src/install/exomy/lib/python3.8/site-packages/exomy
[3.836s] copying /home/exomy/exomy_ws/exomy_ws_ros/exomy_ws/src/build/exomy/build/lib/exomy/locomotion_modes.py -> /home/exomy/exomy_ws/exomy_ws_ros/exomy_ws/src/install/exomy/lib/python3.8/site-packages/exomy
[3.837s] copying /home/exomy/exomy_ws/exomy_ws_ros/exomy_ws/src/build/exomy/build/lib/exomy/gamepad_parser_node.py -> /home/exomy/exomy_ws/exomy_ws_ros/exomy_ws/src/install/exomy/lib/python3.8/site-packages/exomy
[3.838s] copying /home/exomy/exomy_ws/exomy_ws_ros/exomy_ws/src/build/exomy/build/lib/exomy/rover.py -> /home/exomy/exomy_ws/exomy_ws_ros/exomy_ws/src/install/exomy/lib/python3.8/site-packages/exomy
[3.838s] copying /home/exomy/exomy_ws/exomy_ws_ros/exomy_ws/src/build/exomy/build/lib/exomy/robot_node.py -> /home/exomy/exomy_ws/exomy_ws_ros/exomy_ws/src/install/exomy/lib/python3.8/site-packages/exomy
[3.841s] byte-compiling /home/exomy/exomy_ws/exomy_ws_ros/exomy_ws/src/install/exomy/lib/python3.8/site-packages/exomy/__init__.py to __init__.cpython-38.pyc
[3.852s] byte-compiling /home/exomy/exomy_ws/exomy_ws_ros/exomy_ws/src/install/exomy/lib/python3.8/site-packages/exomy/robot_node_modified.py to robot_node_modified.cpython-38.pyc
[3.853s] byte-compiling /home/exomy/exomy_ws/exomy_ws_ros/exomy_ws/src/install/exomy/lib/python3.8/site-packages/exomy/motor_node.py to motor_node.cpython-38.pyc
[3.854s] byte-compiling /home/exomy/exomy_ws/exomy_ws_ros/exomy_ws/src/install/exomy/lib/python3.8/site-packages/exomy/rover_modified.py to rover_modified.cpython-38.pyc
[3.856s] byte-compiling /home/exomy/exomy_ws/exomy_ws_ros/exomy_ws/src/install/exomy/lib/python3.8/site-packages/exomy/motors.py to motors.cpython-38.pyc
[3.858s] byte-compiling /home/exomy/exomy_ws/exomy_ws_ros/exomy_ws/src/install/exomy/lib/python3.8/site-packages/exomy/locomotion_modes.py to locomotion_modes.cpython-38.pyc
[3.858s] byte-compiling /home/exomy/exomy_ws/exomy_ws_ros/exomy_ws/src/install/exomy/lib/python3.8/site-packages/exomy/gamepad_parser_node.py to gamepad_parser_node.cpython-38.pyc
[3.866s] byte-compiling /home/exomy/exomy_ws/exomy_ws_ros/exomy_ws/src/install/exomy/lib/python3.8/site-packages/exomy/rover.py to rover.cpython-38.pyc
[3.870s] byte-compiling /home/exomy/exomy_ws/exomy_ws_ros/exomy_ws/src/install/exomy/lib/python3.8/site-packages/exomy/robot_node.py to robot_node.cpython-38.pyc
[3.871s] running install_data
[3.872s] creating /home/exomy/exomy_ws/exomy_ws_ros/exomy_ws/src/install/exomy/share/ament_index
[3.873s] creating /home/exomy/exomy_ws/exomy_ws_ros/exomy_ws/src/install/exomy/share/ament_index/resource_index
[3.873s] creating /home/exomy/exomy_ws/exomy_ws_ros/exomy_ws/src/install/exomy/share/ament_index/resource_index/packages
[3.874s] copying resource/exomy -> /home/exomy/exomy_ws/exomy_ws_ros/exomy_ws/src/install/exomy/share/ament_index/resource_index/packages
[3.874s] copying package.xml -> /home/exomy/exomy_ws/exomy_ws_ros/exomy_ws/src/install/exomy/share/exomy
[3.874s] copying launch/exomy.launch.py -> /home/exomy/exomy_ws/exomy_ws_ros/exomy_ws/src/install/exomy/share/exomy
[3.875s] running install_egg_info
[3.877s] Copying ../build/exomy/exomy.egg-info to /home/exomy/exomy_ws/exomy_ws_ros/exomy_ws/src/install/exomy/lib/python3.8/site-packages/exomy-2.0.0-py3.8.egg-info
[3.880s] running install_scripts
[3.915s] Installing gamepad_parser_node script to /home/exomy/exomy_ws/exomy_ws_ros/exomy_ws/src/install/exomy/lib/exomy
[3.916s] Installing motor_node script to /home/exomy/exomy_ws/exomy_ws_ros/exomy_ws/src/install/exomy/lib/exomy
[3.917s] Installing robot_node script to /home/exomy/exomy_ws/exomy_ws_ros/exomy_ws/src/install/exomy/lib/exomy
[3.917s] Installing robot_node_modified script to /home/exomy/exomy_ws/exomy_ws_ros/exomy_ws/src/install/exomy/lib/exomy
[3.918s] writing list of installed files to '/home/exomy/exomy_ws/exomy_ws_ros/exomy_ws/src/build/exomy/install.log'
[4.081s] Invoked command in '/home/exomy/exomy_ws/exomy_ws_ros/exomy_ws/src/exomy' returned '0': AMENT_PREFIX_PATH=/home/exomy/exomy_ws/exomy_ws_ros/exomy_ws/src/install/exomy_msgs:${AMENT_PREFIX_PATH} CMAKE_PREFIX_PATH=/home/exomy/exomy_ws/exomy_ws_ros/exomy_ws/src/install/exomy_msgs:${CMAKE_PREFIX_PATH} LD_LIBRARY_PATH=/home/exomy/exomy_ws/exomy_ws_ros/exomy_ws/src/install/exomy_msgs/lib:${LD_LIBRARY_PATH} PYTHONPATH=/home/exomy/exomy_ws/exomy_ws_ros/exomy_ws/src/install/exomy/lib/python3.8/site-packages:/home/exomy/exomy_ws/exomy_ws_ros/exomy_ws/src/install/exomy_msgs/lib/python3.8/site-packages:${PYTHONPATH} /usr/bin/python3 setup.py egg_info --egg-base ../build/exomy build --build-base /home/exomy/exomy_ws/exomy_ws_ros/exomy_ws/src/build/exomy/build install --prefix /home/exomy/exomy_ws/exomy_ws_ros/exomy_ws/src/install/exomy --record /home/exomy/exomy_ws/exomy_ws_ros/exomy_ws/src/build/exomy/install.log --single-version-externally-managed
