[0.296s] Invoking command in '/home/exomy/exomy_ws/build/rover_gazebo_plugins': AMENT_PREFIX_PATH=/home/exomy/exomy_ws/install/exomy_sim_msgs:${AMENT_PREFIX_PATH} CMAKE_PREFIX_PATH=/home/exomy/exomy_ws/install/exomy_sim_msgs:/opt/ros/foxy LD_LIBRARY_PATH=/home/exomy/exomy_ws/install/exomy_sim_msgs/lib:${LD_LIBRARY_PATH} PYTHONPATH=/home/exomy/exomy_ws/install/exomy_sim_msgs/lib/python3.8/site-packages:${PYTHONPATH} /usr/bin/cmake --build /home/exomy/exomy_ws/build/rover_gazebo_plugins -- -j2 -l2
[2.605s] [100%] Built target rover_gazebo_joint_plugin
[5.503s] Invoked command in '/home/exomy/exomy_ws/build/rover_gazebo_plugins' returned '0': AMENT_PREFIX_PATH=/home/exomy/exomy_ws/install/exomy_sim_msgs:${AMENT_PREFIX_PATH} CMAKE_PREFIX_PATH=/home/exomy/exomy_ws/install/exomy_sim_msgs:/opt/ros/foxy LD_LIBRARY_PATH=/home/exomy/exomy_ws/install/exomy_sim_msgs/lib:${LD_LIBRARY_PATH} PYTHONPATH=/home/exomy/exomy_ws/install/exomy_sim_msgs/lib/python3.8/site-packages:${PYTHONPATH} /usr/bin/cmake --build /home/exomy/exomy_ws/build/rover_gazebo_plugins -- -j2 -l2
[5.947s] Invoking command in '/home/exomy/exomy_ws/build/rover_gazebo_plugins': AMENT_PREFIX_PATH=/home/exomy/exomy_ws/install/exomy_sim_msgs:${AMENT_PREFIX_PATH} CMAKE_PREFIX_PATH=/home/exomy/exomy_ws/install/exomy_sim_msgs:/opt/ros/foxy LD_LIBRARY_PATH=/home/exomy/exomy_ws/install/exomy_sim_msgs/lib:${LD_LIBRARY_PATH} PYTHONPATH=/home/exomy/exomy_ws/install/exomy_sim_msgs/lib/python3.8/site-packages:${PYTHONPATH} /usr/bin/cmake --install /home/exomy/exomy_ws/build/rover_gazebo_plugins
[6.002s] -- Install configuration: ""
[6.003s] -- Up-to-date: /home/exomy/exomy_ws/install/rover_gazebo_plugins/share/rover_gazebo_plugins/environment/library_path.sh
[6.004s] -- Up-to-date: /home/exomy/exomy_ws/install/rover_gazebo_plugins/share/rover_gazebo_plugins/environment/library_path.dsv
[6.004s] -- Up-to-date: /home/exomy/exomy_ws/install/rover_gazebo_plugins/share/ament_index/resource_index/package_run_dependencies/rover_gazebo_plugins
[6.005s] -- Up-to-date: /home/exomy/exomy_ws/install/rover_gazebo_plugins/share/ament_index/resource_index/parent_prefix_path/rover_gazebo_plugins
[6.025s] -- Up-to-date: /home/exomy/exomy_ws/install/rover_gazebo_plugins/share/rover_gazebo_plugins/environment/ament_prefix_path.sh
[6.026s] -- Up-to-date: /home/exomy/exomy_ws/install/rover_gazebo_plugins/share/rover_gazebo_plugins/environment/ament_prefix_path.dsv
[6.027s] -- Up-to-date: /home/exomy/exomy_ws/install/rover_gazebo_plugins/share/rover_gazebo_plugins/environment/path.sh
[6.027s] -- Up-to-date: /home/exomy/exomy_ws/install/rover_gazebo_plugins/share/rover_gazebo_plugins/environment/path.dsv
[6.028s] -- Up-to-date: /home/exomy/exomy_ws/install/rover_gazebo_plugins/share/rover_gazebo_plugins/local_setup.bash
[6.029s] -- Up-to-date: /home/exomy/exomy_ws/install/rover_gazebo_plugins/share/rover_gazebo_plugins/local_setup.sh
[6.029s] -- Up-to-date: /home/exomy/exomy_ws/install/rover_gazebo_plugins/share/rover_gazebo_plugins/local_setup.zsh
[6.034s] -- Up-to-date: /home/exomy/exomy_ws/install/rover_gazebo_plugins/share/rover_gazebo_plugins/local_setup.dsv
[6.035s] -- Installing: /home/exomy/exomy_ws/install/rover_gazebo_plugins/share/rover_gazebo_plugins/package.dsv
[6.042s] -- Up-to-date: /home/exomy/exomy_ws/install/rover_gazebo_plugins/share/ament_index/resource_index/packages/rover_gazebo_plugins
[6.042s] -- Up-to-date: /home/exomy/exomy_ws/install/rover_gazebo_plugins/share/rover_gazebo_plugins/cmake/ament_cmake_export_libraries-extras.cmake
[6.043s] -- Up-to-date: /home/exomy/exomy_ws/install/rover_gazebo_plugins/share/rover_gazebo_plugins/cmake/rover_gazebo_pluginsConfig.cmake
[6.043s] -- Up-to-date: /home/exomy/exomy_ws/install/rover_gazebo_plugins/share/rover_gazebo_plugins/cmake/rover_gazebo_pluginsConfig-version.cmake
[6.043s] -- Up-to-date: /home/exomy/exomy_ws/install/rover_gazebo_plugins/share/rover_gazebo_plugins/package.xml
[6.044s] -- Up-to-date: /home/exomy/exomy_ws/install/rover_gazebo_plugins/include
[6.044s] -- Up-to-date: /home/exomy/exomy_ws/install/rover_gazebo_plugins/include/rover_gazebo_plugins
[6.045s] -- Up-to-date: /home/exomy/exomy_ws/install/rover_gazebo_plugins/include/rover_gazebo_plugins/rover_gazebo_joint_plugin.hpp
[6.056s] -- Up-to-date: /home/exomy/exomy_ws/install/rover_gazebo_plugins/lib/librover_gazebo_joint_plugin.so
[6.080s] Invoked command in '/home/exomy/exomy_ws/build/rover_gazebo_plugins' returned '0': AMENT_PREFIX_PATH=/home/exomy/exomy_ws/install/exomy_sim_msgs:${AMENT_PREFIX_PATH} CMAKE_PREFIX_PATH=/home/exomy/exomy_ws/install/exomy_sim_msgs:/opt/ros/foxy LD_LIBRARY_PATH=/home/exomy/exomy_ws/install/exomy_sim_msgs/lib:${LD_LIBRARY_PATH} PYTHONPATH=/home/exomy/exomy_ws/install/exomy_sim_msgs/lib/python3.8/site-packages:${PYTHONPATH} /usr/bin/cmake --install /home/exomy/exomy_ws/build/rover_gazebo_plugins
