[0.000000] (-) TimerEvent: {}
[0.000330] (exomy_msgs) JobQueued: {'identifier': 'exomy_msgs', 'dependencies': OrderedDict()}
[0.000416] (exomy_sim_msgs) JobQueued: {'identifier': 'exomy_sim_msgs', 'dependencies': OrderedDict()}
[0.000464] (realsense_ros_gazebo) JobQueued: {'identifier': 'realsense_ros_gazebo', 'dependencies': OrderedDict()}
[0.000528] (exomy) JobQueued: {'identifier': 'exomy', 'dependencies': OrderedDict([('exomy_msgs', '/home/exomy/exomy_ws/exomy_ws_ros/exomy_ws/install/exomy_msgs')])}
[0.000574] (exomy_sim) JobQueued: {'identifier': 'exomy_sim', 'dependencies': OrderedDict([('exomy_msgs', '/home/exomy/exomy_ws/exomy_ws_ros/exomy_ws/install/exomy_msgs'), ('exomy_sim_msgs', '/home/exomy/exomy_ws/exomy_ws_ros/exomy_ws/install/exomy_sim_msgs')])}
[0.000630] (rover_gazebo_plugins) JobQueued: {'identifier': 'rover_gazebo_plugins', 'dependencies': OrderedDict([('exomy_sim_msgs', '/home/exomy/exomy_ws/exomy_ws_ros/exomy_ws/install/exomy_sim_msgs')])}
[0.000700] (exomy_sim_launch) JobQueued: {'identifier': 'exomy_sim_launch', 'dependencies': OrderedDict([('exomy_msgs', '/home/exomy/exomy_ws/exomy_ws_ros/exomy_ws/install/exomy_msgs'), ('exomy_sim_msgs', '/home/exomy/exomy_ws/exomy_ws_ros/exomy_ws/install/exomy_sim_msgs'), ('exomy', '/home/exomy/exomy_ws/exomy_ws_ros/exomy_ws/install/exomy'), ('exomy_sim', '/home/exomy/exomy_ws/exomy_ws_ros/exomy_ws/install/exomy_sim')])}
[0.000748] (exomy_msgs) JobStarted: {'identifier': 'exomy_msgs'}
[0.012851] (exomy_sim_msgs) JobStarted: {'identifier': 'exomy_sim_msgs'}
[0.022484] (realsense_ros_gazebo) JobStarted: {'identifier': 'realsense_ros_gazebo'}
[0.034583] (exomy_msgs) JobProgress: {'identifier': 'exomy_msgs', 'progress': 'cmake'}
[0.039234] (exomy_msgs) JobProgress: {'identifier': 'exomy_msgs', 'progress': 'build'}
[0.040565] (exomy_msgs) Command: {'cmd': ['/usr/bin/cmake', '--build', '/home/exomy/exomy_ws/exomy_ws_ros/exomy_ws/build/exomy_msgs', '--', '-j4', '-l4'], 'cwd': '/home/exomy/exomy_ws/exomy_ws_ros/exomy_ws/build/exomy_msgs', 'env': OrderedDict([('HOSTNAME', 'ubuntu'), ('SHLVL', '1'), ('GREP_COLOR', '1;33'), ('LD_LIBRARY_PATH', '/home/exomy/exomy_ws/exomy_ws_ros/exomy_ws/src/install/rover_gazebo_plugins/lib:/home/exomy/exomy_ws/exomy_ws_ros/exomy_ws/src/install/exomy_sim_msgs/lib:/home/exomy/exomy_ws/exomy_ws_ros/exomy_ws/src/install/exomy_msgs/lib:/home/exomy/exomy_ws/install/rover_gazebo_plugins/lib:/home/exomy/exomy_ws/install/exomy_sim_msgs/lib:/home/exomy/exomy_ws/install/exomy_msgs/lib:/usr/lib/x86_64-linux-gnu/gazebo-11/plugins:/opt/ros/foxy/opt/yaml_cpp_vendor/lib:/opt/ros/foxy/opt/rviz_ogre_vendor/lib:/opt/ros/foxy/lib/x86_64-linux-gnu:/opt/ros/foxy/lib:/usr/lib/x86_64-linux-gnu/gazebo-11/plugins'), ('HOME', '/root'), ('OLDPWD', '/home/exomy/exomy_ws/exomy_ws_ros/exomy_ws/src'), ('LESS', '-R'), ('ZSH', '/root/.oh-my-zsh'), ('LSCOLORS', 'exfxcxdxbxegedabagacad'), ('PAGER', 'less'), ('ROS_PYTHON_VERSION', '3'), ('GAZEBO_MASTER_URI', 'http://localhost:11345'), ('ROS_DISTRO', 'foxy'), ('COLCON_PREFIX_PATH', '/home/exomy/exomy_ws/exomy_ws_ros/exomy_ws/src/install:/home/exomy/exomy_ws/install'), ('LOGNAME', 'root'), ('EXOMY_WS', '/home/exomy/exomy_ws'), ('_', '/usr/bin/colcon'), ('ROS_VERSION', '2'), ('TERM', 'xterm'), ('GAZEBO_MODEL_PATH', '/home/exomy/exomy_ws/exomy_ws_ros/exomy_ws/src/install/exomy_sim/share/exomy_sim/models:/home/exomy/exomy_ws/exomy_ws_ros/exomy_ws/src/install/exomy_sim/share:/home/exomy/exomy_ws/install/exomy_sim/share/exomy_sim/models:/home/exomy/exomy_ws/install/exomy_sim/share:/usr/share/gazebo-11/models:'), ('ROS_LOCALHOST_ONLY', '0'), ('QT_X11_NO_MITSHM', '1'), ('OGRE_RESOURCE_PATH', '/usr/lib/x86_64-linux-gnu/OGRE-1.9.0'), ('PATH', '/opt/ros/foxy/bin:/usr/local/sbin:/usr/local/bin:/usr/sbin:/usr/bin:/sbin:/bin:/home/exomy/.npm-global/bin'), ('DISPLAY', ':0'), ('LANG', 'C.UTF-8'), ('LS_COLORS', 'di=34;40:ln=35;40:so=32;40:pi=33;40:ex=31;40:bd=34;46:cd=34;43:su=0;41:sg=0;46:tw=0;42:ow=0;43:'), ('AMENT_PREFIX_PATH', '/home/exomy/exomy_ws/exomy_ws_ros/exomy_ws/src/install/rover_gazebo_plugins:/home/exomy/exomy_ws/exomy_ws_ros/exomy_ws/src/install/exomy_sim_launch:/home/exomy/exomy_ws/exomy_ws_ros/exomy_ws/src/install/exomy_sim:/home/exomy/exomy_ws/exomy_ws_ros/exomy_ws/src/install/exomy_sim_msgs:/home/exomy/exomy_ws/exomy_ws_ros/exomy_ws/src/install/exomy:/home/exomy/exomy_ws/exomy_ws_ros/exomy_ws/src/install/exomy_msgs:/home/exomy/exomy_ws/install/rover_gazebo_plugins:/home/exomy/exomy_ws/install/exomy_sim_launch:/home/exomy/exomy_ws/install/exomy_sim:/home/exomy/exomy_ws/install/exomy_sim_msgs:/home/exomy/exomy_ws/install/exomy:/home/exomy/exomy_ws/install/exomy_msgs:/opt/ros/foxy'), ('GAZEBO_RESOURCE_PATH', '/home/exomy/exomy_ws/exomy_ws_ros/exomy_ws/src/install/exomy_sim/share/exomy_sim/worlds:/home/exomy/exomy_ws/install/exomy_sim/share/exomy_sim/worlds:/usr/share/gazebo-11:'), ('GAZEBO_MODEL_DATABASE_URI', 'http://models.gazebosim.org'), ('LC_ALL', 'C.UTF-8'), ('PWD', '/home/exomy/exomy_ws/exomy_ws_ros/exomy_ws/build/exomy_msgs'), ('GAZEBO_PLUGIN_PATH', '/usr/lib/x86_64-linux-gnu/gazebo-11/plugins:'), ('PYTHONPATH', '/home/exomy/exomy_ws/exomy_ws_ros/exomy_ws/src/install/exomy_sim_msgs/lib/python3.8/site-packages:/home/exomy/exomy_ws/exomy_ws_ros/exomy_ws/src/install/exomy/lib/python3.8/site-packages:/home/exomy/exomy_ws/exomy_ws_ros/exomy_ws/src/install/exomy_msgs/lib/python3.8/site-packages:/home/exomy/exomy_ws/install/exomy_sim_msgs/lib/python3.8/site-packages:/home/exomy/exomy_ws/install/exomy/lib/python3.8/site-packages:/home/exomy/exomy_ws/install/exomy_msgs/lib/python3.8/site-packages:/opt/ros/foxy/lib/python3.8/site-packages'), ('TZ', 'Europe/Amsterdam'), ('COLCON', '1'), ('NPM_CONFIG_PREFIX', '/home/exomy/.npm-global'), ('CMAKE_PREFIX_PATH', '/home/exomy/exomy_ws/exomy_ws_ros/exomy_ws/src/install/rover_gazebo_plugins:/home/exomy/exomy_ws/exomy_ws_ros/exomy_ws/src/install/exomy_sim_launch:/home/exomy/exomy_ws/exomy_ws_ros/exomy_ws/src/install/exomy_sim:/home/exomy/exomy_ws/exomy_ws_ros/exomy_ws/src/install/exomy_sim_msgs:/home/exomy/exomy_ws/exomy_ws_ros/exomy_ws/src/install/exomy_msgs:/home/exomy/exomy_ws/install/rover_gazebo_plugins:/home/exomy/exomy_ws/install/exomy_sim_launch:/home/exomy/exomy_ws/install/exomy_sim:/home/exomy/exomy_ws/install/exomy_sim_msgs:/home/exomy/exomy_ws/install/exomy_msgs:/home/exomy/exomy_ws/exomy_ws_ros/exomy_ws/src/install/exomy:/home/exomy/exomy_ws/install/exomy:/opt/ros/foxy')]), 'shell': False}
[0.052132] (exomy_sim_msgs) JobProgress: {'identifier': 'exomy_sim_msgs', 'progress': 'cmake'}
[0.055253] (exomy_sim_msgs) JobProgress: {'identifier': 'exomy_sim_msgs', 'progress': 'build'}
[0.057651] (exomy_sim_msgs) Command: {'cmd': ['/usr/bin/cmake', '--build', '/home/exomy/exomy_ws/exomy_ws_ros/exomy_ws/build/exomy_sim_msgs', '--', '-j4', '-l4'], 'cwd': '/home/exomy/exomy_ws/exomy_ws_ros/exomy_ws/build/exomy_sim_msgs', 'env': OrderedDict([('HOSTNAME', 'ubuntu'), ('SHLVL', '1'), ('GREP_COLOR', '1;33'), ('LD_LIBRARY_PATH', '/home/exomy/exomy_ws/exomy_ws_ros/exomy_ws/src/install/rover_gazebo_plugins/lib:/home/exomy/exomy_ws/exomy_ws_ros/exomy_ws/src/install/exomy_sim_msgs/lib:/home/exomy/exomy_ws/exomy_ws_ros/exomy_ws/src/install/exomy_msgs/lib:/home/exomy/exomy_ws/install/rover_gazebo_plugins/lib:/home/exomy/exomy_ws/install/exomy_sim_msgs/lib:/home/exomy/exomy_ws/install/exomy_msgs/lib:/usr/lib/x86_64-linux-gnu/gazebo-11/plugins:/opt/ros/foxy/opt/yaml_cpp_vendor/lib:/opt/ros/foxy/opt/rviz_ogre_vendor/lib:/opt/ros/foxy/lib/x86_64-linux-gnu:/opt/ros/foxy/lib:/usr/lib/x86_64-linux-gnu/gazebo-11/plugins'), ('HOME', '/root'), ('OLDPWD', '/home/exomy/exomy_ws/exomy_ws_ros/exomy_ws/src'), ('LESS', '-R'), ('ZSH', '/root/.oh-my-zsh'), ('LSCOLORS', 'exfxcxdxbxegedabagacad'), ('PAGER', 'less'), ('ROS_PYTHON_VERSION', '3'), ('GAZEBO_MASTER_URI', 'http://localhost:11345'), ('ROS_DISTRO', 'foxy'), ('COLCON_PREFIX_PATH', '/home/exomy/exomy_ws/exomy_ws_ros/exomy_ws/src/install:/home/exomy/exomy_ws/install'), ('LOGNAME', 'root'), ('EXOMY_WS', '/home/exomy/exomy_ws'), ('_', '/usr/bin/colcon'), ('ROS_VERSION', '2'), ('TERM', 'xterm'), ('GAZEBO_MODEL_PATH', '/home/exomy/exomy_ws/exomy_ws_ros/exomy_ws/src/install/exomy_sim/share/exomy_sim/models:/home/exomy/exomy_ws/exomy_ws_ros/exomy_ws/src/install/exomy_sim/share:/home/exomy/exomy_ws/install/exomy_sim/share/exomy_sim/models:/home/exomy/exomy_ws/install/exomy_sim/share:/usr/share/gazebo-11/models:'), ('ROS_LOCALHOST_ONLY', '0'), ('QT_X11_NO_MITSHM', '1'), ('OGRE_RESOURCE_PATH', '/usr/lib/x86_64-linux-gnu/OGRE-1.9.0'), ('PATH', '/opt/ros/foxy/bin:/usr/local/sbin:/usr/local/bin:/usr/sbin:/usr/bin:/sbin:/bin:/home/exomy/.npm-global/bin'), ('DISPLAY', ':0'), ('LANG', 'C.UTF-8'), ('LS_COLORS', 'di=34;40:ln=35;40:so=32;40:pi=33;40:ex=31;40:bd=34;46:cd=34;43:su=0;41:sg=0;46:tw=0;42:ow=0;43:'), ('AMENT_PREFIX_PATH', '/home/exomy/exomy_ws/exomy_ws_ros/exomy_ws/src/install/rover_gazebo_plugins:/home/exomy/exomy_ws/exomy_ws_ros/exomy_ws/src/install/exomy_sim_launch:/home/exomy/exomy_ws/exomy_ws_ros/exomy_ws/src/install/exomy_sim:/home/exomy/exomy_ws/exomy_ws_ros/exomy_ws/src/install/exomy_sim_msgs:/home/exomy/exomy_ws/exomy_ws_ros/exomy_ws/src/install/exomy:/home/exomy/exomy_ws/exomy_ws_ros/exomy_ws/src/install/exomy_msgs:/home/exomy/exomy_ws/install/rover_gazebo_plugins:/home/exomy/exomy_ws/install/exomy_sim_launch:/home/exomy/exomy_ws/install/exomy_sim:/home/exomy/exomy_ws/install/exomy_sim_msgs:/home/exomy/exomy_ws/install/exomy:/home/exomy/exomy_ws/install/exomy_msgs:/opt/ros/foxy'), ('GAZEBO_RESOURCE_PATH', '/home/exomy/exomy_ws/exomy_ws_ros/exomy_ws/src/install/exomy_sim/share/exomy_sim/worlds:/home/exomy/exomy_ws/install/exomy_sim/share/exomy_sim/worlds:/usr/share/gazebo-11:'), ('GAZEBO_MODEL_DATABASE_URI', 'http://models.gazebosim.org'), ('LC_ALL', 'C.UTF-8'), ('PWD', '/home/exomy/exomy_ws/exomy_ws_ros/exomy_ws/build/exomy_sim_msgs'), ('GAZEBO_PLUGIN_PATH', '/usr/lib/x86_64-linux-gnu/gazebo-11/plugins:'), ('PYTHONPATH', '/home/exomy/exomy_ws/exomy_ws_ros/exomy_ws/src/install/exomy_sim_msgs/lib/python3.8/site-packages:/home/exomy/exomy_ws/exomy_ws_ros/exomy_ws/src/install/exomy/lib/python3.8/site-packages:/home/exomy/exomy_ws/exomy_ws_ros/exomy_ws/src/install/exomy_msgs/lib/python3.8/site-packages:/home/exomy/exomy_ws/install/exomy_sim_msgs/lib/python3.8/site-packages:/home/exomy/exomy_ws/install/exomy/lib/python3.8/site-packages:/home/exomy/exomy_ws/install/exomy_msgs/lib/python3.8/site-packages:/opt/ros/foxy/lib/python3.8/site-packages'), ('TZ', 'Europe/Amsterdam'), ('COLCON', '1'), ('NPM_CONFIG_PREFIX', '/home/exomy/.npm-global'), ('CMAKE_PREFIX_PATH', '/home/exomy/exomy_ws/exomy_ws_ros/exomy_ws/src/install/rover_gazebo_plugins:/home/exomy/exomy_ws/exomy_ws_ros/exomy_ws/src/install/exomy_sim_launch:/home/exomy/exomy_ws/exomy_ws_ros/exomy_ws/src/install/exomy_sim:/home/exomy/exomy_ws/exomy_ws_ros/exomy_ws/src/install/exomy_sim_msgs:/home/exomy/exomy_ws/exomy_ws_ros/exomy_ws/src/install/exomy_msgs:/home/exomy/exomy_ws/install/rover_gazebo_plugins:/home/exomy/exomy_ws/install/exomy_sim_launch:/home/exomy/exomy_ws/install/exomy_sim:/home/exomy/exomy_ws/install/exomy_sim_msgs:/home/exomy/exomy_ws/install/exomy_msgs:/home/exomy/exomy_ws/exomy_ws_ros/exomy_ws/src/install/exomy:/home/exomy/exomy_ws/install/exomy:/opt/ros/foxy')]), 'shell': False}
[0.063512] (exomy_msgs) StderrLine: {'line': b'CMake Error: The current CMakeCache.txt directory /home/exomy/exomy_ws/exomy_ws_ros/exomy_ws/build/exomy_msgs/CMakeCache.txt is different than the directory /home/exomy/exomy_ws/build/exomy_msgs where CMakeCache.txt was created. This may result in binaries being created in the wrong place. If you are not sure, reedit the CMakeCache.txt\n'}
[0.065510] (realsense_ros_gazebo) JobProgress: {'identifier': 'realsense_ros_gazebo', 'progress': 'cmake'}
[0.067512] (realsense_ros_gazebo) Command: {'cmd': ['/usr/bin/cmake', '/home/exomy/exomy_ws/exomy_ws_ros/exomy_ws/realsense_ros_gazebo', '-DCATKIN_INSTALL_INTO_PREFIX_ROOT=0', '-DCMAKE_INSTALL_PREFIX=/home/exomy/exomy_ws/exomy_ws_ros/exomy_ws/install/realsense_ros_gazebo'], 'cwd': '/home/exomy/exomy_ws/exomy_ws_ros/exomy_ws/build/realsense_ros_gazebo', 'env': OrderedDict([('HOSTNAME', 'ubuntu'), ('SHLVL', '1'), ('GREP_COLOR', '1;33'), ('LD_LIBRARY_PATH', '/home/exomy/exomy_ws/exomy_ws_ros/exomy_ws/src/install/rover_gazebo_plugins/lib:/home/exomy/exomy_ws/exomy_ws_ros/exomy_ws/src/install/exomy_sim_msgs/lib:/home/exomy/exomy_ws/exomy_ws_ros/exomy_ws/src/install/exomy_msgs/lib:/home/exomy/exomy_ws/install/rover_gazebo_plugins/lib:/home/exomy/exomy_ws/install/exomy_sim_msgs/lib:/home/exomy/exomy_ws/install/exomy_msgs/lib:/usr/lib/x86_64-linux-gnu/gazebo-11/plugins:/opt/ros/foxy/opt/yaml_cpp_vendor/lib:/opt/ros/foxy/opt/rviz_ogre_vendor/lib:/opt/ros/foxy/lib/x86_64-linux-gnu:/opt/ros/foxy/lib:/usr/lib/x86_64-linux-gnu/gazebo-11/plugins'), ('HOME', '/root'), ('OLDPWD', '/home/exomy/exomy_ws/exomy_ws_ros/exomy_ws/src'), ('LESS', '-R'), ('ZSH', '/root/.oh-my-zsh'), ('LSCOLORS', 'exfxcxdxbxegedabagacad'), ('PAGER', 'less'), ('ROS_PYTHON_VERSION', '3'), ('GAZEBO_MASTER_URI', 'http://localhost:11345'), ('ROS_DISTRO', 'foxy'), ('COLCON_PREFIX_PATH', '/home/exomy/exomy_ws/exomy_ws_ros/exomy_ws/src/install:/home/exomy/exomy_ws/install'), ('LOGNAME', 'root'), ('EXOMY_WS', '/home/exomy/exomy_ws'), ('_', '/usr/bin/colcon'), ('ROS_VERSION', '2'), ('TERM', 'xterm'), ('GAZEBO_MODEL_PATH', '/home/exomy/exomy_ws/exomy_ws_ros/exomy_ws/src/install/exomy_sim/share/exomy_sim/models:/home/exomy/exomy_ws/exomy_ws_ros/exomy_ws/src/install/exomy_sim/share:/home/exomy/exomy_ws/install/exomy_sim/share/exomy_sim/models:/home/exomy/exomy_ws/install/exomy_sim/share:/usr/share/gazebo-11/models:'), ('ROS_LOCALHOST_ONLY', '0'), ('QT_X11_NO_MITSHM', '1'), ('OGRE_RESOURCE_PATH', '/usr/lib/x86_64-linux-gnu/OGRE-1.9.0'), ('PATH', '/opt/ros/foxy/bin:/usr/local/sbin:/usr/local/bin:/usr/sbin:/usr/bin:/sbin:/bin:/home/exomy/.npm-global/bin'), ('DISPLAY', ':0'), ('LANG', 'C.UTF-8'), ('LS_COLORS', 'di=34;40:ln=35;40:so=32;40:pi=33;40:ex=31;40:bd=34;46:cd=34;43:su=0;41:sg=0;46:tw=0;42:ow=0;43:'), ('AMENT_PREFIX_PATH', '/home/exomy/exomy_ws/exomy_ws_ros/exomy_ws/src/install/rover_gazebo_plugins:/home/exomy/exomy_ws/exomy_ws_ros/exomy_ws/src/install/exomy_sim_launch:/home/exomy/exomy_ws/exomy_ws_ros/exomy_ws/src/install/exomy_sim:/home/exomy/exomy_ws/exomy_ws_ros/exomy_ws/src/install/exomy_sim_msgs:/home/exomy/exomy_ws/exomy_ws_ros/exomy_ws/src/install/exomy:/home/exomy/exomy_ws/exomy_ws_ros/exomy_ws/src/install/exomy_msgs:/home/exomy/exomy_ws/install/rover_gazebo_plugins:/home/exomy/exomy_ws/install/exomy_sim_launch:/home/exomy/exomy_ws/install/exomy_sim:/home/exomy/exomy_ws/install/exomy_sim_msgs:/home/exomy/exomy_ws/install/exomy:/home/exomy/exomy_ws/install/exomy_msgs:/opt/ros/foxy'), ('GAZEBO_RESOURCE_PATH', '/home/exomy/exomy_ws/exomy_ws_ros/exomy_ws/src/install/exomy_sim/share/exomy_sim/worlds:/home/exomy/exomy_ws/install/exomy_sim/share/exomy_sim/worlds:/usr/share/gazebo-11:'), ('GAZEBO_MODEL_DATABASE_URI', 'http://models.gazebosim.org'), ('LC_ALL', 'C.UTF-8'), ('PWD', '/home/exomy/exomy_ws/exomy_ws_ros/exomy_ws/build/realsense_ros_gazebo'), ('GAZEBO_PLUGIN_PATH', '/usr/lib/x86_64-linux-gnu/gazebo-11/plugins:'), ('PYTHONPATH', '/home/exomy/exomy_ws/exomy_ws_ros/exomy_ws/src/install/exomy_sim_msgs/lib/python3.8/site-packages:/home/exomy/exomy_ws/exomy_ws_ros/exomy_ws/src/install/exomy/lib/python3.8/site-packages:/home/exomy/exomy_ws/exomy_ws_ros/exomy_ws/src/install/exomy_msgs/lib/python3.8/site-packages:/home/exomy/exomy_ws/install/exomy_sim_msgs/lib/python3.8/site-packages:/home/exomy/exomy_ws/install/exomy/lib/python3.8/site-packages:/home/exomy/exomy_ws/install/exomy_msgs/lib/python3.8/site-packages:/opt/ros/foxy/lib/python3.8/site-packages'), ('TZ', 'Europe/Amsterdam'), ('COLCON', '1'), ('NPM_CONFIG_PREFIX', '/home/exomy/.npm-global'), ('CMAKE_PREFIX_PATH', '/home/exomy/exomy_ws/exomy_ws_ros/exomy_ws/src/install/rover_gazebo_plugins:/home/exomy/exomy_ws/exomy_ws_ros/exomy_ws/src/install/exomy_sim_launch:/home/exomy/exomy_ws/exomy_ws_ros/exomy_ws/src/install/exomy_sim:/home/exomy/exomy_ws/exomy_ws_ros/exomy_ws/src/install/exomy_sim_msgs:/home/exomy/exomy_ws/exomy_ws_ros/exomy_ws/src/install/exomy_msgs:/home/exomy/exomy_ws/install/rover_gazebo_plugins:/home/exomy/exomy_ws/install/exomy_sim_launch:/home/exomy/exomy_ws/install/exomy_sim:/home/exomy/exomy_ws/install/exomy_sim_msgs:/home/exomy/exomy_ws/install/exomy_msgs')]), 'shell': False}
[0.075348] (exomy_sim_msgs) StderrLine: {'line': b'CMake Error: The current CMakeCache.txt directory /home/exomy/exomy_ws/exomy_ws_ros/exomy_ws/build/exomy_sim_msgs/CMakeCache.txt is different than the directory /home/exomy/exomy_ws/build/exomy_sim_msgs where CMakeCache.txt was created. This may result in binaries being created in the wrong place. If you are not sure, reedit the CMakeCache.txt\n'}
[0.081231] (exomy_msgs) StderrLine: {'line': b'CMake Error: The source directory "/home/exomy/exomy_ws/src/exomy_msgs" does not appear to contain CMakeLists.txt.\n'}
[0.081457] (exomy_msgs) StderrLine: {'line': b'Specify --help for usage, or press the help button on the CMake GUI.\n'}
[0.082524] (exomy_msgs) StderrLine: {'line': b'make: *** [Makefile:1228: cmake_check_build_system] Error 1\n'}
[0.084676] (exomy_msgs) CommandEnded: {'returncode': 2}
[0.094263] (exomy_sim_msgs) StderrLine: {'line': b'CMake Error: The source directory "/home/exomy/exomy_ws/src/exomy_sim_msgs" does not appear to contain CMakeLists.txt.\n'}
[0.094603] (exomy_sim_msgs) StderrLine: {'line': b'Specify --help for usage, or press the help button on the CMake GUI.\n'}
[0.095798] (exomy_sim_msgs) StderrLine: {'line': b'make: *** [Makefile:988: cmake_check_build_system] Error 1\n'}
[0.098246] (-) TimerEvent: {}
[0.098706] (exomy_sim_msgs) CommandEnded: {'returncode': 2}
[0.198452] (-) TimerEvent: {}
[0.255188] (exomy_sim_msgs) JobEnded: {'identifier': 'exomy_sim_msgs', 'rc': 2}
[0.257084] (exomy_msgs) JobEnded: {'identifier': 'exomy_msgs', 'rc': 'SIGINT'}
[0.299668] (-) TimerEvent: {}
[0.329604] (realsense_ros_gazebo) StdoutLine: {'line': b'-- The C compiler identification is GNU 9.3.0\n'}
[0.400608] (-) TimerEvent: {}
[0.501175] (-) TimerEvent: {}
[0.544025] (realsense_ros_gazebo) StdoutLine: {'line': b'-- The CXX compiler identification is GNU 9.3.0\n'}
[0.564947] (realsense_ros_gazebo) StdoutLine: {'line': b'-- Check for working C compiler: /usr/bin/cc\n'}
[0.601395] (-) TimerEvent: {}
[0.646895] (realsense_ros_gazebo) StdoutLine: {'line': b'-- Check for working C compiler: /usr/bin/cc -- works\n'}
[0.649129] (realsense_ros_gazebo) StdoutLine: {'line': b'-- Detecting C compiler ABI info\n'}
[0.702064] (-) TimerEvent: {}
[0.733056] (realsense_ros_gazebo) StdoutLine: {'line': b'-- Detecting C compiler ABI info - done\n'}
[0.748051] (realsense_ros_gazebo) StdoutLine: {'line': b'-- Detecting C compile features\n'}
[0.749200] (realsense_ros_gazebo) StdoutLine: {'line': b'-- Detecting C compile features - done\n'}
[0.758383] (realsense_ros_gazebo) StdoutLine: {'line': b'-- Check for working CXX compiler: /usr/bin/c++\n'}
[0.802488] (-) TimerEvent: {}
[0.856932] (realsense_ros_gazebo) StdoutLine: {'line': b'-- Check for working CXX compiler: /usr/bin/c++ -- works\n'}
[0.858447] (realsense_ros_gazebo) StdoutLine: {'line': b'-- Detecting CXX compiler ABI info\n'}
[0.903262] (-) TimerEvent: {}
[0.958314] (realsense_ros_gazebo) StdoutLine: {'line': b'-- Detecting CXX compiler ABI info - done\n'}
[0.973549] (realsense_ros_gazebo) StdoutLine: {'line': b'-- Detecting CXX compile features\n'}
[0.974289] (realsense_ros_gazebo) StdoutLine: {'line': b'-- Detecting CXX compile features - done\n'}
[0.995538] (realsense_ros_gazebo) StderrLine: {'line': b'CMake Error at CMakeLists.txt:4 (find_package):\n'}
[0.995821] (realsense_ros_gazebo) StderrLine: {'line': b'  By not providing "Findcatkin.cmake" in CMAKE_MODULE_PATH this project has\n'}
[0.995912] (realsense_ros_gazebo) StderrLine: {'line': b'  asked CMake to find a package configuration file provided by "catkin", but\n'}
[0.996006] (realsense_ros_gazebo) StderrLine: {'line': b'  CMake did not find one.\n'}
[0.996068] (realsense_ros_gazebo) StderrLine: {'line': b'\n'}
[0.996156] (realsense_ros_gazebo) StderrLine: {'line': b'  Could not find a package configuration file provided by "catkin" with any\n'}
[0.996220] (realsense_ros_gazebo) StderrLine: {'line': b'  of the following names:\n'}
[0.996280] (realsense_ros_gazebo) StderrLine: {'line': b'\n'}
[0.996360] (realsense_ros_gazebo) StderrLine: {'line': b'    catkinConfig.cmake\n'}
[0.996415] (realsense_ros_gazebo) StderrLine: {'line': b'    catkin-config.cmake\n'}
[0.996468] (realsense_ros_gazebo) StderrLine: {'line': b'\n'}
[0.996520] (realsense_ros_gazebo) StderrLine: {'line': b'  Add the installation prefix of "catkin" to CMAKE_PREFIX_PATH or set\n'}
[0.996574] (realsense_ros_gazebo) StderrLine: {'line': b'  "catkin_DIR" to a directory containing one of the above files.  If "catkin"\n'}
[0.996628] (realsense_ros_gazebo) StderrLine: {'line': b'  provides a separate development package or SDK, be sure it has been\n'}
[0.996681] (realsense_ros_gazebo) StderrLine: {'line': b'  installed.\n'}
[0.996733] (realsense_ros_gazebo) StderrLine: {'line': b'\n'}
[0.996786] (realsense_ros_gazebo) StderrLine: {'line': b'\n'}
[0.996931] (realsense_ros_gazebo) StdoutLine: {'line': b'-- Configuring incomplete, errors occurred!\n'}
[0.997043] (realsense_ros_gazebo) StdoutLine: {'line': b'See also "/home/exomy/exomy_ws/exomy_ws_ros/exomy_ws/build/realsense_ros_gazebo/CMakeFiles/CMakeOutput.log".\n'}
[0.999071] (realsense_ros_gazebo) JobEnded: {'identifier': 'realsense_ros_gazebo', 'rc': 'SIGINT'}
[1.003833] (-) TimerEvent: {}
[1.011954] (exomy) JobSkipped: {'identifier': 'exomy'}
[1.012094] (exomy_sim) JobSkipped: {'identifier': 'exomy_sim'}
[1.012144] (rover_gazebo_plugins) JobSkipped: {'identifier': 'rover_gazebo_plugins'}
[1.012186] (exomy_sim_launch) JobSkipped: {'identifier': 'exomy_sim_launch'}
[1.012228] (-) EventReactorShutdown: {}
