[0.079s] Invoking command in '/home/exomy/exomy_ws/exomy_ws_ros/exomy_ws/src/build/realsense_ros_gazebo': /usr/bin/cmake /home/exomy/exomy_ws/exomy_ws_ros/exomy_ws/src/realsense_ros_gazebo -DCATKIN_INSTALL_INTO_PREFIX_ROOT=0 -DCMAKE_INSTALL_PREFIX=/home/exomy/exomy_ws/exomy_ws_ros/exomy_ws/src/install/realsense_ros_gazebo
[0.148s] CMake Error at CMakeLists.txt:4 (find_package):
[0.149s]   By not providing "Findcatkin.cmake" in CMAKE_MODULE_PATH this project has
[0.149s]   asked CMake to find a package configuration file provided by "catkin", but
[0.149s]   CMake did not find one.
[0.149s] 
[0.150s]   Could not find a package configuration file provided by "catkin" with any
[0.150s]   of the following names:
[0.150s] 
[0.150s]     catkinConfig.cmake
[0.150s]     catkin-config.cmake
[0.150s] 
[0.151s]   Add the installation prefix of "catkin" to CMAKE_PREFIX_PATH or set
[0.151s]   "catkin_DIR" to a directory containing one of the above files.  If "catkin"
[0.151s]   provides a separate development package or SDK, be sure it has been
[0.151s]   installed.
[0.151s] 
[0.152s] 
[0.153s] -- Configuring incomplete, errors occurred!
[0.154s] See also "/home/exomy/exomy_ws/exomy_ws_ros/exomy_ws/src/build/realsense_ros_gazebo/CMakeFiles/CMakeOutput.log".
[0.160s] Invoked command in '/home/exomy/exomy_ws/exomy_ws_ros/exomy_ws/src/build/realsense_ros_gazebo' returned '1': /usr/bin/cmake /home/exomy/exomy_ws/exomy_ws_ros/exomy_ws/src/realsense_ros_gazebo -DCATKIN_INSTALL_INTO_PREFIX_ROOT=0 -DCMAKE_INSTALL_PREFIX=/home/exomy/exomy_ws/exomy_ws_ros/exomy_ws/src/install/realsense_ros_gazebo
