CMake Warning at CMakeLists.txt:53 (find_package):
  By not providing "Findoctomap_msgs.cmake" in CMAKE_MODULE_PATH this project
  has asked CMake to find a package configuration file provided by
  "octomap_msgs", but CMake did not find one.

  Could not find a package configuration file provided by "octomap_msgs" with
  any of the following names:

    octomap_msgsConfig.cmake
    octomap_msgs-config.cmake

  Add the installation prefix of "octomap_msgs" to CMAKE_PREFIX_PATH or set
  "octomap_msgs_DIR" to a directory containing one of the above files.  If
  "octomap_msgs" provides a separate development package or SDK, be sure it
  has been installed.


CMake Error at CMakeLists.txt:59 (find_package):
  By not providing "FindRTABMap.cmake" in CMAKE_MODULE_PATH this project has
  asked CMake to find a package configuration file provided by "RTABMap", but
  CMake did not find one.

  Could not find a package configuration file provided by "RTABMap"
  (requested version 0.20.18) with any of the following names:

    RTABMapConfig.cmake
    rtabmap-config.cmake

  Add the installation prefix of "RTABMap" to CMAKE_PREFIX_PATH or set
  "RTABMap_DIR" to a directory containing one of the above files.  If
  "RTABMap" provides a separate development package or SDK, be sure it has
  been installed.


