[0.922s] Invoking command in '/home/exomy/exomy_ws/exomy_ws_ros/exomy_ws/src/build/exomy_sim': CMAKE_PREFIX_PATH=/home/exomy/exomy_ws/exomy_ws_ros/exomy_ws/src/install/exomy_sim_msgs:/home/exomy/exomy_ws/exomy_ws_ros/exomy_ws/src/install/exomy_msgs:/home/exomy/exomy_ws/exomy_ws_ros/exomy_ws/src/install/rover_gazebo_plugins:/home/exomy/exomy_ws/exomy_ws_ros/exomy_ws/src/install/exomy_sim_launch:/home/exomy/exomy_ws/exomy_ws_ros/exomy_ws/src/install/exomy_sim:/home/exomy/exomy_ws/install/rover_gazebo_plugins:/home/exomy/exomy_ws/install/exomy_sim_launch:/home/exomy/exomy_ws/install/exomy_sim:/home/exomy/exomy_ws/install/exomy_sim_msgs:/home/exomy/exomy_ws/install/exomy_msgs:/home/exomy/exomy_ws/exomy_ws_ros/exomy_ws/install/rover_gazebo_plugins:/home/exomy/exomy_ws/exomy_ws_ros/exomy_ws/install/exomy_sim_launch:/home/exomy/exomy_ws/exomy_ws_ros/exomy_ws/install/exomy_sim:/home/exomy/exomy_ws/exomy_ws_ros/exomy_ws/install/exomy_sim_msgs:/home/exomy/exomy_ws/exomy_ws_ros/exomy_ws/install/exomy_msgs:/home/exomy/exomy_ws/exomy_ws_ros/exomy_ws/src/install/exomy:/home/exomy/exomy_ws/install/exomy:/home/exomy/exomy_ws/exomy_ws_ros/exomy_ws/install/exomy:/opt/ros/foxy LD_LIBRARY_PATH=/home/exomy/exomy_ws/exomy_ws_ros/exomy_ws/src/install/exomy_sim_msgs/lib:/home/exomy/exomy_ws/exomy_ws_ros/exomy_ws/src/install/exomy_msgs/lib:/home/exomy/exomy_ws/exomy_ws_ros/exomy_ws/src/install/rover_gazebo_plugins/lib:/home/exomy/exomy_ws/install/rover_gazebo_plugins/lib:/home/exomy/exomy_ws/install/exomy_sim_msgs/lib:/home/exomy/exomy_ws/install/exomy_msgs/lib:/home/exomy/exomy_ws/exomy_ws_ros/exomy_ws/install/rover_gazebo_plugins/lib:/home/exomy/exomy_ws/exomy_ws_ros/exomy_ws/install/exomy_sim_msgs/lib:/home/exomy/exomy_ws/exomy_ws_ros/exomy_ws/install/exomy_msgs/lib:/usr/lib/x86_64-linux-gnu/gazebo-11/plugins:/opt/ros/foxy/opt/yaml_cpp_vendor/lib:/opt/ros/foxy/opt/rviz_ogre_vendor/lib:/opt/ros/foxy/lib/x86_64-linux-gnu:/opt/ros/foxy/lib:/usr/lib/x86_64-linux-gnu/gazebo-11/plugins PYTHONPATH=/home/exomy/exomy_ws/exomy_ws_ros/exomy_ws/src/install/exomy_sim_msgs/lib/python3.8/site-packages:/home/exomy/exomy_ws/exomy_ws_ros/exomy_ws/src/install/exomy_msgs/lib/python3.8/site-packages:/home/exomy/exomy_ws/exomy_ws_ros/exomy_ws/src/install/exomy/lib/python3.8/site-packages:/home/exomy/exomy_ws/install/exomy_sim_msgs/lib/python3.8/site-packages:/home/exomy/exomy_ws/install/exomy/lib/python3.8/site-packages:/home/exomy/exomy_ws/install/exomy_msgs/lib/python3.8/site-packages:/home/exomy/exomy_ws/exomy_ws_ros/exomy_ws/install/exomy_sim_msgs/lib/python3.8/site-packages:/home/exomy/exomy_ws/exomy_ws_ros/exomy_ws/install/exomy/lib/python3.8/site-packages:/home/exomy/exomy_ws/exomy_ws_ros/exomy_ws/install/exomy_msgs/lib/python3.8/site-packages:/opt/ros/foxy/lib/python3.8/site-packages /usr/bin/cmake --build /home/exomy/exomy_ws/exomy_ws_ros/exomy_ws/src/build/exomy_sim -- -j4 -l4
[1.318s] [100%] Built target joint_command_node
[1.357s] Invoked command in '/home/exomy/exomy_ws/exomy_ws_ros/exomy_ws/src/build/exomy_sim' returned '0': CMAKE_PREFIX_PATH=/home/exomy/exomy_ws/exomy_ws_ros/exomy_ws/src/install/exomy_sim_msgs:/home/exomy/exomy_ws/exomy_ws_ros/exomy_ws/src/install/exomy_msgs:/home/exomy/exomy_ws/exomy_ws_ros/exomy_ws/src/install/rover_gazebo_plugins:/home/exomy/exomy_ws/exomy_ws_ros/exomy_ws/src/install/exomy_sim_launch:/home/exomy/exomy_ws/exomy_ws_ros/exomy_ws/src/install/exomy_sim:/home/exomy/exomy_ws/install/rover_gazebo_plugins:/home/exomy/exomy_ws/install/exomy_sim_launch:/home/exomy/exomy_ws/install/exomy_sim:/home/exomy/exomy_ws/install/exomy_sim_msgs:/home/exomy/exomy_ws/install/exomy_msgs:/home/exomy/exomy_ws/exomy_ws_ros/exomy_ws/install/rover_gazebo_plugins:/home/exomy/exomy_ws/exomy_ws_ros/exomy_ws/install/exomy_sim_launch:/home/exomy/exomy_ws/exomy_ws_ros/exomy_ws/install/exomy_sim:/home/exomy/exomy_ws/exomy_ws_ros/exomy_ws/install/exomy_sim_msgs:/home/exomy/exomy_ws/exomy_ws_ros/exomy_ws/install/exomy_msgs:/home/exomy/exomy_ws/exomy_ws_ros/exomy_ws/src/install/exomy:/home/exomy/exomy_ws/install/exomy:/home/exomy/exomy_ws/exomy_ws_ros/exomy_ws/install/exomy:/opt/ros/foxy LD_LIBRARY_PATH=/home/exomy/exomy_ws/exomy_ws_ros/exomy_ws/src/install/exomy_sim_msgs/lib:/home/exomy/exomy_ws/exomy_ws_ros/exomy_ws/src/install/exomy_msgs/lib:/home/exomy/exomy_ws/exomy_ws_ros/exomy_ws/src/install/rover_gazebo_plugins/lib:/home/exomy/exomy_ws/install/rover_gazebo_plugins/lib:/home/exomy/exomy_ws/install/exomy_sim_msgs/lib:/home/exomy/exomy_ws/install/exomy_msgs/lib:/home/exomy/exomy_ws/exomy_ws_ros/exomy_ws/install/rover_gazebo_plugins/lib:/home/exomy/exomy_ws/exomy_ws_ros/exomy_ws/install/exomy_sim_msgs/lib:/home/exomy/exomy_ws/exomy_ws_ros/exomy_ws/install/exomy_msgs/lib:/usr/lib/x86_64-linux-gnu/gazebo-11/plugins:/opt/ros/foxy/opt/yaml_cpp_vendor/lib:/opt/ros/foxy/opt/rviz_ogre_vendor/lib:/opt/ros/foxy/lib/x86_64-linux-gnu:/opt/ros/foxy/lib:/usr/lib/x86_64-linux-gnu/gazebo-11/plugins PYTHONPATH=/home/exomy/exomy_ws/exomy_ws_ros/exomy_ws/src/install/exomy_sim_msgs/lib/python3.8/site-packages:/home/exomy/exomy_ws/exomy_ws_ros/exomy_ws/src/install/exomy_msgs/lib/python3.8/site-packages:/home/exomy/exomy_ws/exomy_ws_ros/exomy_ws/src/install/exomy/lib/python3.8/site-packages:/home/exomy/exomy_ws/install/exomy_sim_msgs/lib/python3.8/site-packages:/home/exomy/exomy_ws/install/exomy/lib/python3.8/site-packages:/home/exomy/exomy_ws/install/exomy_msgs/lib/python3.8/site-packages:/home/exomy/exomy_ws/exomy_ws_ros/exomy_ws/install/exomy_sim_msgs/lib/python3.8/site-packages:/home/exomy/exomy_ws/exomy_ws_ros/exomy_ws/install/exomy/lib/python3.8/site-packages:/home/exomy/exomy_ws/exomy_ws_ros/exomy_ws/install/exomy_msgs/lib/python3.8/site-packages:/opt/ros/foxy/lib/python3.8/site-packages /usr/bin/cmake --build /home/exomy/exomy_ws/exomy_ws_ros/exomy_ws/src/build/exomy_sim -- -j4 -l4
[1.509s] Invoking command in '/home/exomy/exomy_ws/exomy_ws_ros/exomy_ws/src/build/exomy_sim': CMAKE_PREFIX_PATH=/home/exomy/exomy_ws/exomy_ws_ros/exomy_ws/src/install/exomy_sim_msgs:/home/exomy/exomy_ws/exomy_ws_ros/exomy_ws/src/install/exomy_msgs:/home/exomy/exomy_ws/exomy_ws_ros/exomy_ws/src/install/rover_gazebo_plugins:/home/exomy/exomy_ws/exomy_ws_ros/exomy_ws/src/install/exomy_sim_launch:/home/exomy/exomy_ws/exomy_ws_ros/exomy_ws/src/install/exomy_sim:/home/exomy/exomy_ws/install/rover_gazebo_plugins:/home/exomy/exomy_ws/install/exomy_sim_launch:/home/exomy/exomy_ws/install/exomy_sim:/home/exomy/exomy_ws/install/exomy_sim_msgs:/home/exomy/exomy_ws/install/exomy_msgs:/home/exomy/exomy_ws/exomy_ws_ros/exomy_ws/install/rover_gazebo_plugins:/home/exomy/exomy_ws/exomy_ws_ros/exomy_ws/install/exomy_sim_launch:/home/exomy/exomy_ws/exomy_ws_ros/exomy_ws/install/exomy_sim:/home/exomy/exomy_ws/exomy_ws_ros/exomy_ws/install/exomy_sim_msgs:/home/exomy/exomy_ws/exomy_ws_ros/exomy_ws/install/exomy_msgs:/home/exomy/exomy_ws/exomy_ws_ros/exomy_ws/src/install/exomy:/home/exomy/exomy_ws/install/exomy:/home/exomy/exomy_ws/exomy_ws_ros/exomy_ws/install/exomy:/opt/ros/foxy LD_LIBRARY_PATH=/home/exomy/exomy_ws/exomy_ws_ros/exomy_ws/src/install/exomy_sim_msgs/lib:/home/exomy/exomy_ws/exomy_ws_ros/exomy_ws/src/install/exomy_msgs/lib:/home/exomy/exomy_ws/exomy_ws_ros/exomy_ws/src/install/rover_gazebo_plugins/lib:/home/exomy/exomy_ws/install/rover_gazebo_plugins/lib:/home/exomy/exomy_ws/install/exomy_sim_msgs/lib:/home/exomy/exomy_ws/install/exomy_msgs/lib:/home/exomy/exomy_ws/exomy_ws_ros/exomy_ws/install/rover_gazebo_plugins/lib:/home/exomy/exomy_ws/exomy_ws_ros/exomy_ws/install/exomy_sim_msgs/lib:/home/exomy/exomy_ws/exomy_ws_ros/exomy_ws/install/exomy_msgs/lib:/usr/lib/x86_64-linux-gnu/gazebo-11/plugins:/opt/ros/foxy/opt/yaml_cpp_vendor/lib:/opt/ros/foxy/opt/rviz_ogre_vendor/lib:/opt/ros/foxy/lib/x86_64-linux-gnu:/opt/ros/foxy/lib:/usr/lib/x86_64-linux-gnu/gazebo-11/plugins PYTHONPATH=/home/exomy/exomy_ws/exomy_ws_ros/exomy_ws/src/install/exomy_sim_msgs/lib/python3.8/site-packages:/home/exomy/exomy_ws/exomy_ws_ros/exomy_ws/src/install/exomy_msgs/lib/python3.8/site-packages:/home/exomy/exomy_ws/exomy_ws_ros/exomy_ws/src/install/exomy/lib/python3.8/site-packages:/home/exomy/exomy_ws/install/exomy_sim_msgs/lib/python3.8/site-packages:/home/exomy/exomy_ws/install/exomy/lib/python3.8/site-packages:/home/exomy/exomy_ws/install/exomy_msgs/lib/python3.8/site-packages:/home/exomy/exomy_ws/exomy_ws_ros/exomy_ws/install/exomy_sim_msgs/lib/python3.8/site-packages:/home/exomy/exomy_ws/exomy_ws_ros/exomy_ws/install/exomy/lib/python3.8/site-packages:/home/exomy/exomy_ws/exomy_ws_ros/exomy_ws/install/exomy_msgs/lib/python3.8/site-packages:/opt/ros/foxy/lib/python3.8/site-packages /usr/bin/cmake --install /home/exomy/exomy_ws/exomy_ws_ros/exomy_ws/src/build/exomy_sim
[1.545s] -- Install configuration: ""
[1.546s] -- Up-to-date: /home/exomy/exomy_ws/exomy_ws_ros/exomy_ws/src/install/exomy_sim/share/exomy_sim/config
[1.547s] -- Up-to-date: /home/exomy/exomy_ws/exomy_ws_ros/exomy_ws/src/install/exomy_sim/share/exomy_sim/config/joint_names_exomy_model.yaml
[1.548s] -- Up-to-date: /home/exomy/exomy_ws/exomy_ws_ros/exomy_ws/src/install/exomy_sim/share/exomy_sim/rviz
[1.548s] -- Up-to-date: /home/exomy/exomy_ws/exomy_ws_ros/exomy_ws/src/install/exomy_sim/share/exomy_sim/rviz/simulation.rviz
[1.549s] -- Up-to-date: /home/exomy/exomy_ws/exomy_ws_ros/exomy_ws/src/install/exomy_sim/share/exomy_sim/models
[1.551s] -- Up-to-date: /home/exomy/exomy_ws/exomy_ws_ros/exomy_ws/src/install/exomy_sim/share/exomy_sim/models/exomy_model
[1.552s] -- Up-to-date: /home/exomy/exomy_ws/exomy_ws_ros/exomy_ws/src/install/exomy_sim/share/exomy_sim/models/exomy_model/exomy_model.urdf
[1.553s] -- Up-to-date: /home/exomy/exomy_ws/exomy_ws_ros/exomy_ws/src/install/exomy_sim/share/exomy_sim/models/exomy_model/meshes
[1.555s] -- Up-to-date: /home/exomy/exomy_ws/exomy_ws_ros/exomy_ws/src/install/exomy_sim/share/exomy_sim/models/exomy_model/meshes/DRV_LM_link.STL
[1.557s] -- Up-to-date: /home/exomy/exomy_ws/exomy_ws_ros/exomy_ws/src/install/exomy_sim/share/exomy_sim/models/exomy_model/meshes/STR_RR_link.STL
[1.558s] -- Up-to-date: /home/exomy/exomy_ws/exomy_ws_ros/exomy_ws/src/install/exomy_sim/share/exomy_sim/models/exomy_model/meshes/STR_LF_link.STL
[1.558s] -- Up-to-date: /home/exomy/exomy_ws/exomy_ws_ros/exomy_ws/src/install/exomy_sim/share/exomy_sim/models/exomy_model/meshes/hat_link.STL
[1.559s] -- Up-to-date: /home/exomy/exomy_ws/exomy_ws_ros/exomy_ws/src/install/exomy_sim/share/exomy_sim/models/exomy_model/meshes/head_link.STL
[1.561s] -- Up-to-date: /home/exomy/exomy_ws/exomy_ws_ros/exomy_ws/src/install/exomy_sim/share/exomy_sim/models/exomy_model/meshes/pupil_left_link.STL
[1.564s] -- Up-to-date: /home/exomy/exomy_ws/exomy_ws_ros/exomy_ws/src/install/exomy_sim/share/exomy_sim/models/exomy_model/meshes/STR_LM_link.STL
[1.568s] -- Up-to-date: /home/exomy/exomy_ws/exomy_ws_ros/exomy_ws/src/install/exomy_sim/share/exomy_sim/models/exomy_model/meshes/DRV_RR_link.STL
[1.572s] -- Up-to-date: /home/exomy/exomy_ws/exomy_ws_ros/exomy_ws/src/install/exomy_sim/share/exomy_sim/models/exomy_model/meshes/base_link.STL
[1.573s] -- Up-to-date: /home/exomy/exomy_ws/exomy_ws_ros/exomy_ws/src/install/exomy_sim/share/exomy_sim/models/exomy_model/meshes/pupil_right_link.STL
[1.574s] -- Up-to-date: /home/exomy/exomy_ws/exomy_ws_ros/exomy_ws/src/install/exomy_sim/share/exomy_sim/models/exomy_model/meshes/STR_RF_link.STL
[1.580s] -- Up-to-date: /home/exomy/exomy_ws/exomy_ws_ros/exomy_ws/src/install/exomy_sim/share/exomy_sim/models/exomy_model/meshes/DRV_RF_link.STL
[1.581s] -- Up-to-date: /home/exomy/exomy_ws/exomy_ws_ros/exomy_ws/src/install/exomy_sim/share/exomy_sim/models/exomy_model/meshes/bling_link.STL
[1.583s] -- Up-to-date: /home/exomy/exomy_ws/exomy_ws_ros/exomy_ws/src/install/exomy_sim/share/exomy_sim/models/exomy_model/meshes/DRV_RM_link.STL
[1.583s] -- Up-to-date: /home/exomy/exomy_ws/exomy_ws_ros/exomy_ws/src/install/exomy_sim/share/exomy_sim/models/exomy_model/meshes/STR_RM_link.STL
[1.594s] -- Up-to-date: /home/exomy/exomy_ws/exomy_ws_ros/exomy_ws/src/install/exomy_sim/share/exomy_sim/models/exomy_model/meshes/DRV_LF_link.STL
[1.597s] -- Up-to-date: /home/exomy/exomy_ws/exomy_ws_ros/exomy_ws/src/install/exomy_sim/share/exomy_sim/models/exomy_model/meshes/cam_link.STL
[1.599s] -- Up-to-date: /home/exomy/exomy_ws/exomy_ws_ros/exomy_ws/src/install/exomy_sim/share/exomy_sim/models/exomy_model/meshes/MRB_link.STL
[1.604s] -- Up-to-date: /home/exomy/exomy_ws/exomy_ws_ros/exomy_ws/src/install/exomy_sim/share/exomy_sim/models/exomy_model/meshes/STR_LR_link.STL
[1.608s] -- Up-to-date: /home/exomy/exomy_ws/exomy_ws_ros/exomy_ws/src/install/exomy_sim/share/exomy_sim/models/exomy_model/meshes/LFB_link.STL
[1.609s] -- Up-to-date: /home/exomy/exomy_ws/exomy_ws_ros/exomy_ws/src/install/exomy_sim/share/exomy_sim/models/exomy_model/meshes/eyewhite_link.STL
[1.609s] -- Up-to-date: /home/exomy/exomy_ws/exomy_ws_ros/exomy_ws/src/install/exomy_sim/share/exomy_sim/models/exomy_model/meshes/DRV_LR_link.STL
[1.610s] -- Up-to-date: /home/exomy/exomy_ws/exomy_ws_ros/exomy_ws/src/install/exomy_sim/share/exomy_sim/models/exomy_model/meshes/RFB_link.STL
[1.610s] -- Up-to-date: /home/exomy/exomy_ws/exomy_ws_ros/exomy_ws/src/install/exomy_sim/share/exomy_sim/models/exomy_model/exomy_model.csv
[1.610s] -- Up-to-date: /home/exomy/exomy_ws/exomy_ws_ros/exomy_ws/src/install/exomy_sim/share/exomy_sim/models/exomy_model/model.config
[1.611s] -- Up-to-date: /home/exomy/exomy_ws/exomy_ws_ros/exomy_ws/src/install/exomy_sim/share/exomy_sim/models/mars_yard
[1.619s] -- Up-to-date: /home/exomy/exomy_ws/exomy_ws_ros/exomy_ws/src/install/exomy_sim/share/exomy_sim/models/mars_yard/meshes
[1.620s] -- Up-to-date: /home/exomy/exomy_ws/exomy_ws_ros/exomy_ws/src/install/exomy_sim/share/exomy_sim/models/mars_yard/meshes/PUTBOrtho.jpg
[1.621s] -- Up-to-date: /home/exomy/exomy_ws/exomy_ws_ros/exomy_ws/src/install/exomy_sim/share/exomy_sim/models/mars_yard/meshes/mars_yard.dae
[1.624s] -- Up-to-date: /home/exomy/exomy_ws/exomy_ws_ros/exomy_ws/src/install/exomy_sim/share/exomy_sim/models/mars_yard/model.config
[1.629s] -- Up-to-date: /home/exomy/exomy_ws/exomy_ws_ros/exomy_ws/src/install/exomy_sim/share/exomy_sim/models/mars_yard/model
[1.630s] -- Up-to-date: /home/exomy/exomy_ws/exomy_ws_ros/exomy_ws/src/install/exomy_sim/share/exomy_sim/models/mars_yard/model/lab_terrain.blend
[1.631s] -- Up-to-date: /home/exomy/exomy_ws/exomy_ws_ros/exomy_ws/src/install/exomy_sim/share/exomy_sim/models/mars_yard/model.sdf
[1.632s] -- Up-to-date: /home/exomy/exomy_ws/exomy_ws_ros/exomy_ws/src/install/exomy_sim/share/exomy_sim/models/curiosity
[1.633s] -- Up-to-date: /home/exomy/exomy_ws/exomy_ws_ros/exomy_ws/src/install/exomy_sim/share/exomy_sim/models/curiosity/meshes
[1.635s] -- Up-to-date: /home/exomy/exomy_ws/exomy_ws_ros/exomy_ws/src/install/exomy_sim/share/exomy_sim/models/curiosity/meshes/curiosity.stl
[1.636s] -- Up-to-date: /home/exomy/exomy_ws/exomy_ws_ros/exomy_ws/src/install/exomy_sim/share/exomy_sim/models/curiosity/model.config
[1.637s] -- Up-to-date: /home/exomy/exomy_ws/exomy_ws_ros/exomy_ws/src/install/exomy_sim/share/exomy_sim/models/curiosity/model.sdf
[1.637s] -- Up-to-date: /home/exomy/exomy_ws/exomy_ws_ros/exomy_ws/src/install/exomy_sim/share/exomy_sim/worlds
[1.638s] -- Up-to-date: /home/exomy/exomy_ws/exomy_ws_ros/exomy_ws/src/install/exomy_sim/share/exomy_sim/worlds/mars_yard.world
[1.639s] -- Up-to-date: /home/exomy/exomy_ws/exomy_ws_ros/exomy_ws/src/install/exomy_sim/share/exomy_sim/worlds/empty.world
[1.640s] -- Up-to-date: /home/exomy/exomy_ws/exomy_ws_ros/exomy_ws/src/install/exomy_sim/share/exomy_sim/worlds/curiosity.world
[1.640s] -- Up-to-date: /home/exomy/exomy_ws/exomy_ws_ros/exomy_ws/src/install/exomy_sim/lib/exomy_sim/joint_command_node
[1.641s] -- Up-to-date: /home/exomy/exomy_ws/exomy_ws_ros/exomy_ws/src/install/exomy_sim/share/exomy_sim/environment/exomy_sim.sh
[1.641s] -- Up-to-date: /home/exomy/exomy_ws/exomy_ws_ros/exomy_ws/src/install/exomy_sim/share/exomy_sim/environment/exomy_sim.dsv
[1.642s] -- Up-to-date: /home/exomy/exomy_ws/exomy_ws_ros/exomy_ws/src/install/exomy_sim/share/ament_index/resource_index/package_run_dependencies/exomy_sim
[1.643s] -- Up-to-date: /home/exomy/exomy_ws/exomy_ws_ros/exomy_ws/src/install/exomy_sim/share/ament_index/resource_index/parent_prefix_path/exomy_sim
[1.643s] -- Up-to-date: /home/exomy/exomy_ws/exomy_ws_ros/exomy_ws/src/install/exomy_sim/share/exomy_sim/environment/ament_prefix_path.sh
[1.644s] -- Up-to-date: /home/exomy/exomy_ws/exomy_ws_ros/exomy_ws/src/install/exomy_sim/share/exomy_sim/environment/ament_prefix_path.dsv
[1.644s] -- Up-to-date: /home/exomy/exomy_ws/exomy_ws_ros/exomy_ws/src/install/exomy_sim/share/exomy_sim/environment/path.sh
[1.645s] -- Up-to-date: /home/exomy/exomy_ws/exomy_ws_ros/exomy_ws/src/install/exomy_sim/share/exomy_sim/environment/path.dsv
[1.645s] -- Up-to-date: /home/exomy/exomy_ws/exomy_ws_ros/exomy_ws/src/install/exomy_sim/share/exomy_sim/local_setup.bash
[1.645s] -- Up-to-date: /home/exomy/exomy_ws/exomy_ws_ros/exomy_ws/src/install/exomy_sim/share/exomy_sim/local_setup.sh
[1.646s] -- Up-to-date: /home/exomy/exomy_ws/exomy_ws_ros/exomy_ws/src/install/exomy_sim/share/exomy_sim/local_setup.zsh
[1.646s] -- Up-to-date: /home/exomy/exomy_ws/exomy_ws_ros/exomy_ws/src/install/exomy_sim/share/exomy_sim/local_setup.dsv
[1.646s] -- Installing: /home/exomy/exomy_ws/exomy_ws_ros/exomy_ws/src/install/exomy_sim/share/exomy_sim/package.dsv
[1.646s] -- Up-to-date: /home/exomy/exomy_ws/exomy_ws_ros/exomy_ws/src/install/exomy_sim/share/ament_index/resource_index/packages/exomy_sim
[1.647s] -- Up-to-date: /home/exomy/exomy_ws/exomy_ws_ros/exomy_ws/src/install/exomy_sim/share/exomy_sim/cmake/exomy_simConfig.cmake
[1.649s] -- Up-to-date: /home/exomy/exomy_ws/exomy_ws_ros/exomy_ws/src/install/exomy_sim/share/exomy_sim/cmake/exomy_simConfig-version.cmake
[1.651s] -- Up-to-date: /home/exomy/exomy_ws/exomy_ws_ros/exomy_ws/src/install/exomy_sim/share/exomy_sim/package.xml
[1.653s] Invoked command in '/home/exomy/exomy_ws/exomy_ws_ros/exomy_ws/src/build/exomy_sim' returned '0': CMAKE_PREFIX_PATH=/home/exomy/exomy_ws/exomy_ws_ros/exomy_ws/src/install/exomy_sim_msgs:/home/exomy/exomy_ws/exomy_ws_ros/exomy_ws/src/install/exomy_msgs:/home/exomy/exomy_ws/exomy_ws_ros/exomy_ws/src/install/rover_gazebo_plugins:/home/exomy/exomy_ws/exomy_ws_ros/exomy_ws/src/install/exomy_sim_launch:/home/exomy/exomy_ws/exomy_ws_ros/exomy_ws/src/install/exomy_sim:/home/exomy/exomy_ws/install/rover_gazebo_plugins:/home/exomy/exomy_ws/install/exomy_sim_launch:/home/exomy/exomy_ws/install/exomy_sim:/home/exomy/exomy_ws/install/exomy_sim_msgs:/home/exomy/exomy_ws/install/exomy_msgs:/home/exomy/exomy_ws/exomy_ws_ros/exomy_ws/install/rover_gazebo_plugins:/home/exomy/exomy_ws/exomy_ws_ros/exomy_ws/install/exomy_sim_launch:/home/exomy/exomy_ws/exomy_ws_ros/exomy_ws/install/exomy_sim:/home/exomy/exomy_ws/exomy_ws_ros/exomy_ws/install/exomy_sim_msgs:/home/exomy/exomy_ws/exomy_ws_ros/exomy_ws/install/exomy_msgs:/home/exomy/exomy_ws/exomy_ws_ros/exomy_ws/src/install/exomy:/home/exomy/exomy_ws/install/exomy:/home/exomy/exomy_ws/exomy_ws_ros/exomy_ws/install/exomy:/opt/ros/foxy LD_LIBRARY_PATH=/home/exomy/exomy_ws/exomy_ws_ros/exomy_ws/src/install/exomy_sim_msgs/lib:/home/exomy/exomy_ws/exomy_ws_ros/exomy_ws/src/install/exomy_msgs/lib:/home/exomy/exomy_ws/exomy_ws_ros/exomy_ws/src/install/rover_gazebo_plugins/lib:/home/exomy/exomy_ws/install/rover_gazebo_plugins/lib:/home/exomy/exomy_ws/install/exomy_sim_msgs/lib:/home/exomy/exomy_ws/install/exomy_msgs/lib:/home/exomy/exomy_ws/exomy_ws_ros/exomy_ws/install/rover_gazebo_plugins/lib:/home/exomy/exomy_ws/exomy_ws_ros/exomy_ws/install/exomy_sim_msgs/lib:/home/exomy/exomy_ws/exomy_ws_ros/exomy_ws/install/exomy_msgs/lib:/usr/lib/x86_64-linux-gnu/gazebo-11/plugins:/opt/ros/foxy/opt/yaml_cpp_vendor/lib:/opt/ros/foxy/opt/rviz_ogre_vendor/lib:/opt/ros/foxy/lib/x86_64-linux-gnu:/opt/ros/foxy/lib:/usr/lib/x86_64-linux-gnu/gazebo-11/plugins PYTHONPATH=/home/exomy/exomy_ws/exomy_ws_ros/exomy_ws/src/install/exomy_sim_msgs/lib/python3.8/site-packages:/home/exomy/exomy_ws/exomy_ws_ros/exomy_ws/src/install/exomy_msgs/lib/python3.8/site-packages:/home/exomy/exomy_ws/exomy_ws_ros/exomy_ws/src/install/exomy/lib/python3.8/site-packages:/home/exomy/exomy_ws/install/exomy_sim_msgs/lib/python3.8/site-packages:/home/exomy/exomy_ws/install/exomy/lib/python3.8/site-packages:/home/exomy/exomy_ws/install/exomy_msgs/lib/python3.8/site-packages:/home/exomy/exomy_ws/exomy_ws_ros/exomy_ws/install/exomy_sim_msgs/lib/python3.8/site-packages:/home/exomy/exomy_ws/exomy_ws_ros/exomy_ws/install/exomy/lib/python3.8/site-packages:/home/exomy/exomy_ws/exomy_ws_ros/exomy_ws/install/exomy_msgs/lib/python3.8/site-packages:/opt/ros/foxy/lib/python3.8/site-packages /usr/bin/cmake --install /home/exomy/exomy_ws/exomy_ws_ros/exomy_ws/src/build/exomy_sim
