[0.083s] Invoking command in '/home/exomy/exomy_ws/exomy_ws_ros/exomy_ws/src/build/exomy_sim_msgs': CMAKE_PREFIX_PATH=${CMAKE_PREFIX_PATH}:/home/exomy/exomy_ws/exomy_ws_ros/exomy_ws/src/install/exomy:/home/exomy/exomy_ws/exomy_ws_ros/exomy_ws/install/exomy:/home/exomy/exomy_ws/install/exomy:/opt/ros/foxy /usr/bin/cmake --build /home/exomy/exomy_ws/exomy_ws_ros/exomy_ws/src/build/exomy_sim_msgs -- -j4 -l4
[0.305s] [  2%] Built target exomy_sim_msgs__cpp
[0.319s] [ 12%] Built target exomy_sim_msgs__rosidl_generator_c
[0.455s] [ 23%] Built target exomy_sim_msgs__rosidl_typesupport_cpp
[0.499s] [ 33%] Built target exomy_sim_msgs__rosidl_typesupport_introspection_cpp
[0.509s] [ 43%] Built target exomy_sim_msgs__rosidl_typesupport_fastrtps_cpp
[0.530s] [ 53%] Built target exomy_sim_msgs__rosidl_typesupport_introspection_c
[0.584s] [ 64%] Built target exomy_sim_msgs__rosidl_typesupport_c
[0.630s] [ 74%] Built target exomy_sim_msgs__rosidl_typesupport_fastrtps_c
[0.694s] [ 74%] Built target exomy_sim_msgs
[0.777s] [ 76%] Built target exomy_sim_msgs__py
[0.890s] [ 84%] Built target exomy_sim_msgs__python
[1.076s] [ 92%] Built target exomy_sim_msgs__rosidl_typesupport_introspection_c__pyext
[1.077s] [ 94%] Built target exomy_sim_msgs__rosidl_typesupport_fastrtps_c__pyext
[1.094s] [100%] Built target exomy_sim_msgs__rosidl_typesupport_c__pyext
[1.151s] Invoked command in '/home/exomy/exomy_ws/exomy_ws_ros/exomy_ws/src/build/exomy_sim_msgs' returned '0': CMAKE_PREFIX_PATH=${CMAKE_PREFIX_PATH}:/home/exomy/exomy_ws/exomy_ws_ros/exomy_ws/src/install/exomy:/home/exomy/exomy_ws/exomy_ws_ros/exomy_ws/install/exomy:/home/exomy/exomy_ws/install/exomy:/opt/ros/foxy /usr/bin/cmake --build /home/exomy/exomy_ws/exomy_ws_ros/exomy_ws/src/build/exomy_sim_msgs -- -j4 -l4
[1.759s] Invoking command in '/home/exomy/exomy_ws/exomy_ws_ros/exomy_ws/src/build/exomy_sim_msgs': CMAKE_PREFIX_PATH=${CMAKE_PREFIX_PATH}:/home/exomy/exomy_ws/exomy_ws_ros/exomy_ws/src/install/exomy:/home/exomy/exomy_ws/exomy_ws_ros/exomy_ws/install/exomy:/home/exomy/exomy_ws/install/exomy:/opt/ros/foxy /usr/bin/cmake --install /home/exomy/exomy_ws/exomy_ws_ros/exomy_ws/src/build/exomy_sim_msgs
[1.789s] -- Install configuration: ""
[1.790s] -- Up-to-date: /home/exomy/exomy_ws/exomy_ws_ros/exomy_ws/src/install/exomy_sim_msgs/share/ament_index/resource_index/rosidl_interfaces/exomy_sim_msgs
[1.791s] -- Up-to-date: /home/exomy/exomy_ws/exomy_ws_ros/exomy_ws/src/install/exomy_sim_msgs/include/exomy_sim_msgs
[1.791s] -- Up-to-date: /home/exomy/exomy_ws/exomy_ws_ros/exomy_ws/src/install/exomy_sim_msgs/include/exomy_sim_msgs/msg
[1.792s] -- Up-to-date: /home/exomy/exomy_ws/exomy_ws_ros/exomy_ws/src/install/exomy_sim_msgs/include/exomy_sim_msgs/msg/joint_command_array.h
[1.792s] -- Up-to-date: /home/exomy/exomy_ws/exomy_ws_ros/exomy_ws/src/install/exomy_sim_msgs/include/exomy_sim_msgs/msg/rosidl_generator_c__visibility_control.h
[1.796s] -- Up-to-date: /home/exomy/exomy_ws/exomy_ws_ros/exomy_ws/src/install/exomy_sim_msgs/include/exomy_sim_msgs/msg/detail
[1.797s] -- Up-to-date: /home/exomy/exomy_ws/exomy_ws_ros/exomy_ws/src/install/exomy_sim_msgs/include/exomy_sim_msgs/msg/detail/joint_command__functions.c
[1.797s] -- Up-to-date: /home/exomy/exomy_ws/exomy_ws_ros/exomy_ws/src/install/exomy_sim_msgs/include/exomy_sim_msgs/msg/detail/joint_command__functions.h
[1.797s] -- Up-to-date: /home/exomy/exomy_ws/exomy_ws_ros/exomy_ws/src/install/exomy_sim_msgs/include/exomy_sim_msgs/msg/detail/joint_command_array__functions.h
[1.797s] -- Up-to-date: /home/exomy/exomy_ws/exomy_ws_ros/exomy_ws/src/install/exomy_sim_msgs/include/exomy_sim_msgs/msg/detail/joint_command__type_support.h
[1.798s] -- Up-to-date: /home/exomy/exomy_ws/exomy_ws_ros/exomy_ws/src/install/exomy_sim_msgs/include/exomy_sim_msgs/msg/detail/joint_command_array__struct.h
[1.798s] -- Up-to-date: /home/exomy/exomy_ws/exomy_ws_ros/exomy_ws/src/install/exomy_sim_msgs/include/exomy_sim_msgs/msg/detail/joint_command_array__functions.c
[1.798s] -- Up-to-date: /home/exomy/exomy_ws/exomy_ws_ros/exomy_ws/src/install/exomy_sim_msgs/include/exomy_sim_msgs/msg/detail/joint_command_array__type_support.h
[1.798s] -- Up-to-date: /home/exomy/exomy_ws/exomy_ws_ros/exomy_ws/src/install/exomy_sim_msgs/include/exomy_sim_msgs/msg/detail/joint_command__struct.h
[1.798s] -- Up-to-date: /home/exomy/exomy_ws/exomy_ws_ros/exomy_ws/src/install/exomy_sim_msgs/include/exomy_sim_msgs/msg/joint_command.h
[1.798s] -- Up-to-date: /home/exomy/exomy_ws/exomy_ws_ros/exomy_ws/src/install/exomy_sim_msgs/share/exomy_sim_msgs/environment/library_path.sh
[1.799s] -- Up-to-date: /home/exomy/exomy_ws/exomy_ws_ros/exomy_ws/src/install/exomy_sim_msgs/share/exomy_sim_msgs/environment/library_path.dsv
[1.799s] -- Up-to-date: /home/exomy/exomy_ws/exomy_ws_ros/exomy_ws/src/install/exomy_sim_msgs/lib/libexomy_sim_msgs__rosidl_generator_c.so
[1.799s] -- Up-to-date: /home/exomy/exomy_ws/exomy_ws_ros/exomy_ws/src/install/exomy_sim_msgs/include/exomy_sim_msgs
[1.799s] -- Up-to-date: /home/exomy/exomy_ws/exomy_ws_ros/exomy_ws/src/install/exomy_sim_msgs/include/exomy_sim_msgs/msg
[1.799s] -- Up-to-date: /home/exomy/exomy_ws/exomy_ws_ros/exomy_ws/src/install/exomy_sim_msgs/include/exomy_sim_msgs/msg/rosidl_typesupport_fastrtps_c__visibility_control.h
[1.799s] -- Up-to-date: /home/exomy/exomy_ws/exomy_ws_ros/exomy_ws/src/install/exomy_sim_msgs/include/exomy_sim_msgs/msg/detail
[1.799s] -- Up-to-date: /home/exomy/exomy_ws/exomy_ws_ros/exomy_ws/src/install/exomy_sim_msgs/include/exomy_sim_msgs/msg/detail/joint_command__rosidl_typesupport_fastrtps_c.h
[1.800s] -- Up-to-date: /home/exomy/exomy_ws/exomy_ws_ros/exomy_ws/src/install/exomy_sim_msgs/include/exomy_sim_msgs/msg/detail/joint_command_array__rosidl_typesupport_fastrtps_c.h
[1.801s] -- Up-to-date: /home/exomy/exomy_ws/exomy_ws_ros/exomy_ws/src/install/exomy_sim_msgs/lib/libexomy_sim_msgs__rosidl_typesupport_fastrtps_c.so
[1.801s] -- Up-to-date: /home/exomy/exomy_ws/exomy_ws_ros/exomy_ws/src/install/exomy_sim_msgs/include/exomy_sim_msgs
[1.801s] -- Up-to-date: /home/exomy/exomy_ws/exomy_ws_ros/exomy_ws/src/install/exomy_sim_msgs/include/exomy_sim_msgs/msg
[1.802s] -- Up-to-date: /home/exomy/exomy_ws/exomy_ws_ros/exomy_ws/src/install/exomy_sim_msgs/include/exomy_sim_msgs/msg/rosidl_typesupport_fastrtps_cpp__visibility_control.h
[1.802s] -- Up-to-date: /home/exomy/exomy_ws/exomy_ws_ros/exomy_ws/src/install/exomy_sim_msgs/include/exomy_sim_msgs/msg/detail
[1.803s] -- Up-to-date: /home/exomy/exomy_ws/exomy_ws_ros/exomy_ws/src/install/exomy_sim_msgs/include/exomy_sim_msgs/msg/detail/joint_command_array__rosidl_typesupport_fastrtps_cpp.hpp
[1.805s] -- Up-to-date: /home/exomy/exomy_ws/exomy_ws_ros/exomy_ws/src/install/exomy_sim_msgs/include/exomy_sim_msgs/msg/detail/dds_fastrtps
[1.806s] -- Up-to-date: /home/exomy/exomy_ws/exomy_ws_ros/exomy_ws/src/install/exomy_sim_msgs/include/exomy_sim_msgs/msg/detail/joint_command__rosidl_typesupport_fastrtps_cpp.hpp
[1.806s] -- Up-to-date: /home/exomy/exomy_ws/exomy_ws_ros/exomy_ws/src/install/exomy_sim_msgs/lib/libexomy_sim_msgs__rosidl_typesupport_fastrtps_cpp.so
[1.806s] -- Up-to-date: /home/exomy/exomy_ws/exomy_ws_ros/exomy_ws/src/install/exomy_sim_msgs/include/exomy_sim_msgs
[1.807s] -- Up-to-date: /home/exomy/exomy_ws/exomy_ws_ros/exomy_ws/src/install/exomy_sim_msgs/include/exomy_sim_msgs/msg
[1.807s] -- Up-to-date: /home/exomy/exomy_ws/exomy_ws_ros/exomy_ws/src/install/exomy_sim_msgs/include/exomy_sim_msgs/msg/rosidl_typesupport_introspection_c__visibility_control.h
[1.808s] -- Up-to-date: /home/exomy/exomy_ws/exomy_ws_ros/exomy_ws/src/install/exomy_sim_msgs/include/exomy_sim_msgs/msg/detail
[1.809s] -- Up-to-date: /home/exomy/exomy_ws/exomy_ws_ros/exomy_ws/src/install/exomy_sim_msgs/include/exomy_sim_msgs/msg/detail/joint_command_array__rosidl_typesupport_introspection_c.h
[1.810s] -- Up-to-date: /home/exomy/exomy_ws/exomy_ws_ros/exomy_ws/src/install/exomy_sim_msgs/include/exomy_sim_msgs/msg/detail/joint_command__rosidl_typesupport_introspection_c.h
[1.810s] -- Up-to-date: /home/exomy/exomy_ws/exomy_ws_ros/exomy_ws/src/install/exomy_sim_msgs/include/exomy_sim_msgs/msg/detail/joint_command__type_support.c
[1.810s] -- Up-to-date: /home/exomy/exomy_ws/exomy_ws_ros/exomy_ws/src/install/exomy_sim_msgs/include/exomy_sim_msgs/msg/detail/joint_command_array__type_support.c
[1.811s] -- Up-to-date: /home/exomy/exomy_ws/exomy_ws_ros/exomy_ws/src/install/exomy_sim_msgs/lib/libexomy_sim_msgs__rosidl_typesupport_introspection_c.so
[1.811s] -- Up-to-date: /home/exomy/exomy_ws/exomy_ws_ros/exomy_ws/src/install/exomy_sim_msgs/lib/libexomy_sim_msgs__rosidl_typesupport_c.so
[1.811s] -- Up-to-date: /home/exomy/exomy_ws/exomy_ws_ros/exomy_ws/src/install/exomy_sim_msgs/include/exomy_sim_msgs
[1.811s] -- Up-to-date: /home/exomy/exomy_ws/exomy_ws_ros/exomy_ws/src/install/exomy_sim_msgs/include/exomy_sim_msgs/msg
[1.812s] -- Up-to-date: /home/exomy/exomy_ws/exomy_ws_ros/exomy_ws/src/install/exomy_sim_msgs/include/exomy_sim_msgs/msg/joint_command_array.hpp
[1.816s] -- Up-to-date: /home/exomy/exomy_ws/exomy_ws_ros/exomy_ws/src/install/exomy_sim_msgs/include/exomy_sim_msgs/msg/joint_command.hpp
[1.816s] -- Up-to-date: /home/exomy/exomy_ws/exomy_ws_ros/exomy_ws/src/install/exomy_sim_msgs/include/exomy_sim_msgs/msg/detail
[1.818s] -- Up-to-date: /home/exomy/exomy_ws/exomy_ws_ros/exomy_ws/src/install/exomy_sim_msgs/include/exomy_sim_msgs/msg/detail/joint_command_array__struct.hpp
[1.818s] -- Up-to-date: /home/exomy/exomy_ws/exomy_ws_ros/exomy_ws/src/install/exomy_sim_msgs/include/exomy_sim_msgs/msg/detail/joint_command_array__builder.hpp
[1.820s] -- Up-to-date: /home/exomy/exomy_ws/exomy_ws_ros/exomy_ws/src/install/exomy_sim_msgs/include/exomy_sim_msgs/msg/detail/joint_command__struct.hpp
[1.820s] -- Up-to-date: /home/exomy/exomy_ws/exomy_ws_ros/exomy_ws/src/install/exomy_sim_msgs/include/exomy_sim_msgs/msg/detail/joint_command_array__traits.hpp
[1.822s] -- Up-to-date: /home/exomy/exomy_ws/exomy_ws_ros/exomy_ws/src/install/exomy_sim_msgs/include/exomy_sim_msgs/msg/detail/joint_command__traits.hpp
[1.823s] -- Up-to-date: /home/exomy/exomy_ws/exomy_ws_ros/exomy_ws/src/install/exomy_sim_msgs/include/exomy_sim_msgs/msg/detail/joint_command__builder.hpp
[1.823s] -- Up-to-date: /home/exomy/exomy_ws/exomy_ws_ros/exomy_ws/src/install/exomy_sim_msgs/include/exomy_sim_msgs
[1.824s] -- Up-to-date: /home/exomy/exomy_ws/exomy_ws_ros/exomy_ws/src/install/exomy_sim_msgs/include/exomy_sim_msgs/msg
[1.824s] -- Up-to-date: /home/exomy/exomy_ws/exomy_ws_ros/exomy_ws/src/install/exomy_sim_msgs/include/exomy_sim_msgs/msg/detail
[1.824s] -- Up-to-date: /home/exomy/exomy_ws/exomy_ws_ros/exomy_ws/src/install/exomy_sim_msgs/include/exomy_sim_msgs/msg/detail/joint_command__type_support.cpp
[1.826s] -- Up-to-date: /home/exomy/exomy_ws/exomy_ws_ros/exomy_ws/src/install/exomy_sim_msgs/include/exomy_sim_msgs/msg/detail/joint_command__rosidl_typesupport_introspection_cpp.hpp
[1.826s] -- Up-to-date: /home/exomy/exomy_ws/exomy_ws_ros/exomy_ws/src/install/exomy_sim_msgs/include/exomy_sim_msgs/msg/detail/joint_command_array__rosidl_typesupport_introspection_cpp.hpp
[1.826s] -- Up-to-date: /home/exomy/exomy_ws/exomy_ws_ros/exomy_ws/src/install/exomy_sim_msgs/include/exomy_sim_msgs/msg/detail/joint_command_array__type_support.cpp
[1.827s] -- Up-to-date: /home/exomy/exomy_ws/exomy_ws_ros/exomy_ws/src/install/exomy_sim_msgs/lib/libexomy_sim_msgs__rosidl_typesupport_introspection_cpp.so
[1.827s] -- Up-to-date: /home/exomy/exomy_ws/exomy_ws_ros/exomy_ws/src/install/exomy_sim_msgs/lib/libexomy_sim_msgs__rosidl_typesupport_cpp.so
[1.827s] -- Up-to-date: /home/exomy/exomy_ws/exomy_ws_ros/exomy_ws/src/install/exomy_sim_msgs/share/exomy_sim_msgs/environment/pythonpath.sh
[1.827s] -- Up-to-date: /home/exomy/exomy_ws/exomy_ws_ros/exomy_ws/src/install/exomy_sim_msgs/share/exomy_sim_msgs/environment/pythonpath.dsv
[1.827s] -- Up-to-date: /home/exomy/exomy_ws/exomy_ws_ros/exomy_ws/src/install/exomy_sim_msgs/lib/python3.8/site-packages/exomy_sim_msgs/__init__.py
[1.939s] -- Up-to-date: /home/exomy/exomy_ws/exomy_ws_ros/exomy_ws/src/install/exomy_sim_msgs/lib/python3.8/site-packages/exomy_sim_msgs/msg
[1.941s] -- Up-to-date: /home/exomy/exomy_ws/exomy_ws_ros/exomy_ws/src/install/exomy_sim_msgs/lib/python3.8/site-packages/exomy_sim_msgs/msg/__init__.py
[1.941s] -- Up-to-date: /home/exomy/exomy_ws/exomy_ws_ros/exomy_ws/src/install/exomy_sim_msgs/lib/python3.8/site-packages/exomy_sim_msgs/msg/_joint_command.py
[1.942s] -- Up-to-date: /home/exomy/exomy_ws/exomy_ws_ros/exomy_ws/src/install/exomy_sim_msgs/lib/python3.8/site-packages/exomy_sim_msgs/msg/_joint_command_array_s.c
[1.942s] -- Up-to-date: /home/exomy/exomy_ws/exomy_ws_ros/exomy_ws/src/install/exomy_sim_msgs/lib/python3.8/site-packages/exomy_sim_msgs/msg/_joint_command_s.c
[1.942s] -- Up-to-date: /home/exomy/exomy_ws/exomy_ws_ros/exomy_ws/src/install/exomy_sim_msgs/lib/python3.8/site-packages/exomy_sim_msgs/msg/_joint_command_array.py
[1.943s] -- Up-to-date: /home/exomy/exomy_ws/exomy_ws_ros/exomy_ws/src/install/exomy_sim_msgs/lib/python3.8/site-packages/exomy_sim_msgs/exomy_sim_msgs_s__rosidl_typesupport_fastrtps_c.cpython-38-x86_64-linux-gnu.so
[1.945s] -- Up-to-date: /home/exomy/exomy_ws/exomy_ws_ros/exomy_ws/src/install/exomy_sim_msgs/lib/python3.8/site-packages/exomy_sim_msgs/exomy_sim_msgs_s__rosidl_typesupport_introspection_c.cpython-38-x86_64-linux-gnu.so
[1.946s] -- Up-to-date: /home/exomy/exomy_ws/exomy_ws_ros/exomy_ws/src/install/exomy_sim_msgs/lib/python3.8/site-packages/exomy_sim_msgs/exomy_sim_msgs_s__rosidl_typesupport_c.cpython-38-x86_64-linux-gnu.so
[1.948s] -- Up-to-date: /home/exomy/exomy_ws/exomy_ws_ros/exomy_ws/src/install/exomy_sim_msgs/lib/libexomy_sim_msgs__python.so
[1.952s] -- Up-to-date: /home/exomy/exomy_ws/exomy_ws_ros/exomy_ws/src/install/exomy_sim_msgs/share/exomy_sim_msgs/msg/JointCommand.idl
[1.952s] -- Up-to-date: /home/exomy/exomy_ws/exomy_ws_ros/exomy_ws/src/install/exomy_sim_msgs/share/exomy_sim_msgs/msg/JointCommandArray.idl
[1.952s] -- Up-to-date: /home/exomy/exomy_ws/exomy_ws_ros/exomy_ws/src/install/exomy_sim_msgs/share/exomy_sim_msgs/msg/JointCommand.msg
[1.953s] -- Up-to-date: /home/exomy/exomy_ws/exomy_ws_ros/exomy_ws/src/install/exomy_sim_msgs/share/exomy_sim_msgs/msg/JointCommandArray.msg
[1.954s] -- Up-to-date: /home/exomy/exomy_ws/exomy_ws_ros/exomy_ws/src/install/exomy_sim_msgs/share/ament_index/resource_index/package_run_dependencies/exomy_sim_msgs
[1.955s] -- Up-to-date: /home/exomy/exomy_ws/exomy_ws_ros/exomy_ws/src/install/exomy_sim_msgs/share/ament_index/resource_index/parent_prefix_path/exomy_sim_msgs
[1.955s] -- Up-to-date: /home/exomy/exomy_ws/exomy_ws_ros/exomy_ws/src/install/exomy_sim_msgs/share/exomy_sim_msgs/environment/ament_prefix_path.sh
[1.956s] -- Up-to-date: /home/exomy/exomy_ws/exomy_ws_ros/exomy_ws/src/install/exomy_sim_msgs/share/exomy_sim_msgs/environment/ament_prefix_path.dsv
[1.956s] -- Up-to-date: /home/exomy/exomy_ws/exomy_ws_ros/exomy_ws/src/install/exomy_sim_msgs/share/exomy_sim_msgs/environment/path.sh
[1.956s] -- Up-to-date: /home/exomy/exomy_ws/exomy_ws_ros/exomy_ws/src/install/exomy_sim_msgs/share/exomy_sim_msgs/environment/path.dsv
[1.957s] -- Up-to-date: /home/exomy/exomy_ws/exomy_ws_ros/exomy_ws/src/install/exomy_sim_msgs/share/exomy_sim_msgs/local_setup.bash
[1.957s] -- Up-to-date: /home/exomy/exomy_ws/exomy_ws_ros/exomy_ws/src/install/exomy_sim_msgs/share/exomy_sim_msgs/local_setup.sh
[1.957s] -- Up-to-date: /home/exomy/exomy_ws/exomy_ws_ros/exomy_ws/src/install/exomy_sim_msgs/share/exomy_sim_msgs/local_setup.zsh
[1.957s] -- Up-to-date: /home/exomy/exomy_ws/exomy_ws_ros/exomy_ws/src/install/exomy_sim_msgs/share/exomy_sim_msgs/local_setup.dsv
[1.958s] -- Installing: /home/exomy/exomy_ws/exomy_ws_ros/exomy_ws/src/install/exomy_sim_msgs/share/exomy_sim_msgs/package.dsv
[1.958s] -- Up-to-date: /home/exomy/exomy_ws/exomy_ws_ros/exomy_ws/src/install/exomy_sim_msgs/share/ament_index/resource_index/packages/exomy_sim_msgs
[1.958s] -- Up-to-date: /home/exomy/exomy_ws/exomy_ws_ros/exomy_ws/src/install/exomy_sim_msgs/share/exomy_sim_msgs/cmake/exomy_sim_msgs__rosidl_generator_cExport.cmake
[1.959s] -- Up-to-date: /home/exomy/exomy_ws/exomy_ws_ros/exomy_ws/src/install/exomy_sim_msgs/share/exomy_sim_msgs/cmake/exomy_sim_msgs__rosidl_generator_cExport-noconfig.cmake
[1.959s] -- Up-to-date: /home/exomy/exomy_ws/exomy_ws_ros/exomy_ws/src/install/exomy_sim_msgs/share/exomy_sim_msgs/cmake/exomy_sim_msgs__rosidl_typesupport_introspection_cExport.cmake
[1.959s] -- Up-to-date: /home/exomy/exomy_ws/exomy_ws_ros/exomy_ws/src/install/exomy_sim_msgs/share/exomy_sim_msgs/cmake/exomy_sim_msgs__rosidl_typesupport_introspection_cExport-noconfig.cmake
[1.959s] -- Up-to-date: /home/exomy/exomy_ws/exomy_ws_ros/exomy_ws/src/install/exomy_sim_msgs/share/exomy_sim_msgs/cmake/exomy_sim_msgs__rosidl_typesupport_cExport.cmake
[1.959s] -- Up-to-date: /home/exomy/exomy_ws/exomy_ws_ros/exomy_ws/src/install/exomy_sim_msgs/share/exomy_sim_msgs/cmake/exomy_sim_msgs__rosidl_typesupport_cExport-noconfig.cmake
[1.959s] -- Up-to-date: /home/exomy/exomy_ws/exomy_ws_ros/exomy_ws/src/install/exomy_sim_msgs/share/exomy_sim_msgs/cmake/exomy_sim_msgs__rosidl_generator_cppExport.cmake
[1.960s] -- Up-to-date: /home/exomy/exomy_ws/exomy_ws_ros/exomy_ws/src/install/exomy_sim_msgs/share/exomy_sim_msgs/cmake/exomy_sim_msgs__rosidl_typesupport_introspection_cppExport.cmake
[1.960s] -- Up-to-date: /home/exomy/exomy_ws/exomy_ws_ros/exomy_ws/src/install/exomy_sim_msgs/share/exomy_sim_msgs/cmake/exomy_sim_msgs__rosidl_typesupport_introspection_cppExport-noconfig.cmake
[1.960s] -- Up-to-date: /home/exomy/exomy_ws/exomy_ws_ros/exomy_ws/src/install/exomy_sim_msgs/share/exomy_sim_msgs/cmake/exomy_sim_msgs__rosidl_typesupport_cppExport.cmake
[1.960s] -- Up-to-date: /home/exomy/exomy_ws/exomy_ws_ros/exomy_ws/src/install/exomy_sim_msgs/share/exomy_sim_msgs/cmake/exomy_sim_msgs__rosidl_typesupport_cppExport-noconfig.cmake
[1.960s] -- Up-to-date: /home/exomy/exomy_ws/exomy_ws_ros/exomy_ws/src/install/exomy_sim_msgs/share/exomy_sim_msgs/cmake/rosidl_cmake-extras.cmake
[1.961s] -- Up-to-date: /home/exomy/exomy_ws/exomy_ws_ros/exomy_ws/src/install/exomy_sim_msgs/share/exomy_sim_msgs/cmake/ament_cmake_export_dependencies-extras.cmake
[1.961s] -- Up-to-date: /home/exomy/exomy_ws/exomy_ws_ros/exomy_ws/src/install/exomy_sim_msgs/share/exomy_sim_msgs/cmake/ament_cmake_export_libraries-extras.cmake
[1.961s] -- Up-to-date: /home/exomy/exomy_ws/exomy_ws_ros/exomy_ws/src/install/exomy_sim_msgs/share/exomy_sim_msgs/cmake/ament_cmake_export_targets-extras.cmake
[1.961s] -- Up-to-date: /home/exomy/exomy_ws/exomy_ws_ros/exomy_ws/src/install/exomy_sim_msgs/share/exomy_sim_msgs/cmake/ament_cmake_export_include_directories-extras.cmake
[1.962s] -- Up-to-date: /home/exomy/exomy_ws/exomy_ws_ros/exomy_ws/src/install/exomy_sim_msgs/share/exomy_sim_msgs/cmake/rosidl_cmake_export_typesupport_libraries-extras.cmake
[1.962s] -- Up-to-date: /home/exomy/exomy_ws/exomy_ws_ros/exomy_ws/src/install/exomy_sim_msgs/share/exomy_sim_msgs/cmake/rosidl_cmake_export_typesupport_targets-extras.cmake
[1.962s] -- Up-to-date: /home/exomy/exomy_ws/exomy_ws_ros/exomy_ws/src/install/exomy_sim_msgs/share/exomy_sim_msgs/cmake/exomy_sim_msgsConfig.cmake
[1.962s] -- Up-to-date: /home/exomy/exomy_ws/exomy_ws_ros/exomy_ws/src/install/exomy_sim_msgs/share/exomy_sim_msgs/cmake/exomy_sim_msgsConfig-version.cmake
[1.970s] -- Up-to-date: /home/exomy/exomy_ws/exomy_ws_ros/exomy_ws/src/install/exomy_sim_msgs/share/exomy_sim_msgs/package.xml
[1.985s] Invoked command in '/home/exomy/exomy_ws/exomy_ws_ros/exomy_ws/src/build/exomy_sim_msgs' returned '0': CMAKE_PREFIX_PATH=${CMAKE_PREFIX_PATH}:/home/exomy/exomy_ws/exomy_ws_ros/exomy_ws/src/install/exomy:/home/exomy/exomy_ws/exomy_ws_ros/exomy_ws/install/exomy:/home/exomy/exomy_ws/install/exomy:/opt/ros/foxy /usr/bin/cmake --install /home/exomy/exomy_ws/exomy_ws_ros/exomy_ws/src/build/exomy_sim_msgs
