[0.070s] Invoking command in '/home/exomy/exomy_ws/exomy_ws_ros/exomy_ws/src/build/realsense_gazebo_plugin': /usr/bin/cmake /home/exomy/exomy_ws/exomy_ws_ros/exomy_ws/src/realsense_gazebo_plugin -DCATKIN_INSTALL_INTO_PREFIX_ROOT=0 -DCATKIN_SYMLINK_INSTALL=ON -DCMAKE_INSTALL_PREFIX=/home/exomy/exomy_ws/exomy_ws_ros/exomy_ws/src/install/realsense_gazebo_plugin
[0.099s] -- Found ament_cmake: 0.9.9 (/opt/ros/foxy/share/ament_cmake/cmake)
[0.143s] -- Using PYTHON_EXECUTABLE: /usr/bin/python3
[0.395s] -- Found rclcpp: 2.4.1 (/opt/ros/foxy/share/rclcpp/cmake)
[0.452s] -- Using all available rosidl_typesupport_c: rosidl_typesupport_fastrtps_c;rosidl_typesupport_introspection_c
[0.460s] -- Found rosidl_adapter: 1.2.1 (/opt/ros/foxy/share/rosidl_adapter/cmake)
[0.694s] -- Using all available rosidl_typesupport_cpp: rosidl_typesupport_fastrtps_cpp;rosidl_typesupport_introspection_cpp
[0.802s] -- Found rmw_implementation_cmake: 1.0.3 (/opt/ros/foxy/share/rmw_implementation_cmake/cmake)
[0.806s] -- Using RMW implementation 'rmw_fastrtps_cpp' as default
[1.050s] -- Found gazebo_ros: 3.5.3 (/opt/ros/foxy/share/gazebo_ros/cmake)
[1.148s] -- Found DART: /usr/include (Required is at least version "6.6") found components: dart 
[1.211s] -- Found Protobuf: /usr/lib/x86_64-linux-gnu/libprotobuf.so;-lpthread (found version "3.6.1") 
[1.211s] -- Looking for ignition-math6 -- found version 6.9.2
[1.219s] -- Searching for dependencies of ignition-math6
[1.222s] -- Looking for OGRE...
[1.230s] -- Found Ogre Ghadamon (1.9.0)
[1.231s] -- Found OGRE: optimized;/usr/lib/x86_64-linux-gnu/libOgreMain.so;debug;/usr/lib/x86_64-linux-gnu/libOgreMain.so
[1.249s] -- Looking for OGRE_Paging...
[1.249s] -- Found OGRE_Paging: optimized;/usr/lib/x86_64-linux-gnu/libOgrePaging.so;debug;/usr/lib/x86_64-linux-gnu/libOgrePaging.so
[1.250s] -- Looking for OGRE_Terrain...
[1.250s] -- Found OGRE_Terrain: optimized;/usr/lib/x86_64-linux-gnu/libOgreTerrain.so;debug;/usr/lib/x86_64-linux-gnu/libOgreTerrain.so
[1.250s] -- Looking for OGRE_Property...
[1.251s] -- Found OGRE_Property: optimized;/usr/lib/x86_64-linux-gnu/libOgreProperty.so;debug;/usr/lib/x86_64-linux-gnu/libOgreProperty.so
[1.251s] -- Looking for OGRE_RTShaderSystem...
[1.252s] -- Found OGRE_RTShaderSystem: optimized;/usr/lib/x86_64-linux-gnu/libOgreRTShaderSystem.so;debug;/usr/lib/x86_64-linux-gnu/libOgreRTShaderSystem.so
[1.252s] -- Looking for OGRE_Volume...
[1.252s] -- Found OGRE_Volume: optimized;/usr/lib/x86_64-linux-gnu/libOgreVolume.so;debug;/usr/lib/x86_64-linux-gnu/libOgreVolume.so
[1.253s] -- Looking for OGRE_Overlay...
[1.253s] -- Found OGRE_Overlay: optimized;/usr/lib/x86_64-linux-gnu/libOgreOverlay.so;debug;/usr/lib/x86_64-linux-gnu/libOgreOverlay.so
[1.482s] -- Looking for ignition-math6 -- found version 6.9.2
[1.483s] -- Looking for ignition-transport8 -- found version 8.2.1
[1.485s] -- Searching for dependencies of ignition-transport8
[1.526s] -- Found Protobuf: /usr/lib/x86_64-linux-gnu/libprotobuf.so;-lpthread (found suitable version "3.6.1", minimum required is "3") 
[1.554s] -- Config-file not installed for ZeroMQ -- checking for pkg-config
[1.561s] -- Checking for module 'libzmq >= 4'
[1.595s] --   Found libzmq , version 4.3.2
[1.683s] -- Checking for module 'uuid'
[1.725s] --   Found uuid, version 2.34.0
[1.840s] -- Looking for ignition-msgs5 -- found version 5.8.1
[1.841s] -- Searching for dependencies of ignition-msgs5
[1.898s] -- Looking for ignition-math6 -- found version 6.9.2
[1.906s] -- Checking for module 'tinyxml2'
[1.966s] --   Found tinyxml2, version 6.2.0
[2.070s] -- Looking for ignition-msgs5 -- found version 5.8.1
[2.071s] -- Looking for ignition-common3 -- found version 3.14.0
[2.072s] -- Searching for dependencies of ignition-common3
[2.072s] -- Looking for dlfcn.h - found
[2.073s] -- Looking for libdl - found
[2.091s] -- Searching for <ignition-common3> component [graphics]
[2.092s] -- Looking for ignition-common3-graphics -- found version 3.14.0
[2.094s] -- Searching for dependencies of ignition-common3-graphics
[2.095s] -- Looking for ignition-math6 -- found version 6.9.2
[2.098s] -- Looking for ignition-fuel_tools4 -- found version 4.4.0
[2.099s] -- Searching for dependencies of ignition-fuel_tools4
[2.150s] -- Checking for module 'jsoncpp'
[2.228s] --   Found jsoncpp, version 1.7.4
[2.355s] -- Checking for module 'libzip'
[2.384s] --   Found libzip, version 1.5.1
[2.463s] -- Looking for ignition-common3 -- found version 3.14.0
[2.464s] -- Looking for ignition-math6 -- found version 6.9.2
[2.466s] -- Looking for ignition-msgs5 -- found version 5.8.1
[2.468s] -- Gazebo version: 11.9
[2.476s] -- Found image_transport: 2.3.0 (/opt/ros/foxy/share/image_transport/cmake)
[2.810s] -- Found camera_info_manager: 2.3.0 (/opt/ros/foxy/share/camera_info_manager/cmake)
[2.843s] -- Setting yaml-cpp_DIR to: '/opt/ros/foxy/share/yaml_cpp_vendor/cmake/../../../opt/yaml_cpp_vendor/lib/cmake/yaml-cpp'
[3.073s] -- Found ament_lint_auto: 0.9.6 (/opt/ros/foxy/share/ament_lint_auto/cmake)
[3.211s] -- Configuring done
[3.300s] -- Generating done
[3.304s] CMake Warning:
[3.304s]   Manually-specified variables were not used by the project:
[3.304s] 
[3.305s]     CATKIN_SYMLINK_INSTALL
[3.305s] 
[3.305s] 
[3.307s] -- Build files have been written to: /home/exomy/exomy_ws/exomy_ws_ros/exomy_ws/src/build/realsense_gazebo_plugin
[3.325s] Invoked command in '/home/exomy/exomy_ws/exomy_ws_ros/exomy_ws/src/build/realsense_gazebo_plugin' returned '0': /usr/bin/cmake /home/exomy/exomy_ws/exomy_ws_ros/exomy_ws/src/realsense_gazebo_plugin -DCATKIN_INSTALL_INTO_PREFIX_ROOT=0 -DCATKIN_SYMLINK_INSTALL=ON -DCMAKE_INSTALL_PREFIX=/home/exomy/exomy_ws/exomy_ws_ros/exomy_ws/src/install/realsense_gazebo_plugin
[3.330s] Invoking command in '/home/exomy/exomy_ws/exomy_ws_ros/exomy_ws/src/build/realsense_gazebo_plugin': /usr/bin/cmake --build /home/exomy/exomy_ws/exomy_ws_ros/exomy_ws/src/build/realsense_gazebo_plugin
[3.523s] [100%] Built target realsense_gazebo_plugin
[3.548s] Invoked command in '/home/exomy/exomy_ws/exomy_ws_ros/exomy_ws/src/build/realsense_gazebo_plugin' returned '0': /usr/bin/cmake --build /home/exomy/exomy_ws/exomy_ws_ros/exomy_ws/src/build/realsense_gazebo_plugin
[3.711s] Invoking command in '/home/exomy/exomy_ws/exomy_ws_ros/exomy_ws/src/build/realsense_gazebo_plugin': /usr/bin/cmake --install /home/exomy/exomy_ws/exomy_ws_ros/exomy_ws/src/build/realsense_gazebo_plugin
[3.739s] -- Install configuration: ""
[3.740s] -- Up-to-date: /home/exomy/exomy_ws/exomy_ws_ros/exomy_ws/src/install/realsense_gazebo_plugin/lib/librealsense_gazebo_plugin.so
[3.741s] -- Up-to-date: /home/exomy/exomy_ws/exomy_ws_ros/exomy_ws/src/install/realsense_gazebo_plugin/include/
[3.742s] -- Up-to-date: /home/exomy/exomy_ws/exomy_ws_ros/exomy_ws/src/install/realsense_gazebo_plugin/include//realsense_gazebo_plugin
[3.743s] -- Up-to-date: /home/exomy/exomy_ws/exomy_ws_ros/exomy_ws/src/install/realsense_gazebo_plugin/include//realsense_gazebo_plugin/RealSensePlugin.h
[3.743s] -- Up-to-date: /home/exomy/exomy_ws/exomy_ws_ros/exomy_ws/src/install/realsense_gazebo_plugin/include//realsense_gazebo_plugin/gazebo_ros_realsense.h
[3.743s] -- Up-to-date: /home/exomy/exomy_ws/exomy_ws_ros/exomy_ws/src/install/realsense_gazebo_plugin/share/realsense_gazebo_plugin/environment/library_path.sh
[3.744s] -- Installing: /home/exomy/exomy_ws/exomy_ws_ros/exomy_ws/src/install/realsense_gazebo_plugin/share/realsense_gazebo_plugin/environment/library_path.dsv
[3.745s] -- Up-to-date: /home/exomy/exomy_ws/exomy_ws_ros/exomy_ws/src/install/realsense_gazebo_plugin/share/ament_index/resource_index/package_run_dependencies/realsense_gazebo_plugin
[3.745s] -- Up-to-date: /home/exomy/exomy_ws/exomy_ws_ros/exomy_ws/src/install/realsense_gazebo_plugin/share/ament_index/resource_index/parent_prefix_path/realsense_gazebo_plugin
[3.746s] -- Up-to-date: /home/exomy/exomy_ws/exomy_ws_ros/exomy_ws/src/install/realsense_gazebo_plugin/share/realsense_gazebo_plugin/environment/ament_prefix_path.sh
[3.746s] -- Installing: /home/exomy/exomy_ws/exomy_ws_ros/exomy_ws/src/install/realsense_gazebo_plugin/share/realsense_gazebo_plugin/environment/ament_prefix_path.dsv
[3.747s] -- Up-to-date: /home/exomy/exomy_ws/exomy_ws_ros/exomy_ws/src/install/realsense_gazebo_plugin/share/realsense_gazebo_plugin/environment/path.sh
[3.747s] -- Installing: /home/exomy/exomy_ws/exomy_ws_ros/exomy_ws/src/install/realsense_gazebo_plugin/share/realsense_gazebo_plugin/environment/path.dsv
[3.748s] -- Up-to-date: /home/exomy/exomy_ws/exomy_ws_ros/exomy_ws/src/install/realsense_gazebo_plugin/share/realsense_gazebo_plugin/local_setup.bash
[3.749s] -- Up-to-date: /home/exomy/exomy_ws/exomy_ws_ros/exomy_ws/src/install/realsense_gazebo_plugin/share/realsense_gazebo_plugin/local_setup.sh
[3.750s] -- Up-to-date: /home/exomy/exomy_ws/exomy_ws_ros/exomy_ws/src/install/realsense_gazebo_plugin/share/realsense_gazebo_plugin/local_setup.zsh
[3.750s] -- Installing: /home/exomy/exomy_ws/exomy_ws_ros/exomy_ws/src/install/realsense_gazebo_plugin/share/realsense_gazebo_plugin/local_setup.dsv
[3.753s] -- Installing: /home/exomy/exomy_ws/exomy_ws_ros/exomy_ws/src/install/realsense_gazebo_plugin/share/realsense_gazebo_plugin/package.dsv
[3.756s] -- Up-to-date: /home/exomy/exomy_ws/exomy_ws_ros/exomy_ws/src/install/realsense_gazebo_plugin/share/ament_index/resource_index/packages/realsense_gazebo_plugin
[3.757s] -- Up-to-date: /home/exomy/exomy_ws/exomy_ws_ros/exomy_ws/src/install/realsense_gazebo_plugin/share/realsense_gazebo_plugin/cmake/ament_cmake_export_include_directories-extras.cmake
[3.757s] -- Up-to-date: /home/exomy/exomy_ws/exomy_ws_ros/exomy_ws/src/install/realsense_gazebo_plugin/share/realsense_gazebo_plugin/cmake/ament_cmake_export_libraries-extras.cmake
[3.758s] -- Up-to-date: /home/exomy/exomy_ws/exomy_ws_ros/exomy_ws/src/install/realsense_gazebo_plugin/share/realsense_gazebo_plugin/cmake/realsense_gazebo_pluginConfig.cmake
[3.758s] -- Up-to-date: /home/exomy/exomy_ws/exomy_ws_ros/exomy_ws/src/install/realsense_gazebo_plugin/share/realsense_gazebo_plugin/cmake/realsense_gazebo_pluginConfig-version.cmake
[3.759s] -- Up-to-date: /home/exomy/exomy_ws/exomy_ws_ros/exomy_ws/src/install/realsense_gazebo_plugin/share/realsense_gazebo_plugin/package.xml
[3.763s] Invoked command in '/home/exomy/exomy_ws/exomy_ws_ros/exomy_ws/src/build/realsense_gazebo_plugin' returned '0': /usr/bin/cmake --install /home/exomy/exomy_ws/exomy_ws_ros/exomy_ws/src/build/realsense_gazebo_plugin
