[0.203s] DEBUG:colcon:Command line arguments: ['/usr/bin/colcon', 'build']
[0.203s] DEBUG:colcon:Parsed command line arguments: Namespace(allow_overriding=[], ament_cmake_args=None, base_paths=['.'], build_base='build', catkin_cmake_args=None, catkin_skip_building_tests=False, cmake_args=None, cmake_clean_cache=False, cmake_clean_first=False, cmake_force_configure=False, cmake_target=None, cmake_target_skip_unavailable=False, continue_on_error=False, event_handlers=None, executor='parallel', ignore_user_meta=False, install_base='install', log_base=None, log_level=None, main=<bound method BuildVerb.main of <colcon_core.verb.build.BuildVerb object at 0x7f7d0d24f2b0>>, merge_install=False, metas=['./colcon.meta'], mixin=None, mixin_files=None, mixin_verb=('build',), packages_above=None, packages_above_and_dependencies=None, packages_above_depth=None, packages_end=None, packages_ignore=None, packages_ignore_regex=None, packages_select=None, packages_select_build_failed=False, packages_select_by_dep=None, packages_select_regex=None, packages_select_test_failures=False, packages_skip=None, packages_skip_build_finished=False, packages_skip_by_dep=None, packages_skip_regex=None, packages_skip_test_passed=False, packages_skip_up_to=None, packages_start=None, packages_up_to=None, packages_up_to_regex=None, parallel_workers=2, paths=None, symlink_install=False, test_result_base=None, verb_extension=<colcon_core.verb.build.BuildVerb object at 0x7f7d0d24f2b0>, verb_name='build', verb_parser=<colcon_mixin.mixin.mixin_argument.MixinArgumentDecorator object at 0x7f7d0d24f910>)
[0.212s] Level 1:colcon.colcon_core.package_discovery:discover_packages(colcon_meta) check parameters
[0.213s] INFO:colcon.colcon_metadata.package_discovery.colcon_meta:Using configuration from '/root/.colcon/metadata/default/Gazebo.meta'
[0.214s] INFO:colcon.colcon_metadata.package_discovery.colcon_meta:Using configuration from '/root/.colcon/metadata/default/fastrtps.meta'
[0.214s] Level 1:colcon.colcon_core.package_discovery:discover_packages(recursive) check parameters
[0.214s] Level 1:colcon.colcon_core.package_discovery:discover_packages(ignore) check parameters
[0.214s] Level 1:colcon.colcon_core.package_discovery:discover_packages(path) check parameters
[0.214s] Level 1:colcon.colcon_core.package_discovery:discover_packages(colcon_meta) discover
[0.214s] Level 1:colcon.colcon_core.package_discovery:discover_packages(recursive) discover
[0.214s] INFO:colcon.colcon_core.package_discovery:Crawling recursively for packages in '/home/exomy/exomy_ws'
[0.214s] Level 1:colcon.colcon_core.package_identification:_identify(.) by extensions ['ignore', 'ignore_ament_install']
[0.214s] Level 1:colcon.colcon_core.package_identification:_identify(.) by extension 'ignore'
[0.214s] Level 1:colcon.colcon_core.package_identification:_identify(.) by extension 'ignore_ament_install'
[0.214s] Level 1:colcon.colcon_core.package_identification:_identify(.) by extensions ['colcon_pkg']
[0.214s] Level 1:colcon.colcon_core.package_identification:_identify(.) by extension 'colcon_pkg'
[0.214s] Level 1:colcon.colcon_core.package_identification:_identify(.) by extensions ['colcon_meta']
[0.214s] Level 1:colcon.colcon_core.package_identification:_identify(.) by extension 'colcon_meta'
[0.214s] Level 1:colcon.colcon_core.package_identification:_identify(.) by extensions ['ros']
[0.214s] Level 1:colcon.colcon_core.package_identification:_identify(.) by extension 'ros'
[0.224s] Level 1:colcon.colcon_core.package_identification:_identify(.) by extensions ['cmake', 'python']
[0.224s] Level 1:colcon.colcon_core.package_identification:_identify(.) by extension 'cmake'
[0.224s] Level 1:colcon.colcon_core.package_identification:_identify(.) by extension 'python'
[0.224s] Level 1:colcon.colcon_core.package_identification:_identify(.) by extensions ['python_setup_py']
[0.224s] Level 1:colcon.colcon_core.package_identification:_identify(.) by extension 'python_setup_py'
[0.224s] Level 1:colcon.colcon_core.package_identification:_identify(build) by extensions ['ignore', 'ignore_ament_install']
[0.224s] Level 1:colcon.colcon_core.package_identification:_identify(build) by extension 'ignore'
[0.224s] Level 1:colcon.colcon_core.package_identification:_identify(build) ignored
[0.224s] Level 1:colcon.colcon_core.package_identification:_identify(install) by extensions ['ignore', 'ignore_ament_install']
[0.224s] Level 1:colcon.colcon_core.package_identification:_identify(install) by extension 'ignore'
[0.224s] Level 1:colcon.colcon_core.package_identification:_identify(install) ignored
[0.225s] Level 1:colcon.colcon_core.package_identification:_identify(log) by extensions ['ignore', 'ignore_ament_install']
[0.225s] Level 1:colcon.colcon_core.package_identification:_identify(log) by extension 'ignore'
[0.225s] Level 1:colcon.colcon_core.package_identification:_identify(log) ignored
[0.225s] Level 1:colcon.colcon_core.package_identification:_identify(src) by extensions ['ignore', 'ignore_ament_install']
[0.225s] Level 1:colcon.colcon_core.package_identification:_identify(src) by extension 'ignore'
[0.225s] Level 1:colcon.colcon_core.package_identification:_identify(src) by extension 'ignore_ament_install'
[0.225s] Level 1:colcon.colcon_core.package_identification:_identify(src) by extensions ['colcon_pkg']
[0.225s] Level 1:colcon.colcon_core.package_identification:_identify(src) by extension 'colcon_pkg'
[0.225s] Level 1:colcon.colcon_core.package_identification:_identify(src) by extensions ['colcon_meta']
[0.225s] Level 1:colcon.colcon_core.package_identification:_identify(src) by extension 'colcon_meta'
[0.225s] Level 1:colcon.colcon_core.package_identification:_identify(src) by extensions ['ros']
[0.225s] Level 1:colcon.colcon_core.package_identification:_identify(src) by extension 'ros'
[0.225s] Level 1:colcon.colcon_core.package_identification:_identify(src) by extensions ['cmake', 'python']
[0.225s] Level 1:colcon.colcon_core.package_identification:_identify(src) by extension 'cmake'
[0.225s] Level 1:colcon.colcon_core.package_identification:_identify(src) by extension 'python'
[0.225s] Level 1:colcon.colcon_core.package_identification:_identify(src) by extensions ['python_setup_py']
[0.225s] Level 1:colcon.colcon_core.package_identification:_identify(src) by extension 'python_setup_py'
[0.226s] Level 1:colcon.colcon_core.package_identification:_identify(src/exomy) by extensions ['ignore', 'ignore_ament_install']
[0.226s] Level 1:colcon.colcon_core.package_identification:_identify(src/exomy) by extension 'ignore'
[0.226s] Level 1:colcon.colcon_core.package_identification:_identify(src/exomy) by extension 'ignore_ament_install'
[0.226s] Level 1:colcon.colcon_core.package_identification:_identify(src/exomy) by extensions ['colcon_pkg']
[0.226s] Level 1:colcon.colcon_core.package_identification:_identify(src/exomy) by extension 'colcon_pkg'
[0.226s] Level 1:colcon.colcon_core.package_identification:_identify(src/exomy) by extensions ['colcon_meta']
[0.226s] Level 1:colcon.colcon_core.package_identification:_identify(src/exomy) by extension 'colcon_meta'
[0.226s] Level 1:colcon.colcon_core.package_identification:_identify(src/exomy) by extensions ['ros']
[0.226s] Level 1:colcon.colcon_core.package_identification:_identify(src/exomy) by extension 'ros'
[0.228s] DEBUG:colcon.colcon_core.package_identification:Package 'src/exomy' with type 'ros.ament_python' and name 'exomy'
[0.228s] Level 1:colcon.colcon_core.package_identification:_identify(src/exomy_msgs) by extensions ['ignore', 'ignore_ament_install']
[0.228s] Level 1:colcon.colcon_core.package_identification:_identify(src/exomy_msgs) by extension 'ignore'
[0.228s] Level 1:colcon.colcon_core.package_identification:_identify(src/exomy_msgs) by extension 'ignore_ament_install'
[0.228s] Level 1:colcon.colcon_core.package_identification:_identify(src/exomy_msgs) by extensions ['colcon_pkg']
[0.228s] Level 1:colcon.colcon_core.package_identification:_identify(src/exomy_msgs) by extension 'colcon_pkg'
[0.228s] Level 1:colcon.colcon_core.package_identification:_identify(src/exomy_msgs) by extensions ['colcon_meta']
[0.229s] Level 1:colcon.colcon_core.package_identification:_identify(src/exomy_msgs) by extension 'colcon_meta'
[0.229s] Level 1:colcon.colcon_core.package_identification:_identify(src/exomy_msgs) by extensions ['ros']
[0.229s] Level 1:colcon.colcon_core.package_identification:_identify(src/exomy_msgs) by extension 'ros'
[0.229s] DEBUG:colcon.colcon_core.package_identification:Package 'src/exomy_msgs' with type 'ros.ament_cmake' and name 'exomy_msgs'
[0.229s] Level 1:colcon.colcon_core.package_identification:_identify(src/exomy_sim) by extensions ['ignore', 'ignore_ament_install']
[0.229s] Level 1:colcon.colcon_core.package_identification:_identify(src/exomy_sim) by extension 'ignore'
[0.229s] Level 1:colcon.colcon_core.package_identification:_identify(src/exomy_sim) by extension 'ignore_ament_install'
[0.229s] Level 1:colcon.colcon_core.package_identification:_identify(src/exomy_sim) by extensions ['colcon_pkg']
[0.229s] Level 1:colcon.colcon_core.package_identification:_identify(src/exomy_sim) by extension 'colcon_pkg'
[0.229s] Level 1:colcon.colcon_core.package_identification:_identify(src/exomy_sim) by extensions ['colcon_meta']
[0.229s] Level 1:colcon.colcon_core.package_identification:_identify(src/exomy_sim) by extension 'colcon_meta'
[0.229s] Level 1:colcon.colcon_core.package_identification:_identify(src/exomy_sim) by extensions ['ros']
[0.230s] Level 1:colcon.colcon_core.package_identification:_identify(src/exomy_sim) by extension 'ros'
[0.230s] DEBUG:colcon.colcon_core.package_identification:Package 'src/exomy_sim' with type 'ros.ament_cmake' and name 'exomy_sim'
[0.230s] Level 1:colcon.colcon_core.package_identification:_identify(src/exomy_sim_launch) by extensions ['ignore', 'ignore_ament_install']
[0.230s] Level 1:colcon.colcon_core.package_identification:_identify(src/exomy_sim_launch) by extension 'ignore'
[0.230s] Level 1:colcon.colcon_core.package_identification:_identify(src/exomy_sim_launch) by extension 'ignore_ament_install'
[0.231s] Level 1:colcon.colcon_core.package_identification:_identify(src/exomy_sim_launch) by extensions ['colcon_pkg']
[0.231s] Level 1:colcon.colcon_core.package_identification:_identify(src/exomy_sim_launch) by extension 'colcon_pkg'
[0.231s] Level 1:colcon.colcon_core.package_identification:_identify(src/exomy_sim_launch) by extensions ['colcon_meta']
[0.231s] Level 1:colcon.colcon_core.package_identification:_identify(src/exomy_sim_launch) by extension 'colcon_meta'
[0.231s] Level 1:colcon.colcon_core.package_identification:_identify(src/exomy_sim_launch) by extensions ['ros']
[0.231s] Level 1:colcon.colcon_core.package_identification:_identify(src/exomy_sim_launch) by extension 'ros'
[0.231s] DEBUG:colcon.colcon_core.package_identification:Package 'src/exomy_sim_launch' with type 'ros.ament_cmake' and name 'exomy_sim_launch'
[0.231s] Level 1:colcon.colcon_core.package_identification:_identify(src/exomy_sim_msgs) by extensions ['ignore', 'ignore_ament_install']
[0.231s] Level 1:colcon.colcon_core.package_identification:_identify(src/exomy_sim_msgs) by extension 'ignore'
[0.231s] Level 1:colcon.colcon_core.package_identification:_identify(src/exomy_sim_msgs) by extension 'ignore_ament_install'
[0.231s] Level 1:colcon.colcon_core.package_identification:_identify(src/exomy_sim_msgs) by extensions ['colcon_pkg']
[0.231s] Level 1:colcon.colcon_core.package_identification:_identify(src/exomy_sim_msgs) by extension 'colcon_pkg'
[0.231s] Level 1:colcon.colcon_core.package_identification:_identify(src/exomy_sim_msgs) by extensions ['colcon_meta']
[0.231s] Level 1:colcon.colcon_core.package_identification:_identify(src/exomy_sim_msgs) by extension 'colcon_meta'
[0.232s] Level 1:colcon.colcon_core.package_identification:_identify(src/exomy_sim_msgs) by extensions ['ros']
[0.232s] Level 1:colcon.colcon_core.package_identification:_identify(src/exomy_sim_msgs) by extension 'ros'
[0.232s] DEBUG:colcon.colcon_core.package_identification:Package 'src/exomy_sim_msgs' with type 'ros.ament_cmake' and name 'exomy_sim_msgs'
[0.232s] Level 1:colcon.colcon_core.package_identification:_identify(src/rover_gazebo_plugins) by extensions ['ignore', 'ignore_ament_install']
[0.232s] Level 1:colcon.colcon_core.package_identification:_identify(src/rover_gazebo_plugins) by extension 'ignore'
[0.232s] Level 1:colcon.colcon_core.package_identification:_identify(src/rover_gazebo_plugins) by extension 'ignore_ament_install'
[0.232s] Level 1:colcon.colcon_core.package_identification:_identify(src/rover_gazebo_plugins) by extensions ['colcon_pkg']
[0.232s] Level 1:colcon.colcon_core.package_identification:_identify(src/rover_gazebo_plugins) by extension 'colcon_pkg'
[0.232s] Level 1:colcon.colcon_core.package_identification:_identify(src/rover_gazebo_plugins) by extensions ['colcon_meta']
[0.232s] Level 1:colcon.colcon_core.package_identification:_identify(src/rover_gazebo_plugins) by extension 'colcon_meta'
[0.232s] Level 1:colcon.colcon_core.package_identification:_identify(src/rover_gazebo_plugins) by extensions ['ros']
[0.232s] Level 1:colcon.colcon_core.package_identification:_identify(src/rover_gazebo_plugins) by extension 'ros'
[0.233s] DEBUG:colcon.colcon_core.package_identification:Package 'src/rover_gazebo_plugins' with type 'ros.ament_cmake' and name 'rover_gazebo_plugins'
[0.233s] Level 1:colcon.colcon_core.package_discovery:discover_packages(recursive) using defaults
[0.233s] Level 1:colcon.colcon_core.package_discovery:discover_packages(ignore) discover
[0.233s] Level 1:colcon.colcon_core.package_discovery:discover_packages(ignore) using defaults
[0.233s] Level 1:colcon.colcon_core.package_discovery:discover_packages(path) discover
[0.233s] Level 1:colcon.colcon_core.package_discovery:discover_packages(path) using defaults
[0.255s] Level 5:colcon.colcon_core.verb:set package 'exomy_msgs' build argument 'cmake_args' from command line to 'None'
[0.255s] Level 5:colcon.colcon_core.verb:set package 'exomy_msgs' build argument 'cmake_target' from command line to 'None'
[0.256s] Level 5:colcon.colcon_core.verb:set package 'exomy_msgs' build argument 'cmake_target_skip_unavailable' from command line to 'False'
[0.256s] Level 5:colcon.colcon_core.verb:set package 'exomy_msgs' build argument 'cmake_clean_cache' from command line to 'False'
[0.256s] Level 5:colcon.colcon_core.verb:set package 'exomy_msgs' build argument 'cmake_clean_first' from command line to 'False'
[0.256s] Level 5:colcon.colcon_core.verb:set package 'exomy_msgs' build argument 'cmake_force_configure' from command line to 'False'
[0.256s] Level 5:colcon.colcon_core.verb:set package 'exomy_msgs' build argument 'ament_cmake_args' from command line to 'None'
[0.256s] Level 5:colcon.colcon_core.verb:set package 'exomy_msgs' build argument 'catkin_cmake_args' from command line to 'None'
[0.256s] Level 5:colcon.colcon_core.verb:set package 'exomy_msgs' build argument 'catkin_skip_building_tests' from command line to 'False'
[0.256s] DEBUG:colcon.colcon_core.verb:Building package 'exomy_msgs' with the following arguments: {'ament_cmake_args': None, 'build_base': '/home/exomy/exomy_ws/build/exomy_msgs', 'catkin_cmake_args': None, 'catkin_skip_building_tests': False, 'cmake_args': None, 'cmake_clean_cache': False, 'cmake_clean_first': False, 'cmake_force_configure': False, 'cmake_target': None, 'cmake_target_skip_unavailable': False, 'install_base': '/home/exomy/exomy_ws/install/exomy_msgs', 'merge_install': False, 'path': '/home/exomy/exomy_ws/src/exomy_msgs', 'symlink_install': False, 'test_result_base': None}
[0.256s] Level 5:colcon.colcon_core.verb:set package 'exomy_sim_msgs' build argument 'cmake_args' from command line to 'None'
[0.256s] Level 5:colcon.colcon_core.verb:set package 'exomy_sim_msgs' build argument 'cmake_target' from command line to 'None'
[0.256s] Level 5:colcon.colcon_core.verb:set package 'exomy_sim_msgs' build argument 'cmake_target_skip_unavailable' from command line to 'False'
[0.256s] Level 5:colcon.colcon_core.verb:set package 'exomy_sim_msgs' build argument 'cmake_clean_cache' from command line to 'False'
[0.256s] Level 5:colcon.colcon_core.verb:set package 'exomy_sim_msgs' build argument 'cmake_clean_first' from command line to 'False'
[0.256s] Level 5:colcon.colcon_core.verb:set package 'exomy_sim_msgs' build argument 'cmake_force_configure' from command line to 'False'
[0.256s] Level 5:colcon.colcon_core.verb:set package 'exomy_sim_msgs' build argument 'ament_cmake_args' from command line to 'None'
[0.256s] Level 5:colcon.colcon_core.verb:set package 'exomy_sim_msgs' build argument 'catkin_cmake_args' from command line to 'None'
[0.257s] Level 5:colcon.colcon_core.verb:set package 'exomy_sim_msgs' build argument 'catkin_skip_building_tests' from command line to 'False'
[0.257s] DEBUG:colcon.colcon_core.verb:Building package 'exomy_sim_msgs' with the following arguments: {'ament_cmake_args': None, 'build_base': '/home/exomy/exomy_ws/build/exomy_sim_msgs', 'catkin_cmake_args': None, 'catkin_skip_building_tests': False, 'cmake_args': None, 'cmake_clean_cache': False, 'cmake_clean_first': False, 'cmake_force_configure': False, 'cmake_target': None, 'cmake_target_skip_unavailable': False, 'install_base': '/home/exomy/exomy_ws/install/exomy_sim_msgs', 'merge_install': False, 'path': '/home/exomy/exomy_ws/src/exomy_sim_msgs', 'symlink_install': False, 'test_result_base': None}
[0.257s] Level 5:colcon.colcon_core.verb:set package 'exomy' build argument 'cmake_args' from command line to 'None'
[0.257s] Level 5:colcon.colcon_core.verb:set package 'exomy' build argument 'cmake_target' from command line to 'None'
[0.257s] Level 5:colcon.colcon_core.verb:set package 'exomy' build argument 'cmake_target_skip_unavailable' from command line to 'False'
[0.257s] Level 5:colcon.colcon_core.verb:set package 'exomy' build argument 'cmake_clean_cache' from command line to 'False'
[0.257s] Level 5:colcon.colcon_core.verb:set package 'exomy' build argument 'cmake_clean_first' from command line to 'False'
[0.257s] Level 5:colcon.colcon_core.verb:set package 'exomy' build argument 'cmake_force_configure' from command line to 'False'
[0.257s] Level 5:colcon.colcon_core.verb:set package 'exomy' build argument 'ament_cmake_args' from command line to 'None'
[0.257s] Level 5:colcon.colcon_core.verb:set package 'exomy' build argument 'catkin_cmake_args' from command line to 'None'
[0.257s] Level 5:colcon.colcon_core.verb:set package 'exomy' build argument 'catkin_skip_building_tests' from command line to 'False'
[0.257s] DEBUG:colcon.colcon_core.verb:Building package 'exomy' with the following arguments: {'ament_cmake_args': None, 'build_base': '/home/exomy/exomy_ws/build/exomy', 'catkin_cmake_args': None, 'catkin_skip_building_tests': False, 'cmake_args': None, 'cmake_clean_cache': False, 'cmake_clean_first': False, 'cmake_force_configure': False, 'cmake_target': None, 'cmake_target_skip_unavailable': False, 'install_base': '/home/exomy/exomy_ws/install/exomy', 'merge_install': False, 'path': '/home/exomy/exomy_ws/src/exomy', 'symlink_install': False, 'test_result_base': None}
[0.258s] Level 5:colcon.colcon_core.verb:set package 'exomy_sim' build argument 'cmake_args' from command line to 'None'
[0.258s] Level 5:colcon.colcon_core.verb:set package 'exomy_sim' build argument 'cmake_target' from command line to 'None'
[0.258s] Level 5:colcon.colcon_core.verb:set package 'exomy_sim' build argument 'cmake_target_skip_unavailable' from command line to 'False'
[0.258s] Level 5:colcon.colcon_core.verb:set package 'exomy_sim' build argument 'cmake_clean_cache' from command line to 'False'
[0.258s] Level 5:colcon.colcon_core.verb:set package 'exomy_sim' build argument 'cmake_clean_first' from command line to 'False'
[0.258s] Level 5:colcon.colcon_core.verb:set package 'exomy_sim' build argument 'cmake_force_configure' from command line to 'False'
[0.258s] Level 5:colcon.colcon_core.verb:set package 'exomy_sim' build argument 'ament_cmake_args' from command line to 'None'
[0.258s] Level 5:colcon.colcon_core.verb:set package 'exomy_sim' build argument 'catkin_cmake_args' from command line to 'None'
[0.258s] Level 5:colcon.colcon_core.verb:set package 'exomy_sim' build argument 'catkin_skip_building_tests' from command line to 'False'
[0.258s] DEBUG:colcon.colcon_core.verb:Building package 'exomy_sim' with the following arguments: {'ament_cmake_args': None, 'build_base': '/home/exomy/exomy_ws/build/exomy_sim', 'catkin_cmake_args': None, 'catkin_skip_building_tests': False, 'cmake_args': None, 'cmake_clean_cache': False, 'cmake_clean_first': False, 'cmake_force_configure': False, 'cmake_target': None, 'cmake_target_skip_unavailable': False, 'install_base': '/home/exomy/exomy_ws/install/exomy_sim', 'merge_install': False, 'path': '/home/exomy/exomy_ws/src/exomy_sim', 'symlink_install': False, 'test_result_base': None}
[0.259s] Level 5:colcon.colcon_core.verb:set package 'rover_gazebo_plugins' build argument 'cmake_args' from command line to 'None'
[0.259s] Level 5:colcon.colcon_core.verb:set package 'rover_gazebo_plugins' build argument 'cmake_target' from command line to 'None'
[0.259s] Level 5:colcon.colcon_core.verb:set package 'rover_gazebo_plugins' build argument 'cmake_target_skip_unavailable' from command line to 'False'
[0.259s] Level 5:colcon.colcon_core.verb:set package 'rover_gazebo_plugins' build argument 'cmake_clean_cache' from command line to 'False'
[0.259s] Level 5:colcon.colcon_core.verb:set package 'rover_gazebo_plugins' build argument 'cmake_clean_first' from command line to 'False'
[0.259s] Level 5:colcon.colcon_core.verb:set package 'rover_gazebo_plugins' build argument 'cmake_force_configure' from command line to 'False'
[0.259s] Level 5:colcon.colcon_core.verb:set package 'rover_gazebo_plugins' build argument 'ament_cmake_args' from command line to 'None'
[0.259s] Level 5:colcon.colcon_core.verb:set package 'rover_gazebo_plugins' build argument 'catkin_cmake_args' from command line to 'None'
[0.259s] Level 5:colcon.colcon_core.verb:set package 'rover_gazebo_plugins' build argument 'catkin_skip_building_tests' from command line to 'False'
[0.259s] DEBUG:colcon.colcon_core.verb:Building package 'rover_gazebo_plugins' with the following arguments: {'ament_cmake_args': None, 'build_base': '/home/exomy/exomy_ws/build/rover_gazebo_plugins', 'catkin_cmake_args': None, 'catkin_skip_building_tests': False, 'cmake_args': None, 'cmake_clean_cache': False, 'cmake_clean_first': False, 'cmake_force_configure': False, 'cmake_target': None, 'cmake_target_skip_unavailable': False, 'install_base': '/home/exomy/exomy_ws/install/rover_gazebo_plugins', 'merge_install': False, 'path': '/home/exomy/exomy_ws/src/rover_gazebo_plugins', 'symlink_install': False, 'test_result_base': None}
[0.259s] Level 5:colcon.colcon_core.verb:set package 'exomy_sim_launch' build argument 'cmake_args' from command line to 'None'
[0.259s] Level 5:colcon.colcon_core.verb:set package 'exomy_sim_launch' build argument 'cmake_target' from command line to 'None'
[0.259s] Level 5:colcon.colcon_core.verb:set package 'exomy_sim_launch' build argument 'cmake_target_skip_unavailable' from command line to 'False'
[0.259s] Level 5:colcon.colcon_core.verb:set package 'exomy_sim_launch' build argument 'cmake_clean_cache' from command line to 'False'
[0.259s] Level 5:colcon.colcon_core.verb:set package 'exomy_sim_launch' build argument 'cmake_clean_first' from command line to 'False'
[0.260s] Level 5:colcon.colcon_core.verb:set package 'exomy_sim_launch' build argument 'cmake_force_configure' from command line to 'False'
[0.260s] Level 5:colcon.colcon_core.verb:set package 'exomy_sim_launch' build argument 'ament_cmake_args' from command line to 'None'
[0.260s] Level 5:colcon.colcon_core.verb:set package 'exomy_sim_launch' build argument 'catkin_cmake_args' from command line to 'None'
[0.260s] Level 5:colcon.colcon_core.verb:set package 'exomy_sim_launch' build argument 'catkin_skip_building_tests' from command line to 'False'
[0.260s] DEBUG:colcon.colcon_core.verb:Building package 'exomy_sim_launch' with the following arguments: {'ament_cmake_args': None, 'build_base': '/home/exomy/exomy_ws/build/exomy_sim_launch', 'catkin_cmake_args': None, 'catkin_skip_building_tests': False, 'cmake_args': None, 'cmake_clean_cache': False, 'cmake_clean_first': False, 'cmake_force_configure': False, 'cmake_target': None, 'cmake_target_skip_unavailable': False, 'install_base': '/home/exomy/exomy_ws/install/exomy_sim_launch', 'merge_install': False, 'path': '/home/exomy/exomy_ws/src/exomy_sim_launch', 'symlink_install': False, 'test_result_base': None}
[0.262s] WARNING:colcon.colcon_ros.prefix_path.ament:The path '/home/exomy/exomy_ws/install/rover_gazebo_plugins' in the environment variable AMENT_PREFIX_PATH doesn't exist
[0.262s] WARNING:colcon.colcon_ros.prefix_path.ament:The path '/home/exomy/exomy_ws/install/ros_wrapper' in the environment variable AMENT_PREFIX_PATH doesn't exist
[0.262s] WARNING:colcon.colcon_ros.prefix_path.ament:The path '/home/exomy/exomy_ws/install/exomy_sim_launch' in the environment variable AMENT_PREFIX_PATH doesn't exist
[0.262s] WARNING:colcon.colcon_ros.prefix_path.ament:The path '/home/exomy/exomy_ws/install/exomy_sim' in the environment variable AMENT_PREFIX_PATH doesn't exist
[0.262s] WARNING:colcon.colcon_ros.prefix_path.ament:The path '/home/exomy/exomy_ws/install/exomy_sim_msgs' in the environment variable AMENT_PREFIX_PATH doesn't exist
[0.262s] WARNING:colcon.colcon_ros.prefix_path.ament:The path '/home/exomy/exomy_ws/install/exomy' in the environment variable AMENT_PREFIX_PATH doesn't exist
[0.262s] WARNING:colcon.colcon_ros.prefix_path.ament:The path '/home/exomy/exomy_ws/install/exomy_msgs' in the environment variable AMENT_PREFIX_PATH doesn't exist
[0.263s] WARNING:colcon.colcon_ros.prefix_path.catkin:The path '/home/exomy/exomy_ws/install/rover_gazebo_plugins' in the environment variable CMAKE_PREFIX_PATH doesn't exist
[0.263s] WARNING:colcon.colcon_ros.prefix_path.catkin:The path '/home/exomy/exomy_ws/install/ros_wrapper' in the environment variable CMAKE_PREFIX_PATH doesn't exist
[0.263s] WARNING:colcon.colcon_ros.prefix_path.catkin:The path '/home/exomy/exomy_ws/install/exomy_sim_launch' in the environment variable CMAKE_PREFIX_PATH doesn't exist
[0.263s] WARNING:colcon.colcon_ros.prefix_path.catkin:The path '/home/exomy/exomy_ws/install/exomy_sim' in the environment variable CMAKE_PREFIX_PATH doesn't exist
[0.263s] WARNING:colcon.colcon_ros.prefix_path.catkin:The path '/home/exomy/exomy_ws/install/exomy_sim_msgs' in the environment variable CMAKE_PREFIX_PATH doesn't exist
[0.263s] WARNING:colcon.colcon_ros.prefix_path.catkin:The path '/home/exomy/exomy_ws/install/exomy_msgs' in the environment variable CMAKE_PREFIX_PATH doesn't exist
[0.266s] INFO:colcon.colcon_core.executor:Executing jobs using 'parallel' executor
[0.267s] DEBUG:colcon.colcon_parallel_executor.executor.parallel:run_until_complete
[0.268s] INFO:colcon.colcon_ros.task.ament_cmake.build:Building ROS package in '/home/exomy/exomy_ws/src/exomy_msgs' with build type 'ament_cmake'
[0.268s] INFO:colcon.colcon_cmake.task.cmake.build:Building CMake package in '/home/exomy/exomy_ws/src/exomy_msgs'
[0.275s] INFO:colcon.colcon_core.plugin_system:Skipping extension 'colcon_core.shell.bat': Not used on non-Windows systems
[0.275s] INFO:colcon.colcon_core.shell:Skip shell extension 'powershell' for command environment: Not usable outside of PowerShell
[0.275s] DEBUG:colcon.colcon_core.shell:Skip shell extension 'dsv' for command environment
[0.280s] INFO:colcon.colcon_ros.task.ament_cmake.build:Building ROS package in '/home/exomy/exomy_ws/src/exomy_sim_msgs' with build type 'ament_cmake'
[0.281s] INFO:colcon.colcon_cmake.task.cmake.build:Building CMake package in '/home/exomy/exomy_ws/src/exomy_sim_msgs'
[0.281s] INFO:colcon.colcon_core.shell:Skip shell extension 'powershell' for command environment: Not usable outside of PowerShell
[0.282s] DEBUG:colcon.colcon_core.shell:Skip shell extension 'dsv' for command environment
[0.296s] DEBUG:colcon.colcon_core.event_handler.log_command:Invoking command in '/home/exomy/exomy_ws/build/exomy_msgs': CMAKE_PREFIX_PATH=${CMAKE_PREFIX_PATH}:/home/exomy/exomy_ws/install/exomy:/opt/ros/foxy /usr/bin/cmake /home/exomy/exomy_ws/src/exomy_msgs -DCMAKE_INSTALL_PREFIX=/home/exomy/exomy_ws/install/exomy_msgs
[0.301s] DEBUG:colcon.colcon_core.event_handler.log_command:Invoking command in '/home/exomy/exomy_ws/build/exomy_sim_msgs': CMAKE_PREFIX_PATH=${CMAKE_PREFIX_PATH}:/home/exomy/exomy_ws/install/exomy:/opt/ros/foxy /usr/bin/cmake /home/exomy/exomy_ws/src/exomy_sim_msgs -DCMAKE_INSTALL_PREFIX=/home/exomy/exomy_ws/install/exomy_sim_msgs
[1.884s] DEBUG:colcon.colcon_core.event_handler.log_command:Invoked command in '/home/exomy/exomy_ws/build/exomy_msgs' returned '0': CMAKE_PREFIX_PATH=${CMAKE_PREFIX_PATH}:/home/exomy/exomy_ws/install/exomy:/opt/ros/foxy /usr/bin/cmake /home/exomy/exomy_ws/src/exomy_msgs -DCMAKE_INSTALL_PREFIX=/home/exomy/exomy_ws/install/exomy_msgs
[1.885s] DEBUG:colcon.colcon_core.event_handler.log_command:Invoking command in '/home/exomy/exomy_ws/build/exomy_msgs': CMAKE_PREFIX_PATH=${CMAKE_PREFIX_PATH}:/home/exomy/exomy_ws/install/exomy:/opt/ros/foxy /usr/bin/cmake --build /home/exomy/exomy_ws/build/exomy_msgs -- -j2 -l2
[2.306s] DEBUG:colcon.colcon_core.event_handler.log_command:Invoked command in '/home/exomy/exomy_ws/build/exomy_sim_msgs' returned '0': CMAKE_PREFIX_PATH=${CMAKE_PREFIX_PATH}:/home/exomy/exomy_ws/install/exomy:/opt/ros/foxy /usr/bin/cmake /home/exomy/exomy_ws/src/exomy_sim_msgs -DCMAKE_INSTALL_PREFIX=/home/exomy/exomy_ws/install/exomy_sim_msgs
[2.307s] DEBUG:colcon.colcon_core.event_handler.log_command:Invoking command in '/home/exomy/exomy_ws/build/exomy_sim_msgs': CMAKE_PREFIX_PATH=${CMAKE_PREFIX_PATH}:/home/exomy/exomy_ws/install/exomy:/opt/ros/foxy /usr/bin/cmake --build /home/exomy/exomy_ws/build/exomy_sim_msgs -- -j2 -l2
[10.244s] DEBUG:colcon.colcon_core.event_handler.log_command:Invoked command in '/home/exomy/exomy_ws/build/exomy_sim_msgs' returned '0': CMAKE_PREFIX_PATH=${CMAKE_PREFIX_PATH}:/home/exomy/exomy_ws/install/exomy:/opt/ros/foxy /usr/bin/cmake --build /home/exomy/exomy_ws/build/exomy_sim_msgs -- -j2 -l2
[10.465s] DEBUG:colcon.colcon_core.event_handler.log_command:Invoking command in '/home/exomy/exomy_ws/build/exomy_sim_msgs': CMAKE_PREFIX_PATH=${CMAKE_PREFIX_PATH}:/home/exomy/exomy_ws/install/exomy:/opt/ros/foxy /usr/bin/cmake --install /home/exomy/exomy_ws/build/exomy_sim_msgs
[10.572s] Level 1:colcon.colcon_core.environment:create_environment_scripts_only(exomy_sim_msgs)
[10.573s] DEBUG:colcon.colcon_core.event_handler.log_command:Invoked command in '/home/exomy/exomy_ws/build/exomy_sim_msgs' returned '0': CMAKE_PREFIX_PATH=${CMAKE_PREFIX_PATH}:/home/exomy/exomy_ws/install/exomy:/opt/ros/foxy /usr/bin/cmake --install /home/exomy/exomy_ws/build/exomy_sim_msgs
[10.580s] Level 1:colcon.colcon_core.environment:checking '/home/exomy/exomy_ws/install/exomy_sim_msgs' for CMake module files
[10.581s] Level 1:colcon.colcon_core.environment:checking '/home/exomy/exomy_ws/install/exomy_sim_msgs' for CMake config files
[10.581s] Level 1:colcon.colcon_core.shell:create_environment_hook('exomy_sim_msgs', 'cmake_prefix_path')
[10.582s] INFO:colcon.colcon_core.shell:Creating environment hook '/home/exomy/exomy_ws/install/exomy_sim_msgs/share/exomy_sim_msgs/hook/cmake_prefix_path.ps1'
[10.582s] INFO:colcon.colcon_core.shell:Creating environment descriptor '/home/exomy/exomy_ws/install/exomy_sim_msgs/share/exomy_sim_msgs/hook/cmake_prefix_path.dsv'
[10.583s] INFO:colcon.colcon_core.shell:Creating environment hook '/home/exomy/exomy_ws/install/exomy_sim_msgs/share/exomy_sim_msgs/hook/cmake_prefix_path.sh'
[10.584s] Level 1:colcon.colcon_core.environment:checking '/home/exomy/exomy_ws/install/exomy_sim_msgs/lib'
[10.584s] Level 1:colcon.colcon_core.shell:create_environment_hook('exomy_sim_msgs', 'ld_library_path_lib')
[10.584s] INFO:colcon.colcon_core.shell:Creating environment hook '/home/exomy/exomy_ws/install/exomy_sim_msgs/share/exomy_sim_msgs/hook/ld_library_path_lib.ps1'
[10.585s] INFO:colcon.colcon_core.shell:Creating environment descriptor '/home/exomy/exomy_ws/install/exomy_sim_msgs/share/exomy_sim_msgs/hook/ld_library_path_lib.dsv'
[10.585s] INFO:colcon.colcon_core.shell:Creating environment hook '/home/exomy/exomy_ws/install/exomy_sim_msgs/share/exomy_sim_msgs/hook/ld_library_path_lib.sh'
[10.585s] Level 1:colcon.colcon_core.environment:checking '/home/exomy/exomy_ws/install/exomy_sim_msgs/bin'
[10.585s] Level 1:colcon.colcon_core.environment:checking '/home/exomy/exomy_ws/install/exomy_sim_msgs/lib/pkgconfig/exomy_sim_msgs.pc'
[10.585s] Level 1:colcon.colcon_core.environment:checking '/home/exomy/exomy_ws/install/exomy_sim_msgs/lib/python3.8/site-packages'
[10.586s] Level 1:colcon.colcon_core.shell:create_environment_hook('exomy_sim_msgs', 'pythonpath')
[10.586s] INFO:colcon.colcon_core.shell:Creating environment hook '/home/exomy/exomy_ws/install/exomy_sim_msgs/share/exomy_sim_msgs/hook/pythonpath.ps1'
[10.590s] INFO:colcon.colcon_core.shell:Creating environment descriptor '/home/exomy/exomy_ws/install/exomy_sim_msgs/share/exomy_sim_msgs/hook/pythonpath.dsv'
[10.591s] INFO:colcon.colcon_core.shell:Creating environment hook '/home/exomy/exomy_ws/install/exomy_sim_msgs/share/exomy_sim_msgs/hook/pythonpath.sh'
[10.591s] INFO:colcon.colcon_core.shell:Creating package script '/home/exomy/exomy_ws/install/exomy_sim_msgs/share/exomy_sim_msgs/package.ps1'
[10.592s] INFO:colcon.colcon_core.shell:Creating package descriptor '/home/exomy/exomy_ws/install/exomy_sim_msgs/share/exomy_sim_msgs/package.dsv'
[10.593s] INFO:colcon.colcon_core.shell:Creating package script '/home/exomy/exomy_ws/install/exomy_sim_msgs/share/exomy_sim_msgs/package.sh'
[10.593s] INFO:colcon.colcon_core.shell:Creating package script '/home/exomy/exomy_ws/install/exomy_sim_msgs/share/exomy_sim_msgs/package.bash'
[10.598s] INFO:colcon.colcon_core.shell:Creating package script '/home/exomy/exomy_ws/install/exomy_sim_msgs/share/exomy_sim_msgs/package.zsh'
[10.599s] Level 1:colcon.colcon_core.environment:create_file_with_runtime_dependencies(/home/exomy/exomy_ws/install/exomy_sim_msgs/share/colcon-core/packages/exomy_sim_msgs)
[10.762s] Level 1:colcon.colcon_core.environment:create_environment_scripts_only(exomy_sim_msgs)
[10.763s] Level 1:colcon.colcon_core.environment:checking '/home/exomy/exomy_ws/install/exomy_sim_msgs' for CMake module files
[10.764s] Level 1:colcon.colcon_core.environment:checking '/home/exomy/exomy_ws/install/exomy_sim_msgs' for CMake config files
[10.765s] Level 1:colcon.colcon_core.shell:create_environment_hook('exomy_sim_msgs', 'cmake_prefix_path')
[10.765s] INFO:colcon.colcon_core.shell:Creating environment hook '/home/exomy/exomy_ws/install/exomy_sim_msgs/share/exomy_sim_msgs/hook/cmake_prefix_path.ps1'
[10.766s] INFO:colcon.colcon_core.shell:Creating environment descriptor '/home/exomy/exomy_ws/install/exomy_sim_msgs/share/exomy_sim_msgs/hook/cmake_prefix_path.dsv'
[10.767s] INFO:colcon.colcon_core.shell:Creating environment hook '/home/exomy/exomy_ws/install/exomy_sim_msgs/share/exomy_sim_msgs/hook/cmake_prefix_path.sh'
[10.768s] Level 1:colcon.colcon_core.environment:checking '/home/exomy/exomy_ws/install/exomy_sim_msgs/lib'
[10.768s] Level 1:colcon.colcon_core.shell:create_environment_hook('exomy_sim_msgs', 'ld_library_path_lib')
[10.768s] INFO:colcon.colcon_core.shell:Creating environment hook '/home/exomy/exomy_ws/install/exomy_sim_msgs/share/exomy_sim_msgs/hook/ld_library_path_lib.ps1'
[10.769s] INFO:colcon.colcon_core.shell:Creating environment descriptor '/home/exomy/exomy_ws/install/exomy_sim_msgs/share/exomy_sim_msgs/hook/ld_library_path_lib.dsv'
[10.769s] INFO:colcon.colcon_core.shell:Creating environment hook '/home/exomy/exomy_ws/install/exomy_sim_msgs/share/exomy_sim_msgs/hook/ld_library_path_lib.sh'
[10.770s] Level 1:colcon.colcon_core.environment:checking '/home/exomy/exomy_ws/install/exomy_sim_msgs/bin'
[10.770s] Level 1:colcon.colcon_core.environment:checking '/home/exomy/exomy_ws/install/exomy_sim_msgs/lib/pkgconfig/exomy_sim_msgs.pc'
[10.770s] Level 1:colcon.colcon_core.environment:checking '/home/exomy/exomy_ws/install/exomy_sim_msgs/lib/python3.8/site-packages'
[10.770s] Level 1:colcon.colcon_core.shell:create_environment_hook('exomy_sim_msgs', 'pythonpath')
[10.770s] INFO:colcon.colcon_core.shell:Creating environment hook '/home/exomy/exomy_ws/install/exomy_sim_msgs/share/exomy_sim_msgs/hook/pythonpath.ps1'
[10.771s] INFO:colcon.colcon_core.shell:Creating environment descriptor '/home/exomy/exomy_ws/install/exomy_sim_msgs/share/exomy_sim_msgs/hook/pythonpath.dsv'
[10.771s] INFO:colcon.colcon_core.shell:Creating environment hook '/home/exomy/exomy_ws/install/exomy_sim_msgs/share/exomy_sim_msgs/hook/pythonpath.sh'
[10.772s] INFO:colcon.colcon_core.shell:Creating package script '/home/exomy/exomy_ws/install/exomy_sim_msgs/share/exomy_sim_msgs/package.ps1'
[10.773s] INFO:colcon.colcon_core.shell:Creating package descriptor '/home/exomy/exomy_ws/install/exomy_sim_msgs/share/exomy_sim_msgs/package.dsv'
[10.774s] INFO:colcon.colcon_core.shell:Creating package script '/home/exomy/exomy_ws/install/exomy_sim_msgs/share/exomy_sim_msgs/package.sh'
[10.774s] INFO:colcon.colcon_core.shell:Creating package script '/home/exomy/exomy_ws/install/exomy_sim_msgs/share/exomy_sim_msgs/package.bash'
[10.775s] INFO:colcon.colcon_core.shell:Creating package script '/home/exomy/exomy_ws/install/exomy_sim_msgs/share/exomy_sim_msgs/package.zsh'
[10.775s] Level 1:colcon.colcon_core.environment:create_file_with_runtime_dependencies(/home/exomy/exomy_ws/install/exomy_sim_msgs/share/colcon-core/packages/exomy_sim_msgs)
[10.776s] INFO:colcon.colcon_ros.task.ament_cmake.build:Building ROS package in '/home/exomy/exomy_ws/src/rover_gazebo_plugins' with build type 'ament_cmake'
[10.777s] INFO:colcon.colcon_cmake.task.cmake.build:Building CMake package in '/home/exomy/exomy_ws/src/rover_gazebo_plugins'
[10.777s] INFO:colcon.colcon_core.shell:Skip shell extension 'powershell' for command environment: Not usable outside of PowerShell
[10.777s] DEBUG:colcon.colcon_core.shell:Skip shell extension 'dsv' for command environment
[10.801s] DEBUG:colcon.colcon_core.event_handler.log_command:Invoking command in '/home/exomy/exomy_ws/build/rover_gazebo_plugins': CMAKE_PREFIX_PATH=/home/exomy/exomy_ws/install/exomy_sim_msgs:/home/exomy/exomy_ws/install/rover_gazebo_plugins:/home/exomy/exomy_ws/install/ros_wrapper:/home/exomy/exomy_ws/install/exomy_sim_launch:/home/exomy/exomy_ws/install/exomy_sim:/home/exomy/exomy_ws/install/exomy_msgs:/home/exomy/exomy_ws/install/exomy:/opt/ros/foxy LD_LIBRARY_PATH=/home/exomy/exomy_ws/install/exomy_sim_msgs/lib:/home/exomy/exomy_ws/install/rover_gazebo_plugins/lib:/home/exomy/exomy_ws/install/exomy_msgs/lib:/usr/lib/x86_64-linux-gnu/gazebo-11/plugins:/opt/ros/foxy/opt/yaml_cpp_vendor/lib:/opt/ros/foxy/opt/rviz_ogre_vendor/lib:/opt/ros/foxy/lib/x86_64-linux-gnu:/opt/ros/foxy/lib:/usr/lib/x86_64-linux-gnu/gazebo-11/plugins /usr/bin/cmake /home/exomy/exomy_ws/src/rover_gazebo_plugins -DCMAKE_INSTALL_PREFIX=/home/exomy/exomy_ws/install/rover_gazebo_plugins
[10.876s] DEBUG:colcon.colcon_core.event_handler.log_command:Invoked command in '/home/exomy/exomy_ws/build/exomy_msgs' returned '0': CMAKE_PREFIX_PATH=${CMAKE_PREFIX_PATH}:/home/exomy/exomy_ws/install/exomy:/opt/ros/foxy /usr/bin/cmake --build /home/exomy/exomy_ws/build/exomy_msgs -- -j2 -l2
[11.065s] DEBUG:colcon.colcon_core.event_handler.log_command:Invoking command in '/home/exomy/exomy_ws/build/exomy_msgs': CMAKE_PREFIX_PATH=${CMAKE_PREFIX_PATH}:/home/exomy/exomy_ws/install/exomy:/opt/ros/foxy /usr/bin/cmake --install /home/exomy/exomy_ws/build/exomy_msgs
[11.148s] Level 1:colcon.colcon_core.environment:create_environment_scripts_only(exomy_msgs)
[11.148s] DEBUG:colcon.colcon_core.event_handler.log_command:Invoked command in '/home/exomy/exomy_ws/build/exomy_msgs' returned '0': CMAKE_PREFIX_PATH=${CMAKE_PREFIX_PATH}:/home/exomy/exomy_ws/install/exomy:/opt/ros/foxy /usr/bin/cmake --install /home/exomy/exomy_ws/build/exomy_msgs
[11.149s] Level 1:colcon.colcon_core.environment:checking '/home/exomy/exomy_ws/install/exomy_msgs' for CMake module files
[11.151s] Level 1:colcon.colcon_core.environment:checking '/home/exomy/exomy_ws/install/exomy_msgs' for CMake config files
[11.151s] Level 1:colcon.colcon_core.shell:create_environment_hook('exomy_msgs', 'cmake_prefix_path')
[11.152s] INFO:colcon.colcon_core.shell:Creating environment hook '/home/exomy/exomy_ws/install/exomy_msgs/share/exomy_msgs/hook/cmake_prefix_path.ps1'
[11.153s] INFO:colcon.colcon_core.shell:Creating environment descriptor '/home/exomy/exomy_ws/install/exomy_msgs/share/exomy_msgs/hook/cmake_prefix_path.dsv'
[11.153s] INFO:colcon.colcon_core.shell:Creating environment hook '/home/exomy/exomy_ws/install/exomy_msgs/share/exomy_msgs/hook/cmake_prefix_path.sh'
[11.154s] Level 1:colcon.colcon_core.environment:checking '/home/exomy/exomy_ws/install/exomy_msgs/lib'
[11.154s] Level 1:colcon.colcon_core.shell:create_environment_hook('exomy_msgs', 'ld_library_path_lib')
[11.155s] INFO:colcon.colcon_core.shell:Creating environment hook '/home/exomy/exomy_ws/install/exomy_msgs/share/exomy_msgs/hook/ld_library_path_lib.ps1'
[11.155s] INFO:colcon.colcon_core.shell:Creating environment descriptor '/home/exomy/exomy_ws/install/exomy_msgs/share/exomy_msgs/hook/ld_library_path_lib.dsv'
[11.155s] INFO:colcon.colcon_core.shell:Creating environment hook '/home/exomy/exomy_ws/install/exomy_msgs/share/exomy_msgs/hook/ld_library_path_lib.sh'
[11.156s] Level 1:colcon.colcon_core.environment:checking '/home/exomy/exomy_ws/install/exomy_msgs/bin'
[11.156s] Level 1:colcon.colcon_core.environment:checking '/home/exomy/exomy_ws/install/exomy_msgs/lib/pkgconfig/exomy_msgs.pc'
[11.156s] Level 1:colcon.colcon_core.environment:checking '/home/exomy/exomy_ws/install/exomy_msgs/lib/python3.8/site-packages'
[11.156s] Level 1:colcon.colcon_core.shell:create_environment_hook('exomy_msgs', 'pythonpath')
[11.156s] INFO:colcon.colcon_core.shell:Creating environment hook '/home/exomy/exomy_ws/install/exomy_msgs/share/exomy_msgs/hook/pythonpath.ps1'
[11.157s] INFO:colcon.colcon_core.shell:Creating environment descriptor '/home/exomy/exomy_ws/install/exomy_msgs/share/exomy_msgs/hook/pythonpath.dsv'
[11.157s] INFO:colcon.colcon_core.shell:Creating environment hook '/home/exomy/exomy_ws/install/exomy_msgs/share/exomy_msgs/hook/pythonpath.sh'
[11.158s] INFO:colcon.colcon_core.shell:Creating package script '/home/exomy/exomy_ws/install/exomy_msgs/share/exomy_msgs/package.ps1'
[11.158s] INFO:colcon.colcon_core.shell:Creating package descriptor '/home/exomy/exomy_ws/install/exomy_msgs/share/exomy_msgs/package.dsv'
[11.159s] INFO:colcon.colcon_core.shell:Creating package script '/home/exomy/exomy_ws/install/exomy_msgs/share/exomy_msgs/package.sh'
[11.159s] INFO:colcon.colcon_core.shell:Creating package script '/home/exomy/exomy_ws/install/exomy_msgs/share/exomy_msgs/package.bash'
[11.159s] INFO:colcon.colcon_core.shell:Creating package script '/home/exomy/exomy_ws/install/exomy_msgs/share/exomy_msgs/package.zsh'
[11.160s] Level 1:colcon.colcon_core.environment:create_file_with_runtime_dependencies(/home/exomy/exomy_ws/install/exomy_msgs/share/colcon-core/packages/exomy_msgs)
[11.349s] Level 1:colcon.colcon_core.environment:create_environment_scripts_only(exomy_msgs)
[11.350s] Level 1:colcon.colcon_core.environment:checking '/home/exomy/exomy_ws/install/exomy_msgs' for CMake module files
[11.350s] Level 1:colcon.colcon_core.environment:checking '/home/exomy/exomy_ws/install/exomy_msgs' for CMake config files
[11.351s] Level 1:colcon.colcon_core.shell:create_environment_hook('exomy_msgs', 'cmake_prefix_path')
[11.351s] INFO:colcon.colcon_core.shell:Creating environment hook '/home/exomy/exomy_ws/install/exomy_msgs/share/exomy_msgs/hook/cmake_prefix_path.ps1'
[11.352s] INFO:colcon.colcon_core.shell:Creating environment descriptor '/home/exomy/exomy_ws/install/exomy_msgs/share/exomy_msgs/hook/cmake_prefix_path.dsv'
[11.352s] INFO:colcon.colcon_core.shell:Creating environment hook '/home/exomy/exomy_ws/install/exomy_msgs/share/exomy_msgs/hook/cmake_prefix_path.sh'
[11.353s] Level 1:colcon.colcon_core.environment:checking '/home/exomy/exomy_ws/install/exomy_msgs/lib'
[11.353s] Level 1:colcon.colcon_core.shell:create_environment_hook('exomy_msgs', 'ld_library_path_lib')
[11.353s] INFO:colcon.colcon_core.shell:Creating environment hook '/home/exomy/exomy_ws/install/exomy_msgs/share/exomy_msgs/hook/ld_library_path_lib.ps1'
[11.354s] INFO:colcon.colcon_core.shell:Creating environment descriptor '/home/exomy/exomy_ws/install/exomy_msgs/share/exomy_msgs/hook/ld_library_path_lib.dsv'
[11.354s] INFO:colcon.colcon_core.shell:Creating environment hook '/home/exomy/exomy_ws/install/exomy_msgs/share/exomy_msgs/hook/ld_library_path_lib.sh'
[11.355s] Level 1:colcon.colcon_core.environment:checking '/home/exomy/exomy_ws/install/exomy_msgs/bin'
[11.355s] Level 1:colcon.colcon_core.environment:checking '/home/exomy/exomy_ws/install/exomy_msgs/lib/pkgconfig/exomy_msgs.pc'
[11.355s] Level 1:colcon.colcon_core.environment:checking '/home/exomy/exomy_ws/install/exomy_msgs/lib/python3.8/site-packages'
[11.355s] Level 1:colcon.colcon_core.shell:create_environment_hook('exomy_msgs', 'pythonpath')
[11.355s] INFO:colcon.colcon_core.shell:Creating environment hook '/home/exomy/exomy_ws/install/exomy_msgs/share/exomy_msgs/hook/pythonpath.ps1'
[11.356s] INFO:colcon.colcon_core.shell:Creating environment descriptor '/home/exomy/exomy_ws/install/exomy_msgs/share/exomy_msgs/hook/pythonpath.dsv'
[11.356s] INFO:colcon.colcon_core.shell:Creating environment hook '/home/exomy/exomy_ws/install/exomy_msgs/share/exomy_msgs/hook/pythonpath.sh'
[11.357s] INFO:colcon.colcon_core.shell:Creating package script '/home/exomy/exomy_ws/install/exomy_msgs/share/exomy_msgs/package.ps1'
[11.358s] INFO:colcon.colcon_core.shell:Creating package descriptor '/home/exomy/exomy_ws/install/exomy_msgs/share/exomy_msgs/package.dsv'
[11.358s] INFO:colcon.colcon_core.shell:Creating package script '/home/exomy/exomy_ws/install/exomy_msgs/share/exomy_msgs/package.sh'
[11.359s] INFO:colcon.colcon_core.shell:Creating package script '/home/exomy/exomy_ws/install/exomy_msgs/share/exomy_msgs/package.bash'
[11.359s] INFO:colcon.colcon_core.shell:Creating package script '/home/exomy/exomy_ws/install/exomy_msgs/share/exomy_msgs/package.zsh'
[11.360s] Level 1:colcon.colcon_core.environment:create_file_with_runtime_dependencies(/home/exomy/exomy_ws/install/exomy_msgs/share/colcon-core/packages/exomy_msgs)
[11.361s] INFO:colcon.colcon_ros.task.ament_python.build:Building ROS package in '/home/exomy/exomy_ws/src/exomy' with build type 'ament_python'
[11.361s] Level 1:colcon.colcon_core.shell:create_environment_hook('exomy', 'ament_prefix_path')
[11.362s] INFO:colcon.colcon_core.shell:Creating environment hook '/home/exomy/exomy_ws/install/exomy/share/exomy/hook/ament_prefix_path.ps1'
[11.363s] INFO:colcon.colcon_core.shell:Creating environment descriptor '/home/exomy/exomy_ws/install/exomy/share/exomy/hook/ament_prefix_path.dsv'
[11.363s] INFO:colcon.colcon_core.shell:Creating environment hook '/home/exomy/exomy_ws/install/exomy/share/exomy/hook/ament_prefix_path.sh'
[11.364s] INFO:colcon.colcon_core.shell:Skip shell extension 'powershell' for command environment: Not usable outside of PowerShell
[11.364s] DEBUG:colcon.colcon_core.shell:Skip shell extension 'dsv' for command environment
[11.644s] INFO:colcon.colcon_core.task.python.build:Building Python package in '/home/exomy/exomy_ws/src/exomy'
[11.645s] INFO:colcon.colcon_core.shell:Skip shell extension 'powershell' for command environment: Not usable outside of PowerShell
[11.646s] DEBUG:colcon.colcon_core.shell:Skip shell extension 'dsv' for command environment
[12.051s] DEBUG:colcon.colcon_core.event_handler.log_command:Invoking command in '/home/exomy/exomy_ws/src/exomy': CMAKE_PREFIX_PATH=/home/exomy/exomy_ws/install/exomy_msgs:/home/exomy/exomy_ws/install/rover_gazebo_plugins:/home/exomy/exomy_ws/install/ros_wrapper:/home/exomy/exomy_ws/install/exomy_sim_launch:/home/exomy/exomy_ws/install/exomy_sim:/home/exomy/exomy_ws/install/exomy_sim_msgs LD_LIBRARY_PATH=/home/exomy/exomy_ws/install/exomy_msgs/lib:/home/exomy/exomy_ws/install/rover_gazebo_plugins/lib:/home/exomy/exomy_ws/install/exomy_sim_msgs/lib:/usr/lib/x86_64-linux-gnu/gazebo-11/plugins:/opt/ros/foxy/opt/yaml_cpp_vendor/lib:/opt/ros/foxy/opt/rviz_ogre_vendor/lib:/opt/ros/foxy/lib/x86_64-linux-gnu:/opt/ros/foxy/lib:/usr/lib/x86_64-linux-gnu/gazebo-11/plugins PYTHONPATH=/home/exomy/exomy_ws/install/exomy/lib/python3.8/site-packages:/home/exomy/exomy_ws/install/exomy_msgs/lib/python3.8/site-packages:/home/exomy/exomy_ws/install/exomy_sim_msgs/lib/python3.8/site-packages:/home/exomy/exomy_ws/install/exomy/lib/python3.8/site-packages:/opt/ros/foxy/lib/python3.8/site-packages /usr/bin/python3 setup.py egg_info --egg-base ../../build/exomy build --build-base /home/exomy/exomy_ws/build/exomy/build install --prefix /home/exomy/exomy_ws/install/exomy --record /home/exomy/exomy_ws/build/exomy/install.log --single-version-externally-managed
[12.363s] Level 1:colcon.colcon_core.environment:checking '/home/exomy/exomy_ws/install/exomy' for CMake module files
[12.363s] DEBUG:colcon.colcon_core.event_handler.log_command:Invoked command in '/home/exomy/exomy_ws/src/exomy' returned '0': CMAKE_PREFIX_PATH=/home/exomy/exomy_ws/install/exomy_msgs:/home/exomy/exomy_ws/install/rover_gazebo_plugins:/home/exomy/exomy_ws/install/ros_wrapper:/home/exomy/exomy_ws/install/exomy_sim_launch:/home/exomy/exomy_ws/install/exomy_sim:/home/exomy/exomy_ws/install/exomy_sim_msgs LD_LIBRARY_PATH=/home/exomy/exomy_ws/install/exomy_msgs/lib:/home/exomy/exomy_ws/install/rover_gazebo_plugins/lib:/home/exomy/exomy_ws/install/exomy_sim_msgs/lib:/usr/lib/x86_64-linux-gnu/gazebo-11/plugins:/opt/ros/foxy/opt/yaml_cpp_vendor/lib:/opt/ros/foxy/opt/rviz_ogre_vendor/lib:/opt/ros/foxy/lib/x86_64-linux-gnu:/opt/ros/foxy/lib:/usr/lib/x86_64-linux-gnu/gazebo-11/plugins PYTHONPATH=/home/exomy/exomy_ws/install/exomy/lib/python3.8/site-packages:/home/exomy/exomy_ws/install/exomy_msgs/lib/python3.8/site-packages:/home/exomy/exomy_ws/install/exomy_sim_msgs/lib/python3.8/site-packages:/home/exomy/exomy_ws/install/exomy/lib/python3.8/site-packages:/opt/ros/foxy/lib/python3.8/site-packages /usr/bin/python3 setup.py egg_info --egg-base ../../build/exomy build --build-base /home/exomy/exomy_ws/build/exomy/build install --prefix /home/exomy/exomy_ws/install/exomy --record /home/exomy/exomy_ws/build/exomy/install.log --single-version-externally-managed
[12.364s] Level 1:colcon.colcon_core.environment:checking '/home/exomy/exomy_ws/install/exomy' for CMake config files
[12.364s] Level 1:colcon.colcon_core.environment:checking '/home/exomy/exomy_ws/install/exomy/lib'
[12.364s] Level 1:colcon.colcon_core.environment:checking '/home/exomy/exomy_ws/install/exomy/bin'
[12.364s] Level 1:colcon.colcon_core.environment:checking '/home/exomy/exomy_ws/install/exomy/lib/pkgconfig/exomy.pc'
[12.365s] Level 1:colcon.colcon_core.environment:checking '/home/exomy/exomy_ws/install/exomy/lib/python3.8/site-packages'
[12.365s] Level 1:colcon.colcon_core.shell:create_environment_hook('exomy', 'pythonpath')
[12.365s] INFO:colcon.colcon_core.shell:Creating environment hook '/home/exomy/exomy_ws/install/exomy/share/exomy/hook/pythonpath.ps1'
[12.366s] INFO:colcon.colcon_core.shell:Creating environment descriptor '/home/exomy/exomy_ws/install/exomy/share/exomy/hook/pythonpath.dsv'
[12.366s] INFO:colcon.colcon_core.shell:Creating environment hook '/home/exomy/exomy_ws/install/exomy/share/exomy/hook/pythonpath.sh'
[12.367s] Level 1:colcon.colcon_core.environment:create_environment_scripts_only(exomy)
[12.367s] INFO:colcon.colcon_core.shell:Creating package script '/home/exomy/exomy_ws/install/exomy/share/exomy/package.ps1'
[12.368s] INFO:colcon.colcon_core.shell:Creating package descriptor '/home/exomy/exomy_ws/install/exomy/share/exomy/package.dsv'
[12.368s] INFO:colcon.colcon_core.shell:Creating package script '/home/exomy/exomy_ws/install/exomy/share/exomy/package.sh'
[12.369s] INFO:colcon.colcon_core.shell:Creating package script '/home/exomy/exomy_ws/install/exomy/share/exomy/package.bash'
[12.370s] INFO:colcon.colcon_core.shell:Creating package script '/home/exomy/exomy_ws/install/exomy/share/exomy/package.zsh'
[12.370s] Level 1:colcon.colcon_core.environment:create_file_with_runtime_dependencies(/home/exomy/exomy_ws/install/exomy/share/colcon-core/packages/exomy)
[12.371s] INFO:colcon.colcon_ros.task.ament_cmake.build:Building ROS package in '/home/exomy/exomy_ws/src/exomy_sim' with build type 'ament_cmake'
[12.372s] INFO:colcon.colcon_cmake.task.cmake.build:Building CMake package in '/home/exomy/exomy_ws/src/exomy_sim'
[12.372s] INFO:colcon.colcon_core.shell:Skip shell extension 'powershell' for command environment: Not usable outside of PowerShell
[12.373s] DEBUG:colcon.colcon_core.shell:Skip shell extension 'dsv' for command environment
[12.393s] DEBUG:colcon.colcon_core.event_handler.log_command:Invoking command in '/home/exomy/exomy_ws/build/exomy_sim': CMAKE_PREFIX_PATH=/home/exomy/exomy_ws/install/exomy_sim_msgs:/home/exomy/exomy_ws/install/exomy_msgs:/home/exomy/exomy_ws/install/rover_gazebo_plugins:/home/exomy/exomy_ws/install/ros_wrapper:/home/exomy/exomy_ws/install/exomy_sim_launch:/home/exomy/exomy_ws/install/exomy_sim:/home/exomy/exomy_ws/install/exomy:/opt/ros/foxy LD_LIBRARY_PATH=/home/exomy/exomy_ws/install/exomy_sim_msgs/lib:/home/exomy/exomy_ws/install/exomy_msgs/lib:/home/exomy/exomy_ws/install/rover_gazebo_plugins/lib:/usr/lib/x86_64-linux-gnu/gazebo-11/plugins:/opt/ros/foxy/opt/yaml_cpp_vendor/lib:/opt/ros/foxy/opt/rviz_ogre_vendor/lib:/opt/ros/foxy/lib/x86_64-linux-gnu:/opt/ros/foxy/lib:/usr/lib/x86_64-linux-gnu/gazebo-11/plugins PYTHONPATH=/home/exomy/exomy_ws/install/exomy_sim_msgs/lib/python3.8/site-packages:/home/exomy/exomy_ws/install/exomy_msgs/lib/python3.8/site-packages:/home/exomy/exomy_ws/install/exomy/lib/python3.8/site-packages:/opt/ros/foxy/lib/python3.8/site-packages /usr/bin/cmake /home/exomy/exomy_ws/src/exomy_sim -DCMAKE_INSTALL_PREFIX=/home/exomy/exomy_ws/install/exomy_sim
[14.365s] DEBUG:colcon.colcon_core.event_handler.log_command:Invoked command in '/home/exomy/exomy_ws/build/rover_gazebo_plugins' returned '0': CMAKE_PREFIX_PATH=/home/exomy/exomy_ws/install/exomy_sim_msgs:/home/exomy/exomy_ws/install/rover_gazebo_plugins:/home/exomy/exomy_ws/install/ros_wrapper:/home/exomy/exomy_ws/install/exomy_sim_launch:/home/exomy/exomy_ws/install/exomy_sim:/home/exomy/exomy_ws/install/exomy_msgs:/home/exomy/exomy_ws/install/exomy:/opt/ros/foxy LD_LIBRARY_PATH=/home/exomy/exomy_ws/install/exomy_sim_msgs/lib:/home/exomy/exomy_ws/install/rover_gazebo_plugins/lib:/home/exomy/exomy_ws/install/exomy_msgs/lib:/usr/lib/x86_64-linux-gnu/gazebo-11/plugins:/opt/ros/foxy/opt/yaml_cpp_vendor/lib:/opt/ros/foxy/opt/rviz_ogre_vendor/lib:/opt/ros/foxy/lib/x86_64-linux-gnu:/opt/ros/foxy/lib:/usr/lib/x86_64-linux-gnu/gazebo-11/plugins /usr/bin/cmake /home/exomy/exomy_ws/src/rover_gazebo_plugins -DCMAKE_INSTALL_PREFIX=/home/exomy/exomy_ws/install/rover_gazebo_plugins
[14.365s] DEBUG:colcon.colcon_core.event_handler.log_command:Invoking command in '/home/exomy/exomy_ws/build/rover_gazebo_plugins': CMAKE_PREFIX_PATH=/home/exomy/exomy_ws/install/exomy_sim_msgs:/home/exomy/exomy_ws/install/rover_gazebo_plugins:/home/exomy/exomy_ws/install/ros_wrapper:/home/exomy/exomy_ws/install/exomy_sim_launch:/home/exomy/exomy_ws/install/exomy_sim:/home/exomy/exomy_ws/install/exomy_msgs:/home/exomy/exomy_ws/install/exomy:/opt/ros/foxy LD_LIBRARY_PATH=/home/exomy/exomy_ws/install/exomy_sim_msgs/lib:/home/exomy/exomy_ws/install/rover_gazebo_plugins/lib:/home/exomy/exomy_ws/install/exomy_msgs/lib:/usr/lib/x86_64-linux-gnu/gazebo-11/plugins:/opt/ros/foxy/opt/yaml_cpp_vendor/lib:/opt/ros/foxy/opt/rviz_ogre_vendor/lib:/opt/ros/foxy/lib/x86_64-linux-gnu:/opt/ros/foxy/lib:/usr/lib/x86_64-linux-gnu/gazebo-11/plugins /usr/bin/cmake --build /home/exomy/exomy_ws/build/rover_gazebo_plugins -- -j2 -l2
[14.378s] DEBUG:colcon.colcon_core.event_handler.log_command:Invoked command in '/home/exomy/exomy_ws/build/exomy_sim' returned '0': CMAKE_PREFIX_PATH=/home/exomy/exomy_ws/install/exomy_sim_msgs:/home/exomy/exomy_ws/install/exomy_msgs:/home/exomy/exomy_ws/install/rover_gazebo_plugins:/home/exomy/exomy_ws/install/ros_wrapper:/home/exomy/exomy_ws/install/exomy_sim_launch:/home/exomy/exomy_ws/install/exomy_sim:/home/exomy/exomy_ws/install/exomy:/opt/ros/foxy LD_LIBRARY_PATH=/home/exomy/exomy_ws/install/exomy_sim_msgs/lib:/home/exomy/exomy_ws/install/exomy_msgs/lib:/home/exomy/exomy_ws/install/rover_gazebo_plugins/lib:/usr/lib/x86_64-linux-gnu/gazebo-11/plugins:/opt/ros/foxy/opt/yaml_cpp_vendor/lib:/opt/ros/foxy/opt/rviz_ogre_vendor/lib:/opt/ros/foxy/lib/x86_64-linux-gnu:/opt/ros/foxy/lib:/usr/lib/x86_64-linux-gnu/gazebo-11/plugins PYTHONPATH=/home/exomy/exomy_ws/install/exomy_sim_msgs/lib/python3.8/site-packages:/home/exomy/exomy_ws/install/exomy_msgs/lib/python3.8/site-packages:/home/exomy/exomy_ws/install/exomy/lib/python3.8/site-packages:/opt/ros/foxy/lib/python3.8/site-packages /usr/bin/cmake /home/exomy/exomy_ws/src/exomy_sim -DCMAKE_INSTALL_PREFIX=/home/exomy/exomy_ws/install/exomy_sim
[14.381s] DEBUG:colcon.colcon_core.event_handler.log_command:Invoking command in '/home/exomy/exomy_ws/build/exomy_sim': CMAKE_PREFIX_PATH=/home/exomy/exomy_ws/install/exomy_sim_msgs:/home/exomy/exomy_ws/install/exomy_msgs:/home/exomy/exomy_ws/install/rover_gazebo_plugins:/home/exomy/exomy_ws/install/ros_wrapper:/home/exomy/exomy_ws/install/exomy_sim_launch:/home/exomy/exomy_ws/install/exomy_sim:/home/exomy/exomy_ws/install/exomy:/opt/ros/foxy LD_LIBRARY_PATH=/home/exomy/exomy_ws/install/exomy_sim_msgs/lib:/home/exomy/exomy_ws/install/exomy_msgs/lib:/home/exomy/exomy_ws/install/rover_gazebo_plugins/lib:/usr/lib/x86_64-linux-gnu/gazebo-11/plugins:/opt/ros/foxy/opt/yaml_cpp_vendor/lib:/opt/ros/foxy/opt/rviz_ogre_vendor/lib:/opt/ros/foxy/lib/x86_64-linux-gnu:/opt/ros/foxy/lib:/usr/lib/x86_64-linux-gnu/gazebo-11/plugins PYTHONPATH=/home/exomy/exomy_ws/install/exomy_sim_msgs/lib/python3.8/site-packages:/home/exomy/exomy_ws/install/exomy_msgs/lib/python3.8/site-packages:/home/exomy/exomy_ws/install/exomy/lib/python3.8/site-packages:/opt/ros/foxy/lib/python3.8/site-packages /usr/bin/cmake --build /home/exomy/exomy_ws/build/exomy_sim -- -j2 -l2
[20.280s] DEBUG:colcon.colcon_core.event_handler.log_command:Invoked command in '/home/exomy/exomy_ws/build/exomy_sim' returned '0': CMAKE_PREFIX_PATH=/home/exomy/exomy_ws/install/exomy_sim_msgs:/home/exomy/exomy_ws/install/exomy_msgs:/home/exomy/exomy_ws/install/rover_gazebo_plugins:/home/exomy/exomy_ws/install/ros_wrapper:/home/exomy/exomy_ws/install/exomy_sim_launch:/home/exomy/exomy_ws/install/exomy_sim:/home/exomy/exomy_ws/install/exomy:/opt/ros/foxy LD_LIBRARY_PATH=/home/exomy/exomy_ws/install/exomy_sim_msgs/lib:/home/exomy/exomy_ws/install/exomy_msgs/lib:/home/exomy/exomy_ws/install/rover_gazebo_plugins/lib:/usr/lib/x86_64-linux-gnu/gazebo-11/plugins:/opt/ros/foxy/opt/yaml_cpp_vendor/lib:/opt/ros/foxy/opt/rviz_ogre_vendor/lib:/opt/ros/foxy/lib/x86_64-linux-gnu:/opt/ros/foxy/lib:/usr/lib/x86_64-linux-gnu/gazebo-11/plugins PYTHONPATH=/home/exomy/exomy_ws/install/exomy_sim_msgs/lib/python3.8/site-packages:/home/exomy/exomy_ws/install/exomy_msgs/lib/python3.8/site-packages:/home/exomy/exomy_ws/install/exomy/lib/python3.8/site-packages:/opt/ros/foxy/lib/python3.8/site-packages /usr/bin/cmake --build /home/exomy/exomy_ws/build/exomy_sim -- -j2 -l2
[20.322s] DEBUG:colcon.colcon_core.event_handler.log_command:Invoking command in '/home/exomy/exomy_ws/build/exomy_sim': CMAKE_PREFIX_PATH=/home/exomy/exomy_ws/install/exomy_sim_msgs:/home/exomy/exomy_ws/install/exomy_msgs:/home/exomy/exomy_ws/install/rover_gazebo_plugins:/home/exomy/exomy_ws/install/ros_wrapper:/home/exomy/exomy_ws/install/exomy_sim_launch:/home/exomy/exomy_ws/install/exomy_sim:/home/exomy/exomy_ws/install/exomy:/opt/ros/foxy LD_LIBRARY_PATH=/home/exomy/exomy_ws/install/exomy_sim_msgs/lib:/home/exomy/exomy_ws/install/exomy_msgs/lib:/home/exomy/exomy_ws/install/rover_gazebo_plugins/lib:/usr/lib/x86_64-linux-gnu/gazebo-11/plugins:/opt/ros/foxy/opt/yaml_cpp_vendor/lib:/opt/ros/foxy/opt/rviz_ogre_vendor/lib:/opt/ros/foxy/lib/x86_64-linux-gnu:/opt/ros/foxy/lib:/usr/lib/x86_64-linux-gnu/gazebo-11/plugins PYTHONPATH=/home/exomy/exomy_ws/install/exomy_sim_msgs/lib/python3.8/site-packages:/home/exomy/exomy_ws/install/exomy_msgs/lib/python3.8/site-packages:/home/exomy/exomy_ws/install/exomy/lib/python3.8/site-packages:/opt/ros/foxy/lib/python3.8/site-packages /usr/bin/cmake --install /home/exomy/exomy_ws/build/exomy_sim
[20.437s] Level 1:colcon.colcon_core.environment:create_environment_scripts_only(exomy_sim)
[20.438s] Level 1:colcon.colcon_core.environment:checking '/home/exomy/exomy_ws/install/exomy_sim' for CMake module files
[20.439s] DEBUG:colcon.colcon_core.event_handler.log_command:Invoked command in '/home/exomy/exomy_ws/build/exomy_sim' returned '0': CMAKE_PREFIX_PATH=/home/exomy/exomy_ws/install/exomy_sim_msgs:/home/exomy/exomy_ws/install/exomy_msgs:/home/exomy/exomy_ws/install/rover_gazebo_plugins:/home/exomy/exomy_ws/install/ros_wrapper:/home/exomy/exomy_ws/install/exomy_sim_launch:/home/exomy/exomy_ws/install/exomy_sim:/home/exomy/exomy_ws/install/exomy:/opt/ros/foxy LD_LIBRARY_PATH=/home/exomy/exomy_ws/install/exomy_sim_msgs/lib:/home/exomy/exomy_ws/install/exomy_msgs/lib:/home/exomy/exomy_ws/install/rover_gazebo_plugins/lib:/usr/lib/x86_64-linux-gnu/gazebo-11/plugins:/opt/ros/foxy/opt/yaml_cpp_vendor/lib:/opt/ros/foxy/opt/rviz_ogre_vendor/lib:/opt/ros/foxy/lib/x86_64-linux-gnu:/opt/ros/foxy/lib:/usr/lib/x86_64-linux-gnu/gazebo-11/plugins PYTHONPATH=/home/exomy/exomy_ws/install/exomy_sim_msgs/lib/python3.8/site-packages:/home/exomy/exomy_ws/install/exomy_msgs/lib/python3.8/site-packages:/home/exomy/exomy_ws/install/exomy/lib/python3.8/site-packages:/opt/ros/foxy/lib/python3.8/site-packages /usr/bin/cmake --install /home/exomy/exomy_ws/build/exomy_sim
[20.439s] Level 1:colcon.colcon_core.environment:checking '/home/exomy/exomy_ws/install/exomy_sim' for CMake config files
[20.440s] Level 1:colcon.colcon_core.shell:create_environment_hook('exomy_sim', 'cmake_prefix_path')
[20.440s] INFO:colcon.colcon_core.shell:Creating environment hook '/home/exomy/exomy_ws/install/exomy_sim/share/exomy_sim/hook/cmake_prefix_path.ps1'
[20.441s] INFO:colcon.colcon_core.shell:Creating environment descriptor '/home/exomy/exomy_ws/install/exomy_sim/share/exomy_sim/hook/cmake_prefix_path.dsv'
[20.441s] INFO:colcon.colcon_core.shell:Creating environment hook '/home/exomy/exomy_ws/install/exomy_sim/share/exomy_sim/hook/cmake_prefix_path.sh'
[20.442s] Level 1:colcon.colcon_core.environment:checking '/home/exomy/exomy_ws/install/exomy_sim/lib'
[20.442s] Level 1:colcon.colcon_core.environment:checking '/home/exomy/exomy_ws/install/exomy_sim/bin'
[20.442s] Level 1:colcon.colcon_core.environment:checking '/home/exomy/exomy_ws/install/exomy_sim/lib/pkgconfig/exomy_sim.pc'
[20.442s] Level 1:colcon.colcon_core.environment:checking '/home/exomy/exomy_ws/install/exomy_sim/lib/python3.8/site-packages'
[20.443s] INFO:colcon.colcon_core.shell:Creating package script '/home/exomy/exomy_ws/install/exomy_sim/share/exomy_sim/package.ps1'
[20.443s] INFO:colcon.colcon_core.shell:Creating package descriptor '/home/exomy/exomy_ws/install/exomy_sim/share/exomy_sim/package.dsv'
[20.451s] INFO:colcon.colcon_core.shell:Creating package script '/home/exomy/exomy_ws/install/exomy_sim/share/exomy_sim/package.sh'
[20.451s] INFO:colcon.colcon_core.shell:Creating package script '/home/exomy/exomy_ws/install/exomy_sim/share/exomy_sim/package.bash'
[20.451s] INFO:colcon.colcon_core.shell:Creating package script '/home/exomy/exomy_ws/install/exomy_sim/share/exomy_sim/package.zsh'
[20.452s] Level 1:colcon.colcon_core.environment:create_file_with_runtime_dependencies(/home/exomy/exomy_ws/install/exomy_sim/share/colcon-core/packages/exomy_sim)
[20.491s] Level 1:colcon.colcon_core.environment:create_environment_scripts_only(exomy_sim)
[20.492s] Level 1:colcon.colcon_core.environment:checking '/home/exomy/exomy_ws/install/exomy_sim' for CMake module files
[20.493s] Level 1:colcon.colcon_core.environment:checking '/home/exomy/exomy_ws/install/exomy_sim' for CMake config files
[20.493s] Level 1:colcon.colcon_core.shell:create_environment_hook('exomy_sim', 'cmake_prefix_path')
[20.493s] INFO:colcon.colcon_core.shell:Creating environment hook '/home/exomy/exomy_ws/install/exomy_sim/share/exomy_sim/hook/cmake_prefix_path.ps1'
[20.494s] INFO:colcon.colcon_core.shell:Creating environment descriptor '/home/exomy/exomy_ws/install/exomy_sim/share/exomy_sim/hook/cmake_prefix_path.dsv'
[20.494s] INFO:colcon.colcon_core.shell:Creating environment hook '/home/exomy/exomy_ws/install/exomy_sim/share/exomy_sim/hook/cmake_prefix_path.sh'
[20.495s] Level 1:colcon.colcon_core.environment:checking '/home/exomy/exomy_ws/install/exomy_sim/lib'
[20.495s] Level 1:colcon.colcon_core.environment:checking '/home/exomy/exomy_ws/install/exomy_sim/bin'
[20.495s] Level 1:colcon.colcon_core.environment:checking '/home/exomy/exomy_ws/install/exomy_sim/lib/pkgconfig/exomy_sim.pc'
[20.495s] Level 1:colcon.colcon_core.environment:checking '/home/exomy/exomy_ws/install/exomy_sim/lib/python3.8/site-packages'
[20.496s] INFO:colcon.colcon_core.shell:Creating package script '/home/exomy/exomy_ws/install/exomy_sim/share/exomy_sim/package.ps1'
[20.496s] INFO:colcon.colcon_core.shell:Creating package descriptor '/home/exomy/exomy_ws/install/exomy_sim/share/exomy_sim/package.dsv'
[20.497s] INFO:colcon.colcon_core.shell:Creating package script '/home/exomy/exomy_ws/install/exomy_sim/share/exomy_sim/package.sh'
[20.497s] INFO:colcon.colcon_core.shell:Creating package script '/home/exomy/exomy_ws/install/exomy_sim/share/exomy_sim/package.bash'
[20.500s] INFO:colcon.colcon_core.shell:Creating package script '/home/exomy/exomy_ws/install/exomy_sim/share/exomy_sim/package.zsh'
[20.500s] Level 1:colcon.colcon_core.environment:create_file_with_runtime_dependencies(/home/exomy/exomy_ws/install/exomy_sim/share/colcon-core/packages/exomy_sim)
[20.502s] INFO:colcon.colcon_ros.task.ament_cmake.build:Building ROS package in '/home/exomy/exomy_ws/src/exomy_sim_launch' with build type 'ament_cmake'
[20.503s] INFO:colcon.colcon_cmake.task.cmake.build:Building CMake package in '/home/exomy/exomy_ws/src/exomy_sim_launch'
[20.503s] INFO:colcon.colcon_core.shell:Skip shell extension 'powershell' for command environment: Not usable outside of PowerShell
[20.503s] DEBUG:colcon.colcon_core.shell:Skip shell extension 'dsv' for command environment
[20.537s] DEBUG:colcon.colcon_core.event_handler.log_command:Invoking command in '/home/exomy/exomy_ws/build/exomy_sim_launch': AMENT_PREFIX_PATH=/home/exomy/exomy_ws/install/exomy:/home/exomy/exomy_ws/install/rover_gazebo_plugins:/home/exomy/exomy_ws/install/ros_wrapper:/home/exomy/exomy_ws/install/exomy_sim_launch:/home/exomy/exomy_ws/install/exomy_sim:/home/exomy/exomy_ws/install/exomy_sim_msgs:/home/exomy/exomy_ws/install/exomy_msgs:/opt/ros/foxy CMAKE_PREFIX_PATH=/home/exomy/exomy_ws/install/exomy_sim:/home/exomy/exomy_ws/install/exomy_sim_msgs:/home/exomy/exomy_ws/install/exomy_msgs:/home/exomy/exomy_ws/install/rover_gazebo_plugins:/home/exomy/exomy_ws/install/ros_wrapper:/home/exomy/exomy_ws/install/exomy_sim_launch:/home/exomy/exomy_ws/install/exomy:/opt/ros/foxy LD_LIBRARY_PATH=/home/exomy/exomy_ws/install/exomy_sim_msgs/lib:/home/exomy/exomy_ws/install/exomy_msgs/lib:/home/exomy/exomy_ws/install/rover_gazebo_plugins/lib:/usr/lib/x86_64-linux-gnu/gazebo-11/plugins:/opt/ros/foxy/opt/yaml_cpp_vendor/lib:/opt/ros/foxy/opt/rviz_ogre_vendor/lib:/opt/ros/foxy/lib/x86_64-linux-gnu:/opt/ros/foxy/lib:/usr/lib/x86_64-linux-gnu/gazebo-11/plugins PYTHONPATH=/home/exomy/exomy_ws/install/exomy/lib/python3.8/site-packages:/home/exomy/exomy_ws/install/exomy_sim_msgs/lib/python3.8/site-packages:/home/exomy/exomy_ws/install/exomy_msgs/lib/python3.8/site-packages:/opt/ros/foxy/lib/python3.8/site-packages /usr/bin/cmake /home/exomy/exomy_ws/src/exomy_sim_launch -DCMAKE_INSTALL_PREFIX=/home/exomy/exomy_ws/install/exomy_sim_launch
[21.415s] DEBUG:colcon.colcon_core.event_handler.log_command:Invoked command in '/home/exomy/exomy_ws/build/exomy_sim_launch' returned '0': AMENT_PREFIX_PATH=/home/exomy/exomy_ws/install/exomy:/home/exomy/exomy_ws/install/rover_gazebo_plugins:/home/exomy/exomy_ws/install/ros_wrapper:/home/exomy/exomy_ws/install/exomy_sim_launch:/home/exomy/exomy_ws/install/exomy_sim:/home/exomy/exomy_ws/install/exomy_sim_msgs:/home/exomy/exomy_ws/install/exomy_msgs:/opt/ros/foxy CMAKE_PREFIX_PATH=/home/exomy/exomy_ws/install/exomy_sim:/home/exomy/exomy_ws/install/exomy_sim_msgs:/home/exomy/exomy_ws/install/exomy_msgs:/home/exomy/exomy_ws/install/rover_gazebo_plugins:/home/exomy/exomy_ws/install/ros_wrapper:/home/exomy/exomy_ws/install/exomy_sim_launch:/home/exomy/exomy_ws/install/exomy:/opt/ros/foxy LD_LIBRARY_PATH=/home/exomy/exomy_ws/install/exomy_sim_msgs/lib:/home/exomy/exomy_ws/install/exomy_msgs/lib:/home/exomy/exomy_ws/install/rover_gazebo_plugins/lib:/usr/lib/x86_64-linux-gnu/gazebo-11/plugins:/opt/ros/foxy/opt/yaml_cpp_vendor/lib:/opt/ros/foxy/opt/rviz_ogre_vendor/lib:/opt/ros/foxy/lib/x86_64-linux-gnu:/opt/ros/foxy/lib:/usr/lib/x86_64-linux-gnu/gazebo-11/plugins PYTHONPATH=/home/exomy/exomy_ws/install/exomy/lib/python3.8/site-packages:/home/exomy/exomy_ws/install/exomy_sim_msgs/lib/python3.8/site-packages:/home/exomy/exomy_ws/install/exomy_msgs/lib/python3.8/site-packages:/opt/ros/foxy/lib/python3.8/site-packages /usr/bin/cmake /home/exomy/exomy_ws/src/exomy_sim_launch -DCMAKE_INSTALL_PREFIX=/home/exomy/exomy_ws/install/exomy_sim_launch
[21.415s] DEBUG:colcon.colcon_core.event_handler.log_command:Invoking command in '/home/exomy/exomy_ws/build/exomy_sim_launch': AMENT_PREFIX_PATH=/home/exomy/exomy_ws/install/exomy:/home/exomy/exomy_ws/install/rover_gazebo_plugins:/home/exomy/exomy_ws/install/ros_wrapper:/home/exomy/exomy_ws/install/exomy_sim_launch:/home/exomy/exomy_ws/install/exomy_sim:/home/exomy/exomy_ws/install/exomy_sim_msgs:/home/exomy/exomy_ws/install/exomy_msgs:/opt/ros/foxy CMAKE_PREFIX_PATH=/home/exomy/exomy_ws/install/exomy_sim:/home/exomy/exomy_ws/install/exomy_sim_msgs:/home/exomy/exomy_ws/install/exomy_msgs:/home/exomy/exomy_ws/install/rover_gazebo_plugins:/home/exomy/exomy_ws/install/ros_wrapper:/home/exomy/exomy_ws/install/exomy_sim_launch:/home/exomy/exomy_ws/install/exomy:/opt/ros/foxy LD_LIBRARY_PATH=/home/exomy/exomy_ws/install/exomy_sim_msgs/lib:/home/exomy/exomy_ws/install/exomy_msgs/lib:/home/exomy/exomy_ws/install/rover_gazebo_plugins/lib:/usr/lib/x86_64-linux-gnu/gazebo-11/plugins:/opt/ros/foxy/opt/yaml_cpp_vendor/lib:/opt/ros/foxy/opt/rviz_ogre_vendor/lib:/opt/ros/foxy/lib/x86_64-linux-gnu:/opt/ros/foxy/lib:/usr/lib/x86_64-linux-gnu/gazebo-11/plugins PYTHONPATH=/home/exomy/exomy_ws/install/exomy/lib/python3.8/site-packages:/home/exomy/exomy_ws/install/exomy_sim_msgs/lib/python3.8/site-packages:/home/exomy/exomy_ws/install/exomy_msgs/lib/python3.8/site-packages:/opt/ros/foxy/lib/python3.8/site-packages /usr/bin/cmake --build /home/exomy/exomy_ws/build/exomy_sim_launch -- -j2 -l2
[21.473s] DEBUG:colcon.colcon_core.event_handler.log_command:Invoked command in '/home/exomy/exomy_ws/build/exomy_sim_launch' returned '0': AMENT_PREFIX_PATH=/home/exomy/exomy_ws/install/exomy:/home/exomy/exomy_ws/install/rover_gazebo_plugins:/home/exomy/exomy_ws/install/ros_wrapper:/home/exomy/exomy_ws/install/exomy_sim_launch:/home/exomy/exomy_ws/install/exomy_sim:/home/exomy/exomy_ws/install/exomy_sim_msgs:/home/exomy/exomy_ws/install/exomy_msgs:/opt/ros/foxy CMAKE_PREFIX_PATH=/home/exomy/exomy_ws/install/exomy_sim:/home/exomy/exomy_ws/install/exomy_sim_msgs:/home/exomy/exomy_ws/install/exomy_msgs:/home/exomy/exomy_ws/install/rover_gazebo_plugins:/home/exomy/exomy_ws/install/ros_wrapper:/home/exomy/exomy_ws/install/exomy_sim_launch:/home/exomy/exomy_ws/install/exomy:/opt/ros/foxy LD_LIBRARY_PATH=/home/exomy/exomy_ws/install/exomy_sim_msgs/lib:/home/exomy/exomy_ws/install/exomy_msgs/lib:/home/exomy/exomy_ws/install/rover_gazebo_plugins/lib:/usr/lib/x86_64-linux-gnu/gazebo-11/plugins:/opt/ros/foxy/opt/yaml_cpp_vendor/lib:/opt/ros/foxy/opt/rviz_ogre_vendor/lib:/opt/ros/foxy/lib/x86_64-linux-gnu:/opt/ros/foxy/lib:/usr/lib/x86_64-linux-gnu/gazebo-11/plugins PYTHONPATH=/home/exomy/exomy_ws/install/exomy/lib/python3.8/site-packages:/home/exomy/exomy_ws/install/exomy_sim_msgs/lib/python3.8/site-packages:/home/exomy/exomy_ws/install/exomy_msgs/lib/python3.8/site-packages:/opt/ros/foxy/lib/python3.8/site-packages /usr/bin/cmake --build /home/exomy/exomy_ws/build/exomy_sim_launch -- -j2 -l2
[21.512s] DEBUG:colcon.colcon_core.event_handler.log_command:Invoking command in '/home/exomy/exomy_ws/build/exomy_sim_launch': AMENT_PREFIX_PATH=/home/exomy/exomy_ws/install/exomy:/home/exomy/exomy_ws/install/rover_gazebo_plugins:/home/exomy/exomy_ws/install/ros_wrapper:/home/exomy/exomy_ws/install/exomy_sim_launch:/home/exomy/exomy_ws/install/exomy_sim:/home/exomy/exomy_ws/install/exomy_sim_msgs:/home/exomy/exomy_ws/install/exomy_msgs:/opt/ros/foxy CMAKE_PREFIX_PATH=/home/exomy/exomy_ws/install/exomy_sim:/home/exomy/exomy_ws/install/exomy_sim_msgs:/home/exomy/exomy_ws/install/exomy_msgs:/home/exomy/exomy_ws/install/rover_gazebo_plugins:/home/exomy/exomy_ws/install/ros_wrapper:/home/exomy/exomy_ws/install/exomy_sim_launch:/home/exomy/exomy_ws/install/exomy:/opt/ros/foxy LD_LIBRARY_PATH=/home/exomy/exomy_ws/install/exomy_sim_msgs/lib:/home/exomy/exomy_ws/install/exomy_msgs/lib:/home/exomy/exomy_ws/install/rover_gazebo_plugins/lib:/usr/lib/x86_64-linux-gnu/gazebo-11/plugins:/opt/ros/foxy/opt/yaml_cpp_vendor/lib:/opt/ros/foxy/opt/rviz_ogre_vendor/lib:/opt/ros/foxy/lib/x86_64-linux-gnu:/opt/ros/foxy/lib:/usr/lib/x86_64-linux-gnu/gazebo-11/plugins PYTHONPATH=/home/exomy/exomy_ws/install/exomy/lib/python3.8/site-packages:/home/exomy/exomy_ws/install/exomy_sim_msgs/lib/python3.8/site-packages:/home/exomy/exomy_ws/install/exomy_msgs/lib/python3.8/site-packages:/opt/ros/foxy/lib/python3.8/site-packages /usr/bin/cmake --install /home/exomy/exomy_ws/build/exomy_sim_launch
[21.534s] Level 1:colcon.colcon_core.environment:create_environment_scripts_only(exomy_sim_launch)
[21.535s] Level 1:colcon.colcon_core.environment:checking '/home/exomy/exomy_ws/install/exomy_sim_launch' for CMake module files
[21.535s] Level 1:colcon.colcon_core.environment:checking '/home/exomy/exomy_ws/install/exomy_sim_launch' for CMake config files
[21.536s] Level 1:colcon.colcon_core.shell:create_environment_hook('exomy_sim_launch', 'cmake_prefix_path')
[21.536s] INFO:colcon.colcon_core.shell:Creating environment hook '/home/exomy/exomy_ws/install/exomy_sim_launch/share/exomy_sim_launch/hook/cmake_prefix_path.ps1'
[21.537s] INFO:colcon.colcon_core.shell:Creating environment descriptor '/home/exomy/exomy_ws/install/exomy_sim_launch/share/exomy_sim_launch/hook/cmake_prefix_path.dsv'
[21.537s] INFO:colcon.colcon_core.shell:Creating environment hook '/home/exomy/exomy_ws/install/exomy_sim_launch/share/exomy_sim_launch/hook/cmake_prefix_path.sh'
[21.537s] Level 1:colcon.colcon_core.environment:checking '/home/exomy/exomy_ws/install/exomy_sim_launch/bin'
[21.537s] Level 1:colcon.colcon_core.environment:checking '/home/exomy/exomy_ws/install/exomy_sim_launch/lib/pkgconfig/exomy_sim_launch.pc'
[21.537s] Level 1:colcon.colcon_core.environment:checking '/home/exomy/exomy_ws/install/exomy_sim_launch/lib/python3.8/site-packages'
[21.538s] INFO:colcon.colcon_core.shell:Creating package script '/home/exomy/exomy_ws/install/exomy_sim_launch/share/exomy_sim_launch/package.ps1'
[21.538s] DEBUG:colcon.colcon_core.event_handler.log_command:Invoked command in '/home/exomy/exomy_ws/build/exomy_sim_launch' returned '0': AMENT_PREFIX_PATH=/home/exomy/exomy_ws/install/exomy:/home/exomy/exomy_ws/install/rover_gazebo_plugins:/home/exomy/exomy_ws/install/ros_wrapper:/home/exomy/exomy_ws/install/exomy_sim_launch:/home/exomy/exomy_ws/install/exomy_sim:/home/exomy/exomy_ws/install/exomy_sim_msgs:/home/exomy/exomy_ws/install/exomy_msgs:/opt/ros/foxy CMAKE_PREFIX_PATH=/home/exomy/exomy_ws/install/exomy_sim:/home/exomy/exomy_ws/install/exomy_sim_msgs:/home/exomy/exomy_ws/install/exomy_msgs:/home/exomy/exomy_ws/install/rover_gazebo_plugins:/home/exomy/exomy_ws/install/ros_wrapper:/home/exomy/exomy_ws/install/exomy_sim_launch:/home/exomy/exomy_ws/install/exomy:/opt/ros/foxy LD_LIBRARY_PATH=/home/exomy/exomy_ws/install/exomy_sim_msgs/lib:/home/exomy/exomy_ws/install/exomy_msgs/lib:/home/exomy/exomy_ws/install/rover_gazebo_plugins/lib:/usr/lib/x86_64-linux-gnu/gazebo-11/plugins:/opt/ros/foxy/opt/yaml_cpp_vendor/lib:/opt/ros/foxy/opt/rviz_ogre_vendor/lib:/opt/ros/foxy/lib/x86_64-linux-gnu:/opt/ros/foxy/lib:/usr/lib/x86_64-linux-gnu/gazebo-11/plugins PYTHONPATH=/home/exomy/exomy_ws/install/exomy/lib/python3.8/site-packages:/home/exomy/exomy_ws/install/exomy_sim_msgs/lib/python3.8/site-packages:/home/exomy/exomy_ws/install/exomy_msgs/lib/python3.8/site-packages:/opt/ros/foxy/lib/python3.8/site-packages /usr/bin/cmake --install /home/exomy/exomy_ws/build/exomy_sim_launch
[21.539s] INFO:colcon.colcon_core.shell:Creating package descriptor '/home/exomy/exomy_ws/install/exomy_sim_launch/share/exomy_sim_launch/package.dsv'
[21.539s] INFO:colcon.colcon_core.shell:Creating package script '/home/exomy/exomy_ws/install/exomy_sim_launch/share/exomy_sim_launch/package.sh'
[21.539s] INFO:colcon.colcon_core.shell:Creating package script '/home/exomy/exomy_ws/install/exomy_sim_launch/share/exomy_sim_launch/package.bash'
[21.540s] INFO:colcon.colcon_core.shell:Creating package script '/home/exomy/exomy_ws/install/exomy_sim_launch/share/exomy_sim_launch/package.zsh'
[21.540s] Level 1:colcon.colcon_core.environment:create_file_with_runtime_dependencies(/home/exomy/exomy_ws/install/exomy_sim_launch/share/colcon-core/packages/exomy_sim_launch)
[21.579s] Level 1:colcon.colcon_core.environment:create_environment_scripts_only(exomy_sim_launch)
[21.580s] Level 1:colcon.colcon_core.environment:checking '/home/exomy/exomy_ws/install/exomy_sim_launch' for CMake module files
[21.580s] Level 1:colcon.colcon_core.environment:checking '/home/exomy/exomy_ws/install/exomy_sim_launch' for CMake config files
[21.581s] Level 1:colcon.colcon_core.shell:create_environment_hook('exomy_sim_launch', 'cmake_prefix_path')
[21.581s] INFO:colcon.colcon_core.shell:Creating environment hook '/home/exomy/exomy_ws/install/exomy_sim_launch/share/exomy_sim_launch/hook/cmake_prefix_path.ps1'
[21.582s] INFO:colcon.colcon_core.shell:Creating environment descriptor '/home/exomy/exomy_ws/install/exomy_sim_launch/share/exomy_sim_launch/hook/cmake_prefix_path.dsv'
[21.582s] INFO:colcon.colcon_core.shell:Creating environment hook '/home/exomy/exomy_ws/install/exomy_sim_launch/share/exomy_sim_launch/hook/cmake_prefix_path.sh'
[21.583s] Level 1:colcon.colcon_core.environment:checking '/home/exomy/exomy_ws/install/exomy_sim_launch/bin'
[21.583s] Level 1:colcon.colcon_core.environment:checking '/home/exomy/exomy_ws/install/exomy_sim_launch/lib/pkgconfig/exomy_sim_launch.pc'
[21.583s] Level 1:colcon.colcon_core.environment:checking '/home/exomy/exomy_ws/install/exomy_sim_launch/lib/python3.8/site-packages'
[21.584s] INFO:colcon.colcon_core.shell:Creating package script '/home/exomy/exomy_ws/install/exomy_sim_launch/share/exomy_sim_launch/package.ps1'
[21.584s] INFO:colcon.colcon_core.shell:Creating package descriptor '/home/exomy/exomy_ws/install/exomy_sim_launch/share/exomy_sim_launch/package.dsv'
[21.585s] INFO:colcon.colcon_core.shell:Creating package script '/home/exomy/exomy_ws/install/exomy_sim_launch/share/exomy_sim_launch/package.sh'
[21.585s] INFO:colcon.colcon_core.shell:Creating package script '/home/exomy/exomy_ws/install/exomy_sim_launch/share/exomy_sim_launch/package.bash'
[21.586s] INFO:colcon.colcon_core.shell:Creating package script '/home/exomy/exomy_ws/install/exomy_sim_launch/share/exomy_sim_launch/package.zsh'
[21.586s] Level 1:colcon.colcon_core.environment:create_file_with_runtime_dependencies(/home/exomy/exomy_ws/install/exomy_sim_launch/share/colcon-core/packages/exomy_sim_launch)
[28.573s] DEBUG:colcon.colcon_core.event_handler.log_command:Invoked command in '/home/exomy/exomy_ws/build/rover_gazebo_plugins' returned '0': CMAKE_PREFIX_PATH=/home/exomy/exomy_ws/install/exomy_sim_msgs:/home/exomy/exomy_ws/install/rover_gazebo_plugins:/home/exomy/exomy_ws/install/ros_wrapper:/home/exomy/exomy_ws/install/exomy_sim_launch:/home/exomy/exomy_ws/install/exomy_sim:/home/exomy/exomy_ws/install/exomy_msgs:/home/exomy/exomy_ws/install/exomy:/opt/ros/foxy LD_LIBRARY_PATH=/home/exomy/exomy_ws/install/exomy_sim_msgs/lib:/home/exomy/exomy_ws/install/rover_gazebo_plugins/lib:/home/exomy/exomy_ws/install/exomy_msgs/lib:/usr/lib/x86_64-linux-gnu/gazebo-11/plugins:/opt/ros/foxy/opt/yaml_cpp_vendor/lib:/opt/ros/foxy/opt/rviz_ogre_vendor/lib:/opt/ros/foxy/lib/x86_64-linux-gnu:/opt/ros/foxy/lib:/usr/lib/x86_64-linux-gnu/gazebo-11/plugins /usr/bin/cmake --build /home/exomy/exomy_ws/build/rover_gazebo_plugins -- -j2 -l2
[28.615s] DEBUG:colcon.colcon_core.event_handler.log_command:Invoking command in '/home/exomy/exomy_ws/build/rover_gazebo_plugins': CMAKE_PREFIX_PATH=/home/exomy/exomy_ws/install/exomy_sim_msgs:/home/exomy/exomy_ws/install/rover_gazebo_plugins:/home/exomy/exomy_ws/install/ros_wrapper:/home/exomy/exomy_ws/install/exomy_sim_launch:/home/exomy/exomy_ws/install/exomy_sim:/home/exomy/exomy_ws/install/exomy_msgs:/home/exomy/exomy_ws/install/exomy:/opt/ros/foxy LD_LIBRARY_PATH=/home/exomy/exomy_ws/install/exomy_sim_msgs/lib:/home/exomy/exomy_ws/install/rover_gazebo_plugins/lib:/home/exomy/exomy_ws/install/exomy_msgs/lib:/usr/lib/x86_64-linux-gnu/gazebo-11/plugins:/opt/ros/foxy/opt/yaml_cpp_vendor/lib:/opt/ros/foxy/opt/rviz_ogre_vendor/lib:/opt/ros/foxy/lib/x86_64-linux-gnu:/opt/ros/foxy/lib:/usr/lib/x86_64-linux-gnu/gazebo-11/plugins /usr/bin/cmake --install /home/exomy/exomy_ws/build/rover_gazebo_plugins
[28.644s] Level 1:colcon.colcon_core.environment:create_environment_scripts_only(rover_gazebo_plugins)
[28.646s] Level 1:colcon.colcon_core.environment:checking '/home/exomy/exomy_ws/install/rover_gazebo_plugins' for CMake module files
[28.646s] DEBUG:colcon.colcon_core.event_handler.log_command:Invoked command in '/home/exomy/exomy_ws/build/rover_gazebo_plugins' returned '0': CMAKE_PREFIX_PATH=/home/exomy/exomy_ws/install/exomy_sim_msgs:/home/exomy/exomy_ws/install/rover_gazebo_plugins:/home/exomy/exomy_ws/install/ros_wrapper:/home/exomy/exomy_ws/install/exomy_sim_launch:/home/exomy/exomy_ws/install/exomy_sim:/home/exomy/exomy_ws/install/exomy_msgs:/home/exomy/exomy_ws/install/exomy:/opt/ros/foxy LD_LIBRARY_PATH=/home/exomy/exomy_ws/install/exomy_sim_msgs/lib:/home/exomy/exomy_ws/install/rover_gazebo_plugins/lib:/home/exomy/exomy_ws/install/exomy_msgs/lib:/usr/lib/x86_64-linux-gnu/gazebo-11/plugins:/opt/ros/foxy/opt/yaml_cpp_vendor/lib:/opt/ros/foxy/opt/rviz_ogre_vendor/lib:/opt/ros/foxy/lib/x86_64-linux-gnu:/opt/ros/foxy/lib:/usr/lib/x86_64-linux-gnu/gazebo-11/plugins /usr/bin/cmake --install /home/exomy/exomy_ws/build/rover_gazebo_plugins
[28.647s] Level 1:colcon.colcon_core.environment:checking '/home/exomy/exomy_ws/install/rover_gazebo_plugins' for CMake config files
[28.647s] Level 1:colcon.colcon_core.shell:create_environment_hook('rover_gazebo_plugins', 'cmake_prefix_path')
[28.647s] INFO:colcon.colcon_core.shell:Creating environment hook '/home/exomy/exomy_ws/install/rover_gazebo_plugins/share/rover_gazebo_plugins/hook/cmake_prefix_path.ps1'
[28.648s] INFO:colcon.colcon_core.shell:Creating environment descriptor '/home/exomy/exomy_ws/install/rover_gazebo_plugins/share/rover_gazebo_plugins/hook/cmake_prefix_path.dsv'
[28.648s] INFO:colcon.colcon_core.shell:Creating environment hook '/home/exomy/exomy_ws/install/rover_gazebo_plugins/share/rover_gazebo_plugins/hook/cmake_prefix_path.sh'
[28.649s] Level 1:colcon.colcon_core.environment:checking '/home/exomy/exomy_ws/install/rover_gazebo_plugins/lib'
[28.649s] Level 1:colcon.colcon_core.shell:create_environment_hook('rover_gazebo_plugins', 'ld_library_path_lib')
[28.649s] INFO:colcon.colcon_core.shell:Creating environment hook '/home/exomy/exomy_ws/install/rover_gazebo_plugins/share/rover_gazebo_plugins/hook/ld_library_path_lib.ps1'
[28.649s] INFO:colcon.colcon_core.shell:Creating environment descriptor '/home/exomy/exomy_ws/install/rover_gazebo_plugins/share/rover_gazebo_plugins/hook/ld_library_path_lib.dsv'
[28.649s] INFO:colcon.colcon_core.shell:Creating environment hook '/home/exomy/exomy_ws/install/rover_gazebo_plugins/share/rover_gazebo_plugins/hook/ld_library_path_lib.sh'
[28.650s] Level 1:colcon.colcon_core.environment:checking '/home/exomy/exomy_ws/install/rover_gazebo_plugins/bin'
[28.650s] Level 1:colcon.colcon_core.environment:checking '/home/exomy/exomy_ws/install/rover_gazebo_plugins/lib/pkgconfig/rover_gazebo_plugins.pc'
[28.650s] Level 1:colcon.colcon_core.environment:checking '/home/exomy/exomy_ws/install/rover_gazebo_plugins/lib/python3.8/site-packages'
[28.650s] INFO:colcon.colcon_core.shell:Creating package script '/home/exomy/exomy_ws/install/rover_gazebo_plugins/share/rover_gazebo_plugins/package.ps1'
[28.651s] INFO:colcon.colcon_core.shell:Creating package descriptor '/home/exomy/exomy_ws/install/rover_gazebo_plugins/share/rover_gazebo_plugins/package.dsv'
[28.652s] INFO:colcon.colcon_core.shell:Creating package script '/home/exomy/exomy_ws/install/rover_gazebo_plugins/share/rover_gazebo_plugins/package.sh'
[28.652s] INFO:colcon.colcon_core.shell:Creating package script '/home/exomy/exomy_ws/install/rover_gazebo_plugins/share/rover_gazebo_plugins/package.bash'
[28.652s] INFO:colcon.colcon_core.shell:Creating package script '/home/exomy/exomy_ws/install/rover_gazebo_plugins/share/rover_gazebo_plugins/package.zsh'
[28.653s] Level 1:colcon.colcon_core.environment:create_file_with_runtime_dependencies(/home/exomy/exomy_ws/install/rover_gazebo_plugins/share/colcon-core/packages/rover_gazebo_plugins)
[28.694s] Level 1:colcon.colcon_core.environment:create_environment_scripts_only(rover_gazebo_plugins)
[28.695s] Level 1:colcon.colcon_core.environment:checking '/home/exomy/exomy_ws/install/rover_gazebo_plugins' for CMake module files
[28.695s] Level 1:colcon.colcon_core.environment:checking '/home/exomy/exomy_ws/install/rover_gazebo_plugins' for CMake config files
[28.695s] Level 1:colcon.colcon_core.shell:create_environment_hook('rover_gazebo_plugins', 'cmake_prefix_path')
[28.696s] INFO:colcon.colcon_core.shell:Creating environment hook '/home/exomy/exomy_ws/install/rover_gazebo_plugins/share/rover_gazebo_plugins/hook/cmake_prefix_path.ps1'
[28.697s] INFO:colcon.colcon_core.shell:Creating environment descriptor '/home/exomy/exomy_ws/install/rover_gazebo_plugins/share/rover_gazebo_plugins/hook/cmake_prefix_path.dsv'
[28.697s] INFO:colcon.colcon_core.shell:Creating environment hook '/home/exomy/exomy_ws/install/rover_gazebo_plugins/share/rover_gazebo_plugins/hook/cmake_prefix_path.sh'
[28.698s] Level 1:colcon.colcon_core.environment:checking '/home/exomy/exomy_ws/install/rover_gazebo_plugins/lib'
[28.698s] Level 1:colcon.colcon_core.shell:create_environment_hook('rover_gazebo_plugins', 'ld_library_path_lib')
[28.698s] INFO:colcon.colcon_core.shell:Creating environment hook '/home/exomy/exomy_ws/install/rover_gazebo_plugins/share/rover_gazebo_plugins/hook/ld_library_path_lib.ps1'
[28.698s] INFO:colcon.colcon_core.shell:Creating environment descriptor '/home/exomy/exomy_ws/install/rover_gazebo_plugins/share/rover_gazebo_plugins/hook/ld_library_path_lib.dsv'
[28.699s] INFO:colcon.colcon_core.shell:Creating environment hook '/home/exomy/exomy_ws/install/rover_gazebo_plugins/share/rover_gazebo_plugins/hook/ld_library_path_lib.sh'
[28.699s] Level 1:colcon.colcon_core.environment:checking '/home/exomy/exomy_ws/install/rover_gazebo_plugins/bin'
[28.699s] Level 1:colcon.colcon_core.environment:checking '/home/exomy/exomy_ws/install/rover_gazebo_plugins/lib/pkgconfig/rover_gazebo_plugins.pc'
[28.700s] Level 1:colcon.colcon_core.environment:checking '/home/exomy/exomy_ws/install/rover_gazebo_plugins/lib/python3.8/site-packages'
[28.700s] INFO:colcon.colcon_core.shell:Creating package script '/home/exomy/exomy_ws/install/rover_gazebo_plugins/share/rover_gazebo_plugins/package.ps1'
[28.712s] INFO:colcon.colcon_core.shell:Creating package descriptor '/home/exomy/exomy_ws/install/rover_gazebo_plugins/share/rover_gazebo_plugins/package.dsv'
[28.712s] INFO:colcon.colcon_core.shell:Creating package script '/home/exomy/exomy_ws/install/rover_gazebo_plugins/share/rover_gazebo_plugins/package.sh'
[28.713s] INFO:colcon.colcon_core.shell:Creating package script '/home/exomy/exomy_ws/install/rover_gazebo_plugins/share/rover_gazebo_plugins/package.bash'
[28.714s] INFO:colcon.colcon_core.shell:Creating package script '/home/exomy/exomy_ws/install/rover_gazebo_plugins/share/rover_gazebo_plugins/package.zsh'
[28.714s] Level 1:colcon.colcon_core.environment:create_file_with_runtime_dependencies(/home/exomy/exomy_ws/install/rover_gazebo_plugins/share/colcon-core/packages/rover_gazebo_plugins)
[28.715s] DEBUG:colcon.colcon_parallel_executor.executor.parallel:closing loop
[28.716s] DEBUG:colcon.colcon_parallel_executor.executor.parallel:loop closed
[28.716s] DEBUG:colcon.colcon_parallel_executor.executor.parallel:run_until_complete finished with '0'
[28.716s] DEBUG:colcon.colcon_core.event_reactor:joining thread
[28.730s] INFO:colcon.colcon_core.plugin_system:Skipping extension 'colcon_notification.desktop_notification.notify_send': Could not find 'notify-send'
[28.730s] INFO:colcon.colcon_core.plugin_system:Skipping extension 'colcon_notification.desktop_notification.terminal_notifier': Not used on non-Darwin systems
[28.730s] INFO:colcon.colcon_core.plugin_system:Skipping extension 'colcon_notification.desktop_notification.win32': Not used on non-Windows systems
[28.730s] INFO:colcon.colcon_notification.desktop_notification:Sending desktop notification using 'notify2'
[28.735s] DEBUG:colcon.colcon_notification.desktop_notification.notify2:Failed to initialize notify2: org.freedesktop.DBus.Error.Spawn.ExecFailed: /usr/bin/dbus-launch terminated abnormally without any error message
[28.735s] DEBUG:colcon.colcon_core.event_reactor:joined thread
[28.736s] INFO:colcon.colcon_core.shell:Creating prefix script '/home/exomy/exomy_ws/install/local_setup.ps1'
[28.738s] INFO:colcon.colcon_core.shell:Creating prefix util module '/home/exomy/exomy_ws/install/_local_setup_util_ps1.py'
[28.739s] INFO:colcon.colcon_core.shell:Creating prefix chain script '/home/exomy/exomy_ws/install/setup.ps1'
[28.740s] INFO:colcon.colcon_core.shell:Creating prefix script '/home/exomy/exomy_ws/install/local_setup.sh'
[28.741s] INFO:colcon.colcon_core.shell:Creating prefix util module '/home/exomy/exomy_ws/install/_local_setup_util_sh.py'
[28.742s] INFO:colcon.colcon_core.shell:Creating prefix chain script '/home/exomy/exomy_ws/install/setup.sh'
[28.744s] INFO:colcon.colcon_core.shell:Creating prefix script '/home/exomy/exomy_ws/install/local_setup.bash'
[28.745s] INFO:colcon.colcon_core.shell:Creating prefix chain script '/home/exomy/exomy_ws/install/setup.bash'
[28.746s] INFO:colcon.colcon_core.shell:Creating prefix script '/home/exomy/exomy_ws/install/local_setup.zsh'
[28.747s] INFO:colcon.colcon_core.shell:Creating prefix chain script '/home/exomy/exomy_ws/install/setup.zsh'
