[0.069s] Invoking command in '/home/exomy/exomy_ws/exomy_ws_ros/exomy_ws/src/build/realsense_gazebo_plugin': /usr/bin/cmake /home/exomy/exomy_ws/exomy_ws_ros/exomy_ws/src/realsense_gazebo_plugin -DCATKIN_INSTALL_INTO_PREFIX_ROOT=0 -DCMAKE_INSTALL_PREFIX=/home/exomy/exomy_ws/exomy_ws_ros/exomy_ws/src/install/realsense_gazebo_plugin
[0.608s] -- The C compiler identification is GNU 9.3.0
[0.870s] -- The CXX compiler identification is GNU 9.3.0
[0.891s] -- Check for working C compiler: /usr/bin/cc
[1.067s] -- Check for working C compiler: /usr/bin/cc -- works
[1.102s] -- Detecting C compiler ABI info
[1.253s] -- Detecting C compiler ABI info - done
[1.265s] -- Detecting C compile features
[1.266s] -- Detecting C compile features - done
[1.273s] -- Check for working CXX compiler: /usr/bin/c++
[1.484s] -- Check for working CXX compiler: /usr/bin/c++ -- works
[1.485s] -- Detecting CXX compiler ABI info
[1.713s] -- Detecting CXX compiler ABI info - done
[1.736s] -- Detecting CXX compile features
[1.736s] -- Detecting CXX compile features - done
[1.750s] -- Found ament_cmake: 0.9.9 (/opt/ros/foxy/share/ament_cmake/cmake)
[1.835s] -- Found PythonInterp: /usr/bin/python3 (found suitable version "3.8.10", minimum required is "3") 
[1.835s] -- Using PYTHON_EXECUTABLE: /usr/bin/python3
[2.325s] -- Found rclcpp: 2.4.1 (/opt/ros/foxy/share/rclcpp/cmake)
[2.531s] -- Using all available rosidl_typesupport_c: rosidl_typesupport_fastrtps_c;rosidl_typesupport_introspection_c
[2.580s] -- Found rosidl_adapter: 1.2.1 (/opt/ros/foxy/share/rosidl_adapter/cmake)
[2.846s] -- Found OpenSSL: /usr/lib/x86_64-linux-gnu/libcrypto.so (found version "1.1.1f")  
[2.906s] -- Found FastRTPS: /opt/ros/foxy/include  
[3.134s] -- Using all available rosidl_typesupport_cpp: rosidl_typesupport_fastrtps_cpp;rosidl_typesupport_introspection_cpp
[3.307s] -- Found rmw_implementation_cmake: 1.0.3 (/opt/ros/foxy/share/rmw_implementation_cmake/cmake)
[3.315s] -- Using RMW implementation 'rmw_fastrtps_cpp' as default
[3.320s] -- Looking for pthread.h
[3.482s] -- Looking for pthread.h - found
[3.482s] -- Performing Test CMAKE_HAVE_LIBC_PTHREAD
[3.634s] -- Performing Test CMAKE_HAVE_LIBC_PTHREAD - Failed
[3.634s] -- Looking for pthread_create in pthreads
[3.767s] -- Looking for pthread_create in pthreads - not found
[3.767s] -- Looking for pthread_create in pthread
[3.902s] -- Looking for pthread_create in pthread - found
[3.904s] -- Found Threads: TRUE  
[4.264s] -- Found gazebo_ros: 3.5.3 (/opt/ros/foxy/share/gazebo_ros/cmake)
[4.293s] -- Found PkgConfig: /usr/bin/pkg-config (found version "0.29.1") 
[4.295s] -- Checking for module 'bullet>=2.82'
[4.319s] --   Found bullet, version 2.88
[4.582s] -- Found ccd: /usr/include (found suitable version "2.0", minimum required is "2.0") 
[4.694s] -- Found fcl: /usr/include (found suitable version "0.5.0", minimum required is "0.3.2") 
[4.809s] -- Found assimp: /usr/include (found version "5.0.0") 
[4.899s] -- Found DART: /usr/include (Required is at least version "6.6") found components: dart 
[4.966s] -- Found Boost: /usr/lib/x86_64-linux-gnu/cmake/Boost-1.71.0/BoostConfig.cmake (found suitable version "1.71.0", minimum required is "1.40.0") found components: thread system filesystem program_options regex iostreams date_time 
[5.035s] -- Found Protobuf: /usr/lib/x86_64-linux-gnu/libprotobuf.so;-lpthread (found version "3.6.1") 
[5.058s] -- Looking for ignition-math6 -- found version 6.9.2
[5.082s] -- Searching for dependencies of ignition-math6
[5.087s] -- Looking for OGRE...
[5.089s] -- OGRE_PREFIX_WATCH changed.
[5.096s] -- Checking for module 'OGRE'
[5.119s] --   Found OGRE, version 1.9.0
[5.199s] -- Found Ogre Ghadamon (1.9.0)
[5.210s] -- Found OGRE: optimized;/usr/lib/x86_64-linux-gnu/libOgreMain.so;debug;/usr/lib/x86_64-linux-gnu/libOgreMain.so
[5.224s] -- Looking for OGRE_Paging...
[5.234s] -- Found OGRE_Paging: optimized;/usr/lib/x86_64-linux-gnu/libOgrePaging.so;debug;/usr/lib/x86_64-linux-gnu/libOgrePaging.so
[5.234s] -- Looking for OGRE_Terrain...
[5.242s] -- Found OGRE_Terrain: optimized;/usr/lib/x86_64-linux-gnu/libOgreTerrain.so;debug;/usr/lib/x86_64-linux-gnu/libOgreTerrain.so
[5.242s] -- Looking for OGRE_Property...
[5.256s] -- Found OGRE_Property: optimized;/usr/lib/x86_64-linux-gnu/libOgreProperty.so;debug;/usr/lib/x86_64-linux-gnu/libOgreProperty.so
[5.256s] -- Looking for OGRE_RTShaderSystem...
[5.267s] -- Found OGRE_RTShaderSystem: optimized;/usr/lib/x86_64-linux-gnu/libOgreRTShaderSystem.so;debug;/usr/lib/x86_64-linux-gnu/libOgreRTShaderSystem.so
[5.267s] -- Looking for OGRE_Volume...
[5.275s] -- Found OGRE_Volume: optimized;/usr/lib/x86_64-linux-gnu/libOgreVolume.so;debug;/usr/lib/x86_64-linux-gnu/libOgreVolume.so
[5.275s] -- Looking for OGRE_Overlay...
[5.288s] -- Found OGRE_Overlay: optimized;/usr/lib/x86_64-linux-gnu/libOgreOverlay.so;debug;/usr/lib/x86_64-linux-gnu/libOgreOverlay.so
[5.479s] -- Looking for ignition-math6 -- found version 6.9.2
[5.485s] -- Looking for ignition-transport8 -- found version 8.2.1
[5.486s] -- Searching for dependencies of ignition-transport8
[5.517s] -- Found Protobuf: /usr/lib/x86_64-linux-gnu/libprotobuf.so;-lpthread (found suitable version "3.6.1", minimum required is "3") 
[5.540s] -- Config-file not installed for ZeroMQ -- checking for pkg-config
[5.548s] -- Checking for module 'libzmq >= 4'
[5.586s] --   Found libzmq , version 4.3.2
[5.668s] -- Found ZeroMQ: TRUE (Required is at least version "4") 
[5.711s] -- Checking for module 'uuid'
[5.743s] --   Found uuid, version 2.34.0
[5.819s] -- Found UUID: TRUE  
[5.827s] -- Looking for ignition-msgs5 -- found version 5.8.1
[5.828s] -- Searching for dependencies of ignition-msgs5
[5.865s] -- Looking for ignition-math6 -- found version 6.9.2
[5.877s] -- Checking for module 'tinyxml2'
[5.908s] --   Found tinyxml2, version 6.2.0
[5.991s] -- Looking for ignition-msgs5 -- found version 5.8.1
[6.000s] -- Looking for ignition-common3 -- found version 3.14.0
[6.000s] -- Searching for dependencies of ignition-common3
[6.002s] -- Looking for dlfcn.h - found
[6.003s] -- Looking for libdl - found
[6.006s] -- Found DL: TRUE  
[6.017s] -- Searching for <ignition-common3> component [graphics]
[6.025s] -- Looking for ignition-common3-graphics -- found version 3.14.0
[6.026s] -- Searching for dependencies of ignition-common3-graphics
[6.026s] -- Looking for ignition-math6 -- found version 6.9.2
[6.037s] -- Looking for ignition-fuel_tools4 -- found version 4.4.0
[6.039s] -- Searching for dependencies of ignition-fuel_tools4
[6.181s] -- Found CURL: /usr/lib/x86_64-linux-gnu/libcurl.so (found version "7.68.0")  
[6.195s] -- Checking for module 'jsoncpp'
[6.219s] --   Found jsoncpp, version 1.7.4
[6.297s] -- Found JSONCPP: TRUE  
[6.308s] -- Checking for module 'libzip'
[6.333s] --   Found libzip, version 1.5.1
[6.406s] -- Found ZIP: TRUE  
[6.407s] -- Looking for ignition-common3 -- found version 3.14.0
[6.408s] -- Looking for ignition-math6 -- found version 6.9.2
[6.409s] -- Looking for ignition-msgs5 -- found version 5.8.1
[6.413s] -- Gazebo version: 11.9
[6.429s] -- Found image_transport: 2.3.0 (/opt/ros/foxy/share/image_transport/cmake)
[6.866s] -- Found camera_info_manager: 2.3.0 (/opt/ros/foxy/share/camera_info_manager/cmake)
[6.907s] -- Setting yaml-cpp_DIR to: '/opt/ros/foxy/share/yaml_cpp_vendor/cmake/../../../opt/yaml_cpp_vendor/lib/cmake/yaml-cpp'
[7.089s] -- Found ament_lint_auto: 0.9.6 (/opt/ros/foxy/share/ament_lint_auto/cmake)
[7.215s] -- Configuring done
[7.447s] -- Generating done
[7.449s] CMake Warning:
[7.450s]   Manually-specified variables were not used by the project:
[7.450s] 
[7.450s]     CATKIN_INSTALL_INTO_PREFIX_ROOT
[7.450s] 
[7.450s] 
[7.453s] -- Build files have been written to: /home/exomy/exomy_ws/exomy_ws_ros/exomy_ws/src/build/realsense_gazebo_plugin
[7.475s] Invoked command in '/home/exomy/exomy_ws/exomy_ws_ros/exomy_ws/src/build/realsense_gazebo_plugin' returned '0': /usr/bin/cmake /home/exomy/exomy_ws/exomy_ws_ros/exomy_ws/src/realsense_gazebo_plugin -DCATKIN_INSTALL_INTO_PREFIX_ROOT=0 -DCMAKE_INSTALL_PREFIX=/home/exomy/exomy_ws/exomy_ws_ros/exomy_ws/src/install/realsense_gazebo_plugin
[7.480s] Invoking command in '/home/exomy/exomy_ws/exomy_ws_ros/exomy_ws/src/build/realsense_gazebo_plugin': /usr/bin/cmake --build /home/exomy/exomy_ws/exomy_ws_ros/exomy_ws/src/build/realsense_gazebo_plugin -- -j4 -l4
[7.550s] [35m[1mScanning dependencies of target realsense_gazebo_plugin[0m
[8.435s] [ 33%] [32mBuilding CXX object CMakeFiles/realsense_gazebo_plugin.dir/src/RealSensePlugin.cpp.o[0m
[8.452s] [ 66%] [32mBuilding CXX object CMakeFiles/realsense_gazebo_plugin.dir/src/gazebo_ros_realsense.cpp.o[0m
[81.678s] [100%] [32m[1mLinking CXX shared library librealsense_gazebo_plugin.so[0m
[83.894s] [100%] Built target realsense_gazebo_plugin
[83.919s] Invoked command in '/home/exomy/exomy_ws/exomy_ws_ros/exomy_ws/src/build/realsense_gazebo_plugin' returned '0': /usr/bin/cmake --build /home/exomy/exomy_ws/exomy_ws_ros/exomy_ws/src/build/realsense_gazebo_plugin -- -j4 -l4
[84.055s] Invoking command in '/home/exomy/exomy_ws/exomy_ws_ros/exomy_ws/src/build/realsense_gazebo_plugin': /usr/bin/cmake --install /home/exomy/exomy_ws/exomy_ws_ros/exomy_ws/src/build/realsense_gazebo_plugin
[84.070s] -- Install configuration: ""
[84.071s] -- Installing: /home/exomy/exomy_ws/exomy_ws_ros/exomy_ws/src/install/realsense_gazebo_plugin/lib/librealsense_gazebo_plugin.so
[84.076s] -- Set runtime path of "/home/exomy/exomy_ws/exomy_ws_ros/exomy_ws/src/install/realsense_gazebo_plugin/lib/librealsense_gazebo_plugin.so" to ""
[84.076s] -- Installing: /home/exomy/exomy_ws/exomy_ws_ros/exomy_ws/src/install/realsense_gazebo_plugin/include/
[84.077s] -- Installing: /home/exomy/exomy_ws/exomy_ws_ros/exomy_ws/src/install/realsense_gazebo_plugin/include//realsense_gazebo_plugin
[84.077s] -- Installing: /home/exomy/exomy_ws/exomy_ws_ros/exomy_ws/src/install/realsense_gazebo_plugin/include//realsense_gazebo_plugin/RealSensePlugin.h
[84.078s] -- Installing: /home/exomy/exomy_ws/exomy_ws_ros/exomy_ws/src/install/realsense_gazebo_plugin/include//realsense_gazebo_plugin/gazebo_ros_realsense.h
[84.078s] -- Installing: /home/exomy/exomy_ws/exomy_ws_ros/exomy_ws/src/install/realsense_gazebo_plugin/share/realsense_gazebo_plugin/environment/library_path.sh
[84.079s] -- Installing: /home/exomy/exomy_ws/exomy_ws_ros/exomy_ws/src/install/realsense_gazebo_plugin/share/realsense_gazebo_plugin/environment/library_path.dsv
[84.079s] -- Installing: /home/exomy/exomy_ws/exomy_ws_ros/exomy_ws/src/install/realsense_gazebo_plugin/share/ament_index/resource_index/package_run_dependencies/realsense_gazebo_plugin
[84.080s] -- Installing: /home/exomy/exomy_ws/exomy_ws_ros/exomy_ws/src/install/realsense_gazebo_plugin/share/ament_index/resource_index/parent_prefix_path/realsense_gazebo_plugin
[84.080s] -- Installing: /home/exomy/exomy_ws/exomy_ws_ros/exomy_ws/src/install/realsense_gazebo_plugin/share/realsense_gazebo_plugin/environment/ament_prefix_path.sh
[84.081s] -- Installing: /home/exomy/exomy_ws/exomy_ws_ros/exomy_ws/src/install/realsense_gazebo_plugin/share/realsense_gazebo_plugin/environment/ament_prefix_path.dsv
[84.081s] -- Installing: /home/exomy/exomy_ws/exomy_ws_ros/exomy_ws/src/install/realsense_gazebo_plugin/share/realsense_gazebo_plugin/environment/path.sh
[84.083s] -- Installing: /home/exomy/exomy_ws/exomy_ws_ros/exomy_ws/src/install/realsense_gazebo_plugin/share/realsense_gazebo_plugin/environment/path.dsv
[84.083s] -- Installing: /home/exomy/exomy_ws/exomy_ws_ros/exomy_ws/src/install/realsense_gazebo_plugin/share/realsense_gazebo_plugin/local_setup.bash
[84.083s] -- Installing: /home/exomy/exomy_ws/exomy_ws_ros/exomy_ws/src/install/realsense_gazebo_plugin/share/realsense_gazebo_plugin/local_setup.sh
[84.084s] -- Installing: /home/exomy/exomy_ws/exomy_ws_ros/exomy_ws/src/install/realsense_gazebo_plugin/share/realsense_gazebo_plugin/local_setup.zsh
[84.084s] -- Installing: /home/exomy/exomy_ws/exomy_ws_ros/exomy_ws/src/install/realsense_gazebo_plugin/share/realsense_gazebo_plugin/local_setup.dsv
[84.084s] -- Installing: /home/exomy/exomy_ws/exomy_ws_ros/exomy_ws/src/install/realsense_gazebo_plugin/share/realsense_gazebo_plugin/package.dsv
[84.085s] -- Installing: /home/exomy/exomy_ws/exomy_ws_ros/exomy_ws/src/install/realsense_gazebo_plugin/share/ament_index/resource_index/packages/realsense_gazebo_plugin
[84.085s] -- Installing: /home/exomy/exomy_ws/exomy_ws_ros/exomy_ws/src/install/realsense_gazebo_plugin/share/realsense_gazebo_plugin/cmake/ament_cmake_export_include_directories-extras.cmake
[84.085s] -- Installing: /home/exomy/exomy_ws/exomy_ws_ros/exomy_ws/src/install/realsense_gazebo_plugin/share/realsense_gazebo_plugin/cmake/ament_cmake_export_libraries-extras.cmake
[84.085s] -- Installing: /home/exomy/exomy_ws/exomy_ws_ros/exomy_ws/src/install/realsense_gazebo_plugin/share/realsense_gazebo_plugin/cmake/realsense_gazebo_pluginConfig.cmake
[84.085s] -- Installing: /home/exomy/exomy_ws/exomy_ws_ros/exomy_ws/src/install/realsense_gazebo_plugin/share/realsense_gazebo_plugin/cmake/realsense_gazebo_pluginConfig-version.cmake
[84.085s] -- Installing: /home/exomy/exomy_ws/exomy_ws_ros/exomy_ws/src/install/realsense_gazebo_plugin/share/realsense_gazebo_plugin/package.xml
[84.087s] Invoked command in '/home/exomy/exomy_ws/exomy_ws_ros/exomy_ws/src/build/realsense_gazebo_plugin' returned '0': /usr/bin/cmake --install /home/exomy/exomy_ws/exomy_ws_ros/exomy_ws/src/build/realsense_gazebo_plugin
