[0.039s] Invoking command in '/home/exomy/exomy_ws/exomy_ws_ros/exomy_ws/src/build/exomy_sim_msgs': CMAKE_PREFIX_PATH=${CMAKE_PREFIX_PATH}:/home/exomy/exomy_ws/exomy_ws_ros/exomy_ws/src/install/exomy:/home/exomy/exomy_ws/install/exomy:/home/exomy/exomy_ws/exomy_ws_ros/exomy_ws/install/exomy:/opt/ros/foxy /usr/bin/cmake --build /home/exomy/exomy_ws/exomy_ws_ros/exomy_ws/src/build/exomy_sim_msgs -- -j4 -l4
[0.131s] [  2%] Built target exomy_sim_msgs__cpp
[0.151s] [ 12%] Built target exomy_sim_msgs__rosidl_generator_c
[0.207s] [ 23%] Built target exomy_sim_msgs__rosidl_typesupport_introspection_cpp
[0.220s] [ 33%] Built target exomy_sim_msgs__rosidl_typesupport_cpp
[0.231s] [ 43%] Built target exomy_sim_msgs__rosidl_typesupport_introspection_c
[0.233s] [ 53%] Built target exomy_sim_msgs__rosidl_typesupport_fastrtps_cpp
[0.255s] [ 64%] Built target exomy_sim_msgs__rosidl_typesupport_c
[0.276s] [ 74%] Built target exomy_sim_msgs__rosidl_typesupport_fastrtps_c
[0.303s] [ 74%] Built target exomy_sim_msgs
[0.341s] [ 76%] Built target exomy_sim_msgs__py
[0.382s] [ 84%] Built target exomy_sim_msgs__python
[0.433s] [ 89%] Built target exomy_sim_msgs__rosidl_typesupport_fastrtps_c__pyext
[0.434s] [ 94%] Built target exomy_sim_msgs__rosidl_typesupport_introspection_c__pyext
[0.457s] [100%] Built target exomy_sim_msgs__rosidl_typesupport_c__pyext
[0.472s] Invoked command in '/home/exomy/exomy_ws/exomy_ws_ros/exomy_ws/src/build/exomy_sim_msgs' returned '0': CMAKE_PREFIX_PATH=${CMAKE_PREFIX_PATH}:/home/exomy/exomy_ws/exomy_ws_ros/exomy_ws/src/install/exomy:/home/exomy/exomy_ws/install/exomy:/home/exomy/exomy_ws/exomy_ws_ros/exomy_ws/install/exomy:/opt/ros/foxy /usr/bin/cmake --build /home/exomy/exomy_ws/exomy_ws_ros/exomy_ws/src/build/exomy_sim_msgs -- -j4 -l4
[0.606s] Invoking command in '/home/exomy/exomy_ws/exomy_ws_ros/exomy_ws/src/build/exomy_sim_msgs': CMAKE_PREFIX_PATH=${CMAKE_PREFIX_PATH}:/home/exomy/exomy_ws/exomy_ws_ros/exomy_ws/src/install/exomy:/home/exomy/exomy_ws/install/exomy:/home/exomy/exomy_ws/exomy_ws_ros/exomy_ws/install/exomy:/opt/ros/foxy /usr/bin/cmake --install /home/exomy/exomy_ws/exomy_ws_ros/exomy_ws/src/build/exomy_sim_msgs
[0.620s] -- Install configuration: ""
[0.620s] -- Up-to-date: /home/exomy/exomy_ws/exomy_ws_ros/exomy_ws/src/install/exomy_sim_msgs/share/ament_index/resource_index/rosidl_interfaces/exomy_sim_msgs
[0.620s] -- Up-to-date: /home/exomy/exomy_ws/exomy_ws_ros/exomy_ws/src/install/exomy_sim_msgs/include/exomy_sim_msgs
[0.620s] -- Up-to-date: /home/exomy/exomy_ws/exomy_ws_ros/exomy_ws/src/install/exomy_sim_msgs/include/exomy_sim_msgs/msg
[0.620s] -- Up-to-date: /home/exomy/exomy_ws/exomy_ws_ros/exomy_ws/src/install/exomy_sim_msgs/include/exomy_sim_msgs/msg/joint_command_array.h
[0.620s] -- Up-to-date: /home/exomy/exomy_ws/exomy_ws_ros/exomy_ws/src/install/exomy_sim_msgs/include/exomy_sim_msgs/msg/rosidl_generator_c__visibility_control.h
[0.620s] -- Up-to-date: /home/exomy/exomy_ws/exomy_ws_ros/exomy_ws/src/install/exomy_sim_msgs/include/exomy_sim_msgs/msg/detail
[0.622s] -- Up-to-date: /home/exomy/exomy_ws/exomy_ws_ros/exomy_ws/src/install/exomy_sim_msgs/include/exomy_sim_msgs/msg/detail/joint_command__functions.c
[0.623s] -- Up-to-date: /home/exomy/exomy_ws/exomy_ws_ros/exomy_ws/src/install/exomy_sim_msgs/include/exomy_sim_msgs/msg/detail/joint_command__functions.h
[0.623s] -- Up-to-date: /home/exomy/exomy_ws/exomy_ws_ros/exomy_ws/src/install/exomy_sim_msgs/include/exomy_sim_msgs/msg/detail/joint_command_array__functions.h
[0.623s] -- Up-to-date: /home/exomy/exomy_ws/exomy_ws_ros/exomy_ws/src/install/exomy_sim_msgs/include/exomy_sim_msgs/msg/detail/joint_command__type_support.h
[0.623s] -- Up-to-date: /home/exomy/exomy_ws/exomy_ws_ros/exomy_ws/src/install/exomy_sim_msgs/include/exomy_sim_msgs/msg/detail/joint_command_array__struct.h
[0.623s] -- Up-to-date: /home/exomy/exomy_ws/exomy_ws_ros/exomy_ws/src/install/exomy_sim_msgs/include/exomy_sim_msgs/msg/detail/joint_command_array__functions.c
[0.623s] -- Up-to-date: /home/exomy/exomy_ws/exomy_ws_ros/exomy_ws/src/install/exomy_sim_msgs/include/exomy_sim_msgs/msg/detail/joint_command_array__type_support.h
[0.624s] -- Up-to-date: /home/exomy/exomy_ws/exomy_ws_ros/exomy_ws/src/install/exomy_sim_msgs/include/exomy_sim_msgs/msg/detail/joint_command__struct.h
[0.624s] -- Up-to-date: /home/exomy/exomy_ws/exomy_ws_ros/exomy_ws/src/install/exomy_sim_msgs/include/exomy_sim_msgs/msg/joint_command.h
[0.624s] -- Up-to-date: /home/exomy/exomy_ws/exomy_ws_ros/exomy_ws/src/install/exomy_sim_msgs/share/exomy_sim_msgs/environment/library_path.sh
[0.624s] -- Up-to-date: /home/exomy/exomy_ws/exomy_ws_ros/exomy_ws/src/install/exomy_sim_msgs/share/exomy_sim_msgs/environment/library_path.dsv
[0.624s] -- Up-to-date: /home/exomy/exomy_ws/exomy_ws_ros/exomy_ws/src/install/exomy_sim_msgs/lib/libexomy_sim_msgs__rosidl_generator_c.so
[0.624s] -- Up-to-date: /home/exomy/exomy_ws/exomy_ws_ros/exomy_ws/src/install/exomy_sim_msgs/include/exomy_sim_msgs
[0.624s] -- Up-to-date: /home/exomy/exomy_ws/exomy_ws_ros/exomy_ws/src/install/exomy_sim_msgs/include/exomy_sim_msgs/msg
[0.625s] -- Up-to-date: /home/exomy/exomy_ws/exomy_ws_ros/exomy_ws/src/install/exomy_sim_msgs/include/exomy_sim_msgs/msg/rosidl_typesupport_fastrtps_c__visibility_control.h
[0.625s] -- Up-to-date: /home/exomy/exomy_ws/exomy_ws_ros/exomy_ws/src/install/exomy_sim_msgs/include/exomy_sim_msgs/msg/detail
[0.625s] -- Up-to-date: /home/exomy/exomy_ws/exomy_ws_ros/exomy_ws/src/install/exomy_sim_msgs/include/exomy_sim_msgs/msg/detail/joint_command__rosidl_typesupport_fastrtps_c.h
[0.625s] -- Up-to-date: /home/exomy/exomy_ws/exomy_ws_ros/exomy_ws/src/install/exomy_sim_msgs/include/exomy_sim_msgs/msg/detail/joint_command_array__rosidl_typesupport_fastrtps_c.h
[0.625s] -- Up-to-date: /home/exomy/exomy_ws/exomy_ws_ros/exomy_ws/src/install/exomy_sim_msgs/lib/libexomy_sim_msgs__rosidl_typesupport_fastrtps_c.so
[0.627s] -- Up-to-date: /home/exomy/exomy_ws/exomy_ws_ros/exomy_ws/src/install/exomy_sim_msgs/include/exomy_sim_msgs
[0.627s] -- Up-to-date: /home/exomy/exomy_ws/exomy_ws_ros/exomy_ws/src/install/exomy_sim_msgs/include/exomy_sim_msgs/msg
[0.627s] -- Up-to-date: /home/exomy/exomy_ws/exomy_ws_ros/exomy_ws/src/install/exomy_sim_msgs/include/exomy_sim_msgs/msg/rosidl_typesupport_fastrtps_cpp__visibility_control.h
[0.627s] -- Up-to-date: /home/exomy/exomy_ws/exomy_ws_ros/exomy_ws/src/install/exomy_sim_msgs/include/exomy_sim_msgs/msg/detail
[0.628s] -- Up-to-date: /home/exomy/exomy_ws/exomy_ws_ros/exomy_ws/src/install/exomy_sim_msgs/include/exomy_sim_msgs/msg/detail/joint_command_array__rosidl_typesupport_fastrtps_cpp.hpp
[0.628s] -- Up-to-date: /home/exomy/exomy_ws/exomy_ws_ros/exomy_ws/src/install/exomy_sim_msgs/include/exomy_sim_msgs/msg/detail/dds_fastrtps
[0.628s] -- Up-to-date: /home/exomy/exomy_ws/exomy_ws_ros/exomy_ws/src/install/exomy_sim_msgs/include/exomy_sim_msgs/msg/detail/joint_command__rosidl_typesupport_fastrtps_cpp.hpp
[0.629s] -- Up-to-date: /home/exomy/exomy_ws/exomy_ws_ros/exomy_ws/src/install/exomy_sim_msgs/lib/libexomy_sim_msgs__rosidl_typesupport_fastrtps_cpp.so
[0.647s] -- Up-to-date: /home/exomy/exomy_ws/exomy_ws_ros/exomy_ws/src/install/exomy_sim_msgs/include/exomy_sim_msgs
[0.647s] -- Up-to-date: /home/exomy/exomy_ws/exomy_ws_ros/exomy_ws/src/install/exomy_sim_msgs/include/exomy_sim_msgs/msg
[0.647s] -- Up-to-date: /home/exomy/exomy_ws/exomy_ws_ros/exomy_ws/src/install/exomy_sim_msgs/include/exomy_sim_msgs/msg/rosidl_typesupport_introspection_c__visibility_control.h
[0.647s] -- Up-to-date: /home/exomy/exomy_ws/exomy_ws_ros/exomy_ws/src/install/exomy_sim_msgs/include/exomy_sim_msgs/msg/detail
[0.648s] -- Up-to-date: /home/exomy/exomy_ws/exomy_ws_ros/exomy_ws/src/install/exomy_sim_msgs/include/exomy_sim_msgs/msg/detail/joint_command_array__rosidl_typesupport_introspection_c.h
[0.648s] -- Up-to-date: /home/exomy/exomy_ws/exomy_ws_ros/exomy_ws/src/install/exomy_sim_msgs/include/exomy_sim_msgs/msg/detail/joint_command__rosidl_typesupport_introspection_c.h
[0.648s] -- Up-to-date: /home/exomy/exomy_ws/exomy_ws_ros/exomy_ws/src/install/exomy_sim_msgs/include/exomy_sim_msgs/msg/detail/joint_command__type_support.c
[0.649s] -- Up-to-date: /home/exomy/exomy_ws/exomy_ws_ros/exomy_ws/src/install/exomy_sim_msgs/include/exomy_sim_msgs/msg/detail/joint_command_array__type_support.c
[0.649s] -- Up-to-date: /home/exomy/exomy_ws/exomy_ws_ros/exomy_ws/src/install/exomy_sim_msgs/lib/libexomy_sim_msgs__rosidl_typesupport_introspection_c.so
[0.651s] -- Up-to-date: /home/exomy/exomy_ws/exomy_ws_ros/exomy_ws/src/install/exomy_sim_msgs/lib/libexomy_sim_msgs__rosidl_typesupport_c.so
[0.651s] -- Up-to-date: /home/exomy/exomy_ws/exomy_ws_ros/exomy_ws/src/install/exomy_sim_msgs/include/exomy_sim_msgs
[0.651s] -- Up-to-date: /home/exomy/exomy_ws/exomy_ws_ros/exomy_ws/src/install/exomy_sim_msgs/include/exomy_sim_msgs/msg
[0.651s] -- Up-to-date: /home/exomy/exomy_ws/exomy_ws_ros/exomy_ws/src/install/exomy_sim_msgs/include/exomy_sim_msgs/msg/joint_command_array.hpp
[0.652s] -- Up-to-date: /home/exomy/exomy_ws/exomy_ws_ros/exomy_ws/src/install/exomy_sim_msgs/include/exomy_sim_msgs/msg/joint_command.hpp
[0.652s] -- Up-to-date: /home/exomy/exomy_ws/exomy_ws_ros/exomy_ws/src/install/exomy_sim_msgs/include/exomy_sim_msgs/msg/detail
[0.652s] -- Up-to-date: /home/exomy/exomy_ws/exomy_ws_ros/exomy_ws/src/install/exomy_sim_msgs/include/exomy_sim_msgs/msg/detail/joint_command_array__struct.hpp
[0.652s] -- Up-to-date: /home/exomy/exomy_ws/exomy_ws_ros/exomy_ws/src/install/exomy_sim_msgs/include/exomy_sim_msgs/msg/detail/joint_command_array__builder.hpp
[0.653s] -- Up-to-date: /home/exomy/exomy_ws/exomy_ws_ros/exomy_ws/src/install/exomy_sim_msgs/include/exomy_sim_msgs/msg/detail/joint_command__struct.hpp
[0.653s] -- Up-to-date: /home/exomy/exomy_ws/exomy_ws_ros/exomy_ws/src/install/exomy_sim_msgs/include/exomy_sim_msgs/msg/detail/joint_command_array__traits.hpp
[0.653s] -- Up-to-date: /home/exomy/exomy_ws/exomy_ws_ros/exomy_ws/src/install/exomy_sim_msgs/include/exomy_sim_msgs/msg/detail/joint_command__traits.hpp
[0.654s] -- Up-to-date: /home/exomy/exomy_ws/exomy_ws_ros/exomy_ws/src/install/exomy_sim_msgs/include/exomy_sim_msgs/msg/detail/joint_command__builder.hpp
[0.654s] -- Up-to-date: /home/exomy/exomy_ws/exomy_ws_ros/exomy_ws/src/install/exomy_sim_msgs/include/exomy_sim_msgs
[0.654s] -- Up-to-date: /home/exomy/exomy_ws/exomy_ws_ros/exomy_ws/src/install/exomy_sim_msgs/include/exomy_sim_msgs/msg
[0.655s] -- Up-to-date: /home/exomy/exomy_ws/exomy_ws_ros/exomy_ws/src/install/exomy_sim_msgs/include/exomy_sim_msgs/msg/detail
[0.655s] -- Up-to-date: /home/exomy/exomy_ws/exomy_ws_ros/exomy_ws/src/install/exomy_sim_msgs/include/exomy_sim_msgs/msg/detail/joint_command__type_support.cpp
[0.655s] -- Up-to-date: /home/exomy/exomy_ws/exomy_ws_ros/exomy_ws/src/install/exomy_sim_msgs/include/exomy_sim_msgs/msg/detail/joint_command__rosidl_typesupport_introspection_cpp.hpp
[0.656s] -- Up-to-date: /home/exomy/exomy_ws/exomy_ws_ros/exomy_ws/src/install/exomy_sim_msgs/include/exomy_sim_msgs/msg/detail/joint_command_array__rosidl_typesupport_introspection_cpp.hpp
[0.656s] -- Up-to-date: /home/exomy/exomy_ws/exomy_ws_ros/exomy_ws/src/install/exomy_sim_msgs/include/exomy_sim_msgs/msg/detail/joint_command_array__type_support.cpp
[0.658s] -- Up-to-date: /home/exomy/exomy_ws/exomy_ws_ros/exomy_ws/src/install/exomy_sim_msgs/lib/libexomy_sim_msgs__rosidl_typesupport_introspection_cpp.so
[0.658s] -- Up-to-date: /home/exomy/exomy_ws/exomy_ws_ros/exomy_ws/src/install/exomy_sim_msgs/lib/libexomy_sim_msgs__rosidl_typesupport_cpp.so
[0.659s] -- Up-to-date: /home/exomy/exomy_ws/exomy_ws_ros/exomy_ws/src/install/exomy_sim_msgs/share/exomy_sim_msgs/environment/pythonpath.sh
[0.659s] -- Up-to-date: /home/exomy/exomy_ws/exomy_ws_ros/exomy_ws/src/install/exomy_sim_msgs/share/exomy_sim_msgs/environment/pythonpath.dsv
[0.659s] -- Up-to-date: /home/exomy/exomy_ws/exomy_ws_ros/exomy_ws/src/install/exomy_sim_msgs/lib/python3.8/site-packages/exomy_sim_msgs/__init__.py
[0.693s] -- Up-to-date: /home/exomy/exomy_ws/exomy_ws_ros/exomy_ws/src/install/exomy_sim_msgs/lib/python3.8/site-packages/exomy_sim_msgs/msg
[0.694s] -- Up-to-date: /home/exomy/exomy_ws/exomy_ws_ros/exomy_ws/src/install/exomy_sim_msgs/lib/python3.8/site-packages/exomy_sim_msgs/msg/__init__.py
[0.694s] -- Up-to-date: /home/exomy/exomy_ws/exomy_ws_ros/exomy_ws/src/install/exomy_sim_msgs/lib/python3.8/site-packages/exomy_sim_msgs/msg/_joint_command.py
[0.694s] -- Up-to-date: /home/exomy/exomy_ws/exomy_ws_ros/exomy_ws/src/install/exomy_sim_msgs/lib/python3.8/site-packages/exomy_sim_msgs/msg/_joint_command_array_s.c
[0.695s] -- Up-to-date: /home/exomy/exomy_ws/exomy_ws_ros/exomy_ws/src/install/exomy_sim_msgs/lib/python3.8/site-packages/exomy_sim_msgs/msg/_joint_command_s.c
[0.695s] -- Up-to-date: /home/exomy/exomy_ws/exomy_ws_ros/exomy_ws/src/install/exomy_sim_msgs/lib/python3.8/site-packages/exomy_sim_msgs/msg/_joint_command_array.py
[0.697s] -- Up-to-date: /home/exomy/exomy_ws/exomy_ws_ros/exomy_ws/src/install/exomy_sim_msgs/lib/python3.8/site-packages/exomy_sim_msgs/exomy_sim_msgs_s__rosidl_typesupport_fastrtps_c.cpython-38-x86_64-linux-gnu.so
[0.702s] -- Up-to-date: /home/exomy/exomy_ws/exomy_ws_ros/exomy_ws/src/install/exomy_sim_msgs/lib/python3.8/site-packages/exomy_sim_msgs/exomy_sim_msgs_s__rosidl_typesupport_introspection_c.cpython-38-x86_64-linux-gnu.so
[0.703s] -- Up-to-date: /home/exomy/exomy_ws/exomy_ws_ros/exomy_ws/src/install/exomy_sim_msgs/lib/python3.8/site-packages/exomy_sim_msgs/exomy_sim_msgs_s__rosidl_typesupport_c.cpython-38-x86_64-linux-gnu.so
[0.705s] -- Up-to-date: /home/exomy/exomy_ws/exomy_ws_ros/exomy_ws/src/install/exomy_sim_msgs/lib/libexomy_sim_msgs__python.so
[0.709s] -- Up-to-date: /home/exomy/exomy_ws/exomy_ws_ros/exomy_ws/src/install/exomy_sim_msgs/share/exomy_sim_msgs/msg/JointCommand.idl
[0.710s] -- Up-to-date: /home/exomy/exomy_ws/exomy_ws_ros/exomy_ws/src/install/exomy_sim_msgs/share/exomy_sim_msgs/msg/JointCommandArray.idl
[0.710s] -- Up-to-date: /home/exomy/exomy_ws/exomy_ws_ros/exomy_ws/src/install/exomy_sim_msgs/share/exomy_sim_msgs/msg/JointCommand.msg
[0.711s] -- Up-to-date: /home/exomy/exomy_ws/exomy_ws_ros/exomy_ws/src/install/exomy_sim_msgs/share/exomy_sim_msgs/msg/JointCommandArray.msg
[0.711s] -- Up-to-date: /home/exomy/exomy_ws/exomy_ws_ros/exomy_ws/src/install/exomy_sim_msgs/share/ament_index/resource_index/package_run_dependencies/exomy_sim_msgs
[0.712s] -- Up-to-date: /home/exomy/exomy_ws/exomy_ws_ros/exomy_ws/src/install/exomy_sim_msgs/share/ament_index/resource_index/parent_prefix_path/exomy_sim_msgs
[0.712s] -- Up-to-date: /home/exomy/exomy_ws/exomy_ws_ros/exomy_ws/src/install/exomy_sim_msgs/share/exomy_sim_msgs/environment/ament_prefix_path.sh
[0.713s] -- Up-to-date: /home/exomy/exomy_ws/exomy_ws_ros/exomy_ws/src/install/exomy_sim_msgs/share/exomy_sim_msgs/environment/ament_prefix_path.dsv
[0.713s] -- Up-to-date: /home/exomy/exomy_ws/exomy_ws_ros/exomy_ws/src/install/exomy_sim_msgs/share/exomy_sim_msgs/environment/path.sh
[0.714s] -- Up-to-date: /home/exomy/exomy_ws/exomy_ws_ros/exomy_ws/src/install/exomy_sim_msgs/share/exomy_sim_msgs/environment/path.dsv
[0.714s] -- Up-to-date: /home/exomy/exomy_ws/exomy_ws_ros/exomy_ws/src/install/exomy_sim_msgs/share/exomy_sim_msgs/local_setup.bash
[0.715s] -- Up-to-date: /home/exomy/exomy_ws/exomy_ws_ros/exomy_ws/src/install/exomy_sim_msgs/share/exomy_sim_msgs/local_setup.sh
[0.715s] -- Up-to-date: /home/exomy/exomy_ws/exomy_ws_ros/exomy_ws/src/install/exomy_sim_msgs/share/exomy_sim_msgs/local_setup.zsh
[0.716s] -- Up-to-date: /home/exomy/exomy_ws/exomy_ws_ros/exomy_ws/src/install/exomy_sim_msgs/share/exomy_sim_msgs/local_setup.dsv
[0.718s] -- Installing: /home/exomy/exomy_ws/exomy_ws_ros/exomy_ws/src/install/exomy_sim_msgs/share/exomy_sim_msgs/package.dsv
[0.722s] -- Up-to-date: /home/exomy/exomy_ws/exomy_ws_ros/exomy_ws/src/install/exomy_sim_msgs/share/ament_index/resource_index/packages/exomy_sim_msgs
[0.723s] -- Up-to-date: /home/exomy/exomy_ws/exomy_ws_ros/exomy_ws/src/install/exomy_sim_msgs/share/exomy_sim_msgs/cmake/exomy_sim_msgs__rosidl_generator_cExport.cmake
[0.724s] -- Up-to-date: /home/exomy/exomy_ws/exomy_ws_ros/exomy_ws/src/install/exomy_sim_msgs/share/exomy_sim_msgs/cmake/exomy_sim_msgs__rosidl_generator_cExport-noconfig.cmake
[0.724s] -- Up-to-date: /home/exomy/exomy_ws/exomy_ws_ros/exomy_ws/src/install/exomy_sim_msgs/share/exomy_sim_msgs/cmake/exomy_sim_msgs__rosidl_typesupport_introspection_cExport.cmake
[0.726s] -- Up-to-date: /home/exomy/exomy_ws/exomy_ws_ros/exomy_ws/src/install/exomy_sim_msgs/share/exomy_sim_msgs/cmake/exomy_sim_msgs__rosidl_typesupport_introspection_cExport-noconfig.cmake
[0.727s] -- Up-to-date: /home/exomy/exomy_ws/exomy_ws_ros/exomy_ws/src/install/exomy_sim_msgs/share/exomy_sim_msgs/cmake/exomy_sim_msgs__rosidl_typesupport_cExport.cmake
[0.729s] -- Up-to-date: /home/exomy/exomy_ws/exomy_ws_ros/exomy_ws/src/install/exomy_sim_msgs/share/exomy_sim_msgs/cmake/exomy_sim_msgs__rosidl_typesupport_cExport-noconfig.cmake
[0.732s] -- Up-to-date: /home/exomy/exomy_ws/exomy_ws_ros/exomy_ws/src/install/exomy_sim_msgs/share/exomy_sim_msgs/cmake/exomy_sim_msgs__rosidl_generator_cppExport.cmake
[0.732s] -- Up-to-date: /home/exomy/exomy_ws/exomy_ws_ros/exomy_ws/src/install/exomy_sim_msgs/share/exomy_sim_msgs/cmake/exomy_sim_msgs__rosidl_typesupport_introspection_cppExport.cmake
[0.740s] -- Up-to-date: /home/exomy/exomy_ws/exomy_ws_ros/exomy_ws/src/install/exomy_sim_msgs/share/exomy_sim_msgs/cmake/exomy_sim_msgs__rosidl_typesupport_introspection_cppExport-noconfig.cmake
[0.741s] -- Up-to-date: /home/exomy/exomy_ws/exomy_ws_ros/exomy_ws/src/install/exomy_sim_msgs/share/exomy_sim_msgs/cmake/exomy_sim_msgs__rosidl_typesupport_cppExport.cmake
[0.745s] -- Up-to-date: /home/exomy/exomy_ws/exomy_ws_ros/exomy_ws/src/install/exomy_sim_msgs/share/exomy_sim_msgs/cmake/exomy_sim_msgs__rosidl_typesupport_cppExport-noconfig.cmake
[0.748s] -- Up-to-date: /home/exomy/exomy_ws/exomy_ws_ros/exomy_ws/src/install/exomy_sim_msgs/share/exomy_sim_msgs/cmake/rosidl_cmake-extras.cmake
[0.749s] -- Up-to-date: /home/exomy/exomy_ws/exomy_ws_ros/exomy_ws/src/install/exomy_sim_msgs/share/exomy_sim_msgs/cmake/ament_cmake_export_dependencies-extras.cmake
[0.750s] -- Up-to-date: /home/exomy/exomy_ws/exomy_ws_ros/exomy_ws/src/install/exomy_sim_msgs/share/exomy_sim_msgs/cmake/ament_cmake_export_libraries-extras.cmake
[0.751s] -- Up-to-date: /home/exomy/exomy_ws/exomy_ws_ros/exomy_ws/src/install/exomy_sim_msgs/share/exomy_sim_msgs/cmake/ament_cmake_export_targets-extras.cmake
[0.752s] -- Up-to-date: /home/exomy/exomy_ws/exomy_ws_ros/exomy_ws/src/install/exomy_sim_msgs/share/exomy_sim_msgs/cmake/ament_cmake_export_include_directories-extras.cmake
[0.754s] -- Up-to-date: /home/exomy/exomy_ws/exomy_ws_ros/exomy_ws/src/install/exomy_sim_msgs/share/exomy_sim_msgs/cmake/rosidl_cmake_export_typesupport_libraries-extras.cmake
[0.755s] -- Up-to-date: /home/exomy/exomy_ws/exomy_ws_ros/exomy_ws/src/install/exomy_sim_msgs/share/exomy_sim_msgs/cmake/rosidl_cmake_export_typesupport_targets-extras.cmake
[0.756s] -- Up-to-date: /home/exomy/exomy_ws/exomy_ws_ros/exomy_ws/src/install/exomy_sim_msgs/share/exomy_sim_msgs/cmake/exomy_sim_msgsConfig.cmake
[0.757s] -- Up-to-date: /home/exomy/exomy_ws/exomy_ws_ros/exomy_ws/src/install/exomy_sim_msgs/share/exomy_sim_msgs/cmake/exomy_sim_msgsConfig-version.cmake
[0.758s] -- Up-to-date: /home/exomy/exomy_ws/exomy_ws_ros/exomy_ws/src/install/exomy_sim_msgs/share/exomy_sim_msgs/package.xml
[0.772s] Invoked command in '/home/exomy/exomy_ws/exomy_ws_ros/exomy_ws/src/build/exomy_sim_msgs' returned '0': CMAKE_PREFIX_PATH=${CMAKE_PREFIX_PATH}:/home/exomy/exomy_ws/exomy_ws_ros/exomy_ws/src/install/exomy:/home/exomy/exomy_ws/install/exomy:/home/exomy/exomy_ws/exomy_ws_ros/exomy_ws/install/exomy:/opt/ros/foxy /usr/bin/cmake --install /home/exomy/exomy_ws/exomy_ws_ros/exomy_ws/src/build/exomy_sim_msgs
