[0.026s] Invoking command in '/home/exomy/exomy_ws/build/exomy_msgs': CMAKE_PREFIX_PATH=${CMAKE_PREFIX_PATH}:/home/exomy/exomy_ws/install/exomy:/opt/ros/foxy /usr/bin/cmake /home/exomy/exomy_ws/src/exomy_msgs -DCMAKE_INSTALL_PREFIX=/home/exomy/exomy_ws/install/exomy_msgs
[0.095s] -- The C compiler identification is GNU 9.3.0
[0.170s] -- The CXX compiler identification is GNU 9.3.0
[0.174s] -- Check for working C compiler: /usr/bin/cc
[0.260s] -- Check for working C compiler: /usr/bin/cc -- works
[0.261s] -- Detecting C compiler ABI info
[0.340s] -- Detecting C compiler ABI info - done
[0.345s] -- Detecting C compile features
[0.346s] -- Detecting C compile features - done
[0.349s] -- Check for working CXX compiler: /usr/bin/c++
[0.458s] -- Check for working CXX compiler: /usr/bin/c++ -- works
[0.458s] -- Detecting CXX compiler ABI info
[0.556s] -- Detecting CXX compiler ABI info - done
[0.561s] -- Detecting CXX compile features
[0.562s] -- Detecting CXX compile features - done
[0.565s] -- Found ament_cmake: 0.9.9 (/opt/ros/foxy/share/ament_cmake/cmake)
[0.595s] -- Found PythonInterp: /usr/bin/python3 (found suitable version "3.8.10", minimum required is "3") 
[0.596s] -- Using PYTHON_EXECUTABLE: /usr/bin/python3
[0.773s] -- Found rosidl_default_generators: 1.0.1 (/opt/ros/foxy/share/rosidl_default_generators/cmake)
[0.778s] -- Using all available rosidl_typesupport_c: rosidl_typesupport_fastrtps_c;rosidl_typesupport_introspection_c
[0.786s] -- Found rosidl_adapter: 1.2.1 (/opt/ros/foxy/share/rosidl_adapter/cmake)
[0.921s] -- Found OpenSSL: /usr/lib/x86_64-linux-gnu/libcrypto.so (found version "1.1.1f")  
[0.976s] -- Found FastRTPS: /opt/ros/foxy/include  
[1.101s] -- Using all available rosidl_typesupport_cpp: rosidl_typesupport_fastrtps_cpp;rosidl_typesupport_introspection_cpp
[1.172s] -- Found PythonInterp: /usr/bin/python3 (found version "3.8.10") 
[1.288s] -- Found ament_cmake_ros: 0.9.2 (/opt/ros/foxy/share/ament_cmake_ros/cmake)
[1.416s] -- Using all available rosidl_typesupport_c: rosidl_typesupport_fastrtps_c;rosidl_typesupport_introspection_c
[1.424s] -- Using all available rosidl_typesupport_cpp: rosidl_typesupport_fastrtps_cpp;rosidl_typesupport_introspection_cpp
[1.449s] -- Found PythonInterp: /usr/bin/python3 (found suitable version "3.8.10", minimum required is "3.5") 
[1.451s] -- Found python_cmake_module: 0.8.1 (/opt/ros/foxy/share/python_cmake_module/cmake)
[1.481s] -- Found PythonLibs: /usr/lib/x86_64-linux-gnu/libpython3.8.so (found suitable version "3.8.10", minimum required is "3.5") 
[1.481s] -- Using PYTHON_EXECUTABLE: /usr/bin/python3
[1.481s] -- Using PYTHON_INCLUDE_DIRS: /usr/include/python3.8
[1.482s] -- Using PYTHON_LIBRARIES: /usr/lib/x86_64-linux-gnu/libpython3.8.so
[1.502s] -- Found PythonExtra: .so  
[1.561s] -- Configuring done
[1.602s] -- Generating done
[1.605s] -- Build files have been written to: /home/exomy/exomy_ws/build/exomy_msgs
[1.614s] Invoked command in '/home/exomy/exomy_ws/build/exomy_msgs' returned '0': CMAKE_PREFIX_PATH=${CMAKE_PREFIX_PATH}:/home/exomy/exomy_ws/install/exomy:/opt/ros/foxy /usr/bin/cmake /home/exomy/exomy_ws/src/exomy_msgs -DCMAKE_INSTALL_PREFIX=/home/exomy/exomy_ws/install/exomy_msgs
[1.615s] Invoking command in '/home/exomy/exomy_ws/build/exomy_msgs': CMAKE_PREFIX_PATH=${CMAKE_PREFIX_PATH}:/home/exomy/exomy_ws/install/exomy:/opt/ros/foxy /usr/bin/cmake --build /home/exomy/exomy_ws/build/exomy_msgs -- -j2 -l2
[1.679s] [  2%] [34m[1mGenerating C code for ROS interfaces[0m
[1.682s] [35m[1mScanning dependencies of target exomy_msgs__cpp[0m
[1.711s] [  4%] [34m[1mGenerating C++ code for ROS interfaces[0m
[2.305s] [  4%] Built target exomy_msgs__cpp
[2.344s] [  6%] [34m[1mGenerating C++ introspection for ROS interfaces[0m
[2.425s] [35m[1mScanning dependencies of target exomy_msgs__rosidl_generator_c[0m
[2.480s] [  8%] [32mBuilding C object CMakeFiles/exomy_msgs__rosidl_generator_c.dir/rosidl_generator_c/exomy_msgs/msg/detail/motor_commands__functions.c.o[0m
[2.590s] [ 10%] [32mBuilding C object CMakeFiles/exomy_msgs__rosidl_generator_c.dir/rosidl_generator_c/exomy_msgs/msg/detail/rover_command__functions.c.o[0m
[2.686s] [ 12%] [32mBuilding C object CMakeFiles/exomy_msgs__rosidl_generator_c.dir/rosidl_generator_c/exomy_msgs/msg/detail/screen__functions.c.o[0m
[2.771s] [ 14%] [32m[1mLinking C shared library libexomy_msgs__rosidl_generator_c.so[0m
[2.853s] [35m[1mScanning dependencies of target exomy_msgs__rosidl_typesupport_introspection_cpp[0m
[2.861s] [ 14%] Built target exomy_msgs__rosidl_generator_c
[2.889s] [ 17%] [34m[1mGenerating C++ type support for eProsima Fast-RTPS[0m
[2.889s] [ 19%] [32mBuilding CXX object CMakeFiles/exomy_msgs__rosidl_typesupport_introspection_cpp.dir/rosidl_typesupport_introspection_cpp/exomy_msgs/msg/detail/motor_commands__type_support.cpp.o[0m
[3.479s] [35m[1mScanning dependencies of target exomy_msgs__rosidl_typesupport_fastrtps_cpp[0m
[3.534s] [ 21%] [32mBuilding CXX object CMakeFiles/exomy_msgs__rosidl_typesupport_fastrtps_cpp.dir/rosidl_typesupport_fastrtps_cpp/exomy_msgs/msg/detail/dds_fastrtps/motor_commands__type_support.cpp.o[0m
[3.583s] [ 23%] [32mBuilding CXX object CMakeFiles/exomy_msgs__rosidl_typesupport_introspection_cpp.dir/rosidl_typesupport_introspection_cpp/exomy_msgs/msg/detail/rover_command__type_support.cpp.o[0m
[4.124s] [ 25%] [32mBuilding CXX object CMakeFiles/exomy_msgs__rosidl_typesupport_introspection_cpp.dir/rosidl_typesupport_introspection_cpp/exomy_msgs/msg/detail/screen__type_support.cpp.o[0m
[4.462s] [ 27%] [32mBuilding CXX object CMakeFiles/exomy_msgs__rosidl_typesupport_fastrtps_cpp.dir/rosidl_typesupport_fastrtps_cpp/exomy_msgs/msg/detail/dds_fastrtps/rover_command__type_support.cpp.o[0m
[4.690s] [ 29%] [32m[1mLinking CXX shared library libexomy_msgs__rosidl_typesupport_introspection_cpp.so[0m
[4.867s] [ 29%] Built target exomy_msgs__rosidl_typesupport_introspection_cpp
[4.898s] [ 31%] [34m[1mGenerating C type support dispatch for ROS interfaces[0m
[5.257s] [ 34%] [32mBuilding CXX object CMakeFiles/exomy_msgs__rosidl_typesupport_fastrtps_cpp.dir/rosidl_typesupport_fastrtps_cpp/exomy_msgs/msg/detail/dds_fastrtps/screen__type_support.cpp.o[0m
[5.387s] [35m[1mScanning dependencies of target exomy_msgs__rosidl_typesupport_c[0m
[5.432s] [ 36%] [32mBuilding CXX object CMakeFiles/exomy_msgs__rosidl_typesupport_c.dir/rosidl_typesupport_c/exomy_msgs/msg/motor_commands__type_support.cpp.o[0m
[5.548s] [ 38%] [32mBuilding CXX object CMakeFiles/exomy_msgs__rosidl_typesupport_c.dir/rosidl_typesupport_c/exomy_msgs/msg/rover_command__type_support.cpp.o[0m
[5.636s] [ 40%] [32mBuilding CXX object CMakeFiles/exomy_msgs__rosidl_typesupport_c.dir/rosidl_typesupport_c/exomy_msgs/msg/screen__type_support.cpp.o[0m
[5.727s] [ 42%] [32m[1mLinking CXX shared library libexomy_msgs__rosidl_typesupport_c.so[0m
[5.850s] [ 42%] Built target exomy_msgs__rosidl_typesupport_c
[5.888s] [ 44%] [34m[1mGenerating C++ type support dispatch for ROS interfaces[0m
[5.953s] [ 46%] [32m[1mLinking CXX shared library libexomy_msgs__rosidl_typesupport_fastrtps_cpp.so[0m
[6.169s] [ 46%] Built target exomy_msgs__rosidl_typesupport_fastrtps_cpp
[6.237s] [ 48%] [34m[1mGenerating C introspection for ROS interfaces[0m
[6.369s] [35m[1mScanning dependencies of target exomy_msgs__rosidl_typesupport_cpp[0m
[6.418s] [ 51%] [32mBuilding CXX object CMakeFiles/exomy_msgs__rosidl_typesupport_cpp.dir/rosidl_typesupport_cpp/exomy_msgs/msg/motor_commands__type_support.cpp.o[0m
[6.812s] [35m[1mScanning dependencies of target exomy_msgs__rosidl_typesupport_introspection_c[0m
[6.850s] [ 53%] [32mBuilding C object CMakeFiles/exomy_msgs__rosidl_typesupport_introspection_c.dir/rosidl_typesupport_introspection_c/exomy_msgs/msg/detail/motor_commands__type_support.c.o[0m
[6.882s] [ 55%] [32mBuilding CXX object CMakeFiles/exomy_msgs__rosidl_typesupport_cpp.dir/rosidl_typesupport_cpp/exomy_msgs/msg/rover_command__type_support.cpp.o[0m
[6.918s] [ 57%] [32mBuilding C object CMakeFiles/exomy_msgs__rosidl_typesupport_introspection_c.dir/rosidl_typesupport_introspection_c/exomy_msgs/msg/detail/rover_command__type_support.c.o[0m
[7.014s] [ 59%] [32mBuilding C object CMakeFiles/exomy_msgs__rosidl_typesupport_introspection_c.dir/rosidl_typesupport_introspection_c/exomy_msgs/msg/detail/screen__type_support.c.o[0m
[7.106s] [ 61%] [32m[1mLinking C shared library libexomy_msgs__rosidl_typesupport_introspection_c.so[0m
[7.205s] [ 61%] Built target exomy_msgs__rosidl_typesupport_introspection_c
[7.219s] [ 63%] [34m[1mGenerating C type support for eProsima Fast-RTPS[0m
[7.308s] [ 65%] [32mBuilding CXX object CMakeFiles/exomy_msgs__rosidl_typesupport_cpp.dir/rosidl_typesupport_cpp/exomy_msgs/msg/screen__type_support.cpp.o[0m
[7.670s] [35m[1mScanning dependencies of target exomy_msgs__rosidl_typesupport_fastrtps_c[0m
[7.729s] [ 68%] [32mBuilding CXX object CMakeFiles/exomy_msgs__rosidl_typesupport_fastrtps_c.dir/rosidl_typesupport_fastrtps_c/exomy_msgs/msg/detail/motor_commands__type_support_c.cpp.o[0m
[7.788s] [ 70%] [32m[1mLinking CXX shared library libexomy_msgs__rosidl_typesupport_cpp.so[0m
[7.919s] [ 70%] Built target exomy_msgs__rosidl_typesupport_cpp
[7.932s] [ 72%] [32mBuilding CXX object CMakeFiles/exomy_msgs__rosidl_typesupport_fastrtps_c.dir/rosidl_typesupport_fastrtps_c/exomy_msgs/msg/detail/rover_command__type_support_c.cpp.o[0m
[8.433s] [ 74%] [32mBuilding CXX object CMakeFiles/exomy_msgs__rosidl_typesupport_fastrtps_c.dir/rosidl_typesupport_fastrtps_c/exomy_msgs/msg/detail/screen__type_support_c.cpp.o[0m
[8.791s] [ 76%] [32m[1mLinking CXX shared library libexomy_msgs__rosidl_typesupport_fastrtps_c.so[0m
[8.888s] [ 76%] Built target exomy_msgs__rosidl_typesupport_fastrtps_c
[8.903s] [35m[1mScanning dependencies of target exomy_msgs[0m
[8.919s] [ 76%] Built target exomy_msgs
[8.934s] [35m[1mScanning dependencies of target exomy_msgs__py[0m
[8.951s] [ 78%] [34m[1mGenerating Python code for ROS interfaces[0m
[9.659s] [ 78%] Built target exomy_msgs__py
[9.683s] [35m[1mScanning dependencies of target exomy_msgs__python[0m
[9.730s] [ 80%] [32mBuilding C object CMakeFiles/exomy_msgs__python.dir/rosidl_generator_py/exomy_msgs/msg/_motor_commands_s.c.o[0m
[9.741s] [ 82%] [32mBuilding C object CMakeFiles/exomy_msgs__python.dir/rosidl_generator_py/exomy_msgs/msg/_rover_command_s.c.o[0m
[9.939s] [ 85%] [32mBuilding C object CMakeFiles/exomy_msgs__python.dir/rosidl_generator_py/exomy_msgs/msg/_screen_s.c.o[0m
[10.032s] [ 87%] [32m[1mLinking C shared library rosidl_generator_py/exomy_msgs/libexomy_msgs__python.so[0m
[10.082s] [ 87%] Built target exomy_msgs__python
[10.099s] [35m[1mScanning dependencies of target exomy_msgs__rosidl_typesupport_c__pyext[0m
[10.101s] [35m[1mScanning dependencies of target exomy_msgs__rosidl_typesupport_introspection_c__pyext[0m
[10.129s] [ 89%] [32mBuilding C object CMakeFiles/exomy_msgs__rosidl_typesupport_c__pyext.dir/rosidl_generator_py/exomy_msgs/_exomy_msgs_s.ep.rosidl_typesupport_c.c.o[0m
[10.142s] [ 91%] [32mBuilding C object CMakeFiles/exomy_msgs__rosidl_typesupport_introspection_c__pyext.dir/rosidl_generator_py/exomy_msgs/_exomy_msgs_s.ep.rosidl_typesupport_introspection_c.c.o[0m
[10.259s] [ 93%] [32m[1mLinking C shared library rosidl_generator_py/exomy_msgs/exomy_msgs_s__rosidl_typesupport_c.cpython-38-x86_64-linux-gnu.so[0m
[10.275s] [ 95%] [32m[1mLinking C shared library rosidl_generator_py/exomy_msgs/exomy_msgs_s__rosidl_typesupport_introspection_c.cpython-38-x86_64-linux-gnu.so[0m
[10.337s] [ 95%] Built target exomy_msgs__rosidl_typesupport_introspection_c__pyext
[10.356s] [ 95%] Built target exomy_msgs__rosidl_typesupport_c__pyext
[10.364s] [35m[1mScanning dependencies of target exomy_msgs__rosidl_typesupport_fastrtps_c__pyext[0m
[10.397s] [ 97%] [32mBuilding C object CMakeFiles/exomy_msgs__rosidl_typesupport_fastrtps_c__pyext.dir/rosidl_generator_py/exomy_msgs/_exomy_msgs_s.ep.rosidl_typesupport_fastrtps_c.c.o[0m
[10.503s] [100%] [32m[1mLinking CXX shared library rosidl_generator_py/exomy_msgs/exomy_msgs_s__rosidl_typesupport_fastrtps_c.cpython-38-x86_64-linux-gnu.so[0m
[10.590s] [100%] Built target exomy_msgs__rosidl_typesupport_fastrtps_c__pyext
[10.605s] Invoked command in '/home/exomy/exomy_ws/build/exomy_msgs' returned '0': CMAKE_PREFIX_PATH=${CMAKE_PREFIX_PATH}:/home/exomy/exomy_ws/install/exomy:/opt/ros/foxy /usr/bin/cmake --build /home/exomy/exomy_ws/build/exomy_msgs -- -j2 -l2
[10.795s] Invoking command in '/home/exomy/exomy_ws/build/exomy_msgs': CMAKE_PREFIX_PATH=${CMAKE_PREFIX_PATH}:/home/exomy/exomy_ws/install/exomy:/opt/ros/foxy /usr/bin/cmake --install /home/exomy/exomy_ws/build/exomy_msgs
[10.806s] -- Install configuration: ""
[10.806s] -- Installing: /home/exomy/exomy_ws/install/exomy_msgs/share/ament_index/resource_index/rosidl_interfaces/exomy_msgs
[10.806s] -- Installing: /home/exomy/exomy_ws/install/exomy_msgs/include/exomy_msgs
[10.807s] -- Installing: /home/exomy/exomy_ws/install/exomy_msgs/include/exomy_msgs/msg
[10.807s] -- Installing: /home/exomy/exomy_ws/install/exomy_msgs/include/exomy_msgs/msg/rosidl_generator_c__visibility_control.h
[10.807s] -- Installing: /home/exomy/exomy_ws/install/exomy_msgs/include/exomy_msgs/msg/screen.h
[10.807s] -- Installing: /home/exomy/exomy_ws/install/exomy_msgs/include/exomy_msgs/msg/motor_commands.h
[10.807s] -- Installing: /home/exomy/exomy_ws/install/exomy_msgs/include/exomy_msgs/msg/detail
[10.808s] -- Installing: /home/exomy/exomy_ws/install/exomy_msgs/include/exomy_msgs/msg/detail/motor_commands__functions.h
[10.808s] -- Installing: /home/exomy/exomy_ws/install/exomy_msgs/include/exomy_msgs/msg/detail/screen__struct.h
[10.808s] -- Installing: /home/exomy/exomy_ws/install/exomy_msgs/include/exomy_msgs/msg/detail/screen__type_support.h
[10.808s] -- Installing: /home/exomy/exomy_ws/install/exomy_msgs/include/exomy_msgs/msg/detail/rover_command__struct.h
[10.808s] -- Installing: /home/exomy/exomy_ws/install/exomy_msgs/include/exomy_msgs/msg/detail/motor_commands__type_support.h
[10.809s] -- Installing: /home/exomy/exomy_ws/install/exomy_msgs/include/exomy_msgs/msg/detail/rover_command__type_support.h
[10.809s] -- Installing: /home/exomy/exomy_ws/install/exomy_msgs/include/exomy_msgs/msg/detail/screen__functions.h
[10.809s] -- Installing: /home/exomy/exomy_ws/install/exomy_msgs/include/exomy_msgs/msg/detail/rover_command__functions.c
[10.809s] -- Installing: /home/exomy/exomy_ws/install/exomy_msgs/include/exomy_msgs/msg/detail/screen__functions.c
[10.809s] -- Installing: /home/exomy/exomy_ws/install/exomy_msgs/include/exomy_msgs/msg/detail/rover_command__functions.h
[10.809s] -- Installing: /home/exomy/exomy_ws/install/exomy_msgs/include/exomy_msgs/msg/detail/motor_commands__struct.h
[10.810s] -- Installing: /home/exomy/exomy_ws/install/exomy_msgs/include/exomy_msgs/msg/detail/motor_commands__functions.c
[10.810s] -- Installing: /home/exomy/exomy_ws/install/exomy_msgs/include/exomy_msgs/msg/rover_command.h
[10.810s] -- Installing: /home/exomy/exomy_ws/install/exomy_msgs/share/exomy_msgs/environment/library_path.sh
[10.810s] -- Installing: /home/exomy/exomy_ws/install/exomy_msgs/share/exomy_msgs/environment/library_path.dsv
[10.811s] -- Installing: /home/exomy/exomy_ws/install/exomy_msgs/lib/libexomy_msgs__rosidl_generator_c.so
[10.811s] -- Set runtime path of "/home/exomy/exomy_ws/install/exomy_msgs/lib/libexomy_msgs__rosidl_generator_c.so" to ""
[10.812s] -- Up-to-date: /home/exomy/exomy_ws/install/exomy_msgs/include/exomy_msgs
[10.812s] -- Up-to-date: /home/exomy/exomy_ws/install/exomy_msgs/include/exomy_msgs/msg
[10.812s] -- Up-to-date: /home/exomy/exomy_ws/install/exomy_msgs/include/exomy_msgs/msg/detail
[10.812s] -- Installing: /home/exomy/exomy_ws/install/exomy_msgs/include/exomy_msgs/msg/detail/screen__rosidl_typesupport_fastrtps_c.h
[10.812s] -- Installing: /home/exomy/exomy_ws/install/exomy_msgs/include/exomy_msgs/msg/detail/rover_command__rosidl_typesupport_fastrtps_c.h
[10.812s] -- Installing: /home/exomy/exomy_ws/install/exomy_msgs/include/exomy_msgs/msg/detail/motor_commands__rosidl_typesupport_fastrtps_c.h
[10.813s] -- Installing: /home/exomy/exomy_ws/install/exomy_msgs/include/exomy_msgs/msg/rosidl_typesupport_fastrtps_c__visibility_control.h
[10.813s] -- Installing: /home/exomy/exomy_ws/install/exomy_msgs/lib/libexomy_msgs__rosidl_typesupport_fastrtps_c.so
[10.813s] -- Set runtime path of "/home/exomy/exomy_ws/install/exomy_msgs/lib/libexomy_msgs__rosidl_typesupport_fastrtps_c.so" to ""
[10.813s] -- Up-to-date: /home/exomy/exomy_ws/install/exomy_msgs/include/exomy_msgs
[10.814s] -- Up-to-date: /home/exomy/exomy_ws/install/exomy_msgs/include/exomy_msgs/msg
[10.814s] -- Installing: /home/exomy/exomy_ws/install/exomy_msgs/include/exomy_msgs/msg/rosidl_typesupport_fastrtps_cpp__visibility_control.h
[10.814s] -- Up-to-date: /home/exomy/exomy_ws/install/exomy_msgs/include/exomy_msgs/msg/detail
[10.814s] -- Installing: /home/exomy/exomy_ws/install/exomy_msgs/include/exomy_msgs/msg/detail/dds_fastrtps
[10.814s] -- Installing: /home/exomy/exomy_ws/install/exomy_msgs/include/exomy_msgs/msg/detail/motor_commands__rosidl_typesupport_fastrtps_cpp.hpp
[10.814s] -- Installing: /home/exomy/exomy_ws/install/exomy_msgs/include/exomy_msgs/msg/detail/rover_command__rosidl_typesupport_fastrtps_cpp.hpp
[10.814s] -- Installing: /home/exomy/exomy_ws/install/exomy_msgs/include/exomy_msgs/msg/detail/screen__rosidl_typesupport_fastrtps_cpp.hpp
[10.814s] -- Installing: /home/exomy/exomy_ws/install/exomy_msgs/lib/libexomy_msgs__rosidl_typesupport_fastrtps_cpp.so
[10.815s] -- Set runtime path of "/home/exomy/exomy_ws/install/exomy_msgs/lib/libexomy_msgs__rosidl_typesupport_fastrtps_cpp.so" to ""
[10.815s] -- Up-to-date: /home/exomy/exomy_ws/install/exomy_msgs/include/exomy_msgs
[10.815s] -- Up-to-date: /home/exomy/exomy_ws/install/exomy_msgs/include/exomy_msgs/msg
[10.815s] -- Installing: /home/exomy/exomy_ws/install/exomy_msgs/include/exomy_msgs/msg/rosidl_typesupport_introspection_c__visibility_control.h
[10.815s] -- Up-to-date: /home/exomy/exomy_ws/install/exomy_msgs/include/exomy_msgs/msg/detail
[10.815s] -- Installing: /home/exomy/exomy_ws/install/exomy_msgs/include/exomy_msgs/msg/detail/motor_commands__rosidl_typesupport_introspection_c.h
[10.816s] -- Installing: /home/exomy/exomy_ws/install/exomy_msgs/include/exomy_msgs/msg/detail/screen__rosidl_typesupport_introspection_c.h
[10.816s] -- Installing: /home/exomy/exomy_ws/install/exomy_msgs/include/exomy_msgs/msg/detail/rover_command__type_support.c
[10.816s] -- Installing: /home/exomy/exomy_ws/install/exomy_msgs/include/exomy_msgs/msg/detail/screen__type_support.c
[10.816s] -- Installing: /home/exomy/exomy_ws/install/exomy_msgs/include/exomy_msgs/msg/detail/rover_command__rosidl_typesupport_introspection_c.h
[10.816s] -- Installing: /home/exomy/exomy_ws/install/exomy_msgs/include/exomy_msgs/msg/detail/motor_commands__type_support.c
[10.816s] -- Installing: /home/exomy/exomy_ws/install/exomy_msgs/lib/libexomy_msgs__rosidl_typesupport_introspection_c.so
[10.816s] -- Set runtime path of "/home/exomy/exomy_ws/install/exomy_msgs/lib/libexomy_msgs__rosidl_typesupport_introspection_c.so" to ""
[10.817s] -- Installing: /home/exomy/exomy_ws/install/exomy_msgs/lib/libexomy_msgs__rosidl_typesupport_c.so
[10.817s] -- Set runtime path of "/home/exomy/exomy_ws/install/exomy_msgs/lib/libexomy_msgs__rosidl_typesupport_c.so" to ""
[10.817s] -- Up-to-date: /home/exomy/exomy_ws/install/exomy_msgs/include/exomy_msgs
[10.817s] -- Up-to-date: /home/exomy/exomy_ws/install/exomy_msgs/include/exomy_msgs/msg
[10.817s] -- Installing: /home/exomy/exomy_ws/install/exomy_msgs/include/exomy_msgs/msg/rover_command.hpp
[10.817s] -- Installing: /home/exomy/exomy_ws/install/exomy_msgs/include/exomy_msgs/msg/motor_commands.hpp
[10.817s] -- Installing: /home/exomy/exomy_ws/install/exomy_msgs/include/exomy_msgs/msg/screen.hpp
[10.818s] -- Up-to-date: /home/exomy/exomy_ws/install/exomy_msgs/include/exomy_msgs/msg/detail
[10.819s] -- Installing: /home/exomy/exomy_ws/install/exomy_msgs/include/exomy_msgs/msg/detail/motor_commands__struct.hpp
[10.819s] -- Installing: /home/exomy/exomy_ws/install/exomy_msgs/include/exomy_msgs/msg/detail/rover_command__struct.hpp
[10.819s] -- Installing: /home/exomy/exomy_ws/install/exomy_msgs/include/exomy_msgs/msg/detail/rover_command__builder.hpp
[10.819s] -- Installing: /home/exomy/exomy_ws/install/exomy_msgs/include/exomy_msgs/msg/detail/screen__struct.hpp
[10.820s] -- Installing: /home/exomy/exomy_ws/install/exomy_msgs/include/exomy_msgs/msg/detail/motor_commands__builder.hpp
[10.820s] -- Installing: /home/exomy/exomy_ws/install/exomy_msgs/include/exomy_msgs/msg/detail/screen__traits.hpp
[10.820s] -- Installing: /home/exomy/exomy_ws/install/exomy_msgs/include/exomy_msgs/msg/detail/rover_command__traits.hpp
[10.820s] -- Installing: /home/exomy/exomy_ws/install/exomy_msgs/include/exomy_msgs/msg/detail/screen__builder.hpp
[10.820s] -- Installing: /home/exomy/exomy_ws/install/exomy_msgs/include/exomy_msgs/msg/detail/motor_commands__traits.hpp
[10.821s] -- Up-to-date: /home/exomy/exomy_ws/install/exomy_msgs/include/exomy_msgs
[10.821s] -- Up-to-date: /home/exomy/exomy_ws/install/exomy_msgs/include/exomy_msgs/msg
[10.821s] -- Up-to-date: /home/exomy/exomy_ws/install/exomy_msgs/include/exomy_msgs/msg/detail
[10.821s] -- Installing: /home/exomy/exomy_ws/install/exomy_msgs/include/exomy_msgs/msg/detail/motor_commands__rosidl_typesupport_introspection_cpp.hpp
[10.828s] -- Installing: /home/exomy/exomy_ws/install/exomy_msgs/include/exomy_msgs/msg/detail/rover_command__rosidl_typesupport_introspection_cpp.hpp
[10.828s] -- Installing: /home/exomy/exomy_ws/install/exomy_msgs/include/exomy_msgs/msg/detail/screen__type_support.cpp
[10.828s] -- Installing: /home/exomy/exomy_ws/install/exomy_msgs/include/exomy_msgs/msg/detail/rover_command__type_support.cpp
[10.829s] -- Installing: /home/exomy/exomy_ws/install/exomy_msgs/include/exomy_msgs/msg/detail/screen__rosidl_typesupport_introspection_cpp.hpp
[10.829s] -- Installing: /home/exomy/exomy_ws/install/exomy_msgs/include/exomy_msgs/msg/detail/motor_commands__type_support.cpp
[10.829s] -- Installing: /home/exomy/exomy_ws/install/exomy_msgs/lib/libexomy_msgs__rosidl_typesupport_introspection_cpp.so
[10.829s] -- Set runtime path of "/home/exomy/exomy_ws/install/exomy_msgs/lib/libexomy_msgs__rosidl_typesupport_introspection_cpp.so" to ""
[10.829s] -- Installing: /home/exomy/exomy_ws/install/exomy_msgs/lib/libexomy_msgs__rosidl_typesupport_cpp.so
[10.829s] -- Set runtime path of "/home/exomy/exomy_ws/install/exomy_msgs/lib/libexomy_msgs__rosidl_typesupport_cpp.so" to ""
[10.829s] -- Installing: /home/exomy/exomy_ws/install/exomy_msgs/share/exomy_msgs/environment/pythonpath.sh
[10.830s] -- Installing: /home/exomy/exomy_ws/install/exomy_msgs/share/exomy_msgs/environment/pythonpath.dsv
[10.830s] -- Installing: /home/exomy/exomy_ws/install/exomy_msgs/lib/python3.8/site-packages/exomy_msgs/__init__.py
[10.862s] Compiling '/home/exomy/exomy_ws/install/exomy_msgs/lib/python3.8/site-packages/exomy_msgs/__init__.py'...
[10.867s] -- Installing: /home/exomy/exomy_ws/install/exomy_msgs/lib/python3.8/site-packages/exomy_msgs/msg
[10.867s] -- Installing: /home/exomy/exomy_ws/install/exomy_msgs/lib/python3.8/site-packages/exomy_msgs/msg/_screen.py
[10.867s] -- Installing: /home/exomy/exomy_ws/install/exomy_msgs/lib/python3.8/site-packages/exomy_msgs/msg/_motor_commands_s.c
[10.867s] -- Installing: /home/exomy/exomy_ws/install/exomy_msgs/lib/python3.8/site-packages/exomy_msgs/msg/_rover_command_s.c
[10.867s] -- Installing: /home/exomy/exomy_ws/install/exomy_msgs/lib/python3.8/site-packages/exomy_msgs/msg/_motor_commands.py
[10.867s] -- Installing: /home/exomy/exomy_ws/install/exomy_msgs/lib/python3.8/site-packages/exomy_msgs/msg/__init__.py
[10.867s] -- Installing: /home/exomy/exomy_ws/install/exomy_msgs/lib/python3.8/site-packages/exomy_msgs/msg/_rover_command.py
[10.867s] -- Installing: /home/exomy/exomy_ws/install/exomy_msgs/lib/python3.8/site-packages/exomy_msgs/msg/_screen_s.c
[10.867s] -- Installing: /home/exomy/exomy_ws/install/exomy_msgs/lib/python3.8/site-packages/exomy_msgs/exomy_msgs_s__rosidl_typesupport_fastrtps_c.cpython-38-x86_64-linux-gnu.so
[10.868s] -- Set runtime path of "/home/exomy/exomy_ws/install/exomy_msgs/lib/python3.8/site-packages/exomy_msgs/exomy_msgs_s__rosidl_typesupport_fastrtps_c.cpython-38-x86_64-linux-gnu.so" to ""
[10.868s] -- Installing: /home/exomy/exomy_ws/install/exomy_msgs/lib/python3.8/site-packages/exomy_msgs/exomy_msgs_s__rosidl_typesupport_introspection_c.cpython-38-x86_64-linux-gnu.so
[10.869s] -- Set runtime path of "/home/exomy/exomy_ws/install/exomy_msgs/lib/python3.8/site-packages/exomy_msgs/exomy_msgs_s__rosidl_typesupport_introspection_c.cpython-38-x86_64-linux-gnu.so" to ""
[10.869s] -- Installing: /home/exomy/exomy_ws/install/exomy_msgs/lib/python3.8/site-packages/exomy_msgs/exomy_msgs_s__rosidl_typesupport_c.cpython-38-x86_64-linux-gnu.so
[10.869s] -- Set runtime path of "/home/exomy/exomy_ws/install/exomy_msgs/lib/python3.8/site-packages/exomy_msgs/exomy_msgs_s__rosidl_typesupport_c.cpython-38-x86_64-linux-gnu.so" to ""
[10.869s] -- Installing: /home/exomy/exomy_ws/install/exomy_msgs/lib/libexomy_msgs__python.so
[10.870s] -- Set runtime path of "/home/exomy/exomy_ws/install/exomy_msgs/lib/libexomy_msgs__python.so" to ""
[10.870s] -- Installing: /home/exomy/exomy_ws/install/exomy_msgs/share/exomy_msgs/msg/MotorCommands.idl
[10.870s] -- Installing: /home/exomy/exomy_ws/install/exomy_msgs/share/exomy_msgs/msg/RoverCommand.idl
[10.870s] -- Installing: /home/exomy/exomy_ws/install/exomy_msgs/share/exomy_msgs/msg/Screen.idl
[10.870s] -- Installing: /home/exomy/exomy_ws/install/exomy_msgs/share/exomy_msgs/msg/MotorCommands.msg
[10.870s] -- Installing: /home/exomy/exomy_ws/install/exomy_msgs/share/exomy_msgs/msg/RoverCommand.msg
[10.871s] -- Installing: /home/exomy/exomy_ws/install/exomy_msgs/share/exomy_msgs/msg/Screen.msg
[10.871s] -- Installing: /home/exomy/exomy_ws/install/exomy_msgs/share/ament_index/resource_index/package_run_dependencies/exomy_msgs
[10.871s] -- Installing: /home/exomy/exomy_ws/install/exomy_msgs/share/ament_index/resource_index/parent_prefix_path/exomy_msgs
[10.871s] -- Installing: /home/exomy/exomy_ws/install/exomy_msgs/share/exomy_msgs/environment/ament_prefix_path.sh
[10.871s] -- Installing: /home/exomy/exomy_ws/install/exomy_msgs/share/exomy_msgs/environment/ament_prefix_path.dsv
[10.871s] -- Installing: /home/exomy/exomy_ws/install/exomy_msgs/share/exomy_msgs/environment/path.sh
[10.872s] -- Installing: /home/exomy/exomy_ws/install/exomy_msgs/share/exomy_msgs/environment/path.dsv
[10.872s] -- Installing: /home/exomy/exomy_ws/install/exomy_msgs/share/exomy_msgs/local_setup.bash
[10.872s] -- Installing: /home/exomy/exomy_ws/install/exomy_msgs/share/exomy_msgs/local_setup.sh
[10.872s] -- Installing: /home/exomy/exomy_ws/install/exomy_msgs/share/exomy_msgs/local_setup.zsh
[10.872s] -- Installing: /home/exomy/exomy_ws/install/exomy_msgs/share/exomy_msgs/local_setup.dsv
[10.872s] -- Installing: /home/exomy/exomy_ws/install/exomy_msgs/share/exomy_msgs/package.dsv
[10.873s] -- Installing: /home/exomy/exomy_ws/install/exomy_msgs/share/ament_index/resource_index/packages/exomy_msgs
[10.873s] -- Installing: /home/exomy/exomy_ws/install/exomy_msgs/share/exomy_msgs/cmake/exomy_msgs__rosidl_generator_cExport.cmake
[10.873s] -- Installing: /home/exomy/exomy_ws/install/exomy_msgs/share/exomy_msgs/cmake/exomy_msgs__rosidl_generator_cExport-noconfig.cmake
[10.873s] -- Installing: /home/exomy/exomy_ws/install/exomy_msgs/share/exomy_msgs/cmake/exomy_msgs__rosidl_typesupport_introspection_cExport.cmake
[10.873s] -- Installing: /home/exomy/exomy_ws/install/exomy_msgs/share/exomy_msgs/cmake/exomy_msgs__rosidl_typesupport_introspection_cExport-noconfig.cmake
[10.874s] -- Installing: /home/exomy/exomy_ws/install/exomy_msgs/share/exomy_msgs/cmake/exomy_msgs__rosidl_typesupport_cExport.cmake
[10.874s] -- Installing: /home/exomy/exomy_ws/install/exomy_msgs/share/exomy_msgs/cmake/exomy_msgs__rosidl_typesupport_cExport-noconfig.cmake
[10.874s] -- Installing: /home/exomy/exomy_ws/install/exomy_msgs/share/exomy_msgs/cmake/exomy_msgs__rosidl_generator_cppExport.cmake
[10.874s] -- Installing: /home/exomy/exomy_ws/install/exomy_msgs/share/exomy_msgs/cmake/exomy_msgs__rosidl_typesupport_introspection_cppExport.cmake
[10.874s] -- Installing: /home/exomy/exomy_ws/install/exomy_msgs/share/exomy_msgs/cmake/exomy_msgs__rosidl_typesupport_introspection_cppExport-noconfig.cmake
[10.875s] -- Installing: /home/exomy/exomy_ws/install/exomy_msgs/share/exomy_msgs/cmake/exomy_msgs__rosidl_typesupport_cppExport.cmake
[10.875s] -- Installing: /home/exomy/exomy_ws/install/exomy_msgs/share/exomy_msgs/cmake/exomy_msgs__rosidl_typesupport_cppExport-noconfig.cmake
[10.875s] -- Installing: /home/exomy/exomy_ws/install/exomy_msgs/share/exomy_msgs/cmake/rosidl_cmake-extras.cmake
[10.875s] -- Installing: /home/exomy/exomy_ws/install/exomy_msgs/share/exomy_msgs/cmake/ament_cmake_export_dependencies-extras.cmake
[10.875s] -- Installing: /home/exomy/exomy_ws/install/exomy_msgs/share/exomy_msgs/cmake/ament_cmake_export_libraries-extras.cmake
[10.875s] -- Installing: /home/exomy/exomy_ws/install/exomy_msgs/share/exomy_msgs/cmake/ament_cmake_export_targets-extras.cmake
[10.875s] -- Installing: /home/exomy/exomy_ws/install/exomy_msgs/share/exomy_msgs/cmake/ament_cmake_export_include_directories-extras.cmake
[10.875s] -- Installing: /home/exomy/exomy_ws/install/exomy_msgs/share/exomy_msgs/cmake/rosidl_cmake_export_typesupport_libraries-extras.cmake
[10.876s] -- Installing: /home/exomy/exomy_ws/install/exomy_msgs/share/exomy_msgs/cmake/rosidl_cmake_export_typesupport_targets-extras.cmake
[10.876s] -- Installing: /home/exomy/exomy_ws/install/exomy_msgs/share/exomy_msgs/cmake/exomy_msgsConfig.cmake
[10.876s] -- Installing: /home/exomy/exomy_ws/install/exomy_msgs/share/exomy_msgs/cmake/exomy_msgsConfig-version.cmake
[10.876s] -- Installing: /home/exomy/exomy_ws/install/exomy_msgs/share/exomy_msgs/package.xml
[10.878s] Invoked command in '/home/exomy/exomy_ws/build/exomy_msgs' returned '0': CMAKE_PREFIX_PATH=${CMAKE_PREFIX_PATH}:/home/exomy/exomy_ws/install/exomy:/opt/ros/foxy /usr/bin/cmake --install /home/exomy/exomy_ws/build/exomy_msgs
