[0.097s] Invoking command in '/home/exomy/exomy_ws/exomy_ws_ros/exomy_ws/src/build/exomy_msgs': CMAKE_PREFIX_PATH=${CMAKE_PREFIX_PATH}:/home/exomy/exomy_ws/exomy_ws_ros/exomy_ws/src/install/exomy:/home/exomy/exomy_ws/install/exomy:/opt/ros/foxy /usr/bin/cmake --build /home/exomy/exomy_ws/exomy_ws_ros/exomy_ws/src/build/exomy_msgs -- -j4 -l4
[0.236s] [  2%] Built target exomy_msgs__cpp
[0.238s] [ 12%] Built target exomy_msgs__rosidl_generator_c
[0.345s] [ 23%] Built target exomy_msgs__rosidl_typesupport_fastrtps_cpp
[0.350s] [ 34%] Built target exomy_msgs__rosidl_typesupport_introspection_cpp
[0.360s] [ 44%] Built target exomy_msgs__rosidl_typesupport_cpp
[0.365s] [ 55%] Built target exomy_msgs__rosidl_typesupport_introspection_c
[0.428s] [ 65%] Built target exomy_msgs__rosidl_typesupport_c
[0.434s] [ 76%] Built target exomy_msgs__rosidl_typesupport_fastrtps_c
[0.484s] [ 76%] Built target exomy_msgs
[0.531s] [ 78%] Built target exomy_msgs__py
[0.579s] [ 87%] Built target exomy_msgs__python
[0.634s] [ 91%] Built target exomy_msgs__rosidl_typesupport_fastrtps_c__pyext
[0.642s] [ 95%] Built target exomy_msgs__rosidl_typesupport_introspection_c__pyext
[0.651s] [100%] Built target exomy_msgs__rosidl_typesupport_c__pyext
[0.677s] Invoked command in '/home/exomy/exomy_ws/exomy_ws_ros/exomy_ws/src/build/exomy_msgs' returned '0': CMAKE_PREFIX_PATH=${CMAKE_PREFIX_PATH}:/home/exomy/exomy_ws/exomy_ws_ros/exomy_ws/src/install/exomy:/home/exomy/exomy_ws/install/exomy:/opt/ros/foxy /usr/bin/cmake --build /home/exomy/exomy_ws/exomy_ws_ros/exomy_ws/src/build/exomy_msgs -- -j4 -l4
[0.895s] Invoking command in '/home/exomy/exomy_ws/exomy_ws_ros/exomy_ws/src/build/exomy_msgs': CMAKE_PREFIX_PATH=${CMAKE_PREFIX_PATH}:/home/exomy/exomy_ws/exomy_ws_ros/exomy_ws/src/install/exomy:/home/exomy/exomy_ws/install/exomy:/opt/ros/foxy /usr/bin/cmake --install /home/exomy/exomy_ws/exomy_ws_ros/exomy_ws/src/build/exomy_msgs
[0.917s] -- Install configuration: ""
[0.918s] -- Up-to-date: /home/exomy/exomy_ws/exomy_ws_ros/exomy_ws/src/install/exomy_msgs/share/ament_index/resource_index/rosidl_interfaces/exomy_msgs
[0.918s] -- Up-to-date: /home/exomy/exomy_ws/exomy_ws_ros/exomy_ws/src/install/exomy_msgs/include/exomy_msgs
[0.918s] -- Up-to-date: /home/exomy/exomy_ws/exomy_ws_ros/exomy_ws/src/install/exomy_msgs/include/exomy_msgs/msg
[0.922s] -- Up-to-date: /home/exomy/exomy_ws/exomy_ws_ros/exomy_ws/src/install/exomy_msgs/include/exomy_msgs/msg/screen.h
[0.923s] -- Up-to-date: /home/exomy/exomy_ws/exomy_ws_ros/exomy_ws/src/install/exomy_msgs/include/exomy_msgs/msg/rosidl_generator_c__visibility_control.h
[0.923s] -- Up-to-date: /home/exomy/exomy_ws/exomy_ws_ros/exomy_ws/src/install/exomy_msgs/include/exomy_msgs/msg/rover_command.h
[0.924s] -- Up-to-date: /home/exomy/exomy_ws/exomy_ws_ros/exomy_ws/src/install/exomy_msgs/include/exomy_msgs/msg/motor_commands.h
[0.924s] -- Up-to-date: /home/exomy/exomy_ws/exomy_ws_ros/exomy_ws/src/install/exomy_msgs/include/exomy_msgs/msg/detail
[0.924s] -- Up-to-date: /home/exomy/exomy_ws/exomy_ws_ros/exomy_ws/src/install/exomy_msgs/include/exomy_msgs/msg/detail/screen__functions.c
[0.925s] -- Up-to-date: /home/exomy/exomy_ws/exomy_ws_ros/exomy_ws/src/install/exomy_msgs/include/exomy_msgs/msg/detail/rover_command__struct.h
[0.925s] -- Up-to-date: /home/exomy/exomy_ws/exomy_ws_ros/exomy_ws/src/install/exomy_msgs/include/exomy_msgs/msg/detail/rover_command__functions.h
[0.925s] -- Up-to-date: /home/exomy/exomy_ws/exomy_ws_ros/exomy_ws/src/install/exomy_msgs/include/exomy_msgs/msg/detail/screen__type_support.h
[0.926s] -- Up-to-date: /home/exomy/exomy_ws/exomy_ws_ros/exomy_ws/src/install/exomy_msgs/include/exomy_msgs/msg/detail/motor_commands__functions.c
[0.926s] -- Up-to-date: /home/exomy/exomy_ws/exomy_ws_ros/exomy_ws/src/install/exomy_msgs/include/exomy_msgs/msg/detail/motor_commands__struct.h
[0.926s] -- Up-to-date: /home/exomy/exomy_ws/exomy_ws_ros/exomy_ws/src/install/exomy_msgs/include/exomy_msgs/msg/detail/screen__functions.h
[0.927s] -- Up-to-date: /home/exomy/exomy_ws/exomy_ws_ros/exomy_ws/src/install/exomy_msgs/include/exomy_msgs/msg/detail/motor_commands__functions.h
[0.927s] -- Up-to-date: /home/exomy/exomy_ws/exomy_ws_ros/exomy_ws/src/install/exomy_msgs/include/exomy_msgs/msg/detail/rover_command__functions.c
[0.927s] -- Up-to-date: /home/exomy/exomy_ws/exomy_ws_ros/exomy_ws/src/install/exomy_msgs/include/exomy_msgs/msg/detail/screen__struct.h
[0.927s] -- Up-to-date: /home/exomy/exomy_ws/exomy_ws_ros/exomy_ws/src/install/exomy_msgs/include/exomy_msgs/msg/detail/motor_commands__type_support.h
[0.927s] -- Up-to-date: /home/exomy/exomy_ws/exomy_ws_ros/exomy_ws/src/install/exomy_msgs/include/exomy_msgs/msg/detail/rover_command__type_support.h
[0.928s] -- Up-to-date: /home/exomy/exomy_ws/exomy_ws_ros/exomy_ws/src/install/exomy_msgs/share/exomy_msgs/environment/library_path.sh
[0.928s] -- Up-to-date: /home/exomy/exomy_ws/exomy_ws_ros/exomy_ws/src/install/exomy_msgs/share/exomy_msgs/environment/library_path.dsv
[0.928s] -- Up-to-date: /home/exomy/exomy_ws/exomy_ws_ros/exomy_ws/src/install/exomy_msgs/lib/libexomy_msgs__rosidl_generator_c.so
[0.928s] -- Up-to-date: /home/exomy/exomy_ws/exomy_ws_ros/exomy_ws/src/install/exomy_msgs/include/exomy_msgs
[0.929s] -- Up-to-date: /home/exomy/exomy_ws/exomy_ws_ros/exomy_ws/src/install/exomy_msgs/include/exomy_msgs/msg
[0.929s] -- Up-to-date: /home/exomy/exomy_ws/exomy_ws_ros/exomy_ws/src/install/exomy_msgs/include/exomy_msgs/msg/rosidl_typesupport_fastrtps_c__visibility_control.h
[0.929s] -- Up-to-date: /home/exomy/exomy_ws/exomy_ws_ros/exomy_ws/src/install/exomy_msgs/include/exomy_msgs/msg/detail
[0.930s] -- Up-to-date: /home/exomy/exomy_ws/exomy_ws_ros/exomy_ws/src/install/exomy_msgs/include/exomy_msgs/msg/detail/motor_commands__rosidl_typesupport_fastrtps_c.h
[0.930s] -- Up-to-date: /home/exomy/exomy_ws/exomy_ws_ros/exomy_ws/src/install/exomy_msgs/include/exomy_msgs/msg/detail/rover_command__rosidl_typesupport_fastrtps_c.h
[0.931s] -- Up-to-date: /home/exomy/exomy_ws/exomy_ws_ros/exomy_ws/src/install/exomy_msgs/include/exomy_msgs/msg/detail/screen__rosidl_typesupport_fastrtps_c.h
[0.931s] -- Up-to-date: /home/exomy/exomy_ws/exomy_ws_ros/exomy_ws/src/install/exomy_msgs/lib/libexomy_msgs__rosidl_typesupport_fastrtps_c.so
[0.931s] -- Up-to-date: /home/exomy/exomy_ws/exomy_ws_ros/exomy_ws/src/install/exomy_msgs/include/exomy_msgs
[0.932s] -- Up-to-date: /home/exomy/exomy_ws/exomy_ws_ros/exomy_ws/src/install/exomy_msgs/include/exomy_msgs/msg
[0.932s] -- Up-to-date: /home/exomy/exomy_ws/exomy_ws_ros/exomy_ws/src/install/exomy_msgs/include/exomy_msgs/msg/rosidl_typesupport_fastrtps_cpp__visibility_control.h
[0.932s] -- Up-to-date: /home/exomy/exomy_ws/exomy_ws_ros/exomy_ws/src/install/exomy_msgs/include/exomy_msgs/msg/detail
[0.933s] -- Up-to-date: /home/exomy/exomy_ws/exomy_ws_ros/exomy_ws/src/install/exomy_msgs/include/exomy_msgs/msg/detail/screen__rosidl_typesupport_fastrtps_cpp.hpp
[0.936s] -- Up-to-date: /home/exomy/exomy_ws/exomy_ws_ros/exomy_ws/src/install/exomy_msgs/include/exomy_msgs/msg/detail/dds_fastrtps
[0.937s] -- Up-to-date: /home/exomy/exomy_ws/exomy_ws_ros/exomy_ws/src/install/exomy_msgs/include/exomy_msgs/msg/detail/motor_commands__rosidl_typesupport_fastrtps_cpp.hpp
[0.937s] -- Up-to-date: /home/exomy/exomy_ws/exomy_ws_ros/exomy_ws/src/install/exomy_msgs/include/exomy_msgs/msg/detail/rover_command__rosidl_typesupport_fastrtps_cpp.hpp
[0.938s] -- Up-to-date: /home/exomy/exomy_ws/exomy_ws_ros/exomy_ws/src/install/exomy_msgs/lib/libexomy_msgs__rosidl_typesupport_fastrtps_cpp.so
[0.938s] -- Up-to-date: /home/exomy/exomy_ws/exomy_ws_ros/exomy_ws/src/install/exomy_msgs/include/exomy_msgs
[0.939s] -- Up-to-date: /home/exomy/exomy_ws/exomy_ws_ros/exomy_ws/src/install/exomy_msgs/include/exomy_msgs/msg
[0.939s] -- Up-to-date: /home/exomy/exomy_ws/exomy_ws_ros/exomy_ws/src/install/exomy_msgs/include/exomy_msgs/msg/rosidl_typesupport_introspection_c__visibility_control.h
[0.939s] -- Up-to-date: /home/exomy/exomy_ws/exomy_ws_ros/exomy_ws/src/install/exomy_msgs/include/exomy_msgs/msg/detail
[0.940s] -- Up-to-date: /home/exomy/exomy_ws/exomy_ws_ros/exomy_ws/src/install/exomy_msgs/include/exomy_msgs/msg/detail/screen__rosidl_typesupport_introspection_c.h
[0.940s] -- Up-to-date: /home/exomy/exomy_ws/exomy_ws_ros/exomy_ws/src/install/exomy_msgs/include/exomy_msgs/msg/detail/motor_commands__type_support.c
[0.940s] -- Up-to-date: /home/exomy/exomy_ws/exomy_ws_ros/exomy_ws/src/install/exomy_msgs/include/exomy_msgs/msg/detail/motor_commands__rosidl_typesupport_introspection_c.h
[0.941s] -- Up-to-date: /home/exomy/exomy_ws/exomy_ws_ros/exomy_ws/src/install/exomy_msgs/include/exomy_msgs/msg/detail/rover_command__rosidl_typesupport_introspection_c.h
[0.941s] -- Up-to-date: /home/exomy/exomy_ws/exomy_ws_ros/exomy_ws/src/install/exomy_msgs/include/exomy_msgs/msg/detail/screen__type_support.c
[0.942s] -- Up-to-date: /home/exomy/exomy_ws/exomy_ws_ros/exomy_ws/src/install/exomy_msgs/include/exomy_msgs/msg/detail/rover_command__type_support.c
[0.942s] -- Up-to-date: /home/exomy/exomy_ws/exomy_ws_ros/exomy_ws/src/install/exomy_msgs/lib/libexomy_msgs__rosidl_typesupport_introspection_c.so
[0.943s] -- Up-to-date: /home/exomy/exomy_ws/exomy_ws_ros/exomy_ws/src/install/exomy_msgs/lib/libexomy_msgs__rosidl_typesupport_c.so
[0.944s] -- Up-to-date: /home/exomy/exomy_ws/exomy_ws_ros/exomy_ws/src/install/exomy_msgs/include/exomy_msgs
[0.944s] -- Up-to-date: /home/exomy/exomy_ws/exomy_ws_ros/exomy_ws/src/install/exomy_msgs/include/exomy_msgs/msg
[0.945s] -- Up-to-date: /home/exomy/exomy_ws/exomy_ws_ros/exomy_ws/src/install/exomy_msgs/include/exomy_msgs/msg/rover_command.hpp
[0.946s] -- Up-to-date: /home/exomy/exomy_ws/exomy_ws_ros/exomy_ws/src/install/exomy_msgs/include/exomy_msgs/msg/screen.hpp
[0.946s] -- Up-to-date: /home/exomy/exomy_ws/exomy_ws_ros/exomy_ws/src/install/exomy_msgs/include/exomy_msgs/msg/motor_commands.hpp
[0.947s] -- Up-to-date: /home/exomy/exomy_ws/exomy_ws_ros/exomy_ws/src/install/exomy_msgs/include/exomy_msgs/msg/detail
[0.948s] -- Up-to-date: /home/exomy/exomy_ws/exomy_ws_ros/exomy_ws/src/install/exomy_msgs/include/exomy_msgs/msg/detail/motor_commands__struct.hpp
[0.948s] -- Up-to-date: /home/exomy/exomy_ws/exomy_ws_ros/exomy_ws/src/install/exomy_msgs/include/exomy_msgs/msg/detail/screen__struct.hpp
[0.949s] -- Up-to-date: /home/exomy/exomy_ws/exomy_ws_ros/exomy_ws/src/install/exomy_msgs/include/exomy_msgs/msg/detail/rover_command__struct.hpp
[0.950s] -- Up-to-date: /home/exomy/exomy_ws/exomy_ws_ros/exomy_ws/src/install/exomy_msgs/include/exomy_msgs/msg/detail/rover_command__builder.hpp
[0.950s] -- Up-to-date: /home/exomy/exomy_ws/exomy_ws_ros/exomy_ws/src/install/exomy_msgs/include/exomy_msgs/msg/detail/motor_commands__traits.hpp
[0.951s] -- Up-to-date: /home/exomy/exomy_ws/exomy_ws_ros/exomy_ws/src/install/exomy_msgs/include/exomy_msgs/msg/detail/screen__builder.hpp
[0.951s] -- Up-to-date: /home/exomy/exomy_ws/exomy_ws_ros/exomy_ws/src/install/exomy_msgs/include/exomy_msgs/msg/detail/motor_commands__builder.hpp
[0.952s] -- Up-to-date: /home/exomy/exomy_ws/exomy_ws_ros/exomy_ws/src/install/exomy_msgs/include/exomy_msgs/msg/detail/screen__traits.hpp
[0.952s] -- Up-to-date: /home/exomy/exomy_ws/exomy_ws_ros/exomy_ws/src/install/exomy_msgs/include/exomy_msgs/msg/detail/rover_command__traits.hpp
[0.953s] -- Up-to-date: /home/exomy/exomy_ws/exomy_ws_ros/exomy_ws/src/install/exomy_msgs/include/exomy_msgs
[0.954s] -- Up-to-date: /home/exomy/exomy_ws/exomy_ws_ros/exomy_ws/src/install/exomy_msgs/include/exomy_msgs/msg
[0.954s] -- Up-to-date: /home/exomy/exomy_ws/exomy_ws_ros/exomy_ws/src/install/exomy_msgs/include/exomy_msgs/msg/detail
[0.955s] -- Up-to-date: /home/exomy/exomy_ws/exomy_ws_ros/exomy_ws/src/install/exomy_msgs/include/exomy_msgs/msg/detail/motor_commands__type_support.cpp
[0.957s] -- Up-to-date: /home/exomy/exomy_ws/exomy_ws_ros/exomy_ws/src/install/exomy_msgs/include/exomy_msgs/msg/detail/motor_commands__rosidl_typesupport_introspection_cpp.hpp
[0.957s] -- Up-to-date: /home/exomy/exomy_ws/exomy_ws_ros/exomy_ws/src/install/exomy_msgs/include/exomy_msgs/msg/detail/screen__rosidl_typesupport_introspection_cpp.hpp
[0.958s] -- Up-to-date: /home/exomy/exomy_ws/exomy_ws_ros/exomy_ws/src/install/exomy_msgs/include/exomy_msgs/msg/detail/screen__type_support.cpp
[0.958s] -- Up-to-date: /home/exomy/exomy_ws/exomy_ws_ros/exomy_ws/src/install/exomy_msgs/include/exomy_msgs/msg/detail/rover_command__rosidl_typesupport_introspection_cpp.hpp
[0.958s] -- Up-to-date: /home/exomy/exomy_ws/exomy_ws_ros/exomy_ws/src/install/exomy_msgs/include/exomy_msgs/msg/detail/rover_command__type_support.cpp
[0.959s] -- Up-to-date: /home/exomy/exomy_ws/exomy_ws_ros/exomy_ws/src/install/exomy_msgs/lib/libexomy_msgs__rosidl_typesupport_introspection_cpp.so
[0.959s] -- Up-to-date: /home/exomy/exomy_ws/exomy_ws_ros/exomy_ws/src/install/exomy_msgs/lib/libexomy_msgs__rosidl_typesupport_cpp.so
[0.959s] -- Up-to-date: /home/exomy/exomy_ws/exomy_ws_ros/exomy_ws/src/install/exomy_msgs/share/exomy_msgs/environment/pythonpath.sh
[0.959s] -- Up-to-date: /home/exomy/exomy_ws/exomy_ws_ros/exomy_ws/src/install/exomy_msgs/share/exomy_msgs/environment/pythonpath.dsv
[0.959s] -- Up-to-date: /home/exomy/exomy_ws/exomy_ws_ros/exomy_ws/src/install/exomy_msgs/lib/python3.8/site-packages/exomy_msgs/__init__.py
[1.016s] -- Up-to-date: /home/exomy/exomy_ws/exomy_ws_ros/exomy_ws/src/install/exomy_msgs/lib/python3.8/site-packages/exomy_msgs/msg
[1.016s] -- Up-to-date: /home/exomy/exomy_ws/exomy_ws_ros/exomy_ws/src/install/exomy_msgs/lib/python3.8/site-packages/exomy_msgs/msg/__init__.py
[1.017s] -- Up-to-date: /home/exomy/exomy_ws/exomy_ws_ros/exomy_ws/src/install/exomy_msgs/lib/python3.8/site-packages/exomy_msgs/msg/_rover_command.py
[1.017s] -- Up-to-date: /home/exomy/exomy_ws/exomy_ws_ros/exomy_ws/src/install/exomy_msgs/lib/python3.8/site-packages/exomy_msgs/msg/_motor_commands_s.c
[1.017s] -- Up-to-date: /home/exomy/exomy_ws/exomy_ws_ros/exomy_ws/src/install/exomy_msgs/lib/python3.8/site-packages/exomy_msgs/msg/_motor_commands.py
[1.017s] -- Up-to-date: /home/exomy/exomy_ws/exomy_ws_ros/exomy_ws/src/install/exomy_msgs/lib/python3.8/site-packages/exomy_msgs/msg/_screen.py
[1.018s] -- Up-to-date: /home/exomy/exomy_ws/exomy_ws_ros/exomy_ws/src/install/exomy_msgs/lib/python3.8/site-packages/exomy_msgs/msg/_rover_command_s.c
[1.018s] -- Up-to-date: /home/exomy/exomy_ws/exomy_ws_ros/exomy_ws/src/install/exomy_msgs/lib/python3.8/site-packages/exomy_msgs/msg/_screen_s.c
[1.018s] -- Up-to-date: /home/exomy/exomy_ws/exomy_ws_ros/exomy_ws/src/install/exomy_msgs/lib/python3.8/site-packages/exomy_msgs/exomy_msgs_s__rosidl_typesupport_fastrtps_c.cpython-38-x86_64-linux-gnu.so
[1.019s] -- Up-to-date: /home/exomy/exomy_ws/exomy_ws_ros/exomy_ws/src/install/exomy_msgs/lib/python3.8/site-packages/exomy_msgs/exomy_msgs_s__rosidl_typesupport_introspection_c.cpython-38-x86_64-linux-gnu.so
[1.020s] -- Up-to-date: /home/exomy/exomy_ws/exomy_ws_ros/exomy_ws/src/install/exomy_msgs/lib/python3.8/site-packages/exomy_msgs/exomy_msgs_s__rosidl_typesupport_c.cpython-38-x86_64-linux-gnu.so
[1.021s] -- Up-to-date: /home/exomy/exomy_ws/exomy_ws_ros/exomy_ws/src/install/exomy_msgs/lib/libexomy_msgs__python.so
[1.021s] -- Up-to-date: /home/exomy/exomy_ws/exomy_ws_ros/exomy_ws/src/install/exomy_msgs/share/exomy_msgs/msg/MotorCommands.idl
[1.022s] -- Up-to-date: /home/exomy/exomy_ws/exomy_ws_ros/exomy_ws/src/install/exomy_msgs/share/exomy_msgs/msg/RoverCommand.idl
[1.023s] -- Up-to-date: /home/exomy/exomy_ws/exomy_ws_ros/exomy_ws/src/install/exomy_msgs/share/exomy_msgs/msg/Screen.idl
[1.024s] -- Up-to-date: /home/exomy/exomy_ws/exomy_ws_ros/exomy_ws/src/install/exomy_msgs/share/exomy_msgs/msg/MotorCommands.msg
[1.024s] -- Up-to-date: /home/exomy/exomy_ws/exomy_ws_ros/exomy_ws/src/install/exomy_msgs/share/exomy_msgs/msg/RoverCommand.msg
[1.026s] -- Up-to-date: /home/exomy/exomy_ws/exomy_ws_ros/exomy_ws/src/install/exomy_msgs/share/exomy_msgs/msg/Screen.msg
[1.026s] -- Up-to-date: /home/exomy/exomy_ws/exomy_ws_ros/exomy_ws/src/install/exomy_msgs/share/ament_index/resource_index/package_run_dependencies/exomy_msgs
[1.027s] -- Up-to-date: /home/exomy/exomy_ws/exomy_ws_ros/exomy_ws/src/install/exomy_msgs/share/ament_index/resource_index/parent_prefix_path/exomy_msgs
[1.027s] -- Up-to-date: /home/exomy/exomy_ws/exomy_ws_ros/exomy_ws/src/install/exomy_msgs/share/exomy_msgs/environment/ament_prefix_path.sh
[1.028s] -- Up-to-date: /home/exomy/exomy_ws/exomy_ws_ros/exomy_ws/src/install/exomy_msgs/share/exomy_msgs/environment/ament_prefix_path.dsv
[1.028s] -- Up-to-date: /home/exomy/exomy_ws/exomy_ws_ros/exomy_ws/src/install/exomy_msgs/share/exomy_msgs/environment/path.sh
[1.029s] -- Up-to-date: /home/exomy/exomy_ws/exomy_ws_ros/exomy_ws/src/install/exomy_msgs/share/exomy_msgs/environment/path.dsv
[1.029s] -- Up-to-date: /home/exomy/exomy_ws/exomy_ws_ros/exomy_ws/src/install/exomy_msgs/share/exomy_msgs/local_setup.bash
[1.029s] -- Up-to-date: /home/exomy/exomy_ws/exomy_ws_ros/exomy_ws/src/install/exomy_msgs/share/exomy_msgs/local_setup.sh
[1.029s] -- Up-to-date: /home/exomy/exomy_ws/exomy_ws_ros/exomy_ws/src/install/exomy_msgs/share/exomy_msgs/local_setup.zsh
[1.029s] -- Up-to-date: /home/exomy/exomy_ws/exomy_ws_ros/exomy_ws/src/install/exomy_msgs/share/exomy_msgs/local_setup.dsv
[1.030s] -- Installing: /home/exomy/exomy_ws/exomy_ws_ros/exomy_ws/src/install/exomy_msgs/share/exomy_msgs/package.dsv
[1.030s] -- Up-to-date: /home/exomy/exomy_ws/exomy_ws_ros/exomy_ws/src/install/exomy_msgs/share/ament_index/resource_index/packages/exomy_msgs
[1.031s] -- Up-to-date: /home/exomy/exomy_ws/exomy_ws_ros/exomy_ws/src/install/exomy_msgs/share/exomy_msgs/cmake/exomy_msgs__rosidl_generator_cExport.cmake
[1.031s] -- Up-to-date: /home/exomy/exomy_ws/exomy_ws_ros/exomy_ws/src/install/exomy_msgs/share/exomy_msgs/cmake/exomy_msgs__rosidl_generator_cExport-noconfig.cmake
[1.032s] -- Up-to-date: /home/exomy/exomy_ws/exomy_ws_ros/exomy_ws/src/install/exomy_msgs/share/exomy_msgs/cmake/exomy_msgs__rosidl_typesupport_introspection_cExport.cmake
[1.032s] -- Up-to-date: /home/exomy/exomy_ws/exomy_ws_ros/exomy_ws/src/install/exomy_msgs/share/exomy_msgs/cmake/exomy_msgs__rosidl_typesupport_introspection_cExport-noconfig.cmake
[1.033s] -- Up-to-date: /home/exomy/exomy_ws/exomy_ws_ros/exomy_ws/src/install/exomy_msgs/share/exomy_msgs/cmake/exomy_msgs__rosidl_typesupport_cExport.cmake
[1.033s] -- Up-to-date: /home/exomy/exomy_ws/exomy_ws_ros/exomy_ws/src/install/exomy_msgs/share/exomy_msgs/cmake/exomy_msgs__rosidl_typesupport_cExport-noconfig.cmake
[1.041s] -- Up-to-date: /home/exomy/exomy_ws/exomy_ws_ros/exomy_ws/src/install/exomy_msgs/share/exomy_msgs/cmake/exomy_msgs__rosidl_generator_cppExport.cmake
[1.043s] -- Up-to-date: /home/exomy/exomy_ws/exomy_ws_ros/exomy_ws/src/install/exomy_msgs/share/exomy_msgs/cmake/exomy_msgs__rosidl_typesupport_introspection_cppExport.cmake
[1.044s] -- Up-to-date: /home/exomy/exomy_ws/exomy_ws_ros/exomy_ws/src/install/exomy_msgs/share/exomy_msgs/cmake/exomy_msgs__rosidl_typesupport_introspection_cppExport-noconfig.cmake
[1.046s] -- Up-to-date: /home/exomy/exomy_ws/exomy_ws_ros/exomy_ws/src/install/exomy_msgs/share/exomy_msgs/cmake/exomy_msgs__rosidl_typesupport_cppExport.cmake
[1.046s] -- Up-to-date: /home/exomy/exomy_ws/exomy_ws_ros/exomy_ws/src/install/exomy_msgs/share/exomy_msgs/cmake/exomy_msgs__rosidl_typesupport_cppExport-noconfig.cmake
[1.047s] -- Up-to-date: /home/exomy/exomy_ws/exomy_ws_ros/exomy_ws/src/install/exomy_msgs/share/exomy_msgs/cmake/rosidl_cmake-extras.cmake
[1.047s] -- Up-to-date: /home/exomy/exomy_ws/exomy_ws_ros/exomy_ws/src/install/exomy_msgs/share/exomy_msgs/cmake/ament_cmake_export_dependencies-extras.cmake
[1.047s] -- Up-to-date: /home/exomy/exomy_ws/exomy_ws_ros/exomy_ws/src/install/exomy_msgs/share/exomy_msgs/cmake/ament_cmake_export_libraries-extras.cmake
[1.048s] -- Up-to-date: /home/exomy/exomy_ws/exomy_ws_ros/exomy_ws/src/install/exomy_msgs/share/exomy_msgs/cmake/ament_cmake_export_targets-extras.cmake
[1.048s] -- Up-to-date: /home/exomy/exomy_ws/exomy_ws_ros/exomy_ws/src/install/exomy_msgs/share/exomy_msgs/cmake/ament_cmake_export_include_directories-extras.cmake
[1.049s] -- Up-to-date: /home/exomy/exomy_ws/exomy_ws_ros/exomy_ws/src/install/exomy_msgs/share/exomy_msgs/cmake/rosidl_cmake_export_typesupport_libraries-extras.cmake
[1.050s] -- Up-to-date: /home/exomy/exomy_ws/exomy_ws_ros/exomy_ws/src/install/exomy_msgs/share/exomy_msgs/cmake/rosidl_cmake_export_typesupport_targets-extras.cmake
[1.051s] -- Up-to-date: /home/exomy/exomy_ws/exomy_ws_ros/exomy_ws/src/install/exomy_msgs/share/exomy_msgs/cmake/exomy_msgsConfig.cmake
[1.051s] -- Up-to-date: /home/exomy/exomy_ws/exomy_ws_ros/exomy_ws/src/install/exomy_msgs/share/exomy_msgs/cmake/exomy_msgsConfig-version.cmake
[1.052s] -- Up-to-date: /home/exomy/exomy_ws/exomy_ws_ros/exomy_ws/src/install/exomy_msgs/share/exomy_msgs/package.xml
[1.061s] Invoked command in '/home/exomy/exomy_ws/exomy_ws_ros/exomy_ws/src/build/exomy_msgs' returned '0': CMAKE_PREFIX_PATH=${CMAKE_PREFIX_PATH}:/home/exomy/exomy_ws/exomy_ws_ros/exomy_ws/src/install/exomy:/home/exomy/exomy_ws/install/exomy:/opt/ros/foxy /usr/bin/cmake --install /home/exomy/exomy_ws/exomy_ws_ros/exomy_ws/src/build/exomy_msgs
