[0.070s] Invoking command in '/home/exomy/exomy_ws/exomy_ws_ros/exomy_ws/src/build/exomy_msgs': CMAKE_PREFIX_PATH=${CMAKE_PREFIX_PATH}:/home/exomy/exomy_ws/exomy_ws_ros/exomy_ws/src/install/exomy:/home/exomy/exomy_ws/install/exomy:/opt/ros/foxy /usr/bin/cmake /home/exomy/exomy_ws/exomy_ws_ros/exomy_ws/src/exomy_msgs -DCMAKE_INSTALL_PREFIX=/home/exomy/exomy_ws/exomy_ws_ros/exomy_ws/src/install/exomy_msgs
[0.173s] -- The C compiler identification is GNU 9.3.0
[0.312s] -- The CXX compiler identification is GNU 9.3.0
[0.319s] -- Check for working C compiler: /usr/bin/cc
[0.457s] -- Check for working C compiler: /usr/bin/cc -- works
[0.461s] -- Detecting C compiler ABI info
[0.604s] -- Detecting C compiler ABI info - done
[0.624s] -- Detecting C compile features
[0.624s] -- Detecting C compile features - done
[0.626s] -- Check for working CXX compiler: /usr/bin/c++
[0.790s] -- Check for working CXX compiler: /usr/bin/c++ -- works
[0.790s] -- Detecting CXX compiler ABI info
[0.968s] -- Detecting CXX compiler ABI info - done
[0.991s] -- Detecting CXX compile features
[0.992s] -- Detecting CXX compile features - done
[0.998s] -- Found ament_cmake: 0.9.9 (/opt/ros/foxy/share/ament_cmake/cmake)
[1.045s] -- Found PythonInterp: /usr/bin/python3 (found suitable version "3.8.10", minimum required is "3") 
[1.045s] -- Using PYTHON_EXECUTABLE: /usr/bin/python3
[1.603s] -- Found rosidl_default_generators: 1.0.1 (/opt/ros/foxy/share/rosidl_default_generators/cmake)
[1.628s] -- Using all available rosidl_typesupport_c: rosidl_typesupport_fastrtps_c;rosidl_typesupport_introspection_c
[1.664s] -- Found rosidl_adapter: 1.2.1 (/opt/ros/foxy/share/rosidl_adapter/cmake)
[2.018s] -- Found OpenSSL: /usr/lib/x86_64-linux-gnu/libcrypto.so (found version "1.1.1f")  
[2.093s] -- Found FastRTPS: /opt/ros/foxy/include  
[2.308s] -- Using all available rosidl_typesupport_cpp: rosidl_typesupport_fastrtps_cpp;rosidl_typesupport_introspection_cpp
[2.427s] -- Found PythonInterp: /usr/bin/python3 (found version "3.8.10") 
[2.752s] -- Found ament_cmake_ros: 0.9.2 (/opt/ros/foxy/share/ament_cmake_ros/cmake)
[3.076s] -- Using all available rosidl_typesupport_c: rosidl_typesupport_fastrtps_c;rosidl_typesupport_introspection_c
[3.104s] -- Using all available rosidl_typesupport_cpp: rosidl_typesupport_fastrtps_cpp;rosidl_typesupport_introspection_cpp
[3.164s] -- Found PythonInterp: /usr/bin/python3 (found suitable version "3.8.10", minimum required is "3.5") 
[3.173s] -- Found python_cmake_module: 0.8.1 (/opt/ros/foxy/share/python_cmake_module/cmake)
[3.246s] -- Found PythonLibs: /usr/lib/x86_64-linux-gnu/libpython3.8.so (found suitable version "3.8.10", minimum required is "3.5") 
[3.248s] -- Using PYTHON_EXECUTABLE: /usr/bin/python3
[3.248s] -- Using PYTHON_INCLUDE_DIRS: /usr/include/python3.8
[3.250s] -- Using PYTHON_LIBRARIES: /usr/lib/x86_64-linux-gnu/libpython3.8.so
[3.306s] -- Found PythonExtra: .so  
[3.428s] -- Configuring done
[3.546s] -- Generating done
[3.559s] -- Build files have been written to: /home/exomy/exomy_ws/exomy_ws_ros/exomy_ws/src/build/exomy_msgs
[3.574s] Invoked command in '/home/exomy/exomy_ws/exomy_ws_ros/exomy_ws/src/build/exomy_msgs' returned '0': CMAKE_PREFIX_PATH=${CMAKE_PREFIX_PATH}:/home/exomy/exomy_ws/exomy_ws_ros/exomy_ws/src/install/exomy:/home/exomy/exomy_ws/install/exomy:/opt/ros/foxy /usr/bin/cmake /home/exomy/exomy_ws/exomy_ws_ros/exomy_ws/src/exomy_msgs -DCMAKE_INSTALL_PREFIX=/home/exomy/exomy_ws/exomy_ws_ros/exomy_ws/src/install/exomy_msgs
[3.583s] Invoking command in '/home/exomy/exomy_ws/exomy_ws_ros/exomy_ws/src/build/exomy_msgs': CMAKE_PREFIX_PATH=${CMAKE_PREFIX_PATH}:/home/exomy/exomy_ws/exomy_ws_ros/exomy_ws/src/install/exomy:/home/exomy/exomy_ws/install/exomy:/opt/ros/foxy /usr/bin/cmake --build /home/exomy/exomy_ws/exomy_ws_ros/exomy_ws/src/build/exomy_msgs
[3.714s] [35m[1mScanning dependencies of target exomy_msgs__cpp[0m
[3.735s] [  2%] [34m[1mGenerating C code for ROS interfaces[0m
[3.774s] [  4%] [34m[1mGenerating C++ code for ROS interfaces[0m
[4.698s] [  4%] Built target exomy_msgs__cpp
[4.794s] [  6%] [34m[1mGenerating C++ introspection for ROS interfaces[0m
[4.827s] [  8%] [34m[1mGenerating C++ type support for eProsima Fast-RTPS[0m
[4.831s] [ 10%] [34m[1mGenerating C++ type support dispatch for ROS interfaces[0m
[5.106s] [35m[1mScanning dependencies of target exomy_msgs__rosidl_generator_c[0m
[5.230s] [ 12%] [32mBuilding C object CMakeFiles/exomy_msgs__rosidl_generator_c.dir/rosidl_generator_c/exomy_msgs/msg/detail/motor_commands__functions.c.o[0m
[5.247s] [ 14%] [32mBuilding C object CMakeFiles/exomy_msgs__rosidl_generator_c.dir/rosidl_generator_c/exomy_msgs/msg/detail/rover_command__functions.c.o[0m
[5.268s] [ 17%] [32mBuilding C object CMakeFiles/exomy_msgs__rosidl_generator_c.dir/rosidl_generator_c/exomy_msgs/msg/detail/screen__functions.c.o[0m
[5.558s] [ 19%] [32m[1mLinking C shared library libexomy_msgs__rosidl_generator_c.so[0m
[5.859s] [ 19%] Built target exomy_msgs__rosidl_generator_c
[5.958s] [ 21%] [34m[1mGenerating C type support dispatch for ROS interfaces[0m
[5.967s] [ 23%] [34m[1mGenerating C introspection for ROS interfaces[0m
[6.300s] [35m[1mScanning dependencies of target exomy_msgs__rosidl_typesupport_introspection_cpp[0m
[6.301s] [35m[1mScanning dependencies of target exomy_msgs__rosidl_typesupport_cpp[0m
[6.442s] [ 25%] [32mBuilding CXX object CMakeFiles/exomy_msgs__rosidl_typesupport_cpp.dir/rosidl_typesupport_cpp/exomy_msgs/msg/motor_commands__type_support.cpp.o[0m
[6.492s] [ 27%] [32mBuilding CXX object CMakeFiles/exomy_msgs__rosidl_typesupport_introspection_cpp.dir/rosidl_typesupport_introspection_cpp/exomy_msgs/msg/detail/motor_commands__type_support.cpp.o[0m
[6.545s] [ 29%] [32mBuilding CXX object CMakeFiles/exomy_msgs__rosidl_typesupport_introspection_cpp.dir/rosidl_typesupport_introspection_cpp/exomy_msgs/msg/detail/rover_command__type_support.cpp.o[0m
[6.575s] [35m[1mScanning dependencies of target exomy_msgs__rosidl_typesupport_fastrtps_cpp[0m
[6.732s] [ 31%] [32mBuilding CXX object CMakeFiles/exomy_msgs__rosidl_typesupport_fastrtps_cpp.dir/rosidl_typesupport_fastrtps_cpp/exomy_msgs/msg/detail/dds_fastrtps/motor_commands__type_support.cpp.o[0m
[7.874s] [35m[1mScanning dependencies of target exomy_msgs__rosidl_typesupport_c[0m
[7.982s] [35m[1mScanning dependencies of target exomy_msgs__rosidl_typesupport_introspection_c[0m
[8.039s] [ 34%] [32mBuilding CXX object CMakeFiles/exomy_msgs__rosidl_typesupport_c.dir/rosidl_typesupport_c/exomy_msgs/msg/motor_commands__type_support.cpp.o[0m
[8.164s] [ 36%] [32mBuilding C object CMakeFiles/exomy_msgs__rosidl_typesupport_introspection_c.dir/rosidl_typesupport_introspection_c/exomy_msgs/msg/detail/motor_commands__type_support.c.o[0m
[8.405s] [ 38%] [32mBuilding CXX object CMakeFiles/exomy_msgs__rosidl_typesupport_c.dir/rosidl_typesupport_c/exomy_msgs/msg/rover_command__type_support.cpp.o[0m
[8.517s] [ 40%] [32mBuilding C object CMakeFiles/exomy_msgs__rosidl_typesupport_introspection_c.dir/rosidl_typesupport_introspection_c/exomy_msgs/msg/detail/rover_command__type_support.c.o[0m
[8.543s] [ 42%] [32mBuilding CXX object CMakeFiles/exomy_msgs__rosidl_typesupport_introspection_cpp.dir/rosidl_typesupport_introspection_cpp/exomy_msgs/msg/detail/screen__type_support.cpp.o[0m
[8.711s] [ 44%] [32mBuilding CXX object CMakeFiles/exomy_msgs__rosidl_typesupport_c.dir/rosidl_typesupport_c/exomy_msgs/msg/screen__type_support.cpp.o[0m
[8.872s] [ 46%] [32mBuilding C object CMakeFiles/exomy_msgs__rosidl_typesupport_introspection_c.dir/rosidl_typesupport_introspection_c/exomy_msgs/msg/detail/screen__type_support.c.o[0m
[8.992s] [ 48%] [32mBuilding CXX object CMakeFiles/exomy_msgs__rosidl_typesupport_cpp.dir/rosidl_typesupport_cpp/exomy_msgs/msg/rover_command__type_support.cpp.o[0m
[9.019s] [ 51%] [32m[1mLinking CXX shared library libexomy_msgs__rosidl_typesupport_c.so[0m
[9.198s] [ 53%] [32m[1mLinking C shared library libexomy_msgs__rosidl_typesupport_introspection_c.so[0m
[9.352s] [ 55%] [32mBuilding CXX object CMakeFiles/exomy_msgs__rosidl_typesupport_cpp.dir/rosidl_typesupport_cpp/exomy_msgs/msg/screen__type_support.cpp.o[0m
[9.470s] [ 55%] Built target exomy_msgs__rosidl_typesupport_c
[9.572s] [ 57%] [32mBuilding CXX object CMakeFiles/exomy_msgs__rosidl_typesupport_fastrtps_cpp.dir/rosidl_typesupport_fastrtps_cpp/exomy_msgs/msg/detail/dds_fastrtps/rover_command__type_support.cpp.o[0m
[9.575s] [ 57%] Built target exomy_msgs__rosidl_typesupport_introspection_c
[9.664s] [ 59%] [32mBuilding CXX object CMakeFiles/exomy_msgs__rosidl_typesupport_fastrtps_cpp.dir/rosidl_typesupport_fastrtps_cpp/exomy_msgs/msg/detail/dds_fastrtps/screen__type_support.cpp.o[0m
[10.763s] [ 61%] [32m[1mLinking CXX shared library libexomy_msgs__rosidl_typesupport_introspection_cpp.so[0m
[11.154s] [ 61%] Built target exomy_msgs__rosidl_typesupport_introspection_cpp
[11.190s] [ 63%] [32m[1mLinking CXX shared library libexomy_msgs__rosidl_typesupport_cpp.so[0m
[11.337s] [ 63%] Built target exomy_msgs__rosidl_typesupport_cpp
[11.775s] [ 65%] [32m[1mLinking CXX shared library libexomy_msgs__rosidl_typesupport_fastrtps_cpp.so[0m
[12.015s] [ 65%] Built target exomy_msgs__rosidl_typesupport_fastrtps_cpp
[12.049s] [ 68%] [34m[1mGenerating C type support for eProsima Fast-RTPS[0m
[12.643s] [35m[1mScanning dependencies of target exomy_msgs__rosidl_typesupport_fastrtps_c[0m
[12.690s] [ 70%] [32mBuilding CXX object CMakeFiles/exomy_msgs__rosidl_typesupport_fastrtps_c.dir/rosidl_typesupport_fastrtps_c/exomy_msgs/msg/detail/motor_commands__type_support_c.cpp.o[0m
[12.703s] [ 72%] [32mBuilding CXX object CMakeFiles/exomy_msgs__rosidl_typesupport_fastrtps_c.dir/rosidl_typesupport_fastrtps_c/exomy_msgs/msg/detail/rover_command__type_support_c.cpp.o[0m
[12.710s] [ 74%] [32mBuilding CXX object CMakeFiles/exomy_msgs__rosidl_typesupport_fastrtps_c.dir/rosidl_typesupport_fastrtps_c/exomy_msgs/msg/detail/screen__type_support_c.cpp.o[0m
[13.884s] [ 76%] [32m[1mLinking CXX shared library libexomy_msgs__rosidl_typesupport_fastrtps_c.so[0m
[14.107s] [ 76%] Built target exomy_msgs__rosidl_typesupport_fastrtps_c
[14.130s] [35m[1mScanning dependencies of target exomy_msgs[0m
[14.156s] [ 76%] Built target exomy_msgs
[14.183s] [35m[1mScanning dependencies of target exomy_msgs__py[0m
[14.206s] [ 78%] [34m[1mGenerating Python code for ROS interfaces[0m
[15.351s] [ 78%] Built target exomy_msgs__py
[15.378s] [35m[1mScanning dependencies of target exomy_msgs__python[0m
[15.446s] [ 80%] [32mBuilding C object CMakeFiles/exomy_msgs__python.dir/rosidl_generator_py/exomy_msgs/msg/_motor_commands_s.c.o[0m
[15.454s] [ 82%] [32mBuilding C object CMakeFiles/exomy_msgs__python.dir/rosidl_generator_py/exomy_msgs/msg/_rover_command_s.c.o[0m
[15.467s] [ 85%] [32mBuilding C object CMakeFiles/exomy_msgs__python.dir/rosidl_generator_py/exomy_msgs/msg/_screen_s.c.o[0m
[15.728s] [ 87%] [32m[1mLinking C shared library rosidl_generator_py/exomy_msgs/libexomy_msgs__python.so[0m
[15.849s] [ 87%] Built target exomy_msgs__python
[15.891s] [35m[1mScanning dependencies of target exomy_msgs__rosidl_typesupport_introspection_c__pyext[0m
[15.892s] [35m[1mScanning dependencies of target exomy_msgs__rosidl_typesupport_fastrtps_c__pyext[0m
[15.913s] [35m[1mScanning dependencies of target exomy_msgs__rosidl_typesupport_c__pyext[0m
[15.974s] [ 89%] [32mBuilding C object CMakeFiles/exomy_msgs__rosidl_typesupport_fastrtps_c__pyext.dir/rosidl_generator_py/exomy_msgs/_exomy_msgs_s.ep.rosidl_typesupport_fastrtps_c.c.o[0m
[15.982s] [ 91%] [32mBuilding C object CMakeFiles/exomy_msgs__rosidl_typesupport_introspection_c__pyext.dir/rosidl_generator_py/exomy_msgs/_exomy_msgs_s.ep.rosidl_typesupport_introspection_c.c.o[0m
[16.036s] [ 93%] [32mBuilding C object CMakeFiles/exomy_msgs__rosidl_typesupport_c__pyext.dir/rosidl_generator_py/exomy_msgs/_exomy_msgs_s.ep.rosidl_typesupport_c.c.o[0m
[16.265s] [ 95%] [32m[1mLinking C shared library rosidl_generator_py/exomy_msgs/exomy_msgs_s__rosidl_typesupport_introspection_c.cpython-38-x86_64-linux-gnu.so[0m
[16.357s] [ 97%] [32m[1mLinking CXX shared library rosidl_generator_py/exomy_msgs/exomy_msgs_s__rosidl_typesupport_fastrtps_c.cpython-38-x86_64-linux-gnu.so[0m
[16.379s] [100%] [32m[1mLinking C shared library rosidl_generator_py/exomy_msgs/exomy_msgs_s__rosidl_typesupport_c.cpython-38-x86_64-linux-gnu.so[0m
[16.434s] [100%] Built target exomy_msgs__rosidl_typesupport_introspection_c__pyext
[16.477s] [100%] Built target exomy_msgs__rosidl_typesupport_c__pyext
[16.538s] [100%] Built target exomy_msgs__rosidl_typesupport_fastrtps_c__pyext
