[0.062s] Invoking command in '/home/exomy/exomy_ws/exomy_ws_ros/exomy_ws/src/build/rtabmap_ros': CMAKE_PREFIX_PATH=${CMAKE_PREFIX_PATH}:/home/exomy/exomy_ws/exomy_ws_ros/exomy_ws/src/install/exomy:/home/exomy/exomy_ws/install/exomy:/opt/ros/foxy /usr/bin/cmake /home/exomy/exomy_ws/exomy_ws_ros/exomy_ws/src/src/rtabmap_ros -DCMAKE_INSTALL_PREFIX=/home/exomy/exomy_ws/exomy_ws_ros/exomy_ws/src/install/rtabmap_ros
[0.087s] -- Found ament_cmake: 0.9.9 (/opt/ros/foxy/share/ament_cmake/cmake)
[0.124s] -- Using PYTHON_EXECUTABLE: /usr/bin/python3
[0.473s] -- Found builtin_interfaces: 1.0.0 (/opt/ros/foxy/share/builtin_interfaces/cmake)
[0.519s] -- Using all available rosidl_typesupport_c: rosidl_typesupport_fastrtps_c;rosidl_typesupport_introspection_c
[0.524s] -- Found rosidl_adapter: 1.2.1 (/opt/ros/foxy/share/rosidl_adapter/cmake)
[0.806s] -- Using all available rosidl_typesupport_cpp: rosidl_typesupport_fastrtps_cpp;rosidl_typesupport_introspection_cpp
[0.863s] -- Found rosidl_default_generators: 1.0.1 (/opt/ros/foxy/share/rosidl_default_generators/cmake)
[0.885s] -- Found rclcpp: 2.4.1 (/opt/ros/foxy/share/rclcpp/cmake)
[0.950s] -- Found rmw_implementation_cmake: 1.0.3 (/opt/ros/foxy/share/rmw_implementation_cmake/cmake)
[0.953s] -- Using RMW implementation 'rmw_fastrtps_cpp' as default
[1.205s] -- Found rclcpp_components: 2.4.1 (/opt/ros/foxy/share/rclcpp_components/cmake)
[1.291s] -- Found cv_bridge: 2.2.1 (/opt/ros/foxy/share/cv_bridge/cmake)
[1.313s] -- Found sensor_msgs: 2.0.5 (/opt/ros/foxy/share/sensor_msgs/cmake)
[1.536s] -- Found std_srvs: 2.0.5 (/opt/ros/foxy/share/std_srvs/cmake)
[1.555s] -- Found nav_msgs: 2.0.5 (/opt/ros/foxy/share/nav_msgs/cmake)
[1.674s] -- Found nav2_msgs: 0.4.7 (/opt/ros/foxy/share/nav2_msgs/cmake)
[2.147s] -- Found stereo_msgs: 2.0.5 (/opt/ros/foxy/share/stereo_msgs/cmake)
[2.376s] -- Found visualization_msgs: 2.0.5 (/opt/ros/foxy/share/visualization_msgs/cmake)
[2.516s] -- Found image_transport: 2.3.0 (/opt/ros/foxy/share/image_transport/cmake)
[2.573s] -- Found tf2: 0.13.13 (/opt/ros/foxy/share/tf2/cmake)
[2.587s] -- Found tf2_eigen: 0.13.13 (/opt/ros/foxy/share/tf2_eigen/cmake)
[3.042s] -- Found laser_geometry: 2.2.0 (/opt/ros/foxy/share/laser_geometry/cmake)
[3.047s] -- Found pcl_conversions: 2.2.1 (/opt/ros/foxy/share/pcl_conversions/cmake)
[3.348s] -- Found image_geometry: 2.2.1 (/opt/ros/foxy/share/image_geometry/cmake)
[3.400s] CMake Warning at CMakeLists.txt:53 (find_package):
[3.400s]   By not providing "Findoctomap_msgs.cmake" in CMAKE_MODULE_PATH this project
[3.400s]   has asked CMake to find a package configuration file provided by
[3.401s]   "octomap_msgs", but CMake did not find one.
[3.401s] 
[3.401s]   Could not find a package configuration file provided by "octomap_msgs" with
[3.401s]   any of the following names:
[3.401s] 
[3.401s]     octomap_msgsConfig.cmake
[3.402s]     octomap_msgs-config.cmake
[3.402s] 
[3.402s]   Add the installation prefix of "octomap_msgs" to CMAKE_PREFIX_PATH or set
[3.402s]   "octomap_msgs_DIR" to a directory containing one of the above files.  If
[3.402s]   "octomap_msgs" provides a separate development package or SDK, be sure it
[3.402s]   has been installed.
[3.403s] 
[3.403s] 
[3.446s] CMake Error at CMakeLists.txt:59 (find_package):
[3.446s]   By not providing "FindRTABMap.cmake" in CMAKE_MODULE_PATH this project has
[3.446s]   asked CMake to find a package configuration file provided by "RTABMap", but
[3.446s]   CMake did not find one.
[3.447s] 
[3.447s]   Could not find a package configuration file provided by "RTABMap"
[3.447s]   (requested version 0.20.18) with any of the following names:
[3.447s] 
[3.447s]     RTABMapConfig.cmake
[3.448s]     rtabmap-config.cmake
[3.448s] 
[3.448s]   Add the installation prefix of "RTABMap" to CMAKE_PREFIX_PATH or set
[3.448s]   "RTABMap_DIR" to a directory containing one of the above files.  If
[3.448s]   "RTABMap" provides a separate development package or SDK, be sure it has
[3.449s]   been installed.
[3.449s] 
[3.449s] 
[3.455s] -- Configuring incomplete, errors occurred!
[3.455s] See also "/home/exomy/exomy_ws/exomy_ws_ros/exomy_ws/src/build/rtabmap_ros/CMakeFiles/CMakeOutput.log".
[3.455s] See also "/home/exomy/exomy_ws/exomy_ws_ros/exomy_ws/src/build/rtabmap_ros/CMakeFiles/CMakeError.log".
[3.472s] Invoked command in '/home/exomy/exomy_ws/exomy_ws_ros/exomy_ws/src/build/rtabmap_ros' returned '1': CMAKE_PREFIX_PATH=${CMAKE_PREFIX_PATH}:/home/exomy/exomy_ws/exomy_ws_ros/exomy_ws/src/install/exomy:/home/exomy/exomy_ws/install/exomy:/opt/ros/foxy /usr/bin/cmake /home/exomy/exomy_ws/exomy_ws_ros/exomy_ws/src/src/rtabmap_ros -DCMAKE_INSTALL_PREFIX=/home/exomy/exomy_ws/exomy_ws_ros/exomy_ws/src/install/rtabmap_ros
