[0.243s] Invoking command in '/home/exomy/exomy_ws/exomy_ws_ros/exomy_ws/src/build/rover_gazebo_plugins': AMENT_PREFIX_PATH=/home/exomy/exomy_ws/exomy_ws_ros/exomy_ws/src/install/exomy_sim_msgs:${AMENT_PREFIX_PATH} CMAKE_PREFIX_PATH=/home/exomy/exomy_ws/exomy_ws_ros/exomy_ws/src/install/exomy_sim_msgs:/home/exomy/exomy_ws/install/rover_gazebo_plugins:/home/exomy/exomy_ws/install/exomy_sim_launch:/home/exomy/exomy_ws/install/exomy_sim:/home/exomy/exomy_ws/install/exomy_sim_msgs:/home/exomy/exomy_ws/install/exomy_msgs:/home/exomy/exomy_ws/install/exomy:/opt/ros/foxy LD_LIBRARY_PATH=/home/exomy/exomy_ws/exomy_ws_ros/exomy_ws/src/install/exomy_sim_msgs/lib:${LD_LIBRARY_PATH} PYTHONPATH=/home/exomy/exomy_ws/exomy_ws_ros/exomy_ws/src/install/exomy_sim_msgs/lib/python3.8/site-packages:${PYTHONPATH} /usr/bin/cmake /home/exomy/exomy_ws/exomy_ws_ros/exomy_ws/src/rover_gazebo_plugins -DCMAKE_INSTALL_PREFIX=/home/exomy/exomy_ws/exomy_ws_ros/exomy_ws/src/install/rover_gazebo_plugins
[0.567s] -- The C compiler identification is GNU 9.3.0
[1.062s] -- The CXX compiler identification is GNU 9.3.0
[1.076s] -- Check for working C compiler: /usr/bin/cc
[1.394s] -- Check for working C compiler: /usr/bin/cc -- works
[1.396s] -- Detecting C compiler ABI info
[1.799s] -- Detecting C compiler ABI info - done
[1.880s] -- Detecting C compile features
[1.880s] -- Detecting C compile features - done
[1.891s] -- Check for working CXX compiler: /usr/bin/c++
[2.205s] -- Check for working CXX compiler: /usr/bin/c++ -- works
[2.207s] -- Detecting CXX compiler ABI info
[2.681s] -- Detecting CXX compiler ABI info - done
[2.704s] -- Detecting CXX compile features
[2.705s] -- Detecting CXX compile features - done
[2.716s] -- Found ament_cmake: 0.9.9 (/opt/ros/foxy/share/ament_cmake/cmake)
[2.801s] -- Found PythonInterp: /usr/bin/python3 (found suitable version "3.8.10", minimum required is "3") 
[2.802s] -- Using PYTHON_EXECUTABLE: /usr/bin/python3
[3.432s] -- Found ament_index_cpp: 1.1.0 (/opt/ros/foxy/share/ament_index_cpp/cmake)
[3.457s] -- Found gazebo_dev: 3.5.3 (/opt/ros/foxy/share/gazebo_dev/cmake)
[3.530s] -- Found PkgConfig: /usr/bin/pkg-config (found version "0.29.1") 
[3.545s] -- Checking for module 'bullet>=2.82'
[3.743s] --   Found bullet, version 2.88
[4.566s] -- Found ccd: /usr/include (found suitable version "2.0", minimum required is "2.0") 
[4.893s] -- Found fcl: /usr/include (found suitable version "0.5.0", minimum required is "0.3.2") 
[5.147s] -- Found assimp: /usr/include (found version "5.0.0") 
[5.397s] -- Found DART: /usr/include (Required is at least version "6.6") found components: dart 
[6.354s] -- Found Boost: /usr/lib/x86_64-linux-gnu/cmake/Boost-1.71.0/BoostConfig.cmake (found suitable version "1.71.0", minimum required is "1.40.0") found components: thread system filesystem program_options regex iostreams date_time 
[6.537s] -- Found Protobuf: /usr/lib/x86_64-linux-gnu/libprotobuf.so;-lpthread (found version "3.6.1") 
[6.564s] -- Looking for ignition-math6 -- found version 6.9.2
[6.609s] -- Searching for dependencies of ignition-math6
[6.618s] -- Looking for OGRE...
[6.619s] -- OGRE_PREFIX_WATCH changed.
[6.630s] -- Checking for module 'OGRE'
[6.677s] --   Found OGRE, version 1.9.0
[6.832s] -- Found Ogre Ghadamon (1.9.0)
[6.849s] -- Found OGRE: optimized;/usr/lib/x86_64-linux-gnu/libOgreMain.so;debug;/usr/lib/x86_64-linux-gnu/libOgreMain.so
[6.904s] -- Looking for OGRE_Paging...
[6.916s] -- Found OGRE_Paging: optimized;/usr/lib/x86_64-linux-gnu/libOgrePaging.so;debug;/usr/lib/x86_64-linux-gnu/libOgrePaging.so
[6.916s] -- Looking for OGRE_Terrain...
[6.942s] -- Found OGRE_Terrain: optimized;/usr/lib/x86_64-linux-gnu/libOgreTerrain.so;debug;/usr/lib/x86_64-linux-gnu/libOgreTerrain.so
[6.942s] -- Looking for OGRE_Property...
[6.961s] -- Found OGRE_Property: optimized;/usr/lib/x86_64-linux-gnu/libOgreProperty.so;debug;/usr/lib/x86_64-linux-gnu/libOgreProperty.so
[6.961s] -- Looking for OGRE_RTShaderSystem...
[6.978s] -- Found OGRE_RTShaderSystem: optimized;/usr/lib/x86_64-linux-gnu/libOgreRTShaderSystem.so;debug;/usr/lib/x86_64-linux-gnu/libOgreRTShaderSystem.so
[6.978s] -- Looking for OGRE_Volume...
[6.988s] -- Found OGRE_Volume: optimized;/usr/lib/x86_64-linux-gnu/libOgreVolume.so;debug;/usr/lib/x86_64-linux-gnu/libOgreVolume.so
[6.988s] -- Looking for OGRE_Overlay...
[6.998s] -- Found OGRE_Overlay: optimized;/usr/lib/x86_64-linux-gnu/libOgreOverlay.so;debug;/usr/lib/x86_64-linux-gnu/libOgreOverlay.so
[7.414s] -- Looking for ignition-math6 -- found version 6.9.2
[7.438s] -- Looking for ignition-transport8 -- found version 8.2.1
[7.438s] -- Searching for dependencies of ignition-transport8
[7.503s] -- Found Protobuf: /usr/lib/x86_64-linux-gnu/libprotobuf.so;-lpthread (found suitable version "3.6.1", minimum required is "3") 
[7.547s] -- Config-file not installed for ZeroMQ -- checking for pkg-config
[7.563s] -- Checking for module 'libzmq >= 4'
[7.613s] --   Found libzmq , version 4.3.2
[7.715s] -- Found ZeroMQ: TRUE (Required is at least version "4") 
[7.740s] -- Checking for module 'uuid'
[7.785s] --   Found uuid, version 2.34.0
[7.887s] -- Found UUID: TRUE  
[7.894s] -- Looking for ignition-msgs5 -- found version 5.8.1
[7.894s] -- Searching for dependencies of ignition-msgs5
[7.937s] -- Looking for ignition-math6 -- found version 6.9.2
[7.950s] -- Checking for module 'tinyxml2'
[7.992s] --   Found tinyxml2, version 6.2.0
[8.104s] -- Looking for ignition-msgs5 -- found version 5.8.1
[8.119s] -- Looking for ignition-common3 -- found version 3.14.0
[8.120s] -- Searching for dependencies of ignition-common3
[8.121s] -- Looking for dlfcn.h - found
[8.122s] -- Looking for libdl - found
[8.125s] -- Found DL: TRUE  
[8.138s] -- Searching for <ignition-common3> component [graphics]
[8.144s] -- Looking for ignition-common3-graphics -- found version 3.14.0
[8.145s] -- Searching for dependencies of ignition-common3-graphics
[8.146s] -- Looking for ignition-math6 -- found version 6.9.2
[8.160s] -- Looking for ignition-fuel_tools4 -- found version 4.4.0
[8.161s] -- Searching for dependencies of ignition-fuel_tools4
[8.367s] -- Found CURL: /usr/lib/x86_64-linux-gnu/libcurl.so (found version "7.68.0")  
[8.392s] -- Checking for module 'jsoncpp'
[8.433s] --   Found jsoncpp, version 1.7.4
[8.544s] -- Found JSONCPP: TRUE  
[8.596s] -- Checking for module 'libzip'
[8.637s] --   Found libzip, version 1.5.1
[8.746s] -- Found ZIP: TRUE  
[8.746s] -- Looking for ignition-common3 -- found version 3.14.0
[8.747s] -- Looking for ignition-math6 -- found version 6.9.2
[8.748s] -- Looking for ignition-msgs5 -- found version 5.8.1
[8.755s] -- Gazebo version: 11.9
[8.761s] -- Found gazebo_ros: 3.5.3 (/opt/ros/foxy/share/gazebo_ros/cmake)
[8.885s] -- Using all available rosidl_typesupport_c: rosidl_typesupport_fastrtps_c;rosidl_typesupport_introspection_c
[8.939s] -- Found rosidl_adapter: 1.2.1 (/opt/ros/foxy/share/rosidl_adapter/cmake)
[9.137s] -- Found OpenSSL: /usr/lib/x86_64-linux-gnu/libcrypto.so (found version "1.1.1f")  
[9.193s] -- Found FastRTPS: /opt/ros/foxy/include  
[9.363s] -- Using all available rosidl_typesupport_cpp: rosidl_typesupport_fastrtps_cpp;rosidl_typesupport_introspection_cpp
[9.481s] -- Found rmw_implementation_cmake: 1.0.3 (/opt/ros/foxy/share/rmw_implementation_cmake/cmake)
[9.484s] -- Using RMW implementation 'rmw_fastrtps_cpp' as default
[9.488s] -- Found Threads: TRUE  
[9.828s] -- Found exomy_sim_msgs: 2.0.0 (/home/exomy/exomy_ws/exomy_ws_ros/exomy_ws/src/install/exomy_sim_msgs/share/exomy_sim_msgs/cmake)
[9.975s] -- Found ament_lint_auto: 0.9.6 (/opt/ros/foxy/share/ament_lint_auto/cmake)
[10.301s] -- Added test 'copyright' to check source files copyright and LICENSE
[10.305s] -- Added test 'cppcheck' to perform static code analysis on C / C++ code
[10.308s] -- Configured cppcheck include dirs: /home/exomy/exomy_ws/exomy_ws_ros/exomy_ws/src/rover_gazebo_plugins/include
[10.308s] -- Configured cppcheck exclude dirs and/or files: 
[10.311s] -- Added test 'cpplint' to check C / C++ code against the Google style
[10.312s] -- Configured cpplint exclude dirs and/or files: 
[10.315s] -- Added test 'lint_cmake' to check CMake code style
[10.318s] -- Added test 'uncrustify' to check C / C++ code style
[10.318s] -- Configured uncrustify additional arguments: 
[10.321s] -- Added test 'xmllint' to check XML markup files
[10.331s] -- Configuring done
[10.517s] -- Generating done
[10.525s] -- Build files have been written to: /home/exomy/exomy_ws/exomy_ws_ros/exomy_ws/src/build/rover_gazebo_plugins
[10.547s] Invoked command in '/home/exomy/exomy_ws/exomy_ws_ros/exomy_ws/src/build/rover_gazebo_plugins' returned '0': AMENT_PREFIX_PATH=/home/exomy/exomy_ws/exomy_ws_ros/exomy_ws/src/install/exomy_sim_msgs:${AMENT_PREFIX_PATH} CMAKE_PREFIX_PATH=/home/exomy/exomy_ws/exomy_ws_ros/exomy_ws/src/install/exomy_sim_msgs:/home/exomy/exomy_ws/install/rover_gazebo_plugins:/home/exomy/exomy_ws/install/exomy_sim_launch:/home/exomy/exomy_ws/install/exomy_sim:/home/exomy/exomy_ws/install/exomy_sim_msgs:/home/exomy/exomy_ws/install/exomy_msgs:/home/exomy/exomy_ws/install/exomy:/opt/ros/foxy LD_LIBRARY_PATH=/home/exomy/exomy_ws/exomy_ws_ros/exomy_ws/src/install/exomy_sim_msgs/lib:${LD_LIBRARY_PATH} PYTHONPATH=/home/exomy/exomy_ws/exomy_ws_ros/exomy_ws/src/install/exomy_sim_msgs/lib/python3.8/site-packages:${PYTHONPATH} /usr/bin/cmake /home/exomy/exomy_ws/exomy_ws_ros/exomy_ws/src/rover_gazebo_plugins -DCMAKE_INSTALL_PREFIX=/home/exomy/exomy_ws/exomy_ws_ros/exomy_ws/src/install/rover_gazebo_plugins
[10.553s] Invoking command in '/home/exomy/exomy_ws/exomy_ws_ros/exomy_ws/src/build/rover_gazebo_plugins': AMENT_PREFIX_PATH=/home/exomy/exomy_ws/exomy_ws_ros/exomy_ws/src/install/exomy_sim_msgs:${AMENT_PREFIX_PATH} CMAKE_PREFIX_PATH=/home/exomy/exomy_ws/exomy_ws_ros/exomy_ws/src/install/exomy_sim_msgs:/home/exomy/exomy_ws/install/rover_gazebo_plugins:/home/exomy/exomy_ws/install/exomy_sim_launch:/home/exomy/exomy_ws/install/exomy_sim:/home/exomy/exomy_ws/install/exomy_sim_msgs:/home/exomy/exomy_ws/install/exomy_msgs:/home/exomy/exomy_ws/install/exomy:/opt/ros/foxy LD_LIBRARY_PATH=/home/exomy/exomy_ws/exomy_ws_ros/exomy_ws/src/install/exomy_sim_msgs/lib:${LD_LIBRARY_PATH} PYTHONPATH=/home/exomy/exomy_ws/exomy_ws_ros/exomy_ws/src/install/exomy_sim_msgs/lib/python3.8/site-packages:${PYTHONPATH} /usr/bin/cmake --build /home/exomy/exomy_ws/exomy_ws_ros/exomy_ws/src/build/rover_gazebo_plugins -- -j4 -l4
[10.661s] [35m[1mScanning dependencies of target rover_gazebo_joint_plugin[0m
[11.430s] [ 50%] [32mBuilding CXX object CMakeFiles/rover_gazebo_joint_plugin.dir/src/rover_gazebo_joint_plugin.cpp.o[0m
[35.735s] [100%] [32m[1mLinking CXX shared library librover_gazebo_joint_plugin.so[0m
[37.220s] [100%] Built target rover_gazebo_joint_plugin
[37.245s] Invoked command in '/home/exomy/exomy_ws/exomy_ws_ros/exomy_ws/src/build/rover_gazebo_plugins' returned '0': AMENT_PREFIX_PATH=/home/exomy/exomy_ws/exomy_ws_ros/exomy_ws/src/install/exomy_sim_msgs:${AMENT_PREFIX_PATH} CMAKE_PREFIX_PATH=/home/exomy/exomy_ws/exomy_ws_ros/exomy_ws/src/install/exomy_sim_msgs:/home/exomy/exomy_ws/install/rover_gazebo_plugins:/home/exomy/exomy_ws/install/exomy_sim_launch:/home/exomy/exomy_ws/install/exomy_sim:/home/exomy/exomy_ws/install/exomy_sim_msgs:/home/exomy/exomy_ws/install/exomy_msgs:/home/exomy/exomy_ws/install/exomy:/opt/ros/foxy LD_LIBRARY_PATH=/home/exomy/exomy_ws/exomy_ws_ros/exomy_ws/src/install/exomy_sim_msgs/lib:${LD_LIBRARY_PATH} PYTHONPATH=/home/exomy/exomy_ws/exomy_ws_ros/exomy_ws/src/install/exomy_sim_msgs/lib/python3.8/site-packages:${PYTHONPATH} /usr/bin/cmake --build /home/exomy/exomy_ws/exomy_ws_ros/exomy_ws/src/build/rover_gazebo_plugins -- -j4 -l4
[37.292s] Invoking command in '/home/exomy/exomy_ws/exomy_ws_ros/exomy_ws/src/build/rover_gazebo_plugins': AMENT_PREFIX_PATH=/home/exomy/exomy_ws/exomy_ws_ros/exomy_ws/src/install/exomy_sim_msgs:${AMENT_PREFIX_PATH} CMAKE_PREFIX_PATH=/home/exomy/exomy_ws/exomy_ws_ros/exomy_ws/src/install/exomy_sim_msgs:/home/exomy/exomy_ws/install/rover_gazebo_plugins:/home/exomy/exomy_ws/install/exomy_sim_launch:/home/exomy/exomy_ws/install/exomy_sim:/home/exomy/exomy_ws/install/exomy_sim_msgs:/home/exomy/exomy_ws/install/exomy_msgs:/home/exomy/exomy_ws/install/exomy:/opt/ros/foxy LD_LIBRARY_PATH=/home/exomy/exomy_ws/exomy_ws_ros/exomy_ws/src/install/exomy_sim_msgs/lib:${LD_LIBRARY_PATH} PYTHONPATH=/home/exomy/exomy_ws/exomy_ws_ros/exomy_ws/src/install/exomy_sim_msgs/lib/python3.8/site-packages:${PYTHONPATH} /usr/bin/cmake --install /home/exomy/exomy_ws/exomy_ws_ros/exomy_ws/src/build/rover_gazebo_plugins
[37.309s] -- Install configuration: ""
[37.309s] -- Installing: /home/exomy/exomy_ws/exomy_ws_ros/exomy_ws/src/install/rover_gazebo_plugins/share/rover_gazebo_plugins/environment/library_path.sh
[37.310s] -- Installing: /home/exomy/exomy_ws/exomy_ws_ros/exomy_ws/src/install/rover_gazebo_plugins/share/rover_gazebo_plugins/environment/library_path.dsv
[37.310s] -- Installing: /home/exomy/exomy_ws/exomy_ws_ros/exomy_ws/src/install/rover_gazebo_plugins/share/ament_index/resource_index/package_run_dependencies/rover_gazebo_plugins
[37.310s] -- Installing: /home/exomy/exomy_ws/exomy_ws_ros/exomy_ws/src/install/rover_gazebo_plugins/share/ament_index/resource_index/parent_prefix_path/rover_gazebo_plugins
[37.311s] -- Installing: /home/exomy/exomy_ws/exomy_ws_ros/exomy_ws/src/install/rover_gazebo_plugins/share/rover_gazebo_plugins/environment/ament_prefix_path.sh
[37.311s] -- Installing: /home/exomy/exomy_ws/exomy_ws_ros/exomy_ws/src/install/rover_gazebo_plugins/share/rover_gazebo_plugins/environment/ament_prefix_path.dsv
[37.311s] -- Installing: /home/exomy/exomy_ws/exomy_ws_ros/exomy_ws/src/install/rover_gazebo_plugins/share/rover_gazebo_plugins/environment/path.sh
[37.311s] -- Installing: /home/exomy/exomy_ws/exomy_ws_ros/exomy_ws/src/install/rover_gazebo_plugins/share/rover_gazebo_plugins/environment/path.dsv
[37.312s] -- Installing: /home/exomy/exomy_ws/exomy_ws_ros/exomy_ws/src/install/rover_gazebo_plugins/share/rover_gazebo_plugins/local_setup.bash
[37.312s] -- Installing: /home/exomy/exomy_ws/exomy_ws_ros/exomy_ws/src/install/rover_gazebo_plugins/share/rover_gazebo_plugins/local_setup.sh
[37.312s] -- Installing: /home/exomy/exomy_ws/exomy_ws_ros/exomy_ws/src/install/rover_gazebo_plugins/share/rover_gazebo_plugins/local_setup.zsh
[37.312s] -- Installing: /home/exomy/exomy_ws/exomy_ws_ros/exomy_ws/src/install/rover_gazebo_plugins/share/rover_gazebo_plugins/local_setup.dsv
[37.312s] -- Installing: /home/exomy/exomy_ws/exomy_ws_ros/exomy_ws/src/install/rover_gazebo_plugins/share/rover_gazebo_plugins/package.dsv
[37.313s] -- Installing: /home/exomy/exomy_ws/exomy_ws_ros/exomy_ws/src/install/rover_gazebo_plugins/share/ament_index/resource_index/packages/rover_gazebo_plugins
[37.313s] -- Installing: /home/exomy/exomy_ws/exomy_ws_ros/exomy_ws/src/install/rover_gazebo_plugins/share/rover_gazebo_plugins/cmake/ament_cmake_export_libraries-extras.cmake
[37.313s] -- Installing: /home/exomy/exomy_ws/exomy_ws_ros/exomy_ws/src/install/rover_gazebo_plugins/share/rover_gazebo_plugins/cmake/rover_gazebo_pluginsConfig.cmake
[37.314s] -- Installing: /home/exomy/exomy_ws/exomy_ws_ros/exomy_ws/src/install/rover_gazebo_plugins/share/rover_gazebo_plugins/cmake/rover_gazebo_pluginsConfig-version.cmake
[37.314s] -- Installing: /home/exomy/exomy_ws/exomy_ws_ros/exomy_ws/src/install/rover_gazebo_plugins/share/rover_gazebo_plugins/package.xml
[37.314s] -- Installing: /home/exomy/exomy_ws/exomy_ws_ros/exomy_ws/src/install/rover_gazebo_plugins/include
[37.314s] -- Installing: /home/exomy/exomy_ws/exomy_ws_ros/exomy_ws/src/install/rover_gazebo_plugins/include/rover_gazebo_plugins
[37.314s] -- Installing: /home/exomy/exomy_ws/exomy_ws_ros/exomy_ws/src/install/rover_gazebo_plugins/include/rover_gazebo_plugins/rover_gazebo_joint_plugin.hpp
[37.315s] -- Installing: /home/exomy/exomy_ws/exomy_ws_ros/exomy_ws/src/install/rover_gazebo_plugins/lib/librover_gazebo_joint_plugin.so
[37.331s] -- Set runtime path of "/home/exomy/exomy_ws/exomy_ws_ros/exomy_ws/src/install/rover_gazebo_plugins/lib/librover_gazebo_joint_plugin.so" to ""
[37.335s] Invoked command in '/home/exomy/exomy_ws/exomy_ws_ros/exomy_ws/src/build/rover_gazebo_plugins' returned '0': AMENT_PREFIX_PATH=/home/exomy/exomy_ws/exomy_ws_ros/exomy_ws/src/install/exomy_sim_msgs:${AMENT_PREFIX_PATH} CMAKE_PREFIX_PATH=/home/exomy/exomy_ws/exomy_ws_ros/exomy_ws/src/install/exomy_sim_msgs:/home/exomy/exomy_ws/install/rover_gazebo_plugins:/home/exomy/exomy_ws/install/exomy_sim_launch:/home/exomy/exomy_ws/install/exomy_sim:/home/exomy/exomy_ws/install/exomy_sim_msgs:/home/exomy/exomy_ws/install/exomy_msgs:/home/exomy/exomy_ws/install/exomy:/opt/ros/foxy LD_LIBRARY_PATH=/home/exomy/exomy_ws/exomy_ws_ros/exomy_ws/src/install/exomy_sim_msgs/lib:${LD_LIBRARY_PATH} PYTHONPATH=/home/exomy/exomy_ws/exomy_ws_ros/exomy_ws/src/install/exomy_sim_msgs/lib/python3.8/site-packages:${PYTHONPATH} /usr/bin/cmake --install /home/exomy/exomy_ws/exomy_ws_ros/exomy_ws/src/build/rover_gazebo_plugins
