-- The C compiler identification is GNU 9.3.0
-- The CXX compiler identification is GNU 9.3.0
-- Check for working C compiler: /usr/bin/cc
-- Check for working C compiler: /usr/bin/cc -- works
-- Detecting C compiler ABI info
-- Detecting C compiler ABI info - done
-- Detecting C compile features
-- Detecting C compile features - done
-- Check for working CXX compiler: /usr/bin/c++
-- Check for working CXX compiler: /usr/bin/c++ -- works
-- Detecting CXX compiler ABI info
-- Detecting CXX compiler ABI info - done
-- Detecting CXX compile features
-- Detecting CXX compile features - done
-- Found ament_cmake: 0.9.9 (/opt/ros/foxy/share/ament_cmake/cmake)
-- Found PythonInterp: /usr/bin/python3 (found suitable version "3.8.10", minimum required is "3") 
-- Using PYTHON_EXECUTABLE: /usr/bin/python3
-- Configuring done
-- Generating done
-- Build files have been written to: /home/exomy/exomy_ws/exomy_ws_ros/exomy_ws/src/build/exomy_sim_launch
-- Install configuration: ""
-- Installing: /home/exomy/exomy_ws/exomy_ws_ros/exomy_ws/src/install/exomy_sim_launch/share/exomy_sim_launch//launch
-- Installing: /home/exomy/exomy_ws/exomy_ws_ros/exomy_ws/src/install/exomy_sim_launch/share/exomy_sim_launch//launch/ros_navigation_socket.launch.py
-- Installing: /home/exomy/exomy_ws/exomy_ws_ros/exomy_ws/src/install/exomy_sim_launch/share/exomy_sim_launch//launch/simulation.launch.py
-- Installing: /home/exomy/exomy_ws/exomy_ws_ros/exomy_ws/src/install/exomy_sim_launch/share/exomy_sim_launch//launch/spawn_exomy.launch.py
-- Installing: /home/exomy/exomy_ws/exomy_ws_ros/exomy_ws/src/install/exomy_sim_launch/share/exomy_sim_launch//launch/simulation_mod.launch.py
-- Installing: /home/exomy/exomy_ws/exomy_ws_ros/exomy_ws/src/install/exomy_sim_launch/share/exomy_sim_launch//launch/__pycache__
-- Installing: /home/exomy/exomy_ws/exomy_ws_ros/exomy_ws/src/install/exomy_sim_launch/share/exomy_sim_launch//launch/__pycache__/simulation_mod.launch.cpython-38.pyc
-- Installing: /home/exomy/exomy_ws/exomy_ws_ros/exomy_ws/src/install/exomy_sim_launch/share/ament_index/resource_index/package_run_dependencies/exomy_sim_launch
-- Installing: /home/exomy/exomy_ws/exomy_ws_ros/exomy_ws/src/install/exomy_sim_launch/share/ament_index/resource_index/parent_prefix_path/exomy_sim_launch
-- Installing: /home/exomy/exomy_ws/exomy_ws_ros/exomy_ws/src/install/exomy_sim_launch/share/exomy_sim_launch/environment/ament_prefix_path.sh
-- Installing: /home/exomy/exomy_ws/exomy_ws_ros/exomy_ws/src/install/exomy_sim_launch/share/exomy_sim_launch/environment/ament_prefix_path.dsv
-- Installing: /home/exomy/exomy_ws/exomy_ws_ros/exomy_ws/src/install/exomy_sim_launch/share/exomy_sim_launch/environment/path.sh
-- Installing: /home/exomy/exomy_ws/exomy_ws_ros/exomy_ws/src/install/exomy_sim_launch/share/exomy_sim_launch/environment/path.dsv
-- Installing: /home/exomy/exomy_ws/exomy_ws_ros/exomy_ws/src/install/exomy_sim_launch/share/exomy_sim_launch/local_setup.bash
-- Installing: /home/exomy/exomy_ws/exomy_ws_ros/exomy_ws/src/install/exomy_sim_launch/share/exomy_sim_launch/local_setup.sh
-- Installing: /home/exomy/exomy_ws/exomy_ws_ros/exomy_ws/src/install/exomy_sim_launch/share/exomy_sim_launch/local_setup.zsh
-- Installing: /home/exomy/exomy_ws/exomy_ws_ros/exomy_ws/src/install/exomy_sim_launch/share/exomy_sim_launch/local_setup.dsv
-- Installing: /home/exomy/exomy_ws/exomy_ws_ros/exomy_ws/src/install/exomy_sim_launch/share/exomy_sim_launch/package.dsv
-- Installing: /home/exomy/exomy_ws/exomy_ws_ros/exomy_ws/src/install/exomy_sim_launch/share/ament_index/resource_index/packages/exomy_sim_launch
-- Installing: /home/exomy/exomy_ws/exomy_ws_ros/exomy_ws/src/install/exomy_sim_launch/share/exomy_sim_launch/cmake/exomy_sim_launchConfig.cmake
-- Installing: /home/exomy/exomy_ws/exomy_ws_ros/exomy_ws/src/install/exomy_sim_launch/share/exomy_sim_launch/cmake/exomy_sim_launchConfig-version.cmake
-- Installing: /home/exomy/exomy_ws/exomy_ws_ros/exomy_ws/src/install/exomy_sim_launch/share/exomy_sim_launch/package.xml
