/home/exomy/exomy_ws/install/exomy/lib/python3.8/site-packages/exomy/robot_node.py
/home/exomy/exomy_ws/install/exomy/lib/python3.8/site-packages/exomy/motors.py
/home/exomy/exomy_ws/install/exomy/lib/python3.8/site-packages/exomy/rover.py
/home/exomy/exomy_ws/install/exomy/lib/python3.8/site-packages/exomy/motor_node.py
/home/exomy/exomy_ws/install/exomy/lib/python3.8/site-packages/exomy/gamepad_parser_node.py
/home/exomy/exomy_ws/install/exomy/lib/python3.8/site-packages/exomy/locomotion_modes.py
/home/exomy/exomy_ws/install/exomy/lib/python3.8/site-packages/exomy/__init__.py
/home/exomy/exomy_ws/install/exomy/lib/python3.8/site-packages/exomy/robot_node_modified.py
/home/exomy/exomy_ws/install/exomy/lib/python3.8/site-packages/exomy/rover_modified.py
/home/exomy/exomy_ws/install/exomy/lib/python3.8/site-packages/exomy/__pycache__/robot_node.cpython-38.pyc
/home/exomy/exomy_ws/install/exomy/lib/python3.8/site-packages/exomy/__pycache__/motors.cpython-38.pyc
/home/exomy/exomy_ws/install/exomy/lib/python3.8/site-packages/exomy/__pycache__/rover.cpython-38.pyc
/home/exomy/exomy_ws/install/exomy/lib/python3.8/site-packages/exomy/__pycache__/motor_node.cpython-38.pyc
/home/exomy/exomy_ws/install/exomy/lib/python3.8/site-packages/exomy/__pycache__/gamepad_parser_node.cpython-38.pyc
/home/exomy/exomy_ws/install/exomy/lib/python3.8/site-packages/exomy/__pycache__/locomotion_modes.cpython-38.pyc
/home/exomy/exomy_ws/install/exomy/lib/python3.8/site-packages/exomy/__pycache__/__init__.cpython-38.pyc
/home/exomy/exomy_ws/install/exomy/lib/python3.8/site-packages/exomy/__pycache__/robot_node_modified.cpython-38.pyc
/home/exomy/exomy_ws/install/exomy/lib/python3.8/site-packages/exomy/__pycache__/rover_modified.cpython-38.pyc
/home/exomy/exomy_ws/install/exomy/share/ament_index/resource_index/packages/exomy
/home/exomy/exomy_ws/install/exomy/share/exomy/package.xml
/home/exomy/exomy_ws/install/exomy/share/exomy/exomy.launch.py
/home/exomy/exomy_ws/install/exomy/share/exomy
/home/exomy/exomy_ws/install/exomy/lib/python3.8/site-packages/exomy-2.0.0-py3.8.egg-info/requires.txt
/home/exomy/exomy_ws/install/exomy/lib/python3.8/site-packages/exomy-2.0.0-py3.8.egg-info/zip-safe
/home/exomy/exomy_ws/install/exomy/lib/python3.8/site-packages/exomy-2.0.0-py3.8.egg-info/top_level.txt
/home/exomy/exomy_ws/install/exomy/lib/python3.8/site-packages/exomy-2.0.0-py3.8.egg-info/dependency_links.txt
/home/exomy/exomy_ws/install/exomy/lib/python3.8/site-packages/exomy-2.0.0-py3.8.egg-info/SOURCES.txt
/home/exomy/exomy_ws/install/exomy/lib/python3.8/site-packages/exomy-2.0.0-py3.8.egg-info/entry_points.txt
/home/exomy/exomy_ws/install/exomy/lib/python3.8/site-packages/exomy-2.0.0-py3.8.egg-info/PKG-INFO
/home/exomy/exomy_ws/install/exomy/lib/exomy/gamepad_parser_node
/home/exomy/exomy_ws/install/exomy/lib/exomy/motor_node
/home/exomy/exomy_ws/install/exomy/lib/exomy/robot_node
/home/exomy/exomy_ws/install/exomy/lib/exomy/robot_node_modified
