[0.667s] Invoking command in '/home/exomy/exomy_ws/exomy_ws_ros/exomy_ws/src/build/exomy_sim': CMAKE_PREFIX_PATH=/home/exomy/exomy_ws/exomy_ws_ros/exomy_ws/src/install/exomy_sim_msgs:/home/exomy/exomy_ws/exomy_ws_ros/exomy_ws/src/install/exomy_msgs:/home/exomy/exomy_ws/exomy_ws_ros/exomy_ws/src/install/rover_gazebo_plugins:/home/exomy/exomy_ws/exomy_ws_ros/exomy_ws/src/install/exomy_sim_launch:/home/exomy/exomy_ws/exomy_ws_ros/exomy_ws/src/install/exomy_sim:/home/exomy/exomy_ws/install/rover_gazebo_plugins:/home/exomy/exomy_ws/install/exomy_sim_launch:/home/exomy/exomy_ws/install/exomy_sim:/home/exomy/exomy_ws/install/exomy_sim_msgs:/home/exomy/exomy_ws/install/exomy_msgs:/home/exomy/exomy_ws/exomy_ws_ros/exomy_ws/src/install/exomy:/home/exomy/exomy_ws/install/exomy:/opt/ros/foxy LD_LIBRARY_PATH=/home/exomy/exomy_ws/exomy_ws_ros/exomy_ws/src/install/exomy_sim_msgs/lib:/home/exomy/exomy_ws/exomy_ws_ros/exomy_ws/src/install/exomy_msgs/lib:/home/exomy/exomy_ws/exomy_ws_ros/exomy_ws/src/install/rover_gazebo_plugins/lib:/home/exomy/exomy_ws/install/rover_gazebo_plugins/lib:/home/exomy/exomy_ws/install/exomy_sim_msgs/lib:/home/exomy/exomy_ws/install/exomy_msgs/lib:/usr/lib/x86_64-linux-gnu/gazebo-11/plugins:/opt/ros/foxy/opt/yaml_cpp_vendor/lib:/opt/ros/foxy/opt/rviz_ogre_vendor/lib:/opt/ros/foxy/lib/x86_64-linux-gnu:/opt/ros/foxy/lib:/usr/lib/x86_64-linux-gnu/gazebo-11/plugins PYTHONPATH=/home/exomy/exomy_ws/exomy_ws_ros/exomy_ws/src/install/exomy_sim_msgs/lib/python3.8/site-packages:/home/exomy/exomy_ws/exomy_ws_ros/exomy_ws/src/install/exomy_msgs/lib/python3.8/site-packages:/home/exomy/exomy_ws/exomy_ws_ros/exomy_ws/src/install/exomy/lib/python3.8/site-packages:/home/exomy/exomy_ws/install/exomy_sim_msgs/lib/python3.8/site-packages:/home/exomy/exomy_ws/install/exomy/lib/python3.8/site-packages:/home/exomy/exomy_ws/install/exomy_msgs/lib/python3.8/site-packages:/opt/ros/foxy/lib/python3.8/site-packages /usr/bin/cmake --build /home/exomy/exomy_ws/exomy_ws_ros/exomy_ws/src/build/exomy_sim -- -j4 -l4
[0.837s] [100%] Built target joint_command_node
[0.875s] Invoked command in '/home/exomy/exomy_ws/exomy_ws_ros/exomy_ws/src/build/exomy_sim' returned '0': CMAKE_PREFIX_PATH=/home/exomy/exomy_ws/exomy_ws_ros/exomy_ws/src/install/exomy_sim_msgs:/home/exomy/exomy_ws/exomy_ws_ros/exomy_ws/src/install/exomy_msgs:/home/exomy/exomy_ws/exomy_ws_ros/exomy_ws/src/install/rover_gazebo_plugins:/home/exomy/exomy_ws/exomy_ws_ros/exomy_ws/src/install/exomy_sim_launch:/home/exomy/exomy_ws/exomy_ws_ros/exomy_ws/src/install/exomy_sim:/home/exomy/exomy_ws/install/rover_gazebo_plugins:/home/exomy/exomy_ws/install/exomy_sim_launch:/home/exomy/exomy_ws/install/exomy_sim:/home/exomy/exomy_ws/install/exomy_sim_msgs:/home/exomy/exomy_ws/install/exomy_msgs:/home/exomy/exomy_ws/exomy_ws_ros/exomy_ws/src/install/exomy:/home/exomy/exomy_ws/install/exomy:/opt/ros/foxy LD_LIBRARY_PATH=/home/exomy/exomy_ws/exomy_ws_ros/exomy_ws/src/install/exomy_sim_msgs/lib:/home/exomy/exomy_ws/exomy_ws_ros/exomy_ws/src/install/exomy_msgs/lib:/home/exomy/exomy_ws/exomy_ws_ros/exomy_ws/src/install/rover_gazebo_plugins/lib:/home/exomy/exomy_ws/install/rover_gazebo_plugins/lib:/home/exomy/exomy_ws/install/exomy_sim_msgs/lib:/home/exomy/exomy_ws/install/exomy_msgs/lib:/usr/lib/x86_64-linux-gnu/gazebo-11/plugins:/opt/ros/foxy/opt/yaml_cpp_vendor/lib:/opt/ros/foxy/opt/rviz_ogre_vendor/lib:/opt/ros/foxy/lib/x86_64-linux-gnu:/opt/ros/foxy/lib:/usr/lib/x86_64-linux-gnu/gazebo-11/plugins PYTHONPATH=/home/exomy/exomy_ws/exomy_ws_ros/exomy_ws/src/install/exomy_sim_msgs/lib/python3.8/site-packages:/home/exomy/exomy_ws/exomy_ws_ros/exomy_ws/src/install/exomy_msgs/lib/python3.8/site-packages:/home/exomy/exomy_ws/exomy_ws_ros/exomy_ws/src/install/exomy/lib/python3.8/site-packages:/home/exomy/exomy_ws/install/exomy_sim_msgs/lib/python3.8/site-packages:/home/exomy/exomy_ws/install/exomy/lib/python3.8/site-packages:/home/exomy/exomy_ws/install/exomy_msgs/lib/python3.8/site-packages:/opt/ros/foxy/lib/python3.8/site-packages /usr/bin/cmake --build /home/exomy/exomy_ws/exomy_ws_ros/exomy_ws/src/build/exomy_sim -- -j4 -l4
[1.021s] Invoking command in '/home/exomy/exomy_ws/exomy_ws_ros/exomy_ws/src/build/exomy_sim': CMAKE_PREFIX_PATH=/home/exomy/exomy_ws/exomy_ws_ros/exomy_ws/src/install/exomy_sim_msgs:/home/exomy/exomy_ws/exomy_ws_ros/exomy_ws/src/install/exomy_msgs:/home/exomy/exomy_ws/exomy_ws_ros/exomy_ws/src/install/rover_gazebo_plugins:/home/exomy/exomy_ws/exomy_ws_ros/exomy_ws/src/install/exomy_sim_launch:/home/exomy/exomy_ws/exomy_ws_ros/exomy_ws/src/install/exomy_sim:/home/exomy/exomy_ws/install/rover_gazebo_plugins:/home/exomy/exomy_ws/install/exomy_sim_launch:/home/exomy/exomy_ws/install/exomy_sim:/home/exomy/exomy_ws/install/exomy_sim_msgs:/home/exomy/exomy_ws/install/exomy_msgs:/home/exomy/exomy_ws/exomy_ws_ros/exomy_ws/src/install/exomy:/home/exomy/exomy_ws/install/exomy:/opt/ros/foxy LD_LIBRARY_PATH=/home/exomy/exomy_ws/exomy_ws_ros/exomy_ws/src/install/exomy_sim_msgs/lib:/home/exomy/exomy_ws/exomy_ws_ros/exomy_ws/src/install/exomy_msgs/lib:/home/exomy/exomy_ws/exomy_ws_ros/exomy_ws/src/install/rover_gazebo_plugins/lib:/home/exomy/exomy_ws/install/rover_gazebo_plugins/lib:/home/exomy/exomy_ws/install/exomy_sim_msgs/lib:/home/exomy/exomy_ws/install/exomy_msgs/lib:/usr/lib/x86_64-linux-gnu/gazebo-11/plugins:/opt/ros/foxy/opt/yaml_cpp_vendor/lib:/opt/ros/foxy/opt/rviz_ogre_vendor/lib:/opt/ros/foxy/lib/x86_64-linux-gnu:/opt/ros/foxy/lib:/usr/lib/x86_64-linux-gnu/gazebo-11/plugins PYTHONPATH=/home/exomy/exomy_ws/exomy_ws_ros/exomy_ws/src/install/exomy_sim_msgs/lib/python3.8/site-packages:/home/exomy/exomy_ws/exomy_ws_ros/exomy_ws/src/install/exomy_msgs/lib/python3.8/site-packages:/home/exomy/exomy_ws/exomy_ws_ros/exomy_ws/src/install/exomy/lib/python3.8/site-packages:/home/exomy/exomy_ws/install/exomy_sim_msgs/lib/python3.8/site-packages:/home/exomy/exomy_ws/install/exomy/lib/python3.8/site-packages:/home/exomy/exomy_ws/install/exomy_msgs/lib/python3.8/site-packages:/opt/ros/foxy/lib/python3.8/site-packages /usr/bin/cmake --install /home/exomy/exomy_ws/exomy_ws_ros/exomy_ws/src/build/exomy_sim
[1.045s] -- Install configuration: ""
[1.046s] -- Up-to-date: /home/exomy/exomy_ws/exomy_ws_ros/exomy_ws/src/install/exomy_sim/share/exomy_sim/config
[1.046s] -- Up-to-date: /home/exomy/exomy_ws/exomy_ws_ros/exomy_ws/src/install/exomy_sim/share/exomy_sim/config/joint_names_exomy_model.yaml
[1.047s] -- Up-to-date: /home/exomy/exomy_ws/exomy_ws_ros/exomy_ws/src/install/exomy_sim/share/exomy_sim/rviz
[1.047s] -- Up-to-date: /home/exomy/exomy_ws/exomy_ws_ros/exomy_ws/src/install/exomy_sim/share/exomy_sim/rviz/simulation.rviz
[1.049s] -- Up-to-date: /home/exomy/exomy_ws/exomy_ws_ros/exomy_ws/src/install/exomy_sim/share/exomy_sim/models
[1.049s] -- Up-to-date: /home/exomy/exomy_ws/exomy_ws_ros/exomy_ws/src/install/exomy_sim/share/exomy_sim/models/exomy_model
[1.050s] -- Up-to-date: /home/exomy/exomy_ws/exomy_ws_ros/exomy_ws/src/install/exomy_sim/share/exomy_sim/models/exomy_model/exomy_model.urdf
[1.050s] -- Up-to-date: /home/exomy/exomy_ws/exomy_ws_ros/exomy_ws/src/install/exomy_sim/share/exomy_sim/models/exomy_model/meshes
[1.051s] -- Up-to-date: /home/exomy/exomy_ws/exomy_ws_ros/exomy_ws/src/install/exomy_sim/share/exomy_sim/models/exomy_model/meshes/DRV_LM_link.STL
[1.051s] -- Up-to-date: /home/exomy/exomy_ws/exomy_ws_ros/exomy_ws/src/install/exomy_sim/share/exomy_sim/models/exomy_model/meshes/STR_RR_link.STL
[1.052s] -- Up-to-date: /home/exomy/exomy_ws/exomy_ws_ros/exomy_ws/src/install/exomy_sim/share/exomy_sim/models/exomy_model/meshes/STR_LF_link.STL
[1.052s] -- Up-to-date: /home/exomy/exomy_ws/exomy_ws_ros/exomy_ws/src/install/exomy_sim/share/exomy_sim/models/exomy_model/meshes/hat_link.STL
[1.052s] -- Up-to-date: /home/exomy/exomy_ws/exomy_ws_ros/exomy_ws/src/install/exomy_sim/share/exomy_sim/models/exomy_model/meshes/head_link.STL
[1.054s] -- Up-to-date: /home/exomy/exomy_ws/exomy_ws_ros/exomy_ws/src/install/exomy_sim/share/exomy_sim/models/exomy_model/meshes/pupil_left_link.STL
[1.055s] -- Up-to-date: /home/exomy/exomy_ws/exomy_ws_ros/exomy_ws/src/install/exomy_sim/share/exomy_sim/models/exomy_model/meshes/STR_LM_link.STL
[1.056s] -- Up-to-date: /home/exomy/exomy_ws/exomy_ws_ros/exomy_ws/src/install/exomy_sim/share/exomy_sim/models/exomy_model/meshes/DRV_RR_link.STL
[1.056s] -- Up-to-date: /home/exomy/exomy_ws/exomy_ws_ros/exomy_ws/src/install/exomy_sim/share/exomy_sim/models/exomy_model/meshes/base_link.STL
[1.056s] -- Up-to-date: /home/exomy/exomy_ws/exomy_ws_ros/exomy_ws/src/install/exomy_sim/share/exomy_sim/models/exomy_model/meshes/pupil_right_link.STL
[1.056s] -- Up-to-date: /home/exomy/exomy_ws/exomy_ws_ros/exomy_ws/src/install/exomy_sim/share/exomy_sim/models/exomy_model/meshes/STR_RF_link.STL
[1.056s] -- Up-to-date: /home/exomy/exomy_ws/exomy_ws_ros/exomy_ws/src/install/exomy_sim/share/exomy_sim/models/exomy_model/meshes/DRV_RF_link.STL
[1.056s] -- Up-to-date: /home/exomy/exomy_ws/exomy_ws_ros/exomy_ws/src/install/exomy_sim/share/exomy_sim/models/exomy_model/meshes/bling_link.STL
[1.057s] -- Up-to-date: /home/exomy/exomy_ws/exomy_ws_ros/exomy_ws/src/install/exomy_sim/share/exomy_sim/models/exomy_model/meshes/DRV_RM_link.STL
[1.057s] -- Up-to-date: /home/exomy/exomy_ws/exomy_ws_ros/exomy_ws/src/install/exomy_sim/share/exomy_sim/models/exomy_model/meshes/STR_RM_link.STL
[1.058s] -- Up-to-date: /home/exomy/exomy_ws/exomy_ws_ros/exomy_ws/src/install/exomy_sim/share/exomy_sim/models/exomy_model/meshes/DRV_LF_link.STL
[1.058s] -- Up-to-date: /home/exomy/exomy_ws/exomy_ws_ros/exomy_ws/src/install/exomy_sim/share/exomy_sim/models/exomy_model/meshes/cam_link.STL
[1.059s] -- Up-to-date: /home/exomy/exomy_ws/exomy_ws_ros/exomy_ws/src/install/exomy_sim/share/exomy_sim/models/exomy_model/meshes/MRB_link.STL
[1.059s] -- Up-to-date: /home/exomy/exomy_ws/exomy_ws_ros/exomy_ws/src/install/exomy_sim/share/exomy_sim/models/exomy_model/meshes/STR_LR_link.STL
[1.060s] -- Up-to-date: /home/exomy/exomy_ws/exomy_ws_ros/exomy_ws/src/install/exomy_sim/share/exomy_sim/models/exomy_model/meshes/LFB_link.STL
[1.063s] -- Up-to-date: /home/exomy/exomy_ws/exomy_ws_ros/exomy_ws/src/install/exomy_sim/share/exomy_sim/models/exomy_model/meshes/eyewhite_link.STL
[1.065s] -- Up-to-date: /home/exomy/exomy_ws/exomy_ws_ros/exomy_ws/src/install/exomy_sim/share/exomy_sim/models/exomy_model/meshes/DRV_LR_link.STL
[1.065s] -- Up-to-date: /home/exomy/exomy_ws/exomy_ws_ros/exomy_ws/src/install/exomy_sim/share/exomy_sim/models/exomy_model/meshes/RFB_link.STL
[1.066s] -- Up-to-date: /home/exomy/exomy_ws/exomy_ws_ros/exomy_ws/src/install/exomy_sim/share/exomy_sim/models/exomy_model/exomy_model.csv
[1.066s] -- Up-to-date: /home/exomy/exomy_ws/exomy_ws_ros/exomy_ws/src/install/exomy_sim/share/exomy_sim/models/exomy_model/model.config
[1.066s] -- Up-to-date: /home/exomy/exomy_ws/exomy_ws_ros/exomy_ws/src/install/exomy_sim/share/exomy_sim/models/exomy_model/exomy_model_modified.urdf
[1.067s] -- Up-to-date: /home/exomy/exomy_ws/exomy_ws_ros/exomy_ws/src/install/exomy_sim/share/exomy_sim/models/mars_yard
[1.068s] -- Up-to-date: /home/exomy/exomy_ws/exomy_ws_ros/exomy_ws/src/install/exomy_sim/share/exomy_sim/models/mars_yard/meshes
[1.068s] -- Up-to-date: /home/exomy/exomy_ws/exomy_ws_ros/exomy_ws/src/install/exomy_sim/share/exomy_sim/models/mars_yard/meshes/PUTBOrtho.jpg
[1.069s] -- Up-to-date: /home/exomy/exomy_ws/exomy_ws_ros/exomy_ws/src/install/exomy_sim/share/exomy_sim/models/mars_yard/meshes/mars_yard.dae
[1.070s] -- Up-to-date: /home/exomy/exomy_ws/exomy_ws_ros/exomy_ws/src/install/exomy_sim/share/exomy_sim/models/mars_yard/model.config
[1.070s] -- Up-to-date: /home/exomy/exomy_ws/exomy_ws_ros/exomy_ws/src/install/exomy_sim/share/exomy_sim/models/mars_yard/model
[1.071s] -- Up-to-date: /home/exomy/exomy_ws/exomy_ws_ros/exomy_ws/src/install/exomy_sim/share/exomy_sim/models/mars_yard/model/lab_terrain.blend
[1.071s] -- Up-to-date: /home/exomy/exomy_ws/exomy_ws_ros/exomy_ws/src/install/exomy_sim/share/exomy_sim/models/mars_yard/model.sdf
[1.071s] -- Up-to-date: /home/exomy/exomy_ws/exomy_ws_ros/exomy_ws/src/install/exomy_sim/share/exomy_sim/models/curiosity
[1.073s] -- Up-to-date: /home/exomy/exomy_ws/exomy_ws_ros/exomy_ws/src/install/exomy_sim/share/exomy_sim/models/curiosity/meshes
[1.074s] -- Up-to-date: /home/exomy/exomy_ws/exomy_ws_ros/exomy_ws/src/install/exomy_sim/share/exomy_sim/models/curiosity/meshes/curiosity.stl
[1.075s] -- Up-to-date: /home/exomy/exomy_ws/exomy_ws_ros/exomy_ws/src/install/exomy_sim/share/exomy_sim/models/curiosity/model.config
[1.076s] -- Up-to-date: /home/exomy/exomy_ws/exomy_ws_ros/exomy_ws/src/install/exomy_sim/share/exomy_sim/models/curiosity/model.sdf
[1.076s] -- Up-to-date: /home/exomy/exomy_ws/exomy_ws_ros/exomy_ws/src/install/exomy_sim/share/exomy_sim/worlds
[1.077s] -- Up-to-date: /home/exomy/exomy_ws/exomy_ws_ros/exomy_ws/src/install/exomy_sim/share/exomy_sim/worlds/mars_yard.world
[1.078s] -- Up-to-date: /home/exomy/exomy_ws/exomy_ws_ros/exomy_ws/src/install/exomy_sim/share/exomy_sim/worlds/empty.world
[1.078s] -- Up-to-date: /home/exomy/exomy_ws/exomy_ws_ros/exomy_ws/src/install/exomy_sim/share/exomy_sim/worlds/curiosity.world
[1.078s] -- Up-to-date: /home/exomy/exomy_ws/exomy_ws_ros/exomy_ws/src/install/exomy_sim/lib/exomy_sim/joint_command_node
[1.080s] -- Up-to-date: /home/exomy/exomy_ws/exomy_ws_ros/exomy_ws/src/install/exomy_sim/share/exomy_sim/environment/exomy_sim.sh
[1.081s] -- Up-to-date: /home/exomy/exomy_ws/exomy_ws_ros/exomy_ws/src/install/exomy_sim/share/exomy_sim/environment/exomy_sim.dsv
[1.081s] -- Up-to-date: /home/exomy/exomy_ws/exomy_ws_ros/exomy_ws/src/install/exomy_sim/share/ament_index/resource_index/package_run_dependencies/exomy_sim
[1.081s] -- Up-to-date: /home/exomy/exomy_ws/exomy_ws_ros/exomy_ws/src/install/exomy_sim/share/ament_index/resource_index/parent_prefix_path/exomy_sim
[1.083s] -- Up-to-date: /home/exomy/exomy_ws/exomy_ws_ros/exomy_ws/src/install/exomy_sim/share/exomy_sim/environment/ament_prefix_path.sh
[1.083s] -- Up-to-date: /home/exomy/exomy_ws/exomy_ws_ros/exomy_ws/src/install/exomy_sim/share/exomy_sim/environment/ament_prefix_path.dsv
[1.084s] -- Up-to-date: /home/exomy/exomy_ws/exomy_ws_ros/exomy_ws/src/install/exomy_sim/share/exomy_sim/environment/path.sh
[1.085s] -- Up-to-date: /home/exomy/exomy_ws/exomy_ws_ros/exomy_ws/src/install/exomy_sim/share/exomy_sim/environment/path.dsv
[1.086s] -- Up-to-date: /home/exomy/exomy_ws/exomy_ws_ros/exomy_ws/src/install/exomy_sim/share/exomy_sim/local_setup.bash
[1.087s] -- Up-to-date: /home/exomy/exomy_ws/exomy_ws_ros/exomy_ws/src/install/exomy_sim/share/exomy_sim/local_setup.sh
[1.088s] -- Up-to-date: /home/exomy/exomy_ws/exomy_ws_ros/exomy_ws/src/install/exomy_sim/share/exomy_sim/local_setup.zsh
[1.088s] -- Up-to-date: /home/exomy/exomy_ws/exomy_ws_ros/exomy_ws/src/install/exomy_sim/share/exomy_sim/local_setup.dsv
[1.088s] -- Installing: /home/exomy/exomy_ws/exomy_ws_ros/exomy_ws/src/install/exomy_sim/share/exomy_sim/package.dsv
[1.089s] -- Up-to-date: /home/exomy/exomy_ws/exomy_ws_ros/exomy_ws/src/install/exomy_sim/share/ament_index/resource_index/packages/exomy_sim
[1.090s] -- Up-to-date: /home/exomy/exomy_ws/exomy_ws_ros/exomy_ws/src/install/exomy_sim/share/exomy_sim/cmake/exomy_simConfig.cmake
[1.091s] -- Up-to-date: /home/exomy/exomy_ws/exomy_ws_ros/exomy_ws/src/install/exomy_sim/share/exomy_sim/cmake/exomy_simConfig-version.cmake
[1.091s] -- Up-to-date: /home/exomy/exomy_ws/exomy_ws_ros/exomy_ws/src/install/exomy_sim/share/exomy_sim/package.xml
[1.097s] Invoked command in '/home/exomy/exomy_ws/exomy_ws_ros/exomy_ws/src/build/exomy_sim' returned '0': CMAKE_PREFIX_PATH=/home/exomy/exomy_ws/exomy_ws_ros/exomy_ws/src/install/exomy_sim_msgs:/home/exomy/exomy_ws/exomy_ws_ros/exomy_ws/src/install/exomy_msgs:/home/exomy/exomy_ws/exomy_ws_ros/exomy_ws/src/install/rover_gazebo_plugins:/home/exomy/exomy_ws/exomy_ws_ros/exomy_ws/src/install/exomy_sim_launch:/home/exomy/exomy_ws/exomy_ws_ros/exomy_ws/src/install/exomy_sim:/home/exomy/exomy_ws/install/rover_gazebo_plugins:/home/exomy/exomy_ws/install/exomy_sim_launch:/home/exomy/exomy_ws/install/exomy_sim:/home/exomy/exomy_ws/install/exomy_sim_msgs:/home/exomy/exomy_ws/install/exomy_msgs:/home/exomy/exomy_ws/exomy_ws_ros/exomy_ws/src/install/exomy:/home/exomy/exomy_ws/install/exomy:/opt/ros/foxy LD_LIBRARY_PATH=/home/exomy/exomy_ws/exomy_ws_ros/exomy_ws/src/install/exomy_sim_msgs/lib:/home/exomy/exomy_ws/exomy_ws_ros/exomy_ws/src/install/exomy_msgs/lib:/home/exomy/exomy_ws/exomy_ws_ros/exomy_ws/src/install/rover_gazebo_plugins/lib:/home/exomy/exomy_ws/install/rover_gazebo_plugins/lib:/home/exomy/exomy_ws/install/exomy_sim_msgs/lib:/home/exomy/exomy_ws/install/exomy_msgs/lib:/usr/lib/x86_64-linux-gnu/gazebo-11/plugins:/opt/ros/foxy/opt/yaml_cpp_vendor/lib:/opt/ros/foxy/opt/rviz_ogre_vendor/lib:/opt/ros/foxy/lib/x86_64-linux-gnu:/opt/ros/foxy/lib:/usr/lib/x86_64-linux-gnu/gazebo-11/plugins PYTHONPATH=/home/exomy/exomy_ws/exomy_ws_ros/exomy_ws/src/install/exomy_sim_msgs/lib/python3.8/site-packages:/home/exomy/exomy_ws/exomy_ws_ros/exomy_ws/src/install/exomy_msgs/lib/python3.8/site-packages:/home/exomy/exomy_ws/exomy_ws_ros/exomy_ws/src/install/exomy/lib/python3.8/site-packages:/home/exomy/exomy_ws/install/exomy_sim_msgs/lib/python3.8/site-packages:/home/exomy/exomy_ws/install/exomy/lib/python3.8/site-packages:/home/exomy/exomy_ws/install/exomy_msgs/lib/python3.8/site-packages:/opt/ros/foxy/lib/python3.8/site-packages /usr/bin/cmake --install /home/exomy/exomy_ws/exomy_ws_ros/exomy_ws/src/build/exomy_sim
