[0.169s] Invoking command in '/home/exomy/exomy_ws/build/exomy_msgs': CMAKE_PREFIX_PATH=/opt/ros/foxy /usr/bin/cmake --build /home/exomy/exomy_ws/build/exomy_msgs -- -j2 -l2
[1.015s] [  2%] Built target exomy_msgs__cpp
[1.268s] [ 12%] Built target exomy_msgs__rosidl_generator_c
[1.755s] [ 23%] Built target exomy_msgs__rosidl_typesupport_introspection_cpp
[2.275s] [ 34%] Built target exomy_msgs__rosidl_typesupport_fastrtps_cpp
[2.696s] [ 44%] Built target exomy_msgs__rosidl_typesupport_c
[3.024s] [ 55%] Built target exomy_msgs__rosidl_typesupport_cpp
[3.250s] [ 65%] Built target exomy_msgs__rosidl_typesupport_introspection_c
[3.573s] [ 76%] Built target exomy_msgs__rosidl_typesupport_fastrtps_c
[3.850s] [ 76%] Built target exomy_msgs
[4.612s] [ 78%] Built target exomy_msgs__py
[5.443s] [ 87%] Built target exomy_msgs__python
[6.315s] [ 91%] Built target exomy_msgs__rosidl_typesupport_c__pyext
[7.275s] [ 95%] Built target exomy_msgs__rosidl_typesupport_introspection_c__pyext
[7.904s] [100%] Built target exomy_msgs__rosidl_typesupport_fastrtps_c__pyext
[8.243s] Invoked command in '/home/exomy/exomy_ws/build/exomy_msgs' returned '0': CMAKE_PREFIX_PATH=/opt/ros/foxy /usr/bin/cmake --build /home/exomy/exomy_ws/build/exomy_msgs -- -j2 -l2
[12.080s] Invoking command in '/home/exomy/exomy_ws/build/exomy_msgs': CMAKE_PREFIX_PATH=/opt/ros/foxy /usr/bin/cmake --install /home/exomy/exomy_ws/build/exomy_msgs
[12.392s] -- Install configuration: ""
[12.392s] -- Up-to-date: /home/exomy/exomy_ws/install/exomy_msgs/share/ament_index/resource_index/rosidl_interfaces/exomy_msgs
[12.393s] -- Up-to-date: /home/exomy/exomy_ws/install/exomy_msgs/include/exomy_msgs
[12.393s] -- Up-to-date: /home/exomy/exomy_ws/install/exomy_msgs/include/exomy_msgs/msg
[12.393s] -- Up-to-date: /home/exomy/exomy_ws/install/exomy_msgs/include/exomy_msgs/msg/rosidl_generator_c__visibility_control.h
[12.394s] -- Up-to-date: /home/exomy/exomy_ws/install/exomy_msgs/include/exomy_msgs/msg/screen.h
[12.394s] -- Up-to-date: /home/exomy/exomy_ws/install/exomy_msgs/include/exomy_msgs/msg/motor_commands.h
[12.402s] -- Up-to-date: /home/exomy/exomy_ws/install/exomy_msgs/include/exomy_msgs/msg/detail
[12.403s] -- Up-to-date: /home/exomy/exomy_ws/install/exomy_msgs/include/exomy_msgs/msg/detail/motor_commands__functions.h
[12.403s] -- Up-to-date: /home/exomy/exomy_ws/install/exomy_msgs/include/exomy_msgs/msg/detail/screen__struct.h
[12.403s] -- Up-to-date: /home/exomy/exomy_ws/install/exomy_msgs/include/exomy_msgs/msg/detail/screen__type_support.h
[12.403s] -- Up-to-date: /home/exomy/exomy_ws/install/exomy_msgs/include/exomy_msgs/msg/detail/rover_command__struct.h
[12.404s] -- Up-to-date: /home/exomy/exomy_ws/install/exomy_msgs/include/exomy_msgs/msg/detail/motor_commands__type_support.h
[12.406s] -- Up-to-date: /home/exomy/exomy_ws/install/exomy_msgs/include/exomy_msgs/msg/detail/rover_command__type_support.h
[12.406s] -- Up-to-date: /home/exomy/exomy_ws/install/exomy_msgs/include/exomy_msgs/msg/detail/screen__functions.h
[12.411s] -- Up-to-date: /home/exomy/exomy_ws/install/exomy_msgs/include/exomy_msgs/msg/detail/rover_command__functions.c
[12.427s] -- Up-to-date: /home/exomy/exomy_ws/install/exomy_msgs/include/exomy_msgs/msg/detail/screen__functions.c
[12.428s] -- Up-to-date: /home/exomy/exomy_ws/install/exomy_msgs/include/exomy_msgs/msg/detail/rover_command__functions.h
[12.428s] -- Up-to-date: /home/exomy/exomy_ws/install/exomy_msgs/include/exomy_msgs/msg/detail/motor_commands__struct.h
[12.454s] -- Up-to-date: /home/exomy/exomy_ws/install/exomy_msgs/include/exomy_msgs/msg/detail/motor_commands__functions.c
[12.488s] -- Up-to-date: /home/exomy/exomy_ws/install/exomy_msgs/include/exomy_msgs/msg/rover_command.h
[12.489s] -- Up-to-date: /home/exomy/exomy_ws/install/exomy_msgs/share/exomy_msgs/environment/library_path.sh
[12.489s] -- Up-to-date: /home/exomy/exomy_ws/install/exomy_msgs/share/exomy_msgs/environment/library_path.dsv
[12.534s] -- Up-to-date: /home/exomy/exomy_ws/install/exomy_msgs/lib/libexomy_msgs__rosidl_generator_c.so
[12.535s] -- Up-to-date: /home/exomy/exomy_ws/install/exomy_msgs/include/exomy_msgs
[12.536s] -- Up-to-date: /home/exomy/exomy_ws/install/exomy_msgs/include/exomy_msgs/msg
[12.536s] -- Up-to-date: /home/exomy/exomy_ws/install/exomy_msgs/include/exomy_msgs/msg/detail
[12.537s] -- Up-to-date: /home/exomy/exomy_ws/install/exomy_msgs/include/exomy_msgs/msg/detail/screen__rosidl_typesupport_fastrtps_c.h
[12.538s] -- Up-to-date: /home/exomy/exomy_ws/install/exomy_msgs/include/exomy_msgs/msg/detail/rover_command__rosidl_typesupport_fastrtps_c.h
[12.554s] -- Up-to-date: /home/exomy/exomy_ws/install/exomy_msgs/include/exomy_msgs/msg/detail/motor_commands__rosidl_typesupport_fastrtps_c.h
[12.555s] -- Up-to-date: /home/exomy/exomy_ws/install/exomy_msgs/include/exomy_msgs/msg/rosidl_typesupport_fastrtps_c__visibility_control.h
[12.593s] -- Up-to-date: /home/exomy/exomy_ws/install/exomy_msgs/lib/libexomy_msgs__rosidl_typesupport_fastrtps_c.so
[12.622s] -- Up-to-date: /home/exomy/exomy_ws/install/exomy_msgs/include/exomy_msgs
[12.623s] -- Up-to-date: /home/exomy/exomy_ws/install/exomy_msgs/include/exomy_msgs/msg
[12.623s] -- Up-to-date: /home/exomy/exomy_ws/install/exomy_msgs/include/exomy_msgs/msg/rosidl_typesupport_fastrtps_cpp__visibility_control.h
[12.624s] -- Up-to-date: /home/exomy/exomy_ws/install/exomy_msgs/include/exomy_msgs/msg/detail
[12.629s] -- Up-to-date: /home/exomy/exomy_ws/install/exomy_msgs/include/exomy_msgs/msg/detail/dds_fastrtps
[12.634s] -- Up-to-date: /home/exomy/exomy_ws/install/exomy_msgs/include/exomy_msgs/msg/detail/motor_commands__rosidl_typesupport_fastrtps_cpp.hpp
[12.634s] -- Up-to-date: /home/exomy/exomy_ws/install/exomy_msgs/include/exomy_msgs/msg/detail/rover_command__rosidl_typesupport_fastrtps_cpp.hpp
[12.642s] -- Up-to-date: /home/exomy/exomy_ws/install/exomy_msgs/include/exomy_msgs/msg/detail/screen__rosidl_typesupport_fastrtps_cpp.hpp
[12.672s] -- Up-to-date: /home/exomy/exomy_ws/install/exomy_msgs/lib/libexomy_msgs__rosidl_typesupport_fastrtps_cpp.so
[12.679s] -- Up-to-date: /home/exomy/exomy_ws/install/exomy_msgs/include/exomy_msgs
[12.694s] -- Up-to-date: /home/exomy/exomy_ws/install/exomy_msgs/include/exomy_msgs/msg
[12.695s] -- Up-to-date: /home/exomy/exomy_ws/install/exomy_msgs/include/exomy_msgs/msg/rosidl_typesupport_introspection_c__visibility_control.h
[12.695s] -- Up-to-date: /home/exomy/exomy_ws/install/exomy_msgs/include/exomy_msgs/msg/detail
[12.695s] -- Up-to-date: /home/exomy/exomy_ws/install/exomy_msgs/include/exomy_msgs/msg/detail/motor_commands__rosidl_typesupport_introspection_c.h
[12.699s] -- Up-to-date: /home/exomy/exomy_ws/install/exomy_msgs/include/exomy_msgs/msg/detail/screen__rosidl_typesupport_introspection_c.h
[12.701s] -- Up-to-date: /home/exomy/exomy_ws/install/exomy_msgs/include/exomy_msgs/msg/detail/rover_command__type_support.c
[12.701s] -- Up-to-date: /home/exomy/exomy_ws/install/exomy_msgs/include/exomy_msgs/msg/detail/screen__type_support.c
[12.705s] -- Up-to-date: /home/exomy/exomy_ws/install/exomy_msgs/include/exomy_msgs/msg/detail/rover_command__rosidl_typesupport_introspection_c.h
[12.706s] -- Up-to-date: /home/exomy/exomy_ws/install/exomy_msgs/include/exomy_msgs/msg/detail/motor_commands__type_support.c
[12.711s] -- Up-to-date: /home/exomy/exomy_ws/install/exomy_msgs/lib/libexomy_msgs__rosidl_typesupport_introspection_c.so
[12.729s] -- Up-to-date: /home/exomy/exomy_ws/install/exomy_msgs/lib/libexomy_msgs__rosidl_typesupport_c.so
[12.731s] -- Up-to-date: /home/exomy/exomy_ws/install/exomy_msgs/include/exomy_msgs
[12.732s] -- Up-to-date: /home/exomy/exomy_ws/install/exomy_msgs/include/exomy_msgs/msg
[12.733s] -- Up-to-date: /home/exomy/exomy_ws/install/exomy_msgs/include/exomy_msgs/msg/rover_command.hpp
[12.733s] -- Up-to-date: /home/exomy/exomy_ws/install/exomy_msgs/include/exomy_msgs/msg/motor_commands.hpp
[12.734s] -- Up-to-date: /home/exomy/exomy_ws/install/exomy_msgs/include/exomy_msgs/msg/screen.hpp
[12.735s] -- Up-to-date: /home/exomy/exomy_ws/install/exomy_msgs/include/exomy_msgs/msg/detail
[12.736s] -- Up-to-date: /home/exomy/exomy_ws/install/exomy_msgs/include/exomy_msgs/msg/detail/motor_commands__struct.hpp
[12.736s] -- Up-to-date: /home/exomy/exomy_ws/install/exomy_msgs/include/exomy_msgs/msg/detail/rover_command__struct.hpp
[12.738s] -- Up-to-date: /home/exomy/exomy_ws/install/exomy_msgs/include/exomy_msgs/msg/detail/rover_command__builder.hpp
[12.741s] -- Up-to-date: /home/exomy/exomy_ws/install/exomy_msgs/include/exomy_msgs/msg/detail/screen__struct.hpp
[12.742s] -- Up-to-date: /home/exomy/exomy_ws/install/exomy_msgs/include/exomy_msgs/msg/detail/motor_commands__builder.hpp
[12.742s] -- Up-to-date: /home/exomy/exomy_ws/install/exomy_msgs/include/exomy_msgs/msg/detail/screen__traits.hpp
[12.743s] -- Up-to-date: /home/exomy/exomy_ws/install/exomy_msgs/include/exomy_msgs/msg/detail/rover_command__traits.hpp
[12.743s] -- Up-to-date: /home/exomy/exomy_ws/install/exomy_msgs/include/exomy_msgs/msg/detail/screen__builder.hpp
[12.744s] -- Up-to-date: /home/exomy/exomy_ws/install/exomy_msgs/include/exomy_msgs/msg/detail/motor_commands__traits.hpp
[12.744s] -- Up-to-date: /home/exomy/exomy_ws/install/exomy_msgs/include/exomy_msgs
[12.745s] -- Up-to-date: /home/exomy/exomy_ws/install/exomy_msgs/include/exomy_msgs/msg
[12.745s] -- Up-to-date: /home/exomy/exomy_ws/install/exomy_msgs/include/exomy_msgs/msg/detail
[12.746s] -- Up-to-date: /home/exomy/exomy_ws/install/exomy_msgs/include/exomy_msgs/msg/detail/motor_commands__rosidl_typesupport_introspection_cpp.hpp
[12.746s] -- Up-to-date: /home/exomy/exomy_ws/install/exomy_msgs/include/exomy_msgs/msg/detail/rover_command__rosidl_typesupport_introspection_cpp.hpp
[12.748s] -- Up-to-date: /home/exomy/exomy_ws/install/exomy_msgs/include/exomy_msgs/msg/detail/screen__type_support.cpp
[12.749s] -- Up-to-date: /home/exomy/exomy_ws/install/exomy_msgs/include/exomy_msgs/msg/detail/rover_command__type_support.cpp
[12.749s] -- Up-to-date: /home/exomy/exomy_ws/install/exomy_msgs/include/exomy_msgs/msg/detail/screen__rosidl_typesupport_introspection_cpp.hpp
[12.749s] -- Up-to-date: /home/exomy/exomy_ws/install/exomy_msgs/include/exomy_msgs/msg/detail/motor_commands__type_support.cpp
[12.756s] -- Up-to-date: /home/exomy/exomy_ws/install/exomy_msgs/lib/libexomy_msgs__rosidl_typesupport_introspection_cpp.so
[12.763s] -- Up-to-date: /home/exomy/exomy_ws/install/exomy_msgs/lib/libexomy_msgs__rosidl_typesupport_cpp.so
[12.764s] -- Up-to-date: /home/exomy/exomy_ws/install/exomy_msgs/share/exomy_msgs/environment/pythonpath.sh
[12.765s] -- Up-to-date: /home/exomy/exomy_ws/install/exomy_msgs/share/exomy_msgs/environment/pythonpath.dsv
[12.766s] -- Up-to-date: /home/exomy/exomy_ws/install/exomy_msgs/lib/python3.8/site-packages/exomy_msgs/__init__.py
[13.176s] -- Up-to-date: /home/exomy/exomy_ws/install/exomy_msgs/lib/python3.8/site-packages/exomy_msgs/msg
[13.184s] -- Up-to-date: /home/exomy/exomy_ws/install/exomy_msgs/lib/python3.8/site-packages/exomy_msgs/msg/_screen.py
[13.186s] -- Up-to-date: /home/exomy/exomy_ws/install/exomy_msgs/lib/python3.8/site-packages/exomy_msgs/msg/_motor_commands_s.c
[13.186s] -- Up-to-date: /home/exomy/exomy_ws/install/exomy_msgs/lib/python3.8/site-packages/exomy_msgs/msg/_rover_command_s.c
[13.187s] -- Up-to-date: /home/exomy/exomy_ws/install/exomy_msgs/lib/python3.8/site-packages/exomy_msgs/msg/_motor_commands.py
[13.194s] -- Up-to-date: /home/exomy/exomy_ws/install/exomy_msgs/lib/python3.8/site-packages/exomy_msgs/msg/__init__.py
[13.195s] -- Up-to-date: /home/exomy/exomy_ws/install/exomy_msgs/lib/python3.8/site-packages/exomy_msgs/msg/_rover_command.py
[13.200s] -- Up-to-date: /home/exomy/exomy_ws/install/exomy_msgs/lib/python3.8/site-packages/exomy_msgs/msg/_screen_s.c
[13.224s] -- Up-to-date: /home/exomy/exomy_ws/install/exomy_msgs/lib/python3.8/site-packages/exomy_msgs/exomy_msgs_s__rosidl_typesupport_fastrtps_c.cpython-38-x86_64-linux-gnu.so
[13.254s] -- Up-to-date: /home/exomy/exomy_ws/install/exomy_msgs/lib/python3.8/site-packages/exomy_msgs/exomy_msgs_s__rosidl_typesupport_introspection_c.cpython-38-x86_64-linux-gnu.so
[13.276s] -- Up-to-date: /home/exomy/exomy_ws/install/exomy_msgs/lib/python3.8/site-packages/exomy_msgs/exomy_msgs_s__rosidl_typesupport_c.cpython-38-x86_64-linux-gnu.so
[13.303s] -- Up-to-date: /home/exomy/exomy_ws/install/exomy_msgs/lib/libexomy_msgs__python.so
[13.304s] -- Up-to-date: /home/exomy/exomy_ws/install/exomy_msgs/share/exomy_msgs/msg/MotorCommands.idl
[13.325s] -- Up-to-date: /home/exomy/exomy_ws/install/exomy_msgs/share/exomy_msgs/msg/RoverCommand.idl
[13.337s] -- Up-to-date: /home/exomy/exomy_ws/install/exomy_msgs/share/exomy_msgs/msg/Screen.idl
[13.338s] -- Up-to-date: /home/exomy/exomy_ws/install/exomy_msgs/share/exomy_msgs/msg/MotorCommands.msg
[13.338s] -- Up-to-date: /home/exomy/exomy_ws/install/exomy_msgs/share/exomy_msgs/msg/RoverCommand.msg
[13.360s] -- Up-to-date: /home/exomy/exomy_ws/install/exomy_msgs/share/exomy_msgs/msg/Screen.msg
[13.366s] -- Up-to-date: /home/exomy/exomy_ws/install/exomy_msgs/share/ament_index/resource_index/package_run_dependencies/exomy_msgs
[13.369s] -- Up-to-date: /home/exomy/exomy_ws/install/exomy_msgs/share/ament_index/resource_index/parent_prefix_path/exomy_msgs
[13.369s] -- Up-to-date: /home/exomy/exomy_ws/install/exomy_msgs/share/exomy_msgs/environment/ament_prefix_path.sh
[13.369s] -- Up-to-date: /home/exomy/exomy_ws/install/exomy_msgs/share/exomy_msgs/environment/ament_prefix_path.dsv
[13.370s] -- Up-to-date: /home/exomy/exomy_ws/install/exomy_msgs/share/exomy_msgs/environment/path.sh
[13.370s] -- Up-to-date: /home/exomy/exomy_ws/install/exomy_msgs/share/exomy_msgs/environment/path.dsv
[13.370s] -- Up-to-date: /home/exomy/exomy_ws/install/exomy_msgs/share/exomy_msgs/local_setup.bash
[13.371s] -- Up-to-date: /home/exomy/exomy_ws/install/exomy_msgs/share/exomy_msgs/local_setup.sh
[13.378s] -- Up-to-date: /home/exomy/exomy_ws/install/exomy_msgs/share/exomy_msgs/local_setup.zsh
[13.395s] -- Up-to-date: /home/exomy/exomy_ws/install/exomy_msgs/share/exomy_msgs/local_setup.dsv
[13.395s] -- Installing: /home/exomy/exomy_ws/install/exomy_msgs/share/exomy_msgs/package.dsv
[13.439s] -- Up-to-date: /home/exomy/exomy_ws/install/exomy_msgs/share/ament_index/resource_index/packages/exomy_msgs
[13.439s] -- Up-to-date: /home/exomy/exomy_ws/install/exomy_msgs/share/exomy_msgs/cmake/exomy_msgs__rosidl_generator_cExport.cmake
[13.440s] -- Up-to-date: /home/exomy/exomy_ws/install/exomy_msgs/share/exomy_msgs/cmake/exomy_msgs__rosidl_generator_cExport-noconfig.cmake
[13.479s] -- Up-to-date: /home/exomy/exomy_ws/install/exomy_msgs/share/exomy_msgs/cmake/exomy_msgs__rosidl_typesupport_introspection_cExport.cmake
[13.486s] -- Up-to-date: /home/exomy/exomy_ws/install/exomy_msgs/share/exomy_msgs/cmake/exomy_msgs__rosidl_typesupport_introspection_cExport-noconfig.cmake
[13.521s] -- Up-to-date: /home/exomy/exomy_ws/install/exomy_msgs/share/exomy_msgs/cmake/exomy_msgs__rosidl_typesupport_cExport.cmake
[13.522s] -- Up-to-date: /home/exomy/exomy_ws/install/exomy_msgs/share/exomy_msgs/cmake/exomy_msgs__rosidl_typesupport_cExport-noconfig.cmake
[13.532s] -- Up-to-date: /home/exomy/exomy_ws/install/exomy_msgs/share/exomy_msgs/cmake/exomy_msgs__rosidl_generator_cppExport.cmake
[13.652s] -- Up-to-date: /home/exomy/exomy_ws/install/exomy_msgs/share/exomy_msgs/cmake/exomy_msgs__rosidl_typesupport_introspection_cppExport.cmake
[13.671s] -- Up-to-date: /home/exomy/exomy_ws/install/exomy_msgs/share/exomy_msgs/cmake/exomy_msgs__rosidl_typesupport_introspection_cppExport-noconfig.cmake
[13.671s] -- Up-to-date: /home/exomy/exomy_ws/install/exomy_msgs/share/exomy_msgs/cmake/exomy_msgs__rosidl_typesupport_cppExport.cmake
[13.672s] -- Up-to-date: /home/exomy/exomy_ws/install/exomy_msgs/share/exomy_msgs/cmake/exomy_msgs__rosidl_typesupport_cppExport-noconfig.cmake
[13.672s] -- Up-to-date: /home/exomy/exomy_ws/install/exomy_msgs/share/exomy_msgs/cmake/rosidl_cmake-extras.cmake
[13.672s] -- Up-to-date: /home/exomy/exomy_ws/install/exomy_msgs/share/exomy_msgs/cmake/ament_cmake_export_dependencies-extras.cmake
[13.682s] -- Up-to-date: /home/exomy/exomy_ws/install/exomy_msgs/share/exomy_msgs/cmake/ament_cmake_export_libraries-extras.cmake
[13.685s] -- Up-to-date: /home/exomy/exomy_ws/install/exomy_msgs/share/exomy_msgs/cmake/ament_cmake_export_targets-extras.cmake
[13.689s] -- Up-to-date: /home/exomy/exomy_ws/install/exomy_msgs/share/exomy_msgs/cmake/ament_cmake_export_include_directories-extras.cmake
[13.694s] -- Up-to-date: /home/exomy/exomy_ws/install/exomy_msgs/share/exomy_msgs/cmake/rosidl_cmake_export_typesupport_libraries-extras.cmake
[13.695s] -- Up-to-date: /home/exomy/exomy_ws/install/exomy_msgs/share/exomy_msgs/cmake/rosidl_cmake_export_typesupport_targets-extras.cmake
[13.695s] -- Up-to-date: /home/exomy/exomy_ws/install/exomy_msgs/share/exomy_msgs/cmake/exomy_msgsConfig.cmake
[13.695s] -- Up-to-date: /home/exomy/exomy_ws/install/exomy_msgs/share/exomy_msgs/cmake/exomy_msgsConfig-version.cmake
[13.695s] -- Up-to-date: /home/exomy/exomy_ws/install/exomy_msgs/share/exomy_msgs/package.xml
[13.728s] Invoked command in '/home/exomy/exomy_ws/build/exomy_msgs' returned '0': CMAKE_PREFIX_PATH=/opt/ros/foxy /usr/bin/cmake --install /home/exomy/exomy_ws/build/exomy_msgs
