[0.065s] Invoking command in '/home/exomy/exomy_ws/exomy_ws_ros/exomy_ws/src/build/rtabmap_ros': CMAKE_PREFIX_PATH=${CMAKE_PREFIX_PATH}:/home/exomy/exomy_ws/exomy_ws_ros/exomy_ws/src/install/exomy:/home/exomy/exomy_ws/install/exomy:/opt/ros/foxy /usr/bin/cmake /home/exomy/exomy_ws/exomy_ws_ros/exomy_ws/src/src/rtabmap_ros -DCMAKE_INSTALL_PREFIX=/home/exomy/exomy_ws/exomy_ws_ros/exomy_ws/src/install/rtabmap_ros
[0.172s] -- The C compiler identification is GNU 9.3.0
[0.322s] -- The CXX compiler identification is GNU 9.3.0
[0.328s] -- Check for working C compiler: /usr/bin/cc
[0.447s] -- Check for working C compiler: /usr/bin/cc -- works
[0.448s] -- Detecting C compiler ABI info
[0.607s] -- Detecting C compiler ABI info - done
[0.635s] -- Detecting C compile features
[0.635s] -- Detecting C compile features - done
[0.636s] -- Check for working CXX compiler: /usr/bin/c++
[0.770s] -- Check for working CXX compiler: /usr/bin/c++ -- works
[0.771s] -- Detecting CXX compiler ABI info
[0.911s] -- Detecting CXX compiler ABI info - done
[0.922s] -- Detecting CXX compile features
[0.923s] -- Detecting CXX compile features - done
[0.929s] -- Found ament_cmake: 0.9.9 (/opt/ros/foxy/share/ament_cmake/cmake)
[0.974s] -- Found PythonInterp: /usr/bin/python3 (found suitable version "3.8.10", minimum required is "3") 
[0.975s] -- Using PYTHON_EXECUTABLE: /usr/bin/python3
[1.303s] -- Found builtin_interfaces: 1.0.0 (/opt/ros/foxy/share/builtin_interfaces/cmake)
[1.373s] -- Using all available rosidl_typesupport_c: rosidl_typesupport_fastrtps_c;rosidl_typesupport_introspection_c
[1.392s] -- Found rosidl_adapter: 1.2.1 (/opt/ros/foxy/share/rosidl_adapter/cmake)
[1.557s] -- Found OpenSSL: /usr/lib/x86_64-linux-gnu/libcrypto.so (found version "1.1.1f")  
[1.621s] -- Found FastRTPS: /opt/ros/foxy/include  
[1.776s] -- Using all available rosidl_typesupport_cpp: rosidl_typesupport_fastrtps_cpp;rosidl_typesupport_introspection_cpp
[1.840s] -- Found rosidl_default_generators: 1.0.1 (/opt/ros/foxy/share/rosidl_default_generators/cmake)
[1.869s] -- Found rclcpp: 2.4.1 (/opt/ros/foxy/share/rclcpp/cmake)
[1.963s] -- Found rmw_implementation_cmake: 1.0.3 (/opt/ros/foxy/share/rmw_implementation_cmake/cmake)
[1.966s] -- Using RMW implementation 'rmw_fastrtps_cpp' as default
[1.967s] -- Looking for pthread.h
[2.096s] -- Looking for pthread.h - found
[2.098s] -- Performing Test CMAKE_HAVE_LIBC_PTHREAD
[2.277s] -- Performing Test CMAKE_HAVE_LIBC_PTHREAD - Failed
[2.277s] -- Looking for pthread_create in pthreads
[2.404s] -- Looking for pthread_create in pthreads - not found
[2.404s] -- Looking for pthread_create in pthread
[2.533s] -- Looking for pthread_create in pthread - found
[2.535s] -- Found Threads: TRUE  
[2.863s] -- Found rclcpp_components: 2.4.1 (/opt/ros/foxy/share/rclcpp_components/cmake)
[2.985s] -- Found cv_bridge: 2.2.1 (/opt/ros/foxy/share/cv_bridge/cmake)
[3.032s] -- Found sensor_msgs: 2.0.5 (/opt/ros/foxy/share/sensor_msgs/cmake)
[3.246s] -- Found std_srvs: 2.0.5 (/opt/ros/foxy/share/std_srvs/cmake)
[3.266s] -- Found nav_msgs: 2.0.5 (/opt/ros/foxy/share/nav_msgs/cmake)
[3.379s] -- Found nav2_msgs: 0.4.7 (/opt/ros/foxy/share/nav2_msgs/cmake)
[3.805s] -- Found stereo_msgs: 2.0.5 (/opt/ros/foxy/share/stereo_msgs/cmake)
[3.977s] -- Found visualization_msgs: 2.0.5 (/opt/ros/foxy/share/visualization_msgs/cmake)
[4.097s] -- Found image_transport: 2.3.0 (/opt/ros/foxy/share/image_transport/cmake)
[4.176s] -- Found tf2: 0.13.13 (/opt/ros/foxy/share/tf2/cmake)
[4.192s] -- Found tf2_eigen: 0.13.13 (/opt/ros/foxy/share/tf2_eigen/cmake)
[4.573s] -- Found laser_geometry: 2.2.0 (/opt/ros/foxy/share/laser_geometry/cmake)
[4.580s] -- Found pcl_conversions: 2.2.1 (/opt/ros/foxy/share/pcl_conversions/cmake)
[4.827s] -- Found image_geometry: 2.2.1 (/opt/ros/foxy/share/image_geometry/cmake)
[4.855s] CMake Warning at CMakeLists.txt:53 (find_package):
[4.855s]   By not providing "Findoctomap_msgs.cmake" in CMAKE_MODULE_PATH this project
[4.855s]   has asked CMake to find a package configuration file provided by
[4.855s]   "octomap_msgs", but CMake did not find one.
[4.855s] 
[4.856s]   Could not find a package configuration file provided by "octomap_msgs" with
[4.856s]   any of the following names:
[4.856s] 
[4.856s]     octomap_msgsConfig.cmake
[4.856s]     octomap_msgs-config.cmake
[4.857s] 
[4.857s]   Add the installation prefix of "octomap_msgs" to CMAKE_PREFIX_PATH or set
[4.857s]   "octomap_msgs_DIR" to a directory containing one of the above files.  If
[4.857s]   "octomap_msgs" provides a separate development package or SDK, be sure it
[4.857s]   has been installed.
[4.857s] 
[4.858s] 
[4.875s] CMake Error at CMakeLists.txt:59 (find_package):
[4.875s]   By not providing "FindRTABMap.cmake" in CMAKE_MODULE_PATH this project has
[4.875s]   asked CMake to find a package configuration file provided by "RTABMap", but
[4.875s]   CMake did not find one.
[4.875s] 
[4.876s]   Could not find a package configuration file provided by "RTABMap"
[4.876s]   (requested version 0.20.18) with any of the following names:
[4.876s] 
[4.876s]     RTABMapConfig.cmake
[4.876s]     rtabmap-config.cmake
[4.877s] 
[4.877s]   Add the installation prefix of "RTABMap" to CMAKE_PREFIX_PATH or set
[4.877s]   "RTABMap_DIR" to a directory containing one of the above files.  If
[4.877s]   "RTABMap" provides a separate development package or SDK, be sure it has
[4.877s]   been installed.
[4.877s] 
[4.878s] 
[4.879s] -- Configuring incomplete, errors occurred!
[4.879s] See also "/home/exomy/exomy_ws/exomy_ws_ros/exomy_ws/src/build/rtabmap_ros/CMakeFiles/CMakeOutput.log".
[4.880s] See also "/home/exomy/exomy_ws/exomy_ws_ros/exomy_ws/src/build/rtabmap_ros/CMakeFiles/CMakeError.log".
[4.892s] Invoked command in '/home/exomy/exomy_ws/exomy_ws_ros/exomy_ws/src/build/rtabmap_ros' returned '1': CMAKE_PREFIX_PATH=${CMAKE_PREFIX_PATH}:/home/exomy/exomy_ws/exomy_ws_ros/exomy_ws/src/install/exomy:/home/exomy/exomy_ws/install/exomy:/opt/ros/foxy /usr/bin/cmake /home/exomy/exomy_ws/exomy_ws_ros/exomy_ws/src/src/rtabmap_ros -DCMAKE_INSTALL_PREFIX=/home/exomy/exomy_ws/exomy_ws_ros/exomy_ws/src/install/rtabmap_ros
