[0.057s] Invoking command in '/home/exomy/exomy_ws/exomy_ws_ros/exomy_ws/src/build/rtabmap_ros': CMAKE_PREFIX_PATH=${CMAKE_PREFIX_PATH}:/home/exomy/exomy_ws/exomy_ws_ros/exomy_ws/src/install/exomy:/home/exomy/exomy_ws/install/exomy:/opt/ros/foxy /usr/bin/cmake /home/exomy/exomy_ws/exomy_ws_ros/exomy_ws/src/src/rtabmap_ros -DCMAKE_INSTALL_PREFIX=/home/exomy/exomy_ws/exomy_ws_ros/exomy_ws/src/install/rtabmap_ros
[0.173s] -- The C compiler identification is GNU 9.3.0
[0.342s] -- The CXX compiler identification is GNU 9.3.0
[0.350s] -- Check for working C compiler: /usr/bin/cc
[0.477s] -- Check for working C compiler: /usr/bin/cc -- works
[0.478s] -- Detecting C compiler ABI info
[0.632s] -- Detecting C compiler ABI info - done
[0.645s] -- Detecting C compile features
[0.649s] -- Detecting C compile features - done
[0.649s] -- Check for working CXX compiler: /usr/bin/c++
[0.777s] -- Check for working CXX compiler: /usr/bin/c++ -- works
[0.777s] -- Detecting CXX compiler ABI info
[0.914s] -- Detecting CXX compiler ABI info - done
[0.934s] -- Detecting CXX compile features
[0.935s] -- Detecting CXX compile features - done
[0.938s] -- Found ament_cmake: 0.9.9 (/opt/ros/foxy/share/ament_cmake/cmake)
[0.973s] -- Found PythonInterp: /usr/bin/python3 (found suitable version "3.8.10", minimum required is "3") 
[0.973s] -- Using PYTHON_EXECUTABLE: /usr/bin/python3
[1.403s] -- Found builtin_interfaces: 1.0.0 (/opt/ros/foxy/share/builtin_interfaces/cmake)
[1.448s] -- Using all available rosidl_typesupport_c: rosidl_typesupport_fastrtps_c;rosidl_typesupport_introspection_c
[1.466s] -- Found rosidl_adapter: 1.2.1 (/opt/ros/foxy/share/rosidl_adapter/cmake)
[1.629s] -- Found OpenSSL: /usr/lib/x86_64-linux-gnu/libcrypto.so (found version "1.1.1f")  
[1.687s] -- Found FastRTPS: /opt/ros/foxy/include  
[1.932s] -- Using all available rosidl_typesupport_cpp: rosidl_typesupport_fastrtps_cpp;rosidl_typesupport_introspection_cpp
[1.995s] -- Found rosidl_default_generators: 1.0.1 (/opt/ros/foxy/share/rosidl_default_generators/cmake)
[2.020s] -- Found rclcpp: 2.4.1 (/opt/ros/foxy/share/rclcpp/cmake)
[2.119s] -- Found rmw_implementation_cmake: 1.0.3 (/opt/ros/foxy/share/rmw_implementation_cmake/cmake)
[2.121s] -- Using RMW implementation 'rmw_fastrtps_cpp' as default
[2.123s] -- Looking for pthread.h
[2.265s] -- Looking for pthread.h - found
[2.267s] -- Performing Test CMAKE_HAVE_LIBC_PTHREAD
[2.499s] -- Performing Test CMAKE_HAVE_LIBC_PTHREAD - Failed
[2.499s] -- Looking for pthread_create in pthreads
[2.645s] -- Looking for pthread_create in pthreads - not found
[2.645s] -- Looking for pthread_create in pthread
[2.777s] -- Looking for pthread_create in pthread - found
[2.777s] -- Found Threads: TRUE  
[3.023s] -- Found rclcpp_components: 2.4.1 (/opt/ros/foxy/share/rclcpp_components/cmake)
[3.121s] -- Found cv_bridge: 2.2.1 (/opt/ros/foxy/share/cv_bridge/cmake)
[3.153s] -- Found sensor_msgs: 2.0.5 (/opt/ros/foxy/share/sensor_msgs/cmake)
[3.324s] -- Found std_srvs: 2.0.5 (/opt/ros/foxy/share/std_srvs/cmake)
[3.341s] -- Found nav_msgs: 2.0.5 (/opt/ros/foxy/share/nav_msgs/cmake)
[3.427s] -- Found nav2_msgs: 0.4.7 (/opt/ros/foxy/share/nav2_msgs/cmake)
[3.814s] -- Found stereo_msgs: 2.0.5 (/opt/ros/foxy/share/stereo_msgs/cmake)
[3.967s] -- Found visualization_msgs: 2.0.5 (/opt/ros/foxy/share/visualization_msgs/cmake)
[4.091s] -- Found image_transport: 2.3.0 (/opt/ros/foxy/share/image_transport/cmake)
[4.191s] -- Found tf2: 0.13.13 (/opt/ros/foxy/share/tf2/cmake)
[4.207s] -- Found tf2_eigen: 0.13.13 (/opt/ros/foxy/share/tf2_eigen/cmake)
[4.551s] -- Found laser_geometry: 2.2.0 (/opt/ros/foxy/share/laser_geometry/cmake)
[4.564s] -- Found pcl_conversions: 2.2.1 (/opt/ros/foxy/share/pcl_conversions/cmake)
[4.780s] -- Found image_geometry: 2.2.1 (/opt/ros/foxy/share/image_geometry/cmake)
[4.802s] CMake Warning at CMakeLists.txt:53 (find_package):
[4.802s]   By not providing "Findoctomap_msgs.cmake" in CMAKE_MODULE_PATH this project
[4.802s]   has asked CMake to find a package configuration file provided by
[4.802s]   "octomap_msgs", but CMake did not find one.
[4.802s] 
[4.802s]   Could not find a package configuration file provided by "octomap_msgs" with
[4.803s]   any of the following names:
[4.806s] 
[4.806s]     octomap_msgsConfig.cmake
[4.806s]     octomap_msgs-config.cmake
[4.806s] 
[4.807s]   Add the installation prefix of "octomap_msgs" to CMAKE_PREFIX_PATH or set
[4.807s]   "octomap_msgs_DIR" to a directory containing one of the above files.  If
[4.807s]   "octomap_msgs" provides a separate development package or SDK, be sure it
[4.807s]   has been installed.
[4.807s] 
[4.807s] 
[4.820s] CMake Error at CMakeLists.txt:59 (find_package):
[4.821s]   By not providing "FindRTABMap.cmake" in CMAKE_MODULE_PATH this project has
[4.821s]   asked CMake to find a package configuration file provided by "RTABMap", but
[4.821s]   CMake did not find one.
[4.821s] 
[4.821s]   Could not find a package configuration file provided by "RTABMap"
[4.821s]   (requested version 0.20.18) with any of the following names:
[4.822s] 
[4.822s]     RTABMapConfig.cmake
[4.822s]     rtabmap-config.cmake
[4.822s] 
[4.823s]   Add the installation prefix of "RTABMap" to CMAKE_PREFIX_PATH or set
[4.823s]   "RTABMap_DIR" to a directory containing one of the above files.  If
[4.823s]   "RTABMap" provides a separate development package or SDK, be sure it has
[4.823s]   been installed.
[4.823s] 
[4.823s] 
[4.825s] -- Configuring incomplete, errors occurred!
[4.825s] See also "/home/exomy/exomy_ws/exomy_ws_ros/exomy_ws/src/build/rtabmap_ros/CMakeFiles/CMakeOutput.log".
[4.825s] See also "/home/exomy/exomy_ws/exomy_ws_ros/exomy_ws/src/build/rtabmap_ros/CMakeFiles/CMakeError.log".
[4.840s] Invoked command in '/home/exomy/exomy_ws/exomy_ws_ros/exomy_ws/src/build/rtabmap_ros' returned '1': CMAKE_PREFIX_PATH=${CMAKE_PREFIX_PATH}:/home/exomy/exomy_ws/exomy_ws_ros/exomy_ws/src/install/exomy:/home/exomy/exomy_ws/install/exomy:/opt/ros/foxy /usr/bin/cmake /home/exomy/exomy_ws/exomy_ws_ros/exomy_ws/src/src/rtabmap_ros -DCMAKE_INSTALL_PREFIX=/home/exomy/exomy_ws/exomy_ws_ros/exomy_ws/src/install/rtabmap_ros
