[1.224s] Invoking command in '/home/exomy/exomy_ws/src/exomy': CMAKE_PREFIX_PATH=/home/exomy/exomy_ws/install/exomy_msgs:/home/exomy/exomy_ws/install/rover_gazebo_plugins:/home/exomy/exomy_ws/install/exomy_sim_launch:/home/exomy/exomy_ws/install/exomy_sim:/home/exomy/exomy_ws/install/exomy_sim_msgs LD_LIBRARY_PATH=/home/exomy/exomy_ws/install/exomy_msgs/lib:/home/exomy/exomy_ws/install/rover_gazebo_plugins/lib:/home/exomy/exomy_ws/install/exomy_sim_msgs/lib:/usr/lib/x86_64-linux-gnu/gazebo-11/plugins:/opt/ros/foxy/opt/yaml_cpp_vendor/lib:/opt/ros/foxy/opt/rviz_ogre_vendor/lib:/opt/ros/foxy/lib/x86_64-linux-gnu:/opt/ros/foxy/lib:/usr/lib/x86_64-linux-gnu/gazebo-11/plugins PYTHONPATH=/home/exomy/exomy_ws/install/exomy/lib/python3.8/site-packages:/home/exomy/exomy_ws/install/exomy_msgs/lib/python3.8/site-packages:/home/exomy/exomy_ws/install/exomy_sim_msgs/lib/python3.8/site-packages:/home/exomy/exomy_ws/install/exomy/lib/python3.8/site-packages:/opt/ros/foxy/lib/python3.8/site-packages /usr/bin/python3 setup.py egg_info --egg-base ../../build/exomy build --build-base /home/exomy/exomy_ws/build/exomy/build install --prefix /home/exomy/exomy_ws/install/exomy --record /home/exomy/exomy_ws/build/exomy/install.log --single-version-externally-managed
[1.633s] running egg_info
[1.635s] writing ../../build/exomy/exomy.egg-info/PKG-INFO
[1.636s] writing dependency_links to ../../build/exomy/exomy.egg-info/dependency_links.txt
[1.636s] writing entry points to ../../build/exomy/exomy.egg-info/entry_points.txt
[1.636s] writing requirements to ../../build/exomy/exomy.egg-info/requires.txt
[1.637s] writing top-level names to ../../build/exomy/exomy.egg-info/top_level.txt
[1.693s] reading manifest file '../../build/exomy/exomy.egg-info/SOURCES.txt'
[1.694s] writing manifest file '../../build/exomy/exomy.egg-info/SOURCES.txt'
[1.695s] running build
[1.695s] running build_py
[1.696s] copying exomy/robot_node_modified.py -> /home/exomy/exomy_ws/build/exomy/build/lib/exomy
[1.696s] running install
[1.714s] running install_lib
[1.715s] copying /home/exomy/exomy_ws/build/exomy/build/lib/exomy/robot_node_modified.py -> /home/exomy/exomy_ws/install/exomy/lib/python3.8/site-packages/exomy
[1.716s] byte-compiling /home/exomy/exomy_ws/install/exomy/lib/python3.8/site-packages/exomy/robot_node_modified.py to robot_node_modified.cpython-38.pyc
[1.720s] running install_data
[1.721s] running install_egg_info
[1.725s] removing '/home/exomy/exomy_ws/install/exomy/lib/python3.8/site-packages/exomy-2.0.0-py3.8.egg-info' (and everything under it)
[1.730s] Copying ../../build/exomy/exomy.egg-info to /home/exomy/exomy_ws/install/exomy/lib/python3.8/site-packages/exomy-2.0.0-py3.8.egg-info
[1.732s] running install_scripts
[1.764s] Installing gamepad_parser_node script to /home/exomy/exomy_ws/install/exomy/lib/exomy
[1.773s] Installing motor_node script to /home/exomy/exomy_ws/install/exomy/lib/exomy
[1.773s] Installing robot_node script to /home/exomy/exomy_ws/install/exomy/lib/exomy
[1.774s] Installing robot_node_modified script to /home/exomy/exomy_ws/install/exomy/lib/exomy
[1.774s] writing list of installed files to '/home/exomy/exomy_ws/build/exomy/install.log'
[1.812s] Invoked command in '/home/exomy/exomy_ws/src/exomy' returned '0': CMAKE_PREFIX_PATH=/home/exomy/exomy_ws/install/exomy_msgs:/home/exomy/exomy_ws/install/rover_gazebo_plugins:/home/exomy/exomy_ws/install/exomy_sim_launch:/home/exomy/exomy_ws/install/exomy_sim:/home/exomy/exomy_ws/install/exomy_sim_msgs LD_LIBRARY_PATH=/home/exomy/exomy_ws/install/exomy_msgs/lib:/home/exomy/exomy_ws/install/rover_gazebo_plugins/lib:/home/exomy/exomy_ws/install/exomy_sim_msgs/lib:/usr/lib/x86_64-linux-gnu/gazebo-11/plugins:/opt/ros/foxy/opt/yaml_cpp_vendor/lib:/opt/ros/foxy/opt/rviz_ogre_vendor/lib:/opt/ros/foxy/lib/x86_64-linux-gnu:/opt/ros/foxy/lib:/usr/lib/x86_64-linux-gnu/gazebo-11/plugins PYTHONPATH=/home/exomy/exomy_ws/install/exomy/lib/python3.8/site-packages:/home/exomy/exomy_ws/install/exomy_msgs/lib/python3.8/site-packages:/home/exomy/exomy_ws/install/exomy_sim_msgs/lib/python3.8/site-packages:/home/exomy/exomy_ws/install/exomy/lib/python3.8/site-packages:/opt/ros/foxy/lib/python3.8/site-packages /usr/bin/python3 setup.py egg_info --egg-base ../../build/exomy build --build-base /home/exomy/exomy_ws/build/exomy/build install --prefix /home/exomy/exomy_ws/install/exomy --record /home/exomy/exomy_ws/build/exomy/install.log --single-version-externally-managed
