[0.034s] Invoking command in '/home/exomy/exomy_ws/build/exomy_sim_launch': AMENT_PREFIX_PATH=/home/exomy/exomy_ws/install/exomy:/home/exomy/exomy_ws/install/rover_gazebo_plugins:/home/exomy/exomy_ws/install/ros_wrapper:/home/exomy/exomy_ws/install/exomy_sim_launch:/home/exomy/exomy_ws/install/exomy_sim:/home/exomy/exomy_ws/install/exomy_sim_msgs:/home/exomy/exomy_ws/install/exomy_msgs:/opt/ros/foxy CMAKE_PREFIX_PATH=/home/exomy/exomy_ws/install/exomy_sim:/home/exomy/exomy_ws/install/exomy_sim_msgs:/home/exomy/exomy_ws/install/exomy_msgs:/home/exomy/exomy_ws/install/rover_gazebo_plugins:/home/exomy/exomy_ws/install/ros_wrapper:/home/exomy/exomy_ws/install/exomy_sim_launch:/home/exomy/exomy_ws/install/exomy:/opt/ros/foxy LD_LIBRARY_PATH=/home/exomy/exomy_ws/install/exomy_sim_msgs/lib:/home/exomy/exomy_ws/install/exomy_msgs/lib:/home/exomy/exomy_ws/install/rover_gazebo_plugins/lib:/usr/lib/x86_64-linux-gnu/gazebo-11/plugins:/opt/ros/foxy/opt/yaml_cpp_vendor/lib:/opt/ros/foxy/opt/rviz_ogre_vendor/lib:/opt/ros/foxy/lib/x86_64-linux-gnu:/opt/ros/foxy/lib:/usr/lib/x86_64-linux-gnu/gazebo-11/plugins PYTHONPATH=/home/exomy/exomy_ws/install/exomy/lib/python3.8/site-packages:/home/exomy/exomy_ws/install/exomy_sim_msgs/lib/python3.8/site-packages:/home/exomy/exomy_ws/install/exomy_msgs/lib/python3.8/site-packages:/opt/ros/foxy/lib/python3.8/site-packages /usr/bin/cmake /home/exomy/exomy_ws/src/exomy_sim_launch -DCMAKE_INSTALL_PREFIX=/home/exomy/exomy_ws/install/exomy_sim_launch
[0.119s] -- The C compiler identification is GNU 9.3.0
[0.179s] -- The CXX compiler identification is GNU 9.3.0
[0.184s] -- Check for working C compiler: /usr/bin/cc
[0.272s] -- Check for working C compiler: /usr/bin/cc -- works
[0.273s] -- Detecting C compiler ABI info
[0.356s] -- Detecting C compiler ABI info - done
[0.367s] -- Detecting C compile features
[0.367s] -- Detecting C compile features - done
[0.370s] -- Check for working CXX compiler: /usr/bin/c++
[0.472s] -- Check for working CXX compiler: /usr/bin/c++ -- works
[0.473s] -- Detecting CXX compiler ABI info
[0.569s] -- Detecting CXX compiler ABI info - done
[0.582s] -- Detecting CXX compile features
[0.583s] -- Detecting CXX compile features - done
[0.594s] -- Found ament_cmake: 0.9.9 (/opt/ros/foxy/share/ament_cmake/cmake)
[0.627s] -- Found PythonInterp: /usr/bin/python3 (found suitable version "3.8.10", minimum required is "3") 
[0.627s] -- Using PYTHON_EXECUTABLE: /usr/bin/python3
[0.903s] -- Configuring done
[0.905s] -- Generating done
[0.906s] -- Build files have been written to: /home/exomy/exomy_ws/build/exomy_sim_launch
[0.912s] Invoked command in '/home/exomy/exomy_ws/build/exomy_sim_launch' returned '0': AMENT_PREFIX_PATH=/home/exomy/exomy_ws/install/exomy:/home/exomy/exomy_ws/install/rover_gazebo_plugins:/home/exomy/exomy_ws/install/ros_wrapper:/home/exomy/exomy_ws/install/exomy_sim_launch:/home/exomy/exomy_ws/install/exomy_sim:/home/exomy/exomy_ws/install/exomy_sim_msgs:/home/exomy/exomy_ws/install/exomy_msgs:/opt/ros/foxy CMAKE_PREFIX_PATH=/home/exomy/exomy_ws/install/exomy_sim:/home/exomy/exomy_ws/install/exomy_sim_msgs:/home/exomy/exomy_ws/install/exomy_msgs:/home/exomy/exomy_ws/install/rover_gazebo_plugins:/home/exomy/exomy_ws/install/ros_wrapper:/home/exomy/exomy_ws/install/exomy_sim_launch:/home/exomy/exomy_ws/install/exomy:/opt/ros/foxy LD_LIBRARY_PATH=/home/exomy/exomy_ws/install/exomy_sim_msgs/lib:/home/exomy/exomy_ws/install/exomy_msgs/lib:/home/exomy/exomy_ws/install/rover_gazebo_plugins/lib:/usr/lib/x86_64-linux-gnu/gazebo-11/plugins:/opt/ros/foxy/opt/yaml_cpp_vendor/lib:/opt/ros/foxy/opt/rviz_ogre_vendor/lib:/opt/ros/foxy/lib/x86_64-linux-gnu:/opt/ros/foxy/lib:/usr/lib/x86_64-linux-gnu/gazebo-11/plugins PYTHONPATH=/home/exomy/exomy_ws/install/exomy/lib/python3.8/site-packages:/home/exomy/exomy_ws/install/exomy_sim_msgs/lib/python3.8/site-packages:/home/exomy/exomy_ws/install/exomy_msgs/lib/python3.8/site-packages:/opt/ros/foxy/lib/python3.8/site-packages /usr/bin/cmake /home/exomy/exomy_ws/src/exomy_sim_launch -DCMAKE_INSTALL_PREFIX=/home/exomy/exomy_ws/install/exomy_sim_launch
[0.913s] Invoking command in '/home/exomy/exomy_ws/build/exomy_sim_launch': AMENT_PREFIX_PATH=/home/exomy/exomy_ws/install/exomy:/home/exomy/exomy_ws/install/rover_gazebo_plugins:/home/exomy/exomy_ws/install/ros_wrapper:/home/exomy/exomy_ws/install/exomy_sim_launch:/home/exomy/exomy_ws/install/exomy_sim:/home/exomy/exomy_ws/install/exomy_sim_msgs:/home/exomy/exomy_ws/install/exomy_msgs:/opt/ros/foxy CMAKE_PREFIX_PATH=/home/exomy/exomy_ws/install/exomy_sim:/home/exomy/exomy_ws/install/exomy_sim_msgs:/home/exomy/exomy_ws/install/exomy_msgs:/home/exomy/exomy_ws/install/rover_gazebo_plugins:/home/exomy/exomy_ws/install/ros_wrapper:/home/exomy/exomy_ws/install/exomy_sim_launch:/home/exomy/exomy_ws/install/exomy:/opt/ros/foxy LD_LIBRARY_PATH=/home/exomy/exomy_ws/install/exomy_sim_msgs/lib:/home/exomy/exomy_ws/install/exomy_msgs/lib:/home/exomy/exomy_ws/install/rover_gazebo_plugins/lib:/usr/lib/x86_64-linux-gnu/gazebo-11/plugins:/opt/ros/foxy/opt/yaml_cpp_vendor/lib:/opt/ros/foxy/opt/rviz_ogre_vendor/lib:/opt/ros/foxy/lib/x86_64-linux-gnu:/opt/ros/foxy/lib:/usr/lib/x86_64-linux-gnu/gazebo-11/plugins PYTHONPATH=/home/exomy/exomy_ws/install/exomy/lib/python3.8/site-packages:/home/exomy/exomy_ws/install/exomy_sim_msgs/lib/python3.8/site-packages:/home/exomy/exomy_ws/install/exomy_msgs/lib/python3.8/site-packages:/opt/ros/foxy/lib/python3.8/site-packages /usr/bin/cmake --build /home/exomy/exomy_ws/build/exomy_sim_launch -- -j2 -l2
[0.971s] Invoked command in '/home/exomy/exomy_ws/build/exomy_sim_launch' returned '0': AMENT_PREFIX_PATH=/home/exomy/exomy_ws/install/exomy:/home/exomy/exomy_ws/install/rover_gazebo_plugins:/home/exomy/exomy_ws/install/ros_wrapper:/home/exomy/exomy_ws/install/exomy_sim_launch:/home/exomy/exomy_ws/install/exomy_sim:/home/exomy/exomy_ws/install/exomy_sim_msgs:/home/exomy/exomy_ws/install/exomy_msgs:/opt/ros/foxy CMAKE_PREFIX_PATH=/home/exomy/exomy_ws/install/exomy_sim:/home/exomy/exomy_ws/install/exomy_sim_msgs:/home/exomy/exomy_ws/install/exomy_msgs:/home/exomy/exomy_ws/install/rover_gazebo_plugins:/home/exomy/exomy_ws/install/ros_wrapper:/home/exomy/exomy_ws/install/exomy_sim_launch:/home/exomy/exomy_ws/install/exomy:/opt/ros/foxy LD_LIBRARY_PATH=/home/exomy/exomy_ws/install/exomy_sim_msgs/lib:/home/exomy/exomy_ws/install/exomy_msgs/lib:/home/exomy/exomy_ws/install/rover_gazebo_plugins/lib:/usr/lib/x86_64-linux-gnu/gazebo-11/plugins:/opt/ros/foxy/opt/yaml_cpp_vendor/lib:/opt/ros/foxy/opt/rviz_ogre_vendor/lib:/opt/ros/foxy/lib/x86_64-linux-gnu:/opt/ros/foxy/lib:/usr/lib/x86_64-linux-gnu/gazebo-11/plugins PYTHONPATH=/home/exomy/exomy_ws/install/exomy/lib/python3.8/site-packages:/home/exomy/exomy_ws/install/exomy_sim_msgs/lib/python3.8/site-packages:/home/exomy/exomy_ws/install/exomy_msgs/lib/python3.8/site-packages:/opt/ros/foxy/lib/python3.8/site-packages /usr/bin/cmake --build /home/exomy/exomy_ws/build/exomy_sim_launch -- -j2 -l2
[1.010s] Invoking command in '/home/exomy/exomy_ws/build/exomy_sim_launch': AMENT_PREFIX_PATH=/home/exomy/exomy_ws/install/exomy:/home/exomy/exomy_ws/install/rover_gazebo_plugins:/home/exomy/exomy_ws/install/ros_wrapper:/home/exomy/exomy_ws/install/exomy_sim_launch:/home/exomy/exomy_ws/install/exomy_sim:/home/exomy/exomy_ws/install/exomy_sim_msgs:/home/exomy/exomy_ws/install/exomy_msgs:/opt/ros/foxy CMAKE_PREFIX_PATH=/home/exomy/exomy_ws/install/exomy_sim:/home/exomy/exomy_ws/install/exomy_sim_msgs:/home/exomy/exomy_ws/install/exomy_msgs:/home/exomy/exomy_ws/install/rover_gazebo_plugins:/home/exomy/exomy_ws/install/ros_wrapper:/home/exomy/exomy_ws/install/exomy_sim_launch:/home/exomy/exomy_ws/install/exomy:/opt/ros/foxy LD_LIBRARY_PATH=/home/exomy/exomy_ws/install/exomy_sim_msgs/lib:/home/exomy/exomy_ws/install/exomy_msgs/lib:/home/exomy/exomy_ws/install/rover_gazebo_plugins/lib:/usr/lib/x86_64-linux-gnu/gazebo-11/plugins:/opt/ros/foxy/opt/yaml_cpp_vendor/lib:/opt/ros/foxy/opt/rviz_ogre_vendor/lib:/opt/ros/foxy/lib/x86_64-linux-gnu:/opt/ros/foxy/lib:/usr/lib/x86_64-linux-gnu/gazebo-11/plugins PYTHONPATH=/home/exomy/exomy_ws/install/exomy/lib/python3.8/site-packages:/home/exomy/exomy_ws/install/exomy_sim_msgs/lib/python3.8/site-packages:/home/exomy/exomy_ws/install/exomy_msgs/lib/python3.8/site-packages:/opt/ros/foxy/lib/python3.8/site-packages /usr/bin/cmake --install /home/exomy/exomy_ws/build/exomy_sim_launch
[1.022s] -- Install configuration: ""
[1.023s] -- Installing: /home/exomy/exomy_ws/install/exomy_sim_launch/share/exomy_sim_launch//launch
[1.023s] -- Installing: /home/exomy/exomy_ws/install/exomy_sim_launch/share/exomy_sim_launch//launch/spawn_exomy.launch.py
[1.023s] -- Installing: /home/exomy/exomy_ws/install/exomy_sim_launch/share/exomy_sim_launch//launch/simulation_mod.launch.py
[1.024s] -- Installing: /home/exomy/exomy_ws/install/exomy_sim_launch/share/exomy_sim_launch//launch/ros_navigation_socket.launch.py
[1.025s] -- Installing: /home/exomy/exomy_ws/install/exomy_sim_launch/share/exomy_sim_launch//launch/simulation.launch.py
[1.025s] -- Installing: /home/exomy/exomy_ws/install/exomy_sim_launch/share/ament_index/resource_index/package_run_dependencies/exomy_sim_launch
[1.026s] -- Installing: /home/exomy/exomy_ws/install/exomy_sim_launch/share/ament_index/resource_index/parent_prefix_path/exomy_sim_launch
[1.026s] -- Installing: /home/exomy/exomy_ws/install/exomy_sim_launch/share/exomy_sim_launch/environment/ament_prefix_path.sh
[1.026s] -- Installing: /home/exomy/exomy_ws/install/exomy_sim_launch/share/exomy_sim_launch/environment/ament_prefix_path.dsv
[1.027s] -- Installing: /home/exomy/exomy_ws/install/exomy_sim_launch/share/exomy_sim_launch/environment/path.sh
[1.027s] -- Installing: /home/exomy/exomy_ws/install/exomy_sim_launch/share/exomy_sim_launch/environment/path.dsv
[1.027s] -- Installing: /home/exomy/exomy_ws/install/exomy_sim_launch/share/exomy_sim_launch/local_setup.bash
[1.028s] -- Installing: /home/exomy/exomy_ws/install/exomy_sim_launch/share/exomy_sim_launch/local_setup.sh
[1.028s] -- Installing: /home/exomy/exomy_ws/install/exomy_sim_launch/share/exomy_sim_launch/local_setup.zsh
[1.028s] -- Installing: /home/exomy/exomy_ws/install/exomy_sim_launch/share/exomy_sim_launch/local_setup.dsv
[1.029s] -- Installing: /home/exomy/exomy_ws/install/exomy_sim_launch/share/exomy_sim_launch/package.dsv
[1.029s] -- Installing: /home/exomy/exomy_ws/install/exomy_sim_launch/share/ament_index/resource_index/packages/exomy_sim_launch
[1.029s] -- Installing: /home/exomy/exomy_ws/install/exomy_sim_launch/share/exomy_sim_launch/cmake/exomy_sim_launchConfig.cmake
[1.030s] -- Installing: /home/exomy/exomy_ws/install/exomy_sim_launch/share/exomy_sim_launch/cmake/exomy_sim_launchConfig-version.cmake
[1.030s] -- Installing: /home/exomy/exomy_ws/install/exomy_sim_launch/share/exomy_sim_launch/package.xml
[1.036s] Invoked command in '/home/exomy/exomy_ws/build/exomy_sim_launch' returned '0': AMENT_PREFIX_PATH=/home/exomy/exomy_ws/install/exomy:/home/exomy/exomy_ws/install/rover_gazebo_plugins:/home/exomy/exomy_ws/install/ros_wrapper:/home/exomy/exomy_ws/install/exomy_sim_launch:/home/exomy/exomy_ws/install/exomy_sim:/home/exomy/exomy_ws/install/exomy_sim_msgs:/home/exomy/exomy_ws/install/exomy_msgs:/opt/ros/foxy CMAKE_PREFIX_PATH=/home/exomy/exomy_ws/install/exomy_sim:/home/exomy/exomy_ws/install/exomy_sim_msgs:/home/exomy/exomy_ws/install/exomy_msgs:/home/exomy/exomy_ws/install/rover_gazebo_plugins:/home/exomy/exomy_ws/install/ros_wrapper:/home/exomy/exomy_ws/install/exomy_sim_launch:/home/exomy/exomy_ws/install/exomy:/opt/ros/foxy LD_LIBRARY_PATH=/home/exomy/exomy_ws/install/exomy_sim_msgs/lib:/home/exomy/exomy_ws/install/exomy_msgs/lib:/home/exomy/exomy_ws/install/rover_gazebo_plugins/lib:/usr/lib/x86_64-linux-gnu/gazebo-11/plugins:/opt/ros/foxy/opt/yaml_cpp_vendor/lib:/opt/ros/foxy/opt/rviz_ogre_vendor/lib:/opt/ros/foxy/lib/x86_64-linux-gnu:/opt/ros/foxy/lib:/usr/lib/x86_64-linux-gnu/gazebo-11/plugins PYTHONPATH=/home/exomy/exomy_ws/install/exomy/lib/python3.8/site-packages:/home/exomy/exomy_ws/install/exomy_sim_msgs/lib/python3.8/site-packages:/home/exomy/exomy_ws/install/exomy_msgs/lib/python3.8/site-packages:/opt/ros/foxy/lib/python3.8/site-packages /usr/bin/cmake --install /home/exomy/exomy_ws/build/exomy_sim_launch
