[0.031s] Invoking command in '/home/exomy/exomy_ws/build/exomy_msgs': CMAKE_PREFIX_PATH=${CMAKE_PREFIX_PATH}:/home/exomy/exomy_ws/install/exomy:/opt/ros/foxy /usr/bin/cmake --build /home/exomy/exomy_ws/build/exomy_msgs -- -j2 -l2
[0.178s] [  2%] Built target exomy_msgs__cpp
[0.193s] [ 12%] Built target exomy_msgs__rosidl_generator_c
[0.239s] [ 23%] Built target exomy_msgs__rosidl_typesupport_introspection_cpp
[0.287s] [ 34%] Built target exomy_msgs__rosidl_typesupport_fastrtps_cpp
[0.323s] [ 44%] Built target exomy_msgs__rosidl_typesupport_c
[0.345s] [ 55%] Built target exomy_msgs__rosidl_typesupport_cpp
[0.396s] [ 65%] Built target exomy_msgs__rosidl_typesupport_introspection_c
[0.413s] [ 76%] Built target exomy_msgs__rosidl_typesupport_fastrtps_c
[0.458s] [ 76%] Built target exomy_msgs
[0.494s] [ 78%] Built target exomy_msgs__py
[0.571s] [ 87%] Built target exomy_msgs__python
[0.632s] [ 91%] Built target exomy_msgs__rosidl_typesupport_c__pyext
[0.729s] [ 95%] Built target exomy_msgs__rosidl_typesupport_introspection_c__pyext
[0.752s] [100%] Built target exomy_msgs__rosidl_typesupport_fastrtps_c__pyext
[0.796s] Invoked command in '/home/exomy/exomy_ws/build/exomy_msgs' returned '0': CMAKE_PREFIX_PATH=${CMAKE_PREFIX_PATH}:/home/exomy/exomy_ws/install/exomy:/opt/ros/foxy /usr/bin/cmake --build /home/exomy/exomy_ws/build/exomy_msgs -- -j2 -l2
[1.429s] Invoking command in '/home/exomy/exomy_ws/build/exomy_msgs': CMAKE_PREFIX_PATH=${CMAKE_PREFIX_PATH}:/home/exomy/exomy_ws/install/exomy:/opt/ros/foxy /usr/bin/cmake --install /home/exomy/exomy_ws/build/exomy_msgs
[1.461s] -- Install configuration: ""
[1.470s] -- Up-to-date: /home/exomy/exomy_ws/install/exomy_msgs/share/ament_index/resource_index/rosidl_interfaces/exomy_msgs
[1.470s] -- Up-to-date: /home/exomy/exomy_ws/install/exomy_msgs/include/exomy_msgs
[1.470s] -- Up-to-date: /home/exomy/exomy_ws/install/exomy_msgs/include/exomy_msgs/msg
[1.470s] -- Up-to-date: /home/exomy/exomy_ws/install/exomy_msgs/include/exomy_msgs/msg/rosidl_generator_c__visibility_control.h
[1.470s] -- Up-to-date: /home/exomy/exomy_ws/install/exomy_msgs/include/exomy_msgs/msg/screen.h
[1.470s] -- Up-to-date: /home/exomy/exomy_ws/install/exomy_msgs/include/exomy_msgs/msg/motor_commands.h
[1.470s] -- Up-to-date: /home/exomy/exomy_ws/install/exomy_msgs/include/exomy_msgs/msg/detail
[1.470s] -- Up-to-date: /home/exomy/exomy_ws/install/exomy_msgs/include/exomy_msgs/msg/detail/motor_commands__functions.h
[1.471s] -- Up-to-date: /home/exomy/exomy_ws/install/exomy_msgs/include/exomy_msgs/msg/detail/screen__struct.h
[1.471s] -- Up-to-date: /home/exomy/exomy_ws/install/exomy_msgs/include/exomy_msgs/msg/detail/screen__type_support.h
[1.471s] -- Up-to-date: /home/exomy/exomy_ws/install/exomy_msgs/include/exomy_msgs/msg/detail/rover_command__struct.h
[1.471s] -- Up-to-date: /home/exomy/exomy_ws/install/exomy_msgs/include/exomy_msgs/msg/detail/motor_commands__type_support.h
[1.471s] -- Up-to-date: /home/exomy/exomy_ws/install/exomy_msgs/include/exomy_msgs/msg/detail/rover_command__type_support.h
[1.471s] -- Up-to-date: /home/exomy/exomy_ws/install/exomy_msgs/include/exomy_msgs/msg/detail/screen__functions.h
[1.471s] -- Up-to-date: /home/exomy/exomy_ws/install/exomy_msgs/include/exomy_msgs/msg/detail/rover_command__functions.c
[1.471s] -- Up-to-date: /home/exomy/exomy_ws/install/exomy_msgs/include/exomy_msgs/msg/detail/screen__functions.c
[1.471s] -- Up-to-date: /home/exomy/exomy_ws/install/exomy_msgs/include/exomy_msgs/msg/detail/rover_command__functions.h
[1.472s] -- Up-to-date: /home/exomy/exomy_ws/install/exomy_msgs/include/exomy_msgs/msg/detail/motor_commands__struct.h
[1.472s] -- Up-to-date: /home/exomy/exomy_ws/install/exomy_msgs/include/exomy_msgs/msg/detail/motor_commands__functions.c
[1.472s] -- Up-to-date: /home/exomy/exomy_ws/install/exomy_msgs/include/exomy_msgs/msg/rover_command.h
[1.472s] -- Up-to-date: /home/exomy/exomy_ws/install/exomy_msgs/share/exomy_msgs/environment/library_path.sh
[1.472s] -- Up-to-date: /home/exomy/exomy_ws/install/exomy_msgs/share/exomy_msgs/environment/library_path.dsv
[1.473s] -- Up-to-date: /home/exomy/exomy_ws/install/exomy_msgs/lib/libexomy_msgs__rosidl_generator_c.so
[1.473s] -- Up-to-date: /home/exomy/exomy_ws/install/exomy_msgs/include/exomy_msgs
[1.473s] -- Up-to-date: /home/exomy/exomy_ws/install/exomy_msgs/include/exomy_msgs/msg
[1.473s] -- Up-to-date: /home/exomy/exomy_ws/install/exomy_msgs/include/exomy_msgs/msg/detail
[1.473s] -- Up-to-date: /home/exomy/exomy_ws/install/exomy_msgs/include/exomy_msgs/msg/detail/screen__rosidl_typesupport_fastrtps_c.h
[1.474s] -- Up-to-date: /home/exomy/exomy_ws/install/exomy_msgs/include/exomy_msgs/msg/detail/rover_command__rosidl_typesupport_fastrtps_c.h
[1.474s] -- Up-to-date: /home/exomy/exomy_ws/install/exomy_msgs/include/exomy_msgs/msg/detail/motor_commands__rosidl_typesupport_fastrtps_c.h
[1.474s] -- Up-to-date: /home/exomy/exomy_ws/install/exomy_msgs/include/exomy_msgs/msg/rosidl_typesupport_fastrtps_c__visibility_control.h
[1.474s] -- Up-to-date: /home/exomy/exomy_ws/install/exomy_msgs/lib/libexomy_msgs__rosidl_typesupport_fastrtps_c.so
[1.474s] -- Up-to-date: /home/exomy/exomy_ws/install/exomy_msgs/include/exomy_msgs
[1.475s] -- Up-to-date: /home/exomy/exomy_ws/install/exomy_msgs/include/exomy_msgs/msg
[1.475s] -- Up-to-date: /home/exomy/exomy_ws/install/exomy_msgs/include/exomy_msgs/msg/rosidl_typesupport_fastrtps_cpp__visibility_control.h
[1.475s] -- Up-to-date: /home/exomy/exomy_ws/install/exomy_msgs/include/exomy_msgs/msg/detail
[1.475s] -- Up-to-date: /home/exomy/exomy_ws/install/exomy_msgs/include/exomy_msgs/msg/detail/dds_fastrtps
[1.475s] -- Up-to-date: /home/exomy/exomy_ws/install/exomy_msgs/include/exomy_msgs/msg/detail/motor_commands__rosidl_typesupport_fastrtps_cpp.hpp
[1.476s] -- Up-to-date: /home/exomy/exomy_ws/install/exomy_msgs/include/exomy_msgs/msg/detail/rover_command__rosidl_typesupport_fastrtps_cpp.hpp
[1.476s] -- Up-to-date: /home/exomy/exomy_ws/install/exomy_msgs/include/exomy_msgs/msg/detail/screen__rosidl_typesupport_fastrtps_cpp.hpp
[1.476s] -- Up-to-date: /home/exomy/exomy_ws/install/exomy_msgs/lib/libexomy_msgs__rosidl_typesupport_fastrtps_cpp.so
[1.480s] -- Up-to-date: /home/exomy/exomy_ws/install/exomy_msgs/include/exomy_msgs
[1.480s] -- Up-to-date: /home/exomy/exomy_ws/install/exomy_msgs/include/exomy_msgs/msg
[1.480s] -- Up-to-date: /home/exomy/exomy_ws/install/exomy_msgs/include/exomy_msgs/msg/rosidl_typesupport_introspection_c__visibility_control.h
[1.481s] -- Up-to-date: /home/exomy/exomy_ws/install/exomy_msgs/include/exomy_msgs/msg/detail
[1.481s] -- Up-to-date: /home/exomy/exomy_ws/install/exomy_msgs/include/exomy_msgs/msg/detail/motor_commands__rosidl_typesupport_introspection_c.h
[1.481s] -- Up-to-date: /home/exomy/exomy_ws/install/exomy_msgs/include/exomy_msgs/msg/detail/screen__rosidl_typesupport_introspection_c.h
[1.481s] -- Up-to-date: /home/exomy/exomy_ws/install/exomy_msgs/include/exomy_msgs/msg/detail/rover_command__type_support.c
[1.481s] -- Up-to-date: /home/exomy/exomy_ws/install/exomy_msgs/include/exomy_msgs/msg/detail/screen__type_support.c
[1.481s] -- Up-to-date: /home/exomy/exomy_ws/install/exomy_msgs/include/exomy_msgs/msg/detail/rover_command__rosidl_typesupport_introspection_c.h
[1.481s] -- Up-to-date: /home/exomy/exomy_ws/install/exomy_msgs/include/exomy_msgs/msg/detail/motor_commands__type_support.c
[1.482s] -- Up-to-date: /home/exomy/exomy_ws/install/exomy_msgs/lib/libexomy_msgs__rosidl_typesupport_introspection_c.so
[1.482s] -- Up-to-date: /home/exomy/exomy_ws/install/exomy_msgs/lib/libexomy_msgs__rosidl_typesupport_c.so
[1.483s] -- Up-to-date: /home/exomy/exomy_ws/install/exomy_msgs/include/exomy_msgs
[1.483s] -- Up-to-date: /home/exomy/exomy_ws/install/exomy_msgs/include/exomy_msgs/msg
[1.483s] -- Up-to-date: /home/exomy/exomy_ws/install/exomy_msgs/include/exomy_msgs/msg/rover_command.hpp
[1.484s] -- Up-to-date: /home/exomy/exomy_ws/install/exomy_msgs/include/exomy_msgs/msg/motor_commands.hpp
[1.484s] -- Up-to-date: /home/exomy/exomy_ws/install/exomy_msgs/include/exomy_msgs/msg/screen.hpp
[1.484s] -- Up-to-date: /home/exomy/exomy_ws/install/exomy_msgs/include/exomy_msgs/msg/detail
[1.484s] -- Up-to-date: /home/exomy/exomy_ws/install/exomy_msgs/include/exomy_msgs/msg/detail/motor_commands__struct.hpp
[1.485s] -- Up-to-date: /home/exomy/exomy_ws/install/exomy_msgs/include/exomy_msgs/msg/detail/rover_command__struct.hpp
[1.486s] -- Up-to-date: /home/exomy/exomy_ws/install/exomy_msgs/include/exomy_msgs/msg/detail/rover_command__builder.hpp
[1.486s] -- Up-to-date: /home/exomy/exomy_ws/install/exomy_msgs/include/exomy_msgs/msg/detail/screen__struct.hpp
[1.487s] -- Up-to-date: /home/exomy/exomy_ws/install/exomy_msgs/include/exomy_msgs/msg/detail/motor_commands__builder.hpp
[1.487s] -- Up-to-date: /home/exomy/exomy_ws/install/exomy_msgs/include/exomy_msgs/msg/detail/screen__traits.hpp
[1.491s] -- Up-to-date: /home/exomy/exomy_ws/install/exomy_msgs/include/exomy_msgs/msg/detail/rover_command__traits.hpp
[1.491s] -- Up-to-date: /home/exomy/exomy_ws/install/exomy_msgs/include/exomy_msgs/msg/detail/screen__builder.hpp
[1.492s] -- Up-to-date: /home/exomy/exomy_ws/install/exomy_msgs/include/exomy_msgs/msg/detail/motor_commands__traits.hpp
[1.492s] -- Up-to-date: /home/exomy/exomy_ws/install/exomy_msgs/include/exomy_msgs
[1.493s] -- Up-to-date: /home/exomy/exomy_ws/install/exomy_msgs/include/exomy_msgs/msg
[1.493s] -- Up-to-date: /home/exomy/exomy_ws/install/exomy_msgs/include/exomy_msgs/msg/detail
[1.497s] -- Up-to-date: /home/exomy/exomy_ws/install/exomy_msgs/include/exomy_msgs/msg/detail/motor_commands__rosidl_typesupport_introspection_cpp.hpp
[1.497s] -- Up-to-date: /home/exomy/exomy_ws/install/exomy_msgs/include/exomy_msgs/msg/detail/rover_command__rosidl_typesupport_introspection_cpp.hpp
[1.497s] -- Up-to-date: /home/exomy/exomy_ws/install/exomy_msgs/include/exomy_msgs/msg/detail/screen__type_support.cpp
[1.497s] -- Up-to-date: /home/exomy/exomy_ws/install/exomy_msgs/include/exomy_msgs/msg/detail/rover_command__type_support.cpp
[1.498s] -- Up-to-date: /home/exomy/exomy_ws/install/exomy_msgs/include/exomy_msgs/msg/detail/screen__rosidl_typesupport_introspection_cpp.hpp
[1.499s] -- Up-to-date: /home/exomy/exomy_ws/install/exomy_msgs/include/exomy_msgs/msg/detail/motor_commands__type_support.cpp
[1.499s] -- Up-to-date: /home/exomy/exomy_ws/install/exomy_msgs/lib/libexomy_msgs__rosidl_typesupport_introspection_cpp.so
[1.499s] -- Up-to-date: /home/exomy/exomy_ws/install/exomy_msgs/lib/libexomy_msgs__rosidl_typesupport_cpp.so
[1.500s] -- Up-to-date: /home/exomy/exomy_ws/install/exomy_msgs/share/exomy_msgs/environment/pythonpath.sh
[1.500s] -- Up-to-date: /home/exomy/exomy_ws/install/exomy_msgs/share/exomy_msgs/environment/pythonpath.dsv
[1.500s] -- Up-to-date: /home/exomy/exomy_ws/install/exomy_msgs/lib/python3.8/site-packages/exomy_msgs/__init__.py
[1.626s] -- Up-to-date: /home/exomy/exomy_ws/install/exomy_msgs/lib/python3.8/site-packages/exomy_msgs/msg
[1.626s] -- Up-to-date: /home/exomy/exomy_ws/install/exomy_msgs/lib/python3.8/site-packages/exomy_msgs/msg/_screen.py
[1.626s] -- Up-to-date: /home/exomy/exomy_ws/install/exomy_msgs/lib/python3.8/site-packages/exomy_msgs/msg/_motor_commands_s.c
[1.626s] -- Up-to-date: /home/exomy/exomy_ws/install/exomy_msgs/lib/python3.8/site-packages/exomy_msgs/msg/_rover_command_s.c
[1.626s] -- Up-to-date: /home/exomy/exomy_ws/install/exomy_msgs/lib/python3.8/site-packages/exomy_msgs/msg/_motor_commands.py
[1.626s] -- Up-to-date: /home/exomy/exomy_ws/install/exomy_msgs/lib/python3.8/site-packages/exomy_msgs/msg/__init__.py
[1.626s] -- Up-to-date: /home/exomy/exomy_ws/install/exomy_msgs/lib/python3.8/site-packages/exomy_msgs/msg/_rover_command.py
[1.627s] -- Up-to-date: /home/exomy/exomy_ws/install/exomy_msgs/lib/python3.8/site-packages/exomy_msgs/msg/_screen_s.c
[1.627s] -- Up-to-date: /home/exomy/exomy_ws/install/exomy_msgs/lib/python3.8/site-packages/exomy_msgs/exomy_msgs_s__rosidl_typesupport_fastrtps_c.cpython-38-x86_64-linux-gnu.so
[1.627s] -- Up-to-date: /home/exomy/exomy_ws/install/exomy_msgs/lib/python3.8/site-packages/exomy_msgs/exomy_msgs_s__rosidl_typesupport_introspection_c.cpython-38-x86_64-linux-gnu.so
[1.628s] -- Up-to-date: /home/exomy/exomy_ws/install/exomy_msgs/lib/python3.8/site-packages/exomy_msgs/exomy_msgs_s__rosidl_typesupport_c.cpython-38-x86_64-linux-gnu.so
[1.628s] -- Up-to-date: /home/exomy/exomy_ws/install/exomy_msgs/lib/libexomy_msgs__python.so
[1.629s] -- Up-to-date: /home/exomy/exomy_ws/install/exomy_msgs/share/exomy_msgs/msg/MotorCommands.idl
[1.629s] -- Up-to-date: /home/exomy/exomy_ws/install/exomy_msgs/share/exomy_msgs/msg/RoverCommand.idl
[1.629s] -- Up-to-date: /home/exomy/exomy_ws/install/exomy_msgs/share/exomy_msgs/msg/Screen.idl
[1.629s] -- Up-to-date: /home/exomy/exomy_ws/install/exomy_msgs/share/exomy_msgs/msg/MotorCommands.msg
[1.630s] -- Up-to-date: /home/exomy/exomy_ws/install/exomy_msgs/share/exomy_msgs/msg/RoverCommand.msg
[1.630s] -- Up-to-date: /home/exomy/exomy_ws/install/exomy_msgs/share/exomy_msgs/msg/Screen.msg
[1.630s] -- Up-to-date: /home/exomy/exomy_ws/install/exomy_msgs/share/ament_index/resource_index/package_run_dependencies/exomy_msgs
[1.630s] -- Up-to-date: /home/exomy/exomy_ws/install/exomy_msgs/share/ament_index/resource_index/parent_prefix_path/exomy_msgs
[1.630s] -- Up-to-date: /home/exomy/exomy_ws/install/exomy_msgs/share/exomy_msgs/environment/ament_prefix_path.sh
[1.630s] -- Up-to-date: /home/exomy/exomy_ws/install/exomy_msgs/share/exomy_msgs/environment/ament_prefix_path.dsv
[1.630s] -- Up-to-date: /home/exomy/exomy_ws/install/exomy_msgs/share/exomy_msgs/environment/path.sh
[1.633s] -- Up-to-date: /home/exomy/exomy_ws/install/exomy_msgs/share/exomy_msgs/environment/path.dsv
[1.633s] -- Up-to-date: /home/exomy/exomy_ws/install/exomy_msgs/share/exomy_msgs/local_setup.bash
[1.633s] -- Up-to-date: /home/exomy/exomy_ws/install/exomy_msgs/share/exomy_msgs/local_setup.sh
[1.633s] -- Up-to-date: /home/exomy/exomy_ws/install/exomy_msgs/share/exomy_msgs/local_setup.zsh
[1.633s] -- Up-to-date: /home/exomy/exomy_ws/install/exomy_msgs/share/exomy_msgs/local_setup.dsv
[1.633s] -- Installing: /home/exomy/exomy_ws/install/exomy_msgs/share/exomy_msgs/package.dsv
[1.633s] -- Up-to-date: /home/exomy/exomy_ws/install/exomy_msgs/share/ament_index/resource_index/packages/exomy_msgs
[1.633s] -- Up-to-date: /home/exomy/exomy_ws/install/exomy_msgs/share/exomy_msgs/cmake/exomy_msgs__rosidl_generator_cExport.cmake
[1.634s] -- Up-to-date: /home/exomy/exomy_ws/install/exomy_msgs/share/exomy_msgs/cmake/exomy_msgs__rosidl_generator_cExport-noconfig.cmake
[1.634s] -- Up-to-date: /home/exomy/exomy_ws/install/exomy_msgs/share/exomy_msgs/cmake/exomy_msgs__rosidl_typesupport_introspection_cExport.cmake
[1.634s] -- Up-to-date: /home/exomy/exomy_ws/install/exomy_msgs/share/exomy_msgs/cmake/exomy_msgs__rosidl_typesupport_introspection_cExport-noconfig.cmake
[1.635s] -- Up-to-date: /home/exomy/exomy_ws/install/exomy_msgs/share/exomy_msgs/cmake/exomy_msgs__rosidl_typesupport_cExport.cmake
[1.635s] -- Up-to-date: /home/exomy/exomy_ws/install/exomy_msgs/share/exomy_msgs/cmake/exomy_msgs__rosidl_typesupport_cExport-noconfig.cmake
[1.642s] -- Up-to-date: /home/exomy/exomy_ws/install/exomy_msgs/share/exomy_msgs/cmake/exomy_msgs__rosidl_generator_cppExport.cmake
[1.648s] -- Up-to-date: /home/exomy/exomy_ws/install/exomy_msgs/share/exomy_msgs/cmake/exomy_msgs__rosidl_typesupport_introspection_cppExport.cmake
[1.648s] -- Up-to-date: /home/exomy/exomy_ws/install/exomy_msgs/share/exomy_msgs/cmake/exomy_msgs__rosidl_typesupport_introspection_cppExport-noconfig.cmake
[1.651s] -- Up-to-date: /home/exomy/exomy_ws/install/exomy_msgs/share/exomy_msgs/cmake/exomy_msgs__rosidl_typesupport_cppExport.cmake
[1.651s] -- Up-to-date: /home/exomy/exomy_ws/install/exomy_msgs/share/exomy_msgs/cmake/exomy_msgs__rosidl_typesupport_cppExport-noconfig.cmake
[1.651s] -- Up-to-date: /home/exomy/exomy_ws/install/exomy_msgs/share/exomy_msgs/cmake/rosidl_cmake-extras.cmake
[1.652s] -- Up-to-date: /home/exomy/exomy_ws/install/exomy_msgs/share/exomy_msgs/cmake/ament_cmake_export_dependencies-extras.cmake
[1.652s] -- Up-to-date: /home/exomy/exomy_ws/install/exomy_msgs/share/exomy_msgs/cmake/ament_cmake_export_libraries-extras.cmake
[1.652s] -- Up-to-date: /home/exomy/exomy_ws/install/exomy_msgs/share/exomy_msgs/cmake/ament_cmake_export_targets-extras.cmake
[1.652s] -- Up-to-date: /home/exomy/exomy_ws/install/exomy_msgs/share/exomy_msgs/cmake/ament_cmake_export_include_directories-extras.cmake
[1.652s] -- Up-to-date: /home/exomy/exomy_ws/install/exomy_msgs/share/exomy_msgs/cmake/rosidl_cmake_export_typesupport_libraries-extras.cmake
[1.653s] -- Up-to-date: /home/exomy/exomy_ws/install/exomy_msgs/share/exomy_msgs/cmake/rosidl_cmake_export_typesupport_targets-extras.cmake
[1.653s] -- Up-to-date: /home/exomy/exomy_ws/install/exomy_msgs/share/exomy_msgs/cmake/exomy_msgsConfig.cmake
[1.653s] -- Up-to-date: /home/exomy/exomy_ws/install/exomy_msgs/share/exomy_msgs/cmake/exomy_msgsConfig-version.cmake
[1.653s] -- Up-to-date: /home/exomy/exomy_ws/install/exomy_msgs/share/exomy_msgs/package.xml
[1.658s] Invoked command in '/home/exomy/exomy_ws/build/exomy_msgs' returned '0': CMAKE_PREFIX_PATH=${CMAKE_PREFIX_PATH}:/home/exomy/exomy_ws/install/exomy:/opt/ros/foxy /usr/bin/cmake --install /home/exomy/exomy_ws/build/exomy_msgs
