[0.688s] Invoking command in '/home/exomy/exomy_ws/src/exomy': CMAKE_PREFIX_PATH=/home/exomy/exomy_ws/install/exomy_msgs:/home/exomy/exomy_ws/install/rover_gazebo_plugins:/home/exomy/exomy_ws/install/ros_wrapper:/home/exomy/exomy_ws/install/exomy_sim_launch:/home/exomy/exomy_ws/install/exomy_sim:/home/exomy/exomy_ws/install/exomy_sim_msgs LD_LIBRARY_PATH=/home/exomy/exomy_ws/install/exomy_msgs/lib:/home/exomy/exomy_ws/install/rover_gazebo_plugins/lib:/home/exomy/exomy_ws/install/exomy_sim_msgs/lib:/usr/lib/x86_64-linux-gnu/gazebo-11/plugins:/opt/ros/foxy/opt/yaml_cpp_vendor/lib:/opt/ros/foxy/opt/rviz_ogre_vendor/lib:/opt/ros/foxy/lib/x86_64-linux-gnu:/opt/ros/foxy/lib:/usr/lib/x86_64-linux-gnu/gazebo-11/plugins PYTHONPATH=/home/exomy/exomy_ws/install/exomy/lib/python3.8/site-packages:/home/exomy/exomy_ws/install/exomy_msgs/lib/python3.8/site-packages:/home/exomy/exomy_ws/install/exomy_sim_msgs/lib/python3.8/site-packages:/home/exomy/exomy_ws/install/exomy/lib/python3.8/site-packages:/opt/ros/foxy/lib/python3.8/site-packages /usr/bin/python3 setup.py egg_info --egg-base ../../build/exomy build --build-base /home/exomy/exomy_ws/build/exomy/build install --prefix /home/exomy/exomy_ws/install/exomy --record /home/exomy/exomy_ws/build/exomy/install.log --single-version-externally-managed
[0.900s] running egg_info
[0.900s] creating ../../build/exomy/exomy.egg-info
[0.900s] writing ../../build/exomy/exomy.egg-info/PKG-INFO
[0.900s] writing dependency_links to ../../build/exomy/exomy.egg-info/dependency_links.txt
[0.901s] writing entry points to ../../build/exomy/exomy.egg-info/entry_points.txt
[0.901s] writing requirements to ../../build/exomy/exomy.egg-info/requires.txt
[0.901s] writing top-level names to ../../build/exomy/exomy.egg-info/top_level.txt
[0.903s] writing manifest file '../../build/exomy/exomy.egg-info/SOURCES.txt'
[0.943s] reading manifest file '../../build/exomy/exomy.egg-info/SOURCES.txt'
[0.944s] writing manifest file '../../build/exomy/exomy.egg-info/SOURCES.txt'
[0.944s] running build
[0.944s] running build_py
[0.945s] creating /home/exomy/exomy_ws/build/exomy/build
[0.945s] creating /home/exomy/exomy_ws/build/exomy/build/lib
[0.945s] creating /home/exomy/exomy_ws/build/exomy/build/lib/exomy
[0.945s] copying exomy/robot_node.py -> /home/exomy/exomy_ws/build/exomy/build/lib/exomy
[0.945s] copying exomy/motors.py -> /home/exomy/exomy_ws/build/exomy/build/lib/exomy
[0.945s] copying exomy/rover.py -> /home/exomy/exomy_ws/build/exomy/build/lib/exomy
[0.945s] copying exomy/motor_node.py -> /home/exomy/exomy_ws/build/exomy/build/lib/exomy
[0.945s] copying exomy/gamepad_parser_node.py -> /home/exomy/exomy_ws/build/exomy/build/lib/exomy
[0.945s] copying exomy/locomotion_modes.py -> /home/exomy/exomy_ws/build/exomy/build/lib/exomy
[0.946s] copying exomy/__init__.py -> /home/exomy/exomy_ws/build/exomy/build/lib/exomy
[0.946s] copying exomy/robot_node_modified.py -> /home/exomy/exomy_ws/build/exomy/build/lib/exomy
[0.946s] copying exomy/rover_modified.py -> /home/exomy/exomy_ws/build/exomy/build/lib/exomy
[0.946s] running install
[0.947s] running install_lib
[0.948s] creating /home/exomy/exomy_ws/install/exomy/lib/python3.8/site-packages/exomy
[0.948s] copying /home/exomy/exomy_ws/build/exomy/build/lib/exomy/robot_node.py -> /home/exomy/exomy_ws/install/exomy/lib/python3.8/site-packages/exomy
[0.948s] copying /home/exomy/exomy_ws/build/exomy/build/lib/exomy/motors.py -> /home/exomy/exomy_ws/install/exomy/lib/python3.8/site-packages/exomy
[0.948s] copying /home/exomy/exomy_ws/build/exomy/build/lib/exomy/rover.py -> /home/exomy/exomy_ws/install/exomy/lib/python3.8/site-packages/exomy
[0.948s] copying /home/exomy/exomy_ws/build/exomy/build/lib/exomy/motor_node.py -> /home/exomy/exomy_ws/install/exomy/lib/python3.8/site-packages/exomy
[0.948s] copying /home/exomy/exomy_ws/build/exomy/build/lib/exomy/gamepad_parser_node.py -> /home/exomy/exomy_ws/install/exomy/lib/python3.8/site-packages/exomy
[0.948s] copying /home/exomy/exomy_ws/build/exomy/build/lib/exomy/locomotion_modes.py -> /home/exomy/exomy_ws/install/exomy/lib/python3.8/site-packages/exomy
[0.948s] copying /home/exomy/exomy_ws/build/exomy/build/lib/exomy/__init__.py -> /home/exomy/exomy_ws/install/exomy/lib/python3.8/site-packages/exomy
[0.949s] copying /home/exomy/exomy_ws/build/exomy/build/lib/exomy/robot_node_modified.py -> /home/exomy/exomy_ws/install/exomy/lib/python3.8/site-packages/exomy
[0.949s] copying /home/exomy/exomy_ws/build/exomy/build/lib/exomy/rover_modified.py -> /home/exomy/exomy_ws/install/exomy/lib/python3.8/site-packages/exomy
[0.949s] byte-compiling /home/exomy/exomy_ws/install/exomy/lib/python3.8/site-packages/exomy/robot_node.py to robot_node.cpython-38.pyc
[0.950s] byte-compiling /home/exomy/exomy_ws/install/exomy/lib/python3.8/site-packages/exomy/motors.py to motors.cpython-38.pyc
[0.951s] byte-compiling /home/exomy/exomy_ws/install/exomy/lib/python3.8/site-packages/exomy/rover.py to rover.cpython-38.pyc
[0.953s] byte-compiling /home/exomy/exomy_ws/install/exomy/lib/python3.8/site-packages/exomy/motor_node.py to motor_node.cpython-38.pyc
[0.954s] byte-compiling /home/exomy/exomy_ws/install/exomy/lib/python3.8/site-packages/exomy/gamepad_parser_node.py to gamepad_parser_node.cpython-38.pyc
[0.954s] byte-compiling /home/exomy/exomy_ws/install/exomy/lib/python3.8/site-packages/exomy/locomotion_modes.py to locomotion_modes.cpython-38.pyc
[0.954s] byte-compiling /home/exomy/exomy_ws/install/exomy/lib/python3.8/site-packages/exomy/__init__.py to __init__.cpython-38.pyc
[0.955s] byte-compiling /home/exomy/exomy_ws/install/exomy/lib/python3.8/site-packages/exomy/robot_node_modified.py to robot_node_modified.cpython-38.pyc
[0.955s] byte-compiling /home/exomy/exomy_ws/install/exomy/lib/python3.8/site-packages/exomy/rover_modified.py to rover_modified.cpython-38.pyc
[0.955s] running install_data
[0.956s] creating /home/exomy/exomy_ws/install/exomy/share/ament_index
[0.956s] creating /home/exomy/exomy_ws/install/exomy/share/ament_index/resource_index
[0.956s] creating /home/exomy/exomy_ws/install/exomy/share/ament_index/resource_index/packages
[0.956s] copying resource/exomy -> /home/exomy/exomy_ws/install/exomy/share/ament_index/resource_index/packages
[0.956s] copying package.xml -> /home/exomy/exomy_ws/install/exomy/share/exomy
[0.956s] copying launch/exomy.launch.py -> /home/exomy/exomy_ws/install/exomy/share/exomy
[0.956s] running install_egg_info
[0.958s] Copying ../../build/exomy/exomy.egg-info to /home/exomy/exomy_ws/install/exomy/lib/python3.8/site-packages/exomy-2.0.0-py3.8.egg-info
[0.959s] running install_scripts
[0.979s] Installing gamepad_parser_node script to /home/exomy/exomy_ws/install/exomy/lib/exomy
[0.980s] Installing motor_node script to /home/exomy/exomy_ws/install/exomy/lib/exomy
[0.980s] Installing robot_node script to /home/exomy/exomy_ws/install/exomy/lib/exomy
[0.980s] writing list of installed files to '/home/exomy/exomy_ws/build/exomy/install.log'
[1.001s] Invoked command in '/home/exomy/exomy_ws/src/exomy' returned '0': CMAKE_PREFIX_PATH=/home/exomy/exomy_ws/install/exomy_msgs:/home/exomy/exomy_ws/install/rover_gazebo_plugins:/home/exomy/exomy_ws/install/ros_wrapper:/home/exomy/exomy_ws/install/exomy_sim_launch:/home/exomy/exomy_ws/install/exomy_sim:/home/exomy/exomy_ws/install/exomy_sim_msgs LD_LIBRARY_PATH=/home/exomy/exomy_ws/install/exomy_msgs/lib:/home/exomy/exomy_ws/install/rover_gazebo_plugins/lib:/home/exomy/exomy_ws/install/exomy_sim_msgs/lib:/usr/lib/x86_64-linux-gnu/gazebo-11/plugins:/opt/ros/foxy/opt/yaml_cpp_vendor/lib:/opt/ros/foxy/opt/rviz_ogre_vendor/lib:/opt/ros/foxy/lib/x86_64-linux-gnu:/opt/ros/foxy/lib:/usr/lib/x86_64-linux-gnu/gazebo-11/plugins PYTHONPATH=/home/exomy/exomy_ws/install/exomy/lib/python3.8/site-packages:/home/exomy/exomy_ws/install/exomy_msgs/lib/python3.8/site-packages:/home/exomy/exomy_ws/install/exomy_sim_msgs/lib/python3.8/site-packages:/home/exomy/exomy_ws/install/exomy/lib/python3.8/site-packages:/opt/ros/foxy/lib/python3.8/site-packages /usr/bin/python3 setup.py egg_info --egg-base ../../build/exomy build --build-base /home/exomy/exomy_ws/build/exomy/build install --prefix /home/exomy/exomy_ws/install/exomy --record /home/exomy/exomy_ws/build/exomy/install.log --single-version-externally-managed
