[0.071s] Invoking command in '/home/exomy/exomy_ws/exomy_ws_ros/exomy_ws/build/rtabmap_ros': CMAKE_PREFIX_PATH=${CMAKE_PREFIX_PATH}:/home/exomy/exomy_ws/exomy_ws_ros/exomy_ws/src/install/exomy:/home/exomy/exomy_ws/install/exomy:/opt/ros/foxy /usr/bin/cmake /home/exomy/exomy_ws/exomy_ws_ros/exomy_ws/src/src/rtabmap_ros -DCMAKE_INSTALL_PREFIX=/home/exomy/exomy_ws/exomy_ws_ros/exomy_ws/install/rtabmap_ros
[0.166s] -- The C compiler identification is GNU 9.3.0
[0.265s] -- The CXX compiler identification is GNU 9.3.0
[0.272s] -- Check for working C compiler: /usr/bin/cc
[0.389s] -- Check for working C compiler: /usr/bin/cc -- works
[0.391s] -- Detecting C compiler ABI info
[0.485s] -- Detecting C compiler ABI info - done
[0.500s] -- Detecting C compile features
[0.501s] -- Detecting C compile features - done
[0.504s] -- Check for working CXX compiler: /usr/bin/c++
[0.617s] -- Check for working CXX compiler: /usr/bin/c++ -- works
[0.619s] -- Detecting CXX compiler ABI info
[0.736s] -- Detecting CXX compiler ABI info - done
[0.755s] -- Detecting CXX compile features
[0.755s] -- Detecting CXX compile features - done
[0.760s] -- Found ament_cmake: 0.9.9 (/opt/ros/foxy/share/ament_cmake/cmake)
[0.798s] -- Found PythonInterp: /usr/bin/python3 (found suitable version "3.8.10", minimum required is "3") 
[0.798s] -- Using PYTHON_EXECUTABLE: /usr/bin/python3
[1.046s] -- Found builtin_interfaces: 1.0.0 (/opt/ros/foxy/share/builtin_interfaces/cmake)
[1.090s] -- Using all available rosidl_typesupport_c: rosidl_typesupport_fastrtps_c;rosidl_typesupport_introspection_c
[1.108s] -- Found rosidl_adapter: 1.2.1 (/opt/ros/foxy/share/rosidl_adapter/cmake)
[1.250s] -- Found OpenSSL: /usr/lib/x86_64-linux-gnu/libcrypto.so (found version "1.1.1f")  
[1.292s] -- Found FastRTPS: /opt/ros/foxy/include  
[1.418s] -- Using all available rosidl_typesupport_cpp: rosidl_typesupport_fastrtps_cpp;rosidl_typesupport_introspection_cpp
[1.458s] -- Found rosidl_default_generators: 1.0.1 (/opt/ros/foxy/share/rosidl_default_generators/cmake)
[1.477s] -- Found rclcpp: 2.4.1 (/opt/ros/foxy/share/rclcpp/cmake)
[1.550s] -- Found rmw_implementation_cmake: 1.0.3 (/opt/ros/foxy/share/rmw_implementation_cmake/cmake)
[1.552s] -- Using RMW implementation 'rmw_fastrtps_cpp' as default
[1.553s] -- Looking for pthread.h
[1.656s] -- Looking for pthread.h - found
[1.656s] -- Performing Test CMAKE_HAVE_LIBC_PTHREAD
[1.754s] -- Performing Test CMAKE_HAVE_LIBC_PTHREAD - Failed
[1.754s] -- Looking for pthread_create in pthreads
[1.841s] -- Looking for pthread_create in pthreads - not found
[1.841s] -- Looking for pthread_create in pthread
[1.937s] -- Looking for pthread_create in pthread - found
[1.939s] -- Found Threads: TRUE  
[2.152s] -- Found rclcpp_components: 2.4.1 (/opt/ros/foxy/share/rclcpp_components/cmake)
[2.241s] -- Found cv_bridge: 2.2.1 (/opt/ros/foxy/share/cv_bridge/cmake)
[2.268s] -- Found sensor_msgs: 2.0.5 (/opt/ros/foxy/share/sensor_msgs/cmake)
[2.426s] -- Found std_srvs: 2.0.5 (/opt/ros/foxy/share/std_srvs/cmake)
[2.445s] -- Found nav_msgs: 2.0.5 (/opt/ros/foxy/share/nav_msgs/cmake)
[2.542s] -- Found nav2_msgs: 0.4.7 (/opt/ros/foxy/share/nav2_msgs/cmake)
[2.898s] -- Found stereo_msgs: 2.0.5 (/opt/ros/foxy/share/stereo_msgs/cmake)
[3.047s] -- Found visualization_msgs: 2.0.5 (/opt/ros/foxy/share/visualization_msgs/cmake)
[3.141s] -- Found image_transport: 2.3.0 (/opt/ros/foxy/share/image_transport/cmake)
[3.207s] -- Found tf2: 0.13.13 (/opt/ros/foxy/share/tf2/cmake)
[3.225s] -- Found tf2_eigen: 0.13.13 (/opt/ros/foxy/share/tf2_eigen/cmake)
[3.551s] -- Found laser_geometry: 2.2.0 (/opt/ros/foxy/share/laser_geometry/cmake)
[3.559s] -- Found pcl_conversions: 2.2.1 (/opt/ros/foxy/share/pcl_conversions/cmake)
[3.781s] -- Found image_geometry: 2.2.1 (/opt/ros/foxy/share/image_geometry/cmake)
[3.804s] CMake Warning at CMakeLists.txt:53 (find_package):
[3.804s]   By not providing "Findoctomap_msgs.cmake" in CMAKE_MODULE_PATH this project
[3.804s]   has asked CMake to find a package configuration file provided by
[3.804s]   "octomap_msgs", but CMake did not find one.
[3.804s] 
[3.804s]   Could not find a package configuration file provided by "octomap_msgs" with
[3.804s]   any of the following names:
[3.805s] 
[3.805s]     octomap_msgsConfig.cmake
[3.805s]     octomap_msgs-config.cmake
[3.805s] 
[3.805s]   Add the installation prefix of "octomap_msgs" to CMAKE_PREFIX_PATH or set
[3.805s]   "octomap_msgs_DIR" to a directory containing one of the above files.  If
[3.805s]   "octomap_msgs" provides a separate development package or SDK, be sure it
[3.805s]   has been installed.
[3.805s] 
[3.805s] 
[3.823s] CMake Error at CMakeLists.txt:59 (find_package):
[3.823s]   By not providing "FindRTABMap.cmake" in CMAKE_MODULE_PATH this project has
[3.823s]   asked CMake to find a package configuration file provided by "RTABMap", but
[3.823s]   CMake did not find one.
[3.823s] 
[3.823s]   Could not find a package configuration file provided by "RTABMap"
[3.823s]   (requested version 0.20.18) with any of the following names:
[3.823s] 
[3.824s]     RTABMapConfig.cmake
[3.824s]     rtabmap-config.cmake
[3.824s] 
[3.824s]   Add the installation prefix of "RTABMap" to CMAKE_PREFIX_PATH or set
[3.824s]   "RTABMap_DIR" to a directory containing one of the above files.  If
[3.824s]   "RTABMap" provides a separate development package or SDK, be sure it has
[3.824s]   been installed.
[3.824s] 
[3.824s] 
[3.827s] -- Configuring incomplete, errors occurred!
[3.827s] See also "/home/exomy/exomy_ws/exomy_ws_ros/exomy_ws/build/rtabmap_ros/CMakeFiles/CMakeOutput.log".
[3.827s] See also "/home/exomy/exomy_ws/exomy_ws_ros/exomy_ws/build/rtabmap_ros/CMakeFiles/CMakeError.log".
