[0.032s] Invoking command in '/home/exomy/exomy_ws/build/exomy_msgs': CMAKE_PREFIX_PATH=${CMAKE_PREFIX_PATH}:/home/exomy/exomy_ws/install/exomy:/opt/ros/foxy /usr/bin/cmake --build /home/exomy/exomy_ws/build/exomy_msgs -- -j2 -l2
[0.128s] [ 10%] Built target exomy_msgs__rosidl_generator_c
[0.129s] [ 12%] Built target exomy_msgs__cpp
[0.178s] [ 23%] Built target exomy_msgs__rosidl_typesupport_introspection_cpp
[0.205s] [ 34%] Built target exomy_msgs__rosidl_typesupport_fastrtps_cpp
[0.238s] [ 44%] Built target exomy_msgs__rosidl_typesupport_c
[0.270s] [ 55%] Built target exomy_msgs__rosidl_typesupport_cpp
[0.308s] [ 65%] Built target exomy_msgs__rosidl_typesupport_introspection_c
[0.325s] [ 76%] Built target exomy_msgs__rosidl_typesupport_fastrtps_c
[0.354s] [ 76%] Built target exomy_msgs
[0.381s] [ 78%] Built target exomy_msgs__py
[0.418s] [ 87%] Built target exomy_msgs__python
[0.472s] [ 91%] Built target exomy_msgs__rosidl_typesupport_c__pyext
[0.484s] [ 95%] Built target exomy_msgs__rosidl_typesupport_introspection_c__pyext
[0.508s] [100%] Built target exomy_msgs__rosidl_typesupport_fastrtps_c__pyext
[0.538s] Invoked command in '/home/exomy/exomy_ws/build/exomy_msgs' returned '0': CMAKE_PREFIX_PATH=${CMAKE_PREFIX_PATH}:/home/exomy/exomy_ws/install/exomy:/opt/ros/foxy /usr/bin/cmake --build /home/exomy/exomy_ws/build/exomy_msgs -- -j2 -l2
[0.775s] Invoking command in '/home/exomy/exomy_ws/build/exomy_msgs': CMAKE_PREFIX_PATH=${CMAKE_PREFIX_PATH}:/home/exomy/exomy_ws/install/exomy:/opt/ros/foxy /usr/bin/cmake --install /home/exomy/exomy_ws/build/exomy_msgs
[0.790s] -- Install configuration: ""
[0.790s] -- Up-to-date: /home/exomy/exomy_ws/install/exomy_msgs/share/ament_index/resource_index/rosidl_interfaces/exomy_msgs
[0.790s] -- Up-to-date: /home/exomy/exomy_ws/install/exomy_msgs/include/exomy_msgs
[0.790s] -- Up-to-date: /home/exomy/exomy_ws/install/exomy_msgs/include/exomy_msgs/msg
[0.791s] -- Up-to-date: /home/exomy/exomy_ws/install/exomy_msgs/include/exomy_msgs/msg/rosidl_generator_c__visibility_control.h
[0.791s] -- Up-to-date: /home/exomy/exomy_ws/install/exomy_msgs/include/exomy_msgs/msg/screen.h
[0.792s] -- Up-to-date: /home/exomy/exomy_ws/install/exomy_msgs/include/exomy_msgs/msg/motor_commands.h
[0.792s] -- Up-to-date: /home/exomy/exomy_ws/install/exomy_msgs/include/exomy_msgs/msg/detail
[0.792s] -- Up-to-date: /home/exomy/exomy_ws/install/exomy_msgs/include/exomy_msgs/msg/detail/motor_commands__functions.h
[0.792s] -- Up-to-date: /home/exomy/exomy_ws/install/exomy_msgs/include/exomy_msgs/msg/detail/screen__struct.h
[0.792s] -- Up-to-date: /home/exomy/exomy_ws/install/exomy_msgs/include/exomy_msgs/msg/detail/screen__type_support.h
[0.792s] -- Up-to-date: /home/exomy/exomy_ws/install/exomy_msgs/include/exomy_msgs/msg/detail/rover_command__struct.h
[0.792s] -- Up-to-date: /home/exomy/exomy_ws/install/exomy_msgs/include/exomy_msgs/msg/detail/motor_commands__type_support.h
[0.792s] -- Up-to-date: /home/exomy/exomy_ws/install/exomy_msgs/include/exomy_msgs/msg/detail/rover_command__type_support.h
[0.792s] -- Up-to-date: /home/exomy/exomy_ws/install/exomy_msgs/include/exomy_msgs/msg/detail/screen__functions.h
[0.792s] -- Up-to-date: /home/exomy/exomy_ws/install/exomy_msgs/include/exomy_msgs/msg/detail/rover_command__functions.c
[0.792s] -- Up-to-date: /home/exomy/exomy_ws/install/exomy_msgs/include/exomy_msgs/msg/detail/screen__functions.c
[0.792s] -- Up-to-date: /home/exomy/exomy_ws/install/exomy_msgs/include/exomy_msgs/msg/detail/rover_command__functions.h
[0.793s] -- Up-to-date: /home/exomy/exomy_ws/install/exomy_msgs/include/exomy_msgs/msg/detail/motor_commands__struct.h
[0.793s] -- Up-to-date: /home/exomy/exomy_ws/install/exomy_msgs/include/exomy_msgs/msg/detail/motor_commands__functions.c
[0.793s] -- Up-to-date: /home/exomy/exomy_ws/install/exomy_msgs/include/exomy_msgs/msg/rover_command.h
[0.793s] -- Up-to-date: /home/exomy/exomy_ws/install/exomy_msgs/share/exomy_msgs/environment/library_path.sh
[0.793s] -- Up-to-date: /home/exomy/exomy_ws/install/exomy_msgs/share/exomy_msgs/environment/library_path.dsv
[0.794s] -- Up-to-date: /home/exomy/exomy_ws/install/exomy_msgs/lib/libexomy_msgs__rosidl_generator_c.so
[0.794s] -- Up-to-date: /home/exomy/exomy_ws/install/exomy_msgs/include/exomy_msgs
[0.794s] -- Up-to-date: /home/exomy/exomy_ws/install/exomy_msgs/include/exomy_msgs/msg
[0.795s] -- Up-to-date: /home/exomy/exomy_ws/install/exomy_msgs/include/exomy_msgs/msg/detail
[0.795s] -- Up-to-date: /home/exomy/exomy_ws/install/exomy_msgs/include/exomy_msgs/msg/detail/screen__rosidl_typesupport_fastrtps_c.h
[0.795s] -- Up-to-date: /home/exomy/exomy_ws/install/exomy_msgs/include/exomy_msgs/msg/detail/rover_command__rosidl_typesupport_fastrtps_c.h
[0.795s] -- Up-to-date: /home/exomy/exomy_ws/install/exomy_msgs/include/exomy_msgs/msg/detail/motor_commands__rosidl_typesupport_fastrtps_c.h
[0.795s] -- Up-to-date: /home/exomy/exomy_ws/install/exomy_msgs/include/exomy_msgs/msg/rosidl_typesupport_fastrtps_c__visibility_control.h
[0.796s] -- Up-to-date: /home/exomy/exomy_ws/install/exomy_msgs/lib/libexomy_msgs__rosidl_typesupport_fastrtps_c.so
[0.796s] -- Up-to-date: /home/exomy/exomy_ws/install/exomy_msgs/include/exomy_msgs
[0.797s] -- Up-to-date: /home/exomy/exomy_ws/install/exomy_msgs/include/exomy_msgs/msg
[0.797s] -- Up-to-date: /home/exomy/exomy_ws/install/exomy_msgs/include/exomy_msgs/msg/rosidl_typesupport_fastrtps_cpp__visibility_control.h
[0.797s] -- Up-to-date: /home/exomy/exomy_ws/install/exomy_msgs/include/exomy_msgs/msg/detail
[0.797s] -- Up-to-date: /home/exomy/exomy_ws/install/exomy_msgs/include/exomy_msgs/msg/detail/dds_fastrtps
[0.797s] -- Up-to-date: /home/exomy/exomy_ws/install/exomy_msgs/include/exomy_msgs/msg/detail/motor_commands__rosidl_typesupport_fastrtps_cpp.hpp
[0.798s] -- Up-to-date: /home/exomy/exomy_ws/install/exomy_msgs/include/exomy_msgs/msg/detail/rover_command__rosidl_typesupport_fastrtps_cpp.hpp
[0.798s] -- Up-to-date: /home/exomy/exomy_ws/install/exomy_msgs/include/exomy_msgs/msg/detail/screen__rosidl_typesupport_fastrtps_cpp.hpp
[0.798s] -- Up-to-date: /home/exomy/exomy_ws/install/exomy_msgs/lib/libexomy_msgs__rosidl_typesupport_fastrtps_cpp.so
[0.799s] -- Up-to-date: /home/exomy/exomy_ws/install/exomy_msgs/include/exomy_msgs
[0.799s] -- Up-to-date: /home/exomy/exomy_ws/install/exomy_msgs/include/exomy_msgs/msg
[0.799s] -- Up-to-date: /home/exomy/exomy_ws/install/exomy_msgs/include/exomy_msgs/msg/rosidl_typesupport_introspection_c__visibility_control.h
[0.799s] -- Up-to-date: /home/exomy/exomy_ws/install/exomy_msgs/include/exomy_msgs/msg/detail
[0.800s] -- Up-to-date: /home/exomy/exomy_ws/install/exomy_msgs/include/exomy_msgs/msg/detail/motor_commands__rosidl_typesupport_introspection_c.h
[0.800s] -- Up-to-date: /home/exomy/exomy_ws/install/exomy_msgs/include/exomy_msgs/msg/detail/screen__rosidl_typesupport_introspection_c.h
[0.800s] -- Up-to-date: /home/exomy/exomy_ws/install/exomy_msgs/include/exomy_msgs/msg/detail/rover_command__type_support.c
[0.800s] -- Up-to-date: /home/exomy/exomy_ws/install/exomy_msgs/include/exomy_msgs/msg/detail/screen__type_support.c
[0.800s] -- Up-to-date: /home/exomy/exomy_ws/install/exomy_msgs/include/exomy_msgs/msg/detail/rover_command__rosidl_typesupport_introspection_c.h
[0.800s] -- Up-to-date: /home/exomy/exomy_ws/install/exomy_msgs/include/exomy_msgs/msg/detail/motor_commands__type_support.c
[0.801s] -- Up-to-date: /home/exomy/exomy_ws/install/exomy_msgs/lib/libexomy_msgs__rosidl_typesupport_introspection_c.so
[0.804s] -- Up-to-date: /home/exomy/exomy_ws/install/exomy_msgs/lib/libexomy_msgs__rosidl_typesupport_c.so
[0.805s] -- Up-to-date: /home/exomy/exomy_ws/install/exomy_msgs/include/exomy_msgs
[0.806s] -- Up-to-date: /home/exomy/exomy_ws/install/exomy_msgs/include/exomy_msgs/msg
[0.806s] -- Up-to-date: /home/exomy/exomy_ws/install/exomy_msgs/include/exomy_msgs/msg/rover_command.hpp
[0.806s] -- Up-to-date: /home/exomy/exomy_ws/install/exomy_msgs/include/exomy_msgs/msg/motor_commands.hpp
[0.807s] -- Up-to-date: /home/exomy/exomy_ws/install/exomy_msgs/include/exomy_msgs/msg/screen.hpp
[0.807s] -- Up-to-date: /home/exomy/exomy_ws/install/exomy_msgs/include/exomy_msgs/msg/detail
[0.808s] -- Up-to-date: /home/exomy/exomy_ws/install/exomy_msgs/include/exomy_msgs/msg/detail/motor_commands__struct.hpp
[0.808s] -- Up-to-date: /home/exomy/exomy_ws/install/exomy_msgs/include/exomy_msgs/msg/detail/rover_command__struct.hpp
[0.808s] -- Up-to-date: /home/exomy/exomy_ws/install/exomy_msgs/include/exomy_msgs/msg/detail/rover_command__builder.hpp
[0.809s] -- Up-to-date: /home/exomy/exomy_ws/install/exomy_msgs/include/exomy_msgs/msg/detail/screen__struct.hpp
[0.809s] -- Up-to-date: /home/exomy/exomy_ws/install/exomy_msgs/include/exomy_msgs/msg/detail/motor_commands__builder.hpp
[0.809s] -- Up-to-date: /home/exomy/exomy_ws/install/exomy_msgs/include/exomy_msgs/msg/detail/screen__traits.hpp
[0.810s] -- Up-to-date: /home/exomy/exomy_ws/install/exomy_msgs/include/exomy_msgs/msg/detail/rover_command__traits.hpp
[0.811s] -- Up-to-date: /home/exomy/exomy_ws/install/exomy_msgs/include/exomy_msgs/msg/detail/screen__builder.hpp
[0.811s] -- Up-to-date: /home/exomy/exomy_ws/install/exomy_msgs/include/exomy_msgs/msg/detail/motor_commands__traits.hpp
[0.811s] -- Up-to-date: /home/exomy/exomy_ws/install/exomy_msgs/include/exomy_msgs
[0.812s] -- Up-to-date: /home/exomy/exomy_ws/install/exomy_msgs/include/exomy_msgs/msg
[0.814s] -- Up-to-date: /home/exomy/exomy_ws/install/exomy_msgs/include/exomy_msgs/msg/detail
[0.815s] -- Up-to-date: /home/exomy/exomy_ws/install/exomy_msgs/include/exomy_msgs/msg/detail/motor_commands__rosidl_typesupport_introspection_cpp.hpp
[0.815s] -- Up-to-date: /home/exomy/exomy_ws/install/exomy_msgs/include/exomy_msgs/msg/detail/rover_command__rosidl_typesupport_introspection_cpp.hpp
[0.816s] -- Up-to-date: /home/exomy/exomy_ws/install/exomy_msgs/include/exomy_msgs/msg/detail/screen__type_support.cpp
[0.816s] -- Up-to-date: /home/exomy/exomy_ws/install/exomy_msgs/include/exomy_msgs/msg/detail/rover_command__type_support.cpp
[0.817s] -- Up-to-date: /home/exomy/exomy_ws/install/exomy_msgs/include/exomy_msgs/msg/detail/screen__rosidl_typesupport_introspection_cpp.hpp
[0.817s] -- Up-to-date: /home/exomy/exomy_ws/install/exomy_msgs/include/exomy_msgs/msg/detail/motor_commands__type_support.cpp
[0.817s] -- Up-to-date: /home/exomy/exomy_ws/install/exomy_msgs/lib/libexomy_msgs__rosidl_typesupport_introspection_cpp.so
[0.818s] -- Up-to-date: /home/exomy/exomy_ws/install/exomy_msgs/lib/libexomy_msgs__rosidl_typesupport_cpp.so
[0.818s] -- Up-to-date: /home/exomy/exomy_ws/install/exomy_msgs/share/exomy_msgs/environment/pythonpath.sh
[0.818s] -- Up-to-date: /home/exomy/exomy_ws/install/exomy_msgs/share/exomy_msgs/environment/pythonpath.dsv
[0.818s] -- Up-to-date: /home/exomy/exomy_ws/install/exomy_msgs/lib/python3.8/site-packages/exomy_msgs/__init__.py
[0.865s] -- Up-to-date: /home/exomy/exomy_ws/install/exomy_msgs/lib/python3.8/site-packages/exomy_msgs/msg
[0.865s] -- Up-to-date: /home/exomy/exomy_ws/install/exomy_msgs/lib/python3.8/site-packages/exomy_msgs/msg/_screen.py
[0.865s] -- Up-to-date: /home/exomy/exomy_ws/install/exomy_msgs/lib/python3.8/site-packages/exomy_msgs/msg/_motor_commands_s.c
[0.866s] -- Up-to-date: /home/exomy/exomy_ws/install/exomy_msgs/lib/python3.8/site-packages/exomy_msgs/msg/_rover_command_s.c
[0.866s] -- Up-to-date: /home/exomy/exomy_ws/install/exomy_msgs/lib/python3.8/site-packages/exomy_msgs/msg/_motor_commands.py
[0.868s] -- Up-to-date: /home/exomy/exomy_ws/install/exomy_msgs/lib/python3.8/site-packages/exomy_msgs/msg/__init__.py
[0.869s] -- Up-to-date: /home/exomy/exomy_ws/install/exomy_msgs/lib/python3.8/site-packages/exomy_msgs/msg/_rover_command.py
[0.869s] -- Up-to-date: /home/exomy/exomy_ws/install/exomy_msgs/lib/python3.8/site-packages/exomy_msgs/msg/_screen_s.c
[0.870s] -- Up-to-date: /home/exomy/exomy_ws/install/exomy_msgs/lib/python3.8/site-packages/exomy_msgs/exomy_msgs_s__rosidl_typesupport_fastrtps_c.cpython-38-x86_64-linux-gnu.so
[0.870s] -- Up-to-date: /home/exomy/exomy_ws/install/exomy_msgs/lib/python3.8/site-packages/exomy_msgs/exomy_msgs_s__rosidl_typesupport_introspection_c.cpython-38-x86_64-linux-gnu.so
[0.870s] -- Up-to-date: /home/exomy/exomy_ws/install/exomy_msgs/lib/python3.8/site-packages/exomy_msgs/exomy_msgs_s__rosidl_typesupport_c.cpython-38-x86_64-linux-gnu.so
[0.871s] -- Up-to-date: /home/exomy/exomy_ws/install/exomy_msgs/lib/libexomy_msgs__python.so
[0.871s] -- Up-to-date: /home/exomy/exomy_ws/install/exomy_msgs/share/exomy_msgs/msg/MotorCommands.idl
[0.871s] -- Up-to-date: /home/exomy/exomy_ws/install/exomy_msgs/share/exomy_msgs/msg/RoverCommand.idl
[0.872s] -- Up-to-date: /home/exomy/exomy_ws/install/exomy_msgs/share/exomy_msgs/msg/Screen.idl
[0.872s] -- Up-to-date: /home/exomy/exomy_ws/install/exomy_msgs/share/exomy_msgs/msg/MotorCommands.msg
[0.873s] -- Up-to-date: /home/exomy/exomy_ws/install/exomy_msgs/share/exomy_msgs/msg/RoverCommand.msg
[0.873s] -- Up-to-date: /home/exomy/exomy_ws/install/exomy_msgs/share/exomy_msgs/msg/Screen.msg
[0.873s] -- Up-to-date: /home/exomy/exomy_ws/install/exomy_msgs/share/ament_index/resource_index/package_run_dependencies/exomy_msgs
[0.875s] -- Up-to-date: /home/exomy/exomy_ws/install/exomy_msgs/share/ament_index/resource_index/parent_prefix_path/exomy_msgs
[0.875s] -- Up-to-date: /home/exomy/exomy_ws/install/exomy_msgs/share/exomy_msgs/environment/ament_prefix_path.sh
[0.876s] -- Up-to-date: /home/exomy/exomy_ws/install/exomy_msgs/share/exomy_msgs/environment/ament_prefix_path.dsv
[0.876s] -- Up-to-date: /home/exomy/exomy_ws/install/exomy_msgs/share/exomy_msgs/environment/path.sh
[0.878s] -- Up-to-date: /home/exomy/exomy_ws/install/exomy_msgs/share/exomy_msgs/environment/path.dsv
[0.879s] -- Up-to-date: /home/exomy/exomy_ws/install/exomy_msgs/share/exomy_msgs/local_setup.bash
[0.880s] -- Up-to-date: /home/exomy/exomy_ws/install/exomy_msgs/share/exomy_msgs/local_setup.sh
[0.880s] -- Up-to-date: /home/exomy/exomy_ws/install/exomy_msgs/share/exomy_msgs/local_setup.zsh
[0.881s] -- Up-to-date: /home/exomy/exomy_ws/install/exomy_msgs/share/exomy_msgs/local_setup.dsv
[0.881s] -- Installing: /home/exomy/exomy_ws/install/exomy_msgs/share/exomy_msgs/package.dsv
[0.881s] -- Up-to-date: /home/exomy/exomy_ws/install/exomy_msgs/share/ament_index/resource_index/packages/exomy_msgs
[0.883s] -- Up-to-date: /home/exomy/exomy_ws/install/exomy_msgs/share/exomy_msgs/cmake/exomy_msgs__rosidl_generator_cExport.cmake
[0.883s] -- Up-to-date: /home/exomy/exomy_ws/install/exomy_msgs/share/exomy_msgs/cmake/exomy_msgs__rosidl_generator_cExport-noconfig.cmake
[0.883s] -- Up-to-date: /home/exomy/exomy_ws/install/exomy_msgs/share/exomy_msgs/cmake/exomy_msgs__rosidl_typesupport_introspection_cExport.cmake
[0.883s] -- Up-to-date: /home/exomy/exomy_ws/install/exomy_msgs/share/exomy_msgs/cmake/exomy_msgs__rosidl_typesupport_introspection_cExport-noconfig.cmake
[0.884s] -- Up-to-date: /home/exomy/exomy_ws/install/exomy_msgs/share/exomy_msgs/cmake/exomy_msgs__rosidl_typesupport_cExport.cmake
[0.884s] -- Up-to-date: /home/exomy/exomy_ws/install/exomy_msgs/share/exomy_msgs/cmake/exomy_msgs__rosidl_typesupport_cExport-noconfig.cmake
[0.884s] -- Up-to-date: /home/exomy/exomy_ws/install/exomy_msgs/share/exomy_msgs/cmake/exomy_msgs__rosidl_generator_cppExport.cmake
[0.884s] -- Up-to-date: /home/exomy/exomy_ws/install/exomy_msgs/share/exomy_msgs/cmake/exomy_msgs__rosidl_typesupport_introspection_cppExport.cmake
[0.885s] -- Up-to-date: /home/exomy/exomy_ws/install/exomy_msgs/share/exomy_msgs/cmake/exomy_msgs__rosidl_typesupport_introspection_cppExport-noconfig.cmake
[0.885s] -- Up-to-date: /home/exomy/exomy_ws/install/exomy_msgs/share/exomy_msgs/cmake/exomy_msgs__rosidl_typesupport_cppExport.cmake
[0.886s] -- Up-to-date: /home/exomy/exomy_ws/install/exomy_msgs/share/exomy_msgs/cmake/exomy_msgs__rosidl_typesupport_cppExport-noconfig.cmake
[0.886s] -- Up-to-date: /home/exomy/exomy_ws/install/exomy_msgs/share/exomy_msgs/cmake/rosidl_cmake-extras.cmake
[0.887s] -- Up-to-date: /home/exomy/exomy_ws/install/exomy_msgs/share/exomy_msgs/cmake/ament_cmake_export_dependencies-extras.cmake
[0.888s] -- Up-to-date: /home/exomy/exomy_ws/install/exomy_msgs/share/exomy_msgs/cmake/ament_cmake_export_libraries-extras.cmake
[0.889s] -- Up-to-date: /home/exomy/exomy_ws/install/exomy_msgs/share/exomy_msgs/cmake/ament_cmake_export_targets-extras.cmake
[0.890s] -- Up-to-date: /home/exomy/exomy_ws/install/exomy_msgs/share/exomy_msgs/cmake/ament_cmake_export_include_directories-extras.cmake
[0.890s] -- Up-to-date: /home/exomy/exomy_ws/install/exomy_msgs/share/exomy_msgs/cmake/rosidl_cmake_export_typesupport_libraries-extras.cmake
[0.891s] -- Up-to-date: /home/exomy/exomy_ws/install/exomy_msgs/share/exomy_msgs/cmake/rosidl_cmake_export_typesupport_targets-extras.cmake
[0.891s] -- Up-to-date: /home/exomy/exomy_ws/install/exomy_msgs/share/exomy_msgs/cmake/exomy_msgsConfig.cmake
[0.892s] -- Up-to-date: /home/exomy/exomy_ws/install/exomy_msgs/share/exomy_msgs/cmake/exomy_msgsConfig-version.cmake
[0.892s] -- Up-to-date: /home/exomy/exomy_ws/install/exomy_msgs/share/exomy_msgs/package.xml
[0.901s] Invoked command in '/home/exomy/exomy_ws/build/exomy_msgs' returned '0': CMAKE_PREFIX_PATH=${CMAKE_PREFIX_PATH}:/home/exomy/exomy_ws/install/exomy:/opt/ros/foxy /usr/bin/cmake --install /home/exomy/exomy_ws/build/exomy_msgs
