[0.000000] (-) TimerEvent: {}
[0.001395] (exomy_msgs) JobQueued: {'identifier': 'exomy_msgs', 'dependencies': OrderedDict()}
[0.002658] (exomy_sim_msgs) JobQueued: {'identifier': 'exomy_sim_msgs', 'dependencies': OrderedDict()}
[0.002781] (realsense_ros_gazebo) JobQueued: {'identifier': 'realsense_ros_gazebo', 'dependencies': OrderedDict()}
[0.002891] (exomy) JobQueued: {'identifier': 'exomy', 'dependencies': OrderedDict([('exomy_msgs', '/home/exomy/exomy_ws/exomy_ws_ros/exomy_ws/src/install/exomy_msgs')])}
[0.002988] (exomy_sim) JobQueued: {'identifier': 'exomy_sim', 'dependencies': OrderedDict([('exomy_msgs', '/home/exomy/exomy_ws/exomy_ws_ros/exomy_ws/src/install/exomy_msgs'), ('exomy_sim_msgs', '/home/exomy/exomy_ws/exomy_ws_ros/exomy_ws/src/install/exomy_sim_msgs')])}
[0.003016] (rover_gazebo_plugins) JobQueued: {'identifier': 'rover_gazebo_plugins', 'dependencies': OrderedDict([('exomy_sim_msgs', '/home/exomy/exomy_ws/exomy_ws_ros/exomy_ws/src/install/exomy_sim_msgs')])}
[0.003137] (exomy_sim_launch) JobQueued: {'identifier': 'exomy_sim_launch', 'dependencies': OrderedDict([('exomy_msgs', '/home/exomy/exomy_ws/exomy_ws_ros/exomy_ws/src/install/exomy_msgs'), ('exomy_sim_msgs', '/home/exomy/exomy_ws/exomy_ws_ros/exomy_ws/src/install/exomy_sim_msgs'), ('exomy', '/home/exomy/exomy_ws/exomy_ws_ros/exomy_ws/src/install/exomy'), ('exomy_sim', '/home/exomy/exomy_ws/exomy_ws_ros/exomy_ws/src/install/exomy_sim')])}
[0.003239] (exomy_msgs) JobStarted: {'identifier': 'exomy_msgs'}
[0.014916] (exomy_sim_msgs) JobStarted: {'identifier': 'exomy_sim_msgs'}
[0.025457] (realsense_ros_gazebo) JobStarted: {'identifier': 'realsense_ros_gazebo'}
[0.043583] (exomy_msgs) JobProgress: {'identifier': 'exomy_msgs', 'progress': 'cmake'}
[0.047211] (exomy_msgs) JobProgress: {'identifier': 'exomy_msgs', 'progress': 'build'}
[0.050055] (exomy_msgs) Command: {'cmd': ['/usr/bin/cmake', '--build', '/home/exomy/exomy_ws/exomy_ws_ros/exomy_ws/src/build/exomy_msgs', '--', '-j4', '-l4'], 'cwd': '/home/exomy/exomy_ws/exomy_ws_ros/exomy_ws/src/build/exomy_msgs', 'env': OrderedDict([('HOSTNAME', 'ubuntu'), ('SHLVL', '1'), ('GREP_COLOR', '1;33'), ('LD_LIBRARY_PATH', '/home/exomy/exomy_ws/exomy_ws_ros/exomy_ws/src/install/rover_gazebo_plugins/lib:/home/exomy/exomy_ws/exomy_ws_ros/exomy_ws/src/install/exomy_sim_msgs/lib:/home/exomy/exomy_ws/exomy_ws_ros/exomy_ws/src/install/exomy_msgs/lib:/home/exomy/exomy_ws/install/rover_gazebo_plugins/lib:/home/exomy/exomy_ws/install/exomy_sim_msgs/lib:/home/exomy/exomy_ws/install/exomy_msgs/lib:/usr/lib/x86_64-linux-gnu/gazebo-11/plugins:/opt/ros/foxy/opt/yaml_cpp_vendor/lib:/opt/ros/foxy/opt/rviz_ogre_vendor/lib:/opt/ros/foxy/lib/x86_64-linux-gnu:/opt/ros/foxy/lib:/usr/lib/x86_64-linux-gnu/gazebo-11/plugins'), ('HOME', '/root'), ('OLDPWD', '/home/exomy/exomy_ws/exomy_ws_ros/exomy_ws'), ('LESS', '-R'), ('ZSH', '/root/.oh-my-zsh'), ('LSCOLORS', 'exfxcxdxbxegedabagacad'), ('PAGER', 'less'), ('ROS_PYTHON_VERSION', '3'), ('GAZEBO_MASTER_URI', 'http://localhost:11345'), ('ROS_DISTRO', 'foxy'), ('COLCON_PREFIX_PATH', '/home/exomy/exomy_ws/exomy_ws_ros/exomy_ws/src/install:/home/exomy/exomy_ws/install'), ('LOGNAME', 'root'), ('EXOMY_WS', '/home/exomy/exomy_ws'), ('_', '/usr/bin/colcon'), ('ROS_VERSION', '2'), ('TERM', 'xterm'), ('GAZEBO_MODEL_PATH', '/home/exomy/exomy_ws/exomy_ws_ros/exomy_ws/src/install/exomy_sim/share/exomy_sim/models:/home/exomy/exomy_ws/exomy_ws_ros/exomy_ws/src/install/exomy_sim/share:/home/exomy/exomy_ws/install/exomy_sim/share/exomy_sim/models:/home/exomy/exomy_ws/install/exomy_sim/share:/usr/share/gazebo-11/models:'), ('ROS_LOCALHOST_ONLY', '0'), ('QT_X11_NO_MITSHM', '1'), ('OGRE_RESOURCE_PATH', '/usr/lib/x86_64-linux-gnu/OGRE-1.9.0'), ('PATH', '/opt/ros/foxy/bin:/usr/local/sbin:/usr/local/bin:/usr/sbin:/usr/bin:/sbin:/bin:/home/exomy/.npm-global/bin'), ('DISPLAY', ':0'), ('LANG', 'C.UTF-8'), ('LS_COLORS', 'di=34;40:ln=35;40:so=32;40:pi=33;40:ex=31;40:bd=34;46:cd=34;43:su=0;41:sg=0;46:tw=0;42:ow=0;43:'), ('AMENT_PREFIX_PATH', '/home/exomy/exomy_ws/exomy_ws_ros/exomy_ws/src/install/rover_gazebo_plugins:/home/exomy/exomy_ws/exomy_ws_ros/exomy_ws/src/install/exomy_sim_launch:/home/exomy/exomy_ws/exomy_ws_ros/exomy_ws/src/install/exomy_sim:/home/exomy/exomy_ws/exomy_ws_ros/exomy_ws/src/install/exomy_sim_msgs:/home/exomy/exomy_ws/exomy_ws_ros/exomy_ws/src/install/exomy:/home/exomy/exomy_ws/exomy_ws_ros/exomy_ws/src/install/exomy_msgs:/home/exomy/exomy_ws/install/rover_gazebo_plugins:/home/exomy/exomy_ws/install/exomy_sim_launch:/home/exomy/exomy_ws/install/exomy_sim:/home/exomy/exomy_ws/install/exomy_sim_msgs:/home/exomy/exomy_ws/install/exomy:/home/exomy/exomy_ws/install/exomy_msgs:/opt/ros/foxy'), ('GAZEBO_RESOURCE_PATH', '/home/exomy/exomy_ws/exomy_ws_ros/exomy_ws/src/install/exomy_sim/share/exomy_sim/worlds:/home/exomy/exomy_ws/install/exomy_sim/share/exomy_sim/worlds:/usr/share/gazebo-11:'), ('GAZEBO_MODEL_DATABASE_URI', 'http://models.gazebosim.org'), ('LC_ALL', 'C.UTF-8'), ('PWD', '/home/exomy/exomy_ws/exomy_ws_ros/exomy_ws/src/build/exomy_msgs'), ('GAZEBO_PLUGIN_PATH', '/usr/lib/x86_64-linux-gnu/gazebo-11/plugins:'), ('PYTHONPATH', '/home/exomy/exomy_ws/exomy_ws_ros/exomy_ws/src/install/exomy_sim_msgs/lib/python3.8/site-packages:/home/exomy/exomy_ws/exomy_ws_ros/exomy_ws/src/install/exomy/lib/python3.8/site-packages:/home/exomy/exomy_ws/exomy_ws_ros/exomy_ws/src/install/exomy_msgs/lib/python3.8/site-packages:/home/exomy/exomy_ws/install/exomy_sim_msgs/lib/python3.8/site-packages:/home/exomy/exomy_ws/install/exomy/lib/python3.8/site-packages:/home/exomy/exomy_ws/install/exomy_msgs/lib/python3.8/site-packages:/opt/ros/foxy/lib/python3.8/site-packages'), ('TZ', 'Europe/Amsterdam'), ('COLCON', '1'), ('NPM_CONFIG_PREFIX', '/home/exomy/.npm-global'), ('CMAKE_PREFIX_PATH', '/home/exomy/exomy_ws/exomy_ws_ros/exomy_ws/src/install/rover_gazebo_plugins:/home/exomy/exomy_ws/exomy_ws_ros/exomy_ws/src/install/exomy_sim_launch:/home/exomy/exomy_ws/exomy_ws_ros/exomy_ws/src/install/exomy_sim:/home/exomy/exomy_ws/exomy_ws_ros/exomy_ws/src/install/exomy_sim_msgs:/home/exomy/exomy_ws/exomy_ws_ros/exomy_ws/src/install/exomy_msgs:/home/exomy/exomy_ws/install/rover_gazebo_plugins:/home/exomy/exomy_ws/install/exomy_sim_launch:/home/exomy/exomy_ws/install/exomy_sim:/home/exomy/exomy_ws/install/exomy_sim_msgs:/home/exomy/exomy_ws/install/exomy_msgs:/home/exomy/exomy_ws/exomy_ws_ros/exomy_ws/src/install/exomy:/home/exomy/exomy_ws/install/exomy:/opt/ros/foxy')]), 'shell': False}
[0.066516] (exomy_sim_msgs) JobProgress: {'identifier': 'exomy_sim_msgs', 'progress': 'cmake'}
[0.066953] (exomy_sim_msgs) JobProgress: {'identifier': 'exomy_sim_msgs', 'progress': 'build'}
[0.067051] (exomy_sim_msgs) Command: {'cmd': ['/usr/bin/cmake', '--build', '/home/exomy/exomy_ws/exomy_ws_ros/exomy_ws/src/build/exomy_sim_msgs', '--', '-j4', '-l4'], 'cwd': '/home/exomy/exomy_ws/exomy_ws_ros/exomy_ws/src/build/exomy_sim_msgs', 'env': OrderedDict([('HOSTNAME', 'ubuntu'), ('SHLVL', '1'), ('GREP_COLOR', '1;33'), ('LD_LIBRARY_PATH', '/home/exomy/exomy_ws/exomy_ws_ros/exomy_ws/src/install/rover_gazebo_plugins/lib:/home/exomy/exomy_ws/exomy_ws_ros/exomy_ws/src/install/exomy_sim_msgs/lib:/home/exomy/exomy_ws/exomy_ws_ros/exomy_ws/src/install/exomy_msgs/lib:/home/exomy/exomy_ws/install/rover_gazebo_plugins/lib:/home/exomy/exomy_ws/install/exomy_sim_msgs/lib:/home/exomy/exomy_ws/install/exomy_msgs/lib:/usr/lib/x86_64-linux-gnu/gazebo-11/plugins:/opt/ros/foxy/opt/yaml_cpp_vendor/lib:/opt/ros/foxy/opt/rviz_ogre_vendor/lib:/opt/ros/foxy/lib/x86_64-linux-gnu:/opt/ros/foxy/lib:/usr/lib/x86_64-linux-gnu/gazebo-11/plugins'), ('HOME', '/root'), ('OLDPWD', '/home/exomy/exomy_ws/exomy_ws_ros/exomy_ws'), ('LESS', '-R'), ('ZSH', '/root/.oh-my-zsh'), ('LSCOLORS', 'exfxcxdxbxegedabagacad'), ('PAGER', 'less'), ('ROS_PYTHON_VERSION', '3'), ('GAZEBO_MASTER_URI', 'http://localhost:11345'), ('ROS_DISTRO', 'foxy'), ('COLCON_PREFIX_PATH', '/home/exomy/exomy_ws/exomy_ws_ros/exomy_ws/src/install:/home/exomy/exomy_ws/install'), ('LOGNAME', 'root'), ('EXOMY_WS', '/home/exomy/exomy_ws'), ('_', '/usr/bin/colcon'), ('ROS_VERSION', '2'), ('TERM', 'xterm'), ('GAZEBO_MODEL_PATH', '/home/exomy/exomy_ws/exomy_ws_ros/exomy_ws/src/install/exomy_sim/share/exomy_sim/models:/home/exomy/exomy_ws/exomy_ws_ros/exomy_ws/src/install/exomy_sim/share:/home/exomy/exomy_ws/install/exomy_sim/share/exomy_sim/models:/home/exomy/exomy_ws/install/exomy_sim/share:/usr/share/gazebo-11/models:'), ('ROS_LOCALHOST_ONLY', '0'), ('QT_X11_NO_MITSHM', '1'), ('OGRE_RESOURCE_PATH', '/usr/lib/x86_64-linux-gnu/OGRE-1.9.0'), ('PATH', '/opt/ros/foxy/bin:/usr/local/sbin:/usr/local/bin:/usr/sbin:/usr/bin:/sbin:/bin:/home/exomy/.npm-global/bin'), ('DISPLAY', ':0'), ('LANG', 'C.UTF-8'), ('LS_COLORS', 'di=34;40:ln=35;40:so=32;40:pi=33;40:ex=31;40:bd=34;46:cd=34;43:su=0;41:sg=0;46:tw=0;42:ow=0;43:'), ('AMENT_PREFIX_PATH', '/home/exomy/exomy_ws/exomy_ws_ros/exomy_ws/src/install/rover_gazebo_plugins:/home/exomy/exomy_ws/exomy_ws_ros/exomy_ws/src/install/exomy_sim_launch:/home/exomy/exomy_ws/exomy_ws_ros/exomy_ws/src/install/exomy_sim:/home/exomy/exomy_ws/exomy_ws_ros/exomy_ws/src/install/exomy_sim_msgs:/home/exomy/exomy_ws/exomy_ws_ros/exomy_ws/src/install/exomy:/home/exomy/exomy_ws/exomy_ws_ros/exomy_ws/src/install/exomy_msgs:/home/exomy/exomy_ws/install/rover_gazebo_plugins:/home/exomy/exomy_ws/install/exomy_sim_launch:/home/exomy/exomy_ws/install/exomy_sim:/home/exomy/exomy_ws/install/exomy_sim_msgs:/home/exomy/exomy_ws/install/exomy:/home/exomy/exomy_ws/install/exomy_msgs:/opt/ros/foxy'), ('GAZEBO_RESOURCE_PATH', '/home/exomy/exomy_ws/exomy_ws_ros/exomy_ws/src/install/exomy_sim/share/exomy_sim/worlds:/home/exomy/exomy_ws/install/exomy_sim/share/exomy_sim/worlds:/usr/share/gazebo-11:'), ('GAZEBO_MODEL_DATABASE_URI', 'http://models.gazebosim.org'), ('LC_ALL', 'C.UTF-8'), ('PWD', '/home/exomy/exomy_ws/exomy_ws_ros/exomy_ws/src/build/exomy_sim_msgs'), ('GAZEBO_PLUGIN_PATH', '/usr/lib/x86_64-linux-gnu/gazebo-11/plugins:'), ('PYTHONPATH', '/home/exomy/exomy_ws/exomy_ws_ros/exomy_ws/src/install/exomy_sim_msgs/lib/python3.8/site-packages:/home/exomy/exomy_ws/exomy_ws_ros/exomy_ws/src/install/exomy/lib/python3.8/site-packages:/home/exomy/exomy_ws/exomy_ws_ros/exomy_ws/src/install/exomy_msgs/lib/python3.8/site-packages:/home/exomy/exomy_ws/install/exomy_sim_msgs/lib/python3.8/site-packages:/home/exomy/exomy_ws/install/exomy/lib/python3.8/site-packages:/home/exomy/exomy_ws/install/exomy_msgs/lib/python3.8/site-packages:/opt/ros/foxy/lib/python3.8/site-packages'), ('TZ', 'Europe/Amsterdam'), ('COLCON', '1'), ('NPM_CONFIG_PREFIX', '/home/exomy/.npm-global'), ('CMAKE_PREFIX_PATH', '/home/exomy/exomy_ws/exomy_ws_ros/exomy_ws/src/install/rover_gazebo_plugins:/home/exomy/exomy_ws/exomy_ws_ros/exomy_ws/src/install/exomy_sim_launch:/home/exomy/exomy_ws/exomy_ws_ros/exomy_ws/src/install/exomy_sim:/home/exomy/exomy_ws/exomy_ws_ros/exomy_ws/src/install/exomy_sim_msgs:/home/exomy/exomy_ws/exomy_ws_ros/exomy_ws/src/install/exomy_msgs:/home/exomy/exomy_ws/install/rover_gazebo_plugins:/home/exomy/exomy_ws/install/exomy_sim_launch:/home/exomy/exomy_ws/install/exomy_sim:/home/exomy/exomy_ws/install/exomy_sim_msgs:/home/exomy/exomy_ws/install/exomy_msgs:/home/exomy/exomy_ws/exomy_ws_ros/exomy_ws/src/install/exomy:/home/exomy/exomy_ws/install/exomy:/opt/ros/foxy')]), 'shell': False}
[0.076489] (realsense_ros_gazebo) JobProgress: {'identifier': 'realsense_ros_gazebo', 'progress': 'cmake'}
[0.084887] (realsense_ros_gazebo) Command: {'cmd': ['/usr/bin/cmake', '/home/exomy/exomy_ws/exomy_ws_ros/exomy_ws/src/realsense_ros_gazebo', '-DCATKIN_INSTALL_INTO_PREFIX_ROOT=0', '-DCMAKE_INSTALL_PREFIX=/home/exomy/exomy_ws/exomy_ws_ros/exomy_ws/src/install/realsense_ros_gazebo'], 'cwd': '/home/exomy/exomy_ws/exomy_ws_ros/exomy_ws/src/build/realsense_ros_gazebo', 'env': OrderedDict([('HOSTNAME', 'ubuntu'), ('SHLVL', '1'), ('GREP_COLOR', '1;33'), ('LD_LIBRARY_PATH', '/home/exomy/exomy_ws/exomy_ws_ros/exomy_ws/src/install/rover_gazebo_plugins/lib:/home/exomy/exomy_ws/exomy_ws_ros/exomy_ws/src/install/exomy_sim_msgs/lib:/home/exomy/exomy_ws/exomy_ws_ros/exomy_ws/src/install/exomy_msgs/lib:/home/exomy/exomy_ws/install/rover_gazebo_plugins/lib:/home/exomy/exomy_ws/install/exomy_sim_msgs/lib:/home/exomy/exomy_ws/install/exomy_msgs/lib:/usr/lib/x86_64-linux-gnu/gazebo-11/plugins:/opt/ros/foxy/opt/yaml_cpp_vendor/lib:/opt/ros/foxy/opt/rviz_ogre_vendor/lib:/opt/ros/foxy/lib/x86_64-linux-gnu:/opt/ros/foxy/lib:/usr/lib/x86_64-linux-gnu/gazebo-11/plugins'), ('HOME', '/root'), ('OLDPWD', '/home/exomy/exomy_ws/exomy_ws_ros/exomy_ws'), ('LESS', '-R'), ('ZSH', '/root/.oh-my-zsh'), ('LSCOLORS', 'exfxcxdxbxegedabagacad'), ('PAGER', 'less'), ('ROS_PYTHON_VERSION', '3'), ('GAZEBO_MASTER_URI', 'http://localhost:11345'), ('ROS_DISTRO', 'foxy'), ('COLCON_PREFIX_PATH', '/home/exomy/exomy_ws/exomy_ws_ros/exomy_ws/src/install:/home/exomy/exomy_ws/install'), ('LOGNAME', 'root'), ('EXOMY_WS', '/home/exomy/exomy_ws'), ('_', '/usr/bin/colcon'), ('ROS_VERSION', '2'), ('TERM', 'xterm'), ('GAZEBO_MODEL_PATH', '/home/exomy/exomy_ws/exomy_ws_ros/exomy_ws/src/install/exomy_sim/share/exomy_sim/models:/home/exomy/exomy_ws/exomy_ws_ros/exomy_ws/src/install/exomy_sim/share:/home/exomy/exomy_ws/install/exomy_sim/share/exomy_sim/models:/home/exomy/exomy_ws/install/exomy_sim/share:/usr/share/gazebo-11/models:'), ('ROS_LOCALHOST_ONLY', '0'), ('QT_X11_NO_MITSHM', '1'), ('OGRE_RESOURCE_PATH', '/usr/lib/x86_64-linux-gnu/OGRE-1.9.0'), ('PATH', '/opt/ros/foxy/bin:/usr/local/sbin:/usr/local/bin:/usr/sbin:/usr/bin:/sbin:/bin:/home/exomy/.npm-global/bin'), ('DISPLAY', ':0'), ('LANG', 'C.UTF-8'), ('LS_COLORS', 'di=34;40:ln=35;40:so=32;40:pi=33;40:ex=31;40:bd=34;46:cd=34;43:su=0;41:sg=0;46:tw=0;42:ow=0;43:'), ('AMENT_PREFIX_PATH', '/home/exomy/exomy_ws/exomy_ws_ros/exomy_ws/src/install/rover_gazebo_plugins:/home/exomy/exomy_ws/exomy_ws_ros/exomy_ws/src/install/exomy_sim_launch:/home/exomy/exomy_ws/exomy_ws_ros/exomy_ws/src/install/exomy_sim:/home/exomy/exomy_ws/exomy_ws_ros/exomy_ws/src/install/exomy_sim_msgs:/home/exomy/exomy_ws/exomy_ws_ros/exomy_ws/src/install/exomy:/home/exomy/exomy_ws/exomy_ws_ros/exomy_ws/src/install/exomy_msgs:/home/exomy/exomy_ws/install/rover_gazebo_plugins:/home/exomy/exomy_ws/install/exomy_sim_launch:/home/exomy/exomy_ws/install/exomy_sim:/home/exomy/exomy_ws/install/exomy_sim_msgs:/home/exomy/exomy_ws/install/exomy:/home/exomy/exomy_ws/install/exomy_msgs:/opt/ros/foxy'), ('GAZEBO_RESOURCE_PATH', '/home/exomy/exomy_ws/exomy_ws_ros/exomy_ws/src/install/exomy_sim/share/exomy_sim/worlds:/home/exomy/exomy_ws/install/exomy_sim/share/exomy_sim/worlds:/usr/share/gazebo-11:'), ('GAZEBO_MODEL_DATABASE_URI', 'http://models.gazebosim.org'), ('LC_ALL', 'C.UTF-8'), ('PWD', '/home/exomy/exomy_ws/exomy_ws_ros/exomy_ws/src/build/realsense_ros_gazebo'), ('GAZEBO_PLUGIN_PATH', '/usr/lib/x86_64-linux-gnu/gazebo-11/plugins:'), ('PYTHONPATH', '/home/exomy/exomy_ws/exomy_ws_ros/exomy_ws/src/install/exomy_sim_msgs/lib/python3.8/site-packages:/home/exomy/exomy_ws/exomy_ws_ros/exomy_ws/src/install/exomy/lib/python3.8/site-packages:/home/exomy/exomy_ws/exomy_ws_ros/exomy_ws/src/install/exomy_msgs/lib/python3.8/site-packages:/home/exomy/exomy_ws/install/exomy_sim_msgs/lib/python3.8/site-packages:/home/exomy/exomy_ws/install/exomy/lib/python3.8/site-packages:/home/exomy/exomy_ws/install/exomy_msgs/lib/python3.8/site-packages:/opt/ros/foxy/lib/python3.8/site-packages'), ('TZ', 'Europe/Amsterdam'), ('COLCON', '1'), ('NPM_CONFIG_PREFIX', '/home/exomy/.npm-global'), ('CMAKE_PREFIX_PATH', '/home/exomy/exomy_ws/exomy_ws_ros/exomy_ws/src/install/rover_gazebo_plugins:/home/exomy/exomy_ws/exomy_ws_ros/exomy_ws/src/install/exomy_sim_launch:/home/exomy/exomy_ws/exomy_ws_ros/exomy_ws/src/install/exomy_sim:/home/exomy/exomy_ws/exomy_ws_ros/exomy_ws/src/install/exomy_sim_msgs:/home/exomy/exomy_ws/exomy_ws_ros/exomy_ws/src/install/exomy_msgs:/home/exomy/exomy_ws/install/rover_gazebo_plugins:/home/exomy/exomy_ws/install/exomy_sim_launch:/home/exomy/exomy_ws/install/exomy_sim:/home/exomy/exomy_ws/install/exomy_sim_msgs:/home/exomy/exomy_ws/install/exomy_msgs')]), 'shell': False}
[0.100480] (-) TimerEvent: {}
[0.157084] (realsense_ros_gazebo) StderrLine: {'line': b'CMake Error at CMakeLists.txt:4 (find_package):\n'}
[0.157517] (realsense_ros_gazebo) StderrLine: {'line': b'  By not providing "Findcatkin.cmake" in CMAKE_MODULE_PATH this project has\n'}
[0.157714] (realsense_ros_gazebo) StderrLine: {'line': b'  asked CMake to find a package configuration file provided by "catkin", but\n'}
[0.157863] (realsense_ros_gazebo) StderrLine: {'line': b'  CMake did not find one.\n'}
[0.158016] (realsense_ros_gazebo) StderrLine: {'line': b'\n'}
[0.158158] (realsense_ros_gazebo) StderrLine: {'line': b'  Could not find a package configuration file provided by "catkin" with any\n'}
[0.158335] (realsense_ros_gazebo) StderrLine: {'line': b'  of the following names:\n'}
[0.158484] (realsense_ros_gazebo) StderrLine: {'line': b'\n'}
[0.158626] (realsense_ros_gazebo) StderrLine: {'line': b'    catkinConfig.cmake\n'}
[0.158822] (realsense_ros_gazebo) StderrLine: {'line': b'    catkin-config.cmake\n'}
[0.158951] (realsense_ros_gazebo) StderrLine: {'line': b'\n'}
[0.159026] (realsense_ros_gazebo) StderrLine: {'line': b'  Add the installation prefix of "catkin" to CMAKE_PREFIX_PATH or set\n'}
[0.159133] (realsense_ros_gazebo) StderrLine: {'line': b'  "catkin_DIR" to a directory containing one of the above files.  If "catkin"\n'}
[0.159286] (realsense_ros_gazebo) StderrLine: {'line': b'  provides a separate development package or SDK, be sure it has been\n'}
[0.159438] (realsense_ros_gazebo) StderrLine: {'line': b'  installed.\n'}
[0.159587] (realsense_ros_gazebo) StderrLine: {'line': b'\n'}
[0.159751] (realsense_ros_gazebo) StderrLine: {'line': b'\n'}
[0.159906] (realsense_ros_gazebo) StdoutLine: {'line': b'-- Configuring incomplete, errors occurred!\n'}
[0.160091] (realsense_ros_gazebo) StdoutLine: {'line': b'See also "/home/exomy/exomy_ws/exomy_ws_ros/exomy_ws/src/build/realsense_ros_gazebo/CMakeFiles/CMakeOutput.log".\n'}
[0.162510] (realsense_ros_gazebo) CommandEnded: {'returncode': 1}
[0.170060] (exomy_sim_msgs) StdoutLine: {'line': b'[  2%] Built target exomy_sim_msgs__cpp\n'}
[0.171017] (exomy_msgs) StdoutLine: {'line': b'[ 10%] Built target exomy_msgs__rosidl_generator_c\n'}
[0.178877] (exomy_msgs) StdoutLine: {'line': b'[ 12%] Built target exomy_msgs__cpp\n'}
[0.189570] (exomy_sim_msgs) StdoutLine: {'line': b'[ 12%] Built target exomy_sim_msgs__rosidl_generator_c\n'}
[0.200768] (-) TimerEvent: {}
[0.211389] (realsense_ros_gazebo) JobEnded: {'identifier': 'realsense_ros_gazebo', 'rc': 1}
[0.242195] (exomy_sim_msgs) StdoutLine: {'line': b'[ 23%] Built target exomy_sim_msgs__rosidl_typesupport_introspection_cpp\n'}
[0.247852] (exomy_sim_msgs) StdoutLine: {'line': b'[ 33%] Built target exomy_sim_msgs__rosidl_typesupport_cpp\n'}
[0.255352] (exomy_sim_msgs) StdoutLine: {'line': b'[ 43%] Built target exomy_sim_msgs__rosidl_typesupport_fastrtps_cpp\n'}
[0.267466] (exomy_msgs) StdoutLine: {'line': b'[ 23%] Built target exomy_msgs__rosidl_typesupport_introspection_c\n'}
[0.272888] (exomy_sim_msgs) StdoutLine: {'line': b'[ 53%] Built target exomy_sim_msgs__rosidl_typesupport_introspection_c\n'}
[0.273735] (exomy_msgs) StdoutLine: {'line': b'[ 34%] Built target exomy_msgs__rosidl_typesupport_c\n'}
[0.278498] (exomy_msgs) StdoutLine: {'line': b'[ 44%] Built target exomy_msgs__rosidl_typesupport_fastrtps_cpp\n'}
[0.285988] (exomy_msgs) StdoutLine: {'line': b'[ 55%] Built target exomy_msgs__rosidl_typesupport_introspection_cpp\n'}
[0.301093] (exomy_sim_msgs) StdoutLine: {'line': b'[ 64%] Built target exomy_sim_msgs__rosidl_typesupport_c\n'}
[0.301389] (-) TimerEvent: {}
[0.310094] (exomy_msgs) StdoutLine: {'line': b'[ 65%] Built target exomy_msgs__rosidl_typesupport_cpp\n'}
[0.314908] (exomy_msgs) StdoutLine: {'line': b'[ 76%] Built target exomy_msgs__rosidl_typesupport_fastrtps_c\n'}
[0.324141] (exomy_sim_msgs) StdoutLine: {'line': b'[ 74%] Built target exomy_sim_msgs__rosidl_typesupport_fastrtps_c\n'}
[0.346482] (exomy_msgs) StdoutLine: {'line': b'[ 76%] Built target exomy_msgs\n'}
[0.356528] (exomy_sim_msgs) StdoutLine: {'line': b'[ 74%] Built target exomy_sim_msgs\n'}
[0.384802] (exomy_msgs) StdoutLine: {'line': b'[ 78%] Built target exomy_msgs__py\n'}
[0.395987] (exomy_sim_msgs) StdoutLine: {'line': b'[ 76%] Built target exomy_sim_msgs__py\n'}
[0.401640] (-) TimerEvent: {}
[0.432255] (exomy_msgs) StdoutLine: {'line': b'[ 87%] Built target exomy_msgs__python\n'}
[0.446853] (exomy_sim_msgs) StdoutLine: {'line': b'[ 84%] Built target exomy_sim_msgs__python\n'}
[0.498483] (exomy_msgs) StdoutLine: {'line': b'[ 91%] Built target exomy_msgs__rosidl_typesupport_c__pyext\n'}
[0.502227] (-) TimerEvent: {}
[0.507588] (exomy_msgs) StdoutLine: {'line': b'[ 95%] Built target exomy_msgs__rosidl_typesupport_fastrtps_c__pyext\n'}
[0.527221] (exomy_sim_msgs) StdoutLine: {'line': b'[ 89%] Built target exomy_sim_msgs__rosidl_typesupport_fastrtps_c__pyext\n'}
[0.533624] (exomy_sim_msgs) StdoutLine: {'line': b'[ 94%] Built target exomy_sim_msgs__rosidl_typesupport_c__pyext\n'}
[0.535485] (exomy_msgs) StdoutLine: {'line': b'[100%] Built target exomy_msgs__rosidl_typesupport_introspection_c__pyext\n'}
[0.543097] (exomy_sim_msgs) StdoutLine: {'line': b'[100%] Built target exomy_sim_msgs__rosidl_typesupport_introspection_c__pyext\n'}
[0.558806] (exomy_msgs) JobEnded: {'identifier': 'exomy_msgs', 'rc': 'SIGINT'}
[0.561009] (exomy_sim_msgs) JobEnded: {'identifier': 'exomy_sim_msgs', 'rc': 'SIGINT'}
[0.570297] (exomy) JobSkipped: {'identifier': 'exomy'}
[0.570387] (exomy_sim) JobSkipped: {'identifier': 'exomy_sim'}
[0.571279] (rover_gazebo_plugins) JobSkipped: {'identifier': 'rover_gazebo_plugins'}
[0.571312] (exomy_sim_launch) JobSkipped: {'identifier': 'exomy_sim_launch'}
[0.572161] (-) EventReactorShutdown: {}
