[1.315s] DEBUG:colcon:Command line arguments: ['/usr/bin/colcon', 'build']
[1.316s] DEBUG:colcon:Parsed command line arguments: Namespace(allow_overriding=[], ament_cmake_args=None, base_paths=['.'], build_base='build', catkin_cmake_args=None, catkin_skip_building_tests=False, cmake_args=None, cmake_clean_cache=False, cmake_clean_first=False, cmake_force_configure=False, cmake_target=None, cmake_target_skip_unavailable=False, continue_on_error=False, event_handlers=None, executor='parallel', ignore_user_meta=False, install_base='install', log_base=None, log_level=None, main=<bound method BuildVerb.main of <colcon_core.verb.build.BuildVerb object at 0x7f4d8d40f0a0>>, merge_install=False, metas=['./colcon.meta'], mixin=None, mixin_files=None, mixin_verb=('build',), packages_above=None, packages_above_and_dependencies=None, packages_above_depth=None, packages_end=None, packages_ignore=None, packages_ignore_regex=None, packages_select=None, packages_select_build_failed=False, packages_select_by_dep=None, packages_select_regex=None, packages_select_test_failures=False, packages_skip=None, packages_skip_build_finished=False, packages_skip_by_dep=None, packages_skip_regex=None, packages_skip_test_passed=False, packages_skip_up_to=None, packages_start=None, packages_up_to=None, packages_up_to_regex=None, parallel_workers=2, paths=None, symlink_install=False, test_result_base=None, verb_extension=<colcon_core.verb.build.BuildVerb object at 0x7f4d8d40f0a0>, verb_name='build', verb_parser=<colcon_mixin.mixin.mixin_argument.MixinArgumentDecorator object at 0x7f4d8d40f700>)
[1.354s] Level 1:colcon.colcon_core.package_discovery:discover_packages(colcon_meta) check parameters
[1.358s] INFO:colcon.colcon_metadata.package_discovery.colcon_meta:Using configuration from '/root/.colcon/metadata/default/Gazebo.meta'
[1.360s] INFO:colcon.colcon_metadata.package_discovery.colcon_meta:Using configuration from '/root/.colcon/metadata/default/fastrtps.meta'
[1.360s] Level 1:colcon.colcon_core.package_discovery:discover_packages(recursive) check parameters
[1.360s] Level 1:colcon.colcon_core.package_discovery:discover_packages(ignore) check parameters
[1.360s] Level 1:colcon.colcon_core.package_discovery:discover_packages(path) check parameters
[1.360s] Level 1:colcon.colcon_core.package_discovery:discover_packages(colcon_meta) discover
[1.361s] Level 1:colcon.colcon_core.package_discovery:discover_packages(recursive) discover
[1.361s] INFO:colcon.colcon_core.package_discovery:Crawling recursively for packages in '/home/exomy/exomy_ws'
[1.361s] Level 1:colcon.colcon_core.package_identification:_identify(.) by extensions ['ignore', 'ignore_ament_install']
[1.361s] Level 1:colcon.colcon_core.package_identification:_identify(.) by extension 'ignore'
[1.361s] Level 1:colcon.colcon_core.package_identification:_identify(.) by extension 'ignore_ament_install'
[1.362s] Level 1:colcon.colcon_core.package_identification:_identify(.) by extensions ['colcon_pkg']
[1.362s] Level 1:colcon.colcon_core.package_identification:_identify(.) by extension 'colcon_pkg'
[1.362s] Level 1:colcon.colcon_core.package_identification:_identify(.) by extensions ['colcon_meta']
[1.362s] Level 1:colcon.colcon_core.package_identification:_identify(.) by extension 'colcon_meta'
[1.362s] Level 1:colcon.colcon_core.package_identification:_identify(.) by extensions ['ros']
[1.362s] Level 1:colcon.colcon_core.package_identification:_identify(.) by extension 'ros'
[1.402s] Level 1:colcon.colcon_core.package_identification:_identify(.) by extensions ['cmake', 'python']
[1.402s] Level 1:colcon.colcon_core.package_identification:_identify(.) by extension 'cmake'
[1.407s] Level 1:colcon.colcon_core.package_identification:_identify(.) by extension 'python'
[1.407s] Level 1:colcon.colcon_core.package_identification:_identify(.) by extensions ['python_setup_py']
[1.408s] Level 1:colcon.colcon_core.package_identification:_identify(.) by extension 'python_setup_py'
[1.408s] Level 1:colcon.colcon_core.package_identification:_identify(build) by extensions ['ignore', 'ignore_ament_install']
[1.409s] Level 1:colcon.colcon_core.package_identification:_identify(build) by extension 'ignore'
[1.409s] Level 1:colcon.colcon_core.package_identification:_identify(build) ignored
[1.409s] Level 1:colcon.colcon_core.package_identification:_identify(install) by extensions ['ignore', 'ignore_ament_install']
[1.410s] Level 1:colcon.colcon_core.package_identification:_identify(install) by extension 'ignore'
[1.410s] Level 1:colcon.colcon_core.package_identification:_identify(install) ignored
[1.410s] Level 1:colcon.colcon_core.package_identification:_identify(log) by extensions ['ignore', 'ignore_ament_install']
[1.411s] Level 1:colcon.colcon_core.package_identification:_identify(log) by extension 'ignore'
[1.411s] Level 1:colcon.colcon_core.package_identification:_identify(log) ignored
[1.412s] Level 1:colcon.colcon_core.package_identification:_identify(src) by extensions ['ignore', 'ignore_ament_install']
[1.412s] Level 1:colcon.colcon_core.package_identification:_identify(src) by extension 'ignore'
[1.412s] Level 1:colcon.colcon_core.package_identification:_identify(src) by extension 'ignore_ament_install'
[1.413s] Level 1:colcon.colcon_core.package_identification:_identify(src) by extensions ['colcon_pkg']
[1.413s] Level 1:colcon.colcon_core.package_identification:_identify(src) by extension 'colcon_pkg'
[1.419s] Level 1:colcon.colcon_core.package_identification:_identify(src) by extensions ['colcon_meta']
[1.420s] Level 1:colcon.colcon_core.package_identification:_identify(src) by extension 'colcon_meta'
[1.420s] Level 1:colcon.colcon_core.package_identification:_identify(src) by extensions ['ros']
[1.420s] Level 1:colcon.colcon_core.package_identification:_identify(src) by extension 'ros'
[1.421s] Level 1:colcon.colcon_core.package_identification:_identify(src) by extensions ['cmake', 'python']
[1.421s] Level 1:colcon.colcon_core.package_identification:_identify(src) by extension 'cmake'
[1.421s] Level 1:colcon.colcon_core.package_identification:_identify(src) by extension 'python'
[1.421s] Level 1:colcon.colcon_core.package_identification:_identify(src) by extensions ['python_setup_py']
[1.421s] Level 1:colcon.colcon_core.package_identification:_identify(src) by extension 'python_setup_py'
[1.422s] Level 1:colcon.colcon_core.package_identification:_identify(src/exomy) by extensions ['ignore', 'ignore_ament_install']
[1.423s] Level 1:colcon.colcon_core.package_identification:_identify(src/exomy) by extension 'ignore'
[1.423s] Level 1:colcon.colcon_core.package_identification:_identify(src/exomy) by extension 'ignore_ament_install'
[1.423s] Level 1:colcon.colcon_core.package_identification:_identify(src/exomy) by extensions ['colcon_pkg']
[1.423s] Level 1:colcon.colcon_core.package_identification:_identify(src/exomy) by extension 'colcon_pkg'
[1.424s] Level 1:colcon.colcon_core.package_identification:_identify(src/exomy) by extensions ['colcon_meta']
[1.424s] Level 1:colcon.colcon_core.package_identification:_identify(src/exomy) by extension 'colcon_meta'
[1.424s] Level 1:colcon.colcon_core.package_identification:_identify(src/exomy) by extensions ['ros']
[1.425s] Level 1:colcon.colcon_core.package_identification:_identify(src/exomy) by extension 'ros'
[1.441s] DEBUG:colcon.colcon_core.package_identification:Package 'src/exomy' with type 'ros.ament_python' and name 'exomy'
[1.441s] Level 1:colcon.colcon_core.package_identification:_identify(src/exomy_msgs) by extensions ['ignore', 'ignore_ament_install']
[1.442s] Level 1:colcon.colcon_core.package_identification:_identify(src/exomy_msgs) by extension 'ignore'
[1.442s] Level 1:colcon.colcon_core.package_identification:_identify(src/exomy_msgs) by extension 'ignore_ament_install'
[1.442s] Level 1:colcon.colcon_core.package_identification:_identify(src/exomy_msgs) by extensions ['colcon_pkg']
[1.442s] Level 1:colcon.colcon_core.package_identification:_identify(src/exomy_msgs) by extension 'colcon_pkg'
[1.443s] Level 1:colcon.colcon_core.package_identification:_identify(src/exomy_msgs) by extensions ['colcon_meta']
[1.443s] Level 1:colcon.colcon_core.package_identification:_identify(src/exomy_msgs) by extension 'colcon_meta'
[1.443s] Level 1:colcon.colcon_core.package_identification:_identify(src/exomy_msgs) by extensions ['ros']
[1.443s] Level 1:colcon.colcon_core.package_identification:_identify(src/exomy_msgs) by extension 'ros'
[1.446s] DEBUG:colcon.colcon_core.package_identification:Package 'src/exomy_msgs' with type 'ros.ament_cmake' and name 'exomy_msgs'
[1.446s] Level 1:colcon.colcon_core.package_identification:_identify(src/exomy_sim) by extensions ['ignore', 'ignore_ament_install']
[1.447s] Level 1:colcon.colcon_core.package_identification:_identify(src/exomy_sim) by extension 'ignore'
[1.447s] Level 1:colcon.colcon_core.package_identification:_identify(src/exomy_sim) by extension 'ignore_ament_install'
[1.447s] Level 1:colcon.colcon_core.package_identification:_identify(src/exomy_sim) by extensions ['colcon_pkg']
[1.448s] Level 1:colcon.colcon_core.package_identification:_identify(src/exomy_sim) by extension 'colcon_pkg'
[1.448s] Level 1:colcon.colcon_core.package_identification:_identify(src/exomy_sim) by extensions ['colcon_meta']
[1.448s] Level 1:colcon.colcon_core.package_identification:_identify(src/exomy_sim) by extension 'colcon_meta'
[1.448s] Level 1:colcon.colcon_core.package_identification:_identify(src/exomy_sim) by extensions ['ros']
[1.448s] Level 1:colcon.colcon_core.package_identification:_identify(src/exomy_sim) by extension 'ros'
[1.453s] DEBUG:colcon.colcon_core.package_identification:Package 'src/exomy_sim' with type 'ros.ament_cmake' and name 'exomy_sim'
[1.454s] Level 1:colcon.colcon_core.package_identification:_identify(src/exomy_sim_launch) by extensions ['ignore', 'ignore_ament_install']
[1.454s] Level 1:colcon.colcon_core.package_identification:_identify(src/exomy_sim_launch) by extension 'ignore'
[1.455s] Level 1:colcon.colcon_core.package_identification:_identify(src/exomy_sim_launch) by extension 'ignore_ament_install'
[1.455s] Level 1:colcon.colcon_core.package_identification:_identify(src/exomy_sim_launch) by extensions ['colcon_pkg']
[1.455s] Level 1:colcon.colcon_core.package_identification:_identify(src/exomy_sim_launch) by extension 'colcon_pkg'
[1.455s] Level 1:colcon.colcon_core.package_identification:_identify(src/exomy_sim_launch) by extensions ['colcon_meta']
[1.456s] Level 1:colcon.colcon_core.package_identification:_identify(src/exomy_sim_launch) by extension 'colcon_meta'
[1.456s] Level 1:colcon.colcon_core.package_identification:_identify(src/exomy_sim_launch) by extensions ['ros']
[1.456s] Level 1:colcon.colcon_core.package_identification:_identify(src/exomy_sim_launch) by extension 'ros'
[1.460s] DEBUG:colcon.colcon_core.package_identification:Package 'src/exomy_sim_launch' with type 'ros.ament_cmake' and name 'exomy_sim_launch'
[1.461s] Level 1:colcon.colcon_core.package_identification:_identify(src/exomy_sim_msgs) by extensions ['ignore', 'ignore_ament_install']
[1.461s] Level 1:colcon.colcon_core.package_identification:_identify(src/exomy_sim_msgs) by extension 'ignore'
[1.462s] Level 1:colcon.colcon_core.package_identification:_identify(src/exomy_sim_msgs) by extension 'ignore_ament_install'
[1.462s] Level 1:colcon.colcon_core.package_identification:_identify(src/exomy_sim_msgs) by extensions ['colcon_pkg']
[1.462s] Level 1:colcon.colcon_core.package_identification:_identify(src/exomy_sim_msgs) by extension 'colcon_pkg'
[1.463s] Level 1:colcon.colcon_core.package_identification:_identify(src/exomy_sim_msgs) by extensions ['colcon_meta']
[1.463s] Level 1:colcon.colcon_core.package_identification:_identify(src/exomy_sim_msgs) by extension 'colcon_meta'
[1.463s] Level 1:colcon.colcon_core.package_identification:_identify(src/exomy_sim_msgs) by extensions ['ros']
[1.463s] Level 1:colcon.colcon_core.package_identification:_identify(src/exomy_sim_msgs) by extension 'ros'
[1.468s] DEBUG:colcon.colcon_core.package_identification:Package 'src/exomy_sim_msgs' with type 'ros.ament_cmake' and name 'exomy_sim_msgs'
[1.469s] Level 1:colcon.colcon_core.package_identification:_identify(src/rover_gazebo_plugins) by extensions ['ignore', 'ignore_ament_install']
[1.469s] Level 1:colcon.colcon_core.package_identification:_identify(src/rover_gazebo_plugins) by extension 'ignore'
[1.469s] Level 1:colcon.colcon_core.package_identification:_identify(src/rover_gazebo_plugins) by extension 'ignore_ament_install'
[1.469s] Level 1:colcon.colcon_core.package_identification:_identify(src/rover_gazebo_plugins) by extensions ['colcon_pkg']
[1.469s] Level 1:colcon.colcon_core.package_identification:_identify(src/rover_gazebo_plugins) by extension 'colcon_pkg'
[1.469s] Level 1:colcon.colcon_core.package_identification:_identify(src/rover_gazebo_plugins) by extensions ['colcon_meta']
[1.470s] Level 1:colcon.colcon_core.package_identification:_identify(src/rover_gazebo_plugins) by extension 'colcon_meta'
[1.470s] Level 1:colcon.colcon_core.package_identification:_identify(src/rover_gazebo_plugins) by extensions ['ros']
[1.470s] Level 1:colcon.colcon_core.package_identification:_identify(src/rover_gazebo_plugins) by extension 'ros'
[1.473s] DEBUG:colcon.colcon_core.package_identification:Package 'src/rover_gazebo_plugins' with type 'ros.ament_cmake' and name 'rover_gazebo_plugins'
[1.474s] Level 1:colcon.colcon_core.package_discovery:discover_packages(recursive) using defaults
[1.474s] Level 1:colcon.colcon_core.package_discovery:discover_packages(ignore) discover
[1.474s] Level 1:colcon.colcon_core.package_discovery:discover_packages(ignore) using defaults
[1.474s] Level 1:colcon.colcon_core.package_discovery:discover_packages(path) discover
[1.474s] Level 1:colcon.colcon_core.package_discovery:discover_packages(path) using defaults
[1.565s] Level 5:colcon.colcon_core.verb:set package 'exomy_msgs' build argument 'cmake_args' from command line to 'None'
[1.565s] Level 5:colcon.colcon_core.verb:set package 'exomy_msgs' build argument 'cmake_target' from command line to 'None'
[1.565s] Level 5:colcon.colcon_core.verb:set package 'exomy_msgs' build argument 'cmake_target_skip_unavailable' from command line to 'False'
[1.565s] Level 5:colcon.colcon_core.verb:set package 'exomy_msgs' build argument 'cmake_clean_cache' from command line to 'False'
[1.566s] Level 5:colcon.colcon_core.verb:set package 'exomy_msgs' build argument 'cmake_clean_first' from command line to 'False'
[1.566s] Level 5:colcon.colcon_core.verb:set package 'exomy_msgs' build argument 'cmake_force_configure' from command line to 'False'
[1.566s] Level 5:colcon.colcon_core.verb:set package 'exomy_msgs' build argument 'ament_cmake_args' from command line to 'None'
[1.566s] Level 5:colcon.colcon_core.verb:set package 'exomy_msgs' build argument 'catkin_cmake_args' from command line to 'None'
[1.566s] Level 5:colcon.colcon_core.verb:set package 'exomy_msgs' build argument 'catkin_skip_building_tests' from command line to 'False'
[1.568s] DEBUG:colcon.colcon_core.verb:Building package 'exomy_msgs' with the following arguments: {'ament_cmake_args': None, 'build_base': '/home/exomy/exomy_ws/build/exomy_msgs', 'catkin_cmake_args': None, 'catkin_skip_building_tests': False, 'cmake_args': None, 'cmake_clean_cache': False, 'cmake_clean_first': False, 'cmake_force_configure': False, 'cmake_target': None, 'cmake_target_skip_unavailable': False, 'install_base': '/home/exomy/exomy_ws/install/exomy_msgs', 'merge_install': False, 'path': '/home/exomy/exomy_ws/src/exomy_msgs', 'symlink_install': False, 'test_result_base': None}
[1.569s] Level 5:colcon.colcon_core.verb:set package 'exomy_sim_msgs' build argument 'cmake_args' from command line to 'None'
[1.570s] Level 5:colcon.colcon_core.verb:set package 'exomy_sim_msgs' build argument 'cmake_target' from command line to 'None'
[1.570s] Level 5:colcon.colcon_core.verb:set package 'exomy_sim_msgs' build argument 'cmake_target_skip_unavailable' from command line to 'False'
[1.570s] Level 5:colcon.colcon_core.verb:set package 'exomy_sim_msgs' build argument 'cmake_clean_cache' from command line to 'False'
[1.570s] Level 5:colcon.colcon_core.verb:set package 'exomy_sim_msgs' build argument 'cmake_clean_first' from command line to 'False'
[1.570s] Level 5:colcon.colcon_core.verb:set package 'exomy_sim_msgs' build argument 'cmake_force_configure' from command line to 'False'
[1.571s] Level 5:colcon.colcon_core.verb:set package 'exomy_sim_msgs' build argument 'ament_cmake_args' from command line to 'None'
[1.571s] Level 5:colcon.colcon_core.verb:set package 'exomy_sim_msgs' build argument 'catkin_cmake_args' from command line to 'None'
[1.571s] Level 5:colcon.colcon_core.verb:set package 'exomy_sim_msgs' build argument 'catkin_skip_building_tests' from command line to 'False'
[1.571s] DEBUG:colcon.colcon_core.verb:Building package 'exomy_sim_msgs' with the following arguments: {'ament_cmake_args': None, 'build_base': '/home/exomy/exomy_ws/build/exomy_sim_msgs', 'catkin_cmake_args': None, 'catkin_skip_building_tests': False, 'cmake_args': None, 'cmake_clean_cache': False, 'cmake_clean_first': False, 'cmake_force_configure': False, 'cmake_target': None, 'cmake_target_skip_unavailable': False, 'install_base': '/home/exomy/exomy_ws/install/exomy_sim_msgs', 'merge_install': False, 'path': '/home/exomy/exomy_ws/src/exomy_sim_msgs', 'symlink_install': False, 'test_result_base': None}
[1.574s] Level 5:colcon.colcon_core.verb:set package 'exomy' build argument 'cmake_args' from command line to 'None'
[1.574s] Level 5:colcon.colcon_core.verb:set package 'exomy' build argument 'cmake_target' from command line to 'None'
[1.574s] Level 5:colcon.colcon_core.verb:set package 'exomy' build argument 'cmake_target_skip_unavailable' from command line to 'False'
[1.575s] Level 5:colcon.colcon_core.verb:set package 'exomy' build argument 'cmake_clean_cache' from command line to 'False'
[1.575s] Level 5:colcon.colcon_core.verb:set package 'exomy' build argument 'cmake_clean_first' from command line to 'False'
[1.575s] Level 5:colcon.colcon_core.verb:set package 'exomy' build argument 'cmake_force_configure' from command line to 'False'
[1.575s] Level 5:colcon.colcon_core.verb:set package 'exomy' build argument 'ament_cmake_args' from command line to 'None'
[1.575s] Level 5:colcon.colcon_core.verb:set package 'exomy' build argument 'catkin_cmake_args' from command line to 'None'
[1.576s] Level 5:colcon.colcon_core.verb:set package 'exomy' build argument 'catkin_skip_building_tests' from command line to 'False'
[1.576s] DEBUG:colcon.colcon_core.verb:Building package 'exomy' with the following arguments: {'ament_cmake_args': None, 'build_base': '/home/exomy/exomy_ws/build/exomy', 'catkin_cmake_args': None, 'catkin_skip_building_tests': False, 'cmake_args': None, 'cmake_clean_cache': False, 'cmake_clean_first': False, 'cmake_force_configure': False, 'cmake_target': None, 'cmake_target_skip_unavailable': False, 'install_base': '/home/exomy/exomy_ws/install/exomy', 'merge_install': False, 'path': '/home/exomy/exomy_ws/src/exomy', 'symlink_install': False, 'test_result_base': None}
[1.580s] Level 5:colcon.colcon_core.verb:set package 'exomy_sim' build argument 'cmake_args' from command line to 'None'
[1.580s] Level 5:colcon.colcon_core.verb:set package 'exomy_sim' build argument 'cmake_target' from command line to 'None'
[1.581s] Level 5:colcon.colcon_core.verb:set package 'exomy_sim' build argument 'cmake_target_skip_unavailable' from command line to 'False'
[1.581s] Level 5:colcon.colcon_core.verb:set package 'exomy_sim' build argument 'cmake_clean_cache' from command line to 'False'
[1.581s] Level 5:colcon.colcon_core.verb:set package 'exomy_sim' build argument 'cmake_clean_first' from command line to 'False'
[1.581s] Level 5:colcon.colcon_core.verb:set package 'exomy_sim' build argument 'cmake_force_configure' from command line to 'False'
[1.582s] Level 5:colcon.colcon_core.verb:set package 'exomy_sim' build argument 'ament_cmake_args' from command line to 'None'
[1.582s] Level 5:colcon.colcon_core.verb:set package 'exomy_sim' build argument 'catkin_cmake_args' from command line to 'None'
[1.582s] Level 5:colcon.colcon_core.verb:set package 'exomy_sim' build argument 'catkin_skip_building_tests' from command line to 'False'
[1.582s] DEBUG:colcon.colcon_core.verb:Building package 'exomy_sim' with the following arguments: {'ament_cmake_args': None, 'build_base': '/home/exomy/exomy_ws/build/exomy_sim', 'catkin_cmake_args': None, 'catkin_skip_building_tests': False, 'cmake_args': None, 'cmake_clean_cache': False, 'cmake_clean_first': False, 'cmake_force_configure': False, 'cmake_target': None, 'cmake_target_skip_unavailable': False, 'install_base': '/home/exomy/exomy_ws/install/exomy_sim', 'merge_install': False, 'path': '/home/exomy/exomy_ws/src/exomy_sim', 'symlink_install': False, 'test_result_base': None}
[1.585s] Level 5:colcon.colcon_core.verb:set package 'rover_gazebo_plugins' build argument 'cmake_args' from command line to 'None'
[1.585s] Level 5:colcon.colcon_core.verb:set package 'rover_gazebo_plugins' build argument 'cmake_target' from command line to 'None'
[1.585s] Level 5:colcon.colcon_core.verb:set package 'rover_gazebo_plugins' build argument 'cmake_target_skip_unavailable' from command line to 'False'
[1.585s] Level 5:colcon.colcon_core.verb:set package 'rover_gazebo_plugins' build argument 'cmake_clean_cache' from command line to 'False'
[1.586s] Level 5:colcon.colcon_core.verb:set package 'rover_gazebo_plugins' build argument 'cmake_clean_first' from command line to 'False'
[1.586s] Level 5:colcon.colcon_core.verb:set package 'rover_gazebo_plugins' build argument 'cmake_force_configure' from command line to 'False'
[1.586s] Level 5:colcon.colcon_core.verb:set package 'rover_gazebo_plugins' build argument 'ament_cmake_args' from command line to 'None'
[1.586s] Level 5:colcon.colcon_core.verb:set package 'rover_gazebo_plugins' build argument 'catkin_cmake_args' from command line to 'None'
[1.586s] Level 5:colcon.colcon_core.verb:set package 'rover_gazebo_plugins' build argument 'catkin_skip_building_tests' from command line to 'False'
[1.586s] DEBUG:colcon.colcon_core.verb:Building package 'rover_gazebo_plugins' with the following arguments: {'ament_cmake_args': None, 'build_base': '/home/exomy/exomy_ws/build/rover_gazebo_plugins', 'catkin_cmake_args': None, 'catkin_skip_building_tests': False, 'cmake_args': None, 'cmake_clean_cache': False, 'cmake_clean_first': False, 'cmake_force_configure': False, 'cmake_target': None, 'cmake_target_skip_unavailable': False, 'install_base': '/home/exomy/exomy_ws/install/rover_gazebo_plugins', 'merge_install': False, 'path': '/home/exomy/exomy_ws/src/rover_gazebo_plugins', 'symlink_install': False, 'test_result_base': None}
[1.589s] Level 5:colcon.colcon_core.verb:set package 'exomy_sim_launch' build argument 'cmake_args' from command line to 'None'
[1.589s] Level 5:colcon.colcon_core.verb:set package 'exomy_sim_launch' build argument 'cmake_target' from command line to 'None'
[1.590s] Level 5:colcon.colcon_core.verb:set package 'exomy_sim_launch' build argument 'cmake_target_skip_unavailable' from command line to 'False'
[1.590s] Level 5:colcon.colcon_core.verb:set package 'exomy_sim_launch' build argument 'cmake_clean_cache' from command line to 'False'
[1.590s] Level 5:colcon.colcon_core.verb:set package 'exomy_sim_launch' build argument 'cmake_clean_first' from command line to 'False'
[1.590s] Level 5:colcon.colcon_core.verb:set package 'exomy_sim_launch' build argument 'cmake_force_configure' from command line to 'False'
[1.591s] Level 5:colcon.colcon_core.verb:set package 'exomy_sim_launch' build argument 'ament_cmake_args' from command line to 'None'
[1.591s] Level 5:colcon.colcon_core.verb:set package 'exomy_sim_launch' build argument 'catkin_cmake_args' from command line to 'None'
[1.591s] Level 5:colcon.colcon_core.verb:set package 'exomy_sim_launch' build argument 'catkin_skip_building_tests' from command line to 'False'
[1.591s] DEBUG:colcon.colcon_core.verb:Building package 'exomy_sim_launch' with the following arguments: {'ament_cmake_args': None, 'build_base': '/home/exomy/exomy_ws/build/exomy_sim_launch', 'catkin_cmake_args': None, 'catkin_skip_building_tests': False, 'cmake_args': None, 'cmake_clean_cache': False, 'cmake_clean_first': False, 'cmake_force_configure': False, 'cmake_target': None, 'cmake_target_skip_unavailable': False, 'install_base': '/home/exomy/exomy_ws/install/exomy_sim_launch', 'merge_install': False, 'path': '/home/exomy/exomy_ws/src/exomy_sim_launch', 'symlink_install': False, 'test_result_base': None}
[1.613s] INFO:colcon.colcon_core.executor:Executing jobs using 'parallel' executor
[1.618s] DEBUG:colcon.colcon_parallel_executor.executor.parallel:run_until_complete
[1.618s] INFO:colcon.colcon_ros.task.ament_cmake.build:Building ROS package in '/home/exomy/exomy_ws/src/exomy_msgs' with build type 'ament_cmake'
[1.619s] INFO:colcon.colcon_cmake.task.cmake.build:Building CMake package in '/home/exomy/exomy_ws/src/exomy_msgs'
[1.648s] INFO:colcon.colcon_core.plugin_system:Skipping extension 'colcon_core.shell.bat': Not used on non-Windows systems
[1.649s] INFO:colcon.colcon_core.shell:Skip shell extension 'powershell' for command environment: Not usable outside of PowerShell
[1.649s] DEBUG:colcon.colcon_core.shell:Skip shell extension 'dsv' for command environment
[1.703s] INFO:colcon.colcon_ros.task.ament_cmake.build:Building ROS package in '/home/exomy/exomy_ws/src/exomy_sim_msgs' with build type 'ament_cmake'
[1.704s] INFO:colcon.colcon_cmake.task.cmake.build:Building CMake package in '/home/exomy/exomy_ws/src/exomy_sim_msgs'
[1.706s] INFO:colcon.colcon_core.shell:Skip shell extension 'powershell' for command environment: Not usable outside of PowerShell
[1.715s] DEBUG:colcon.colcon_core.shell:Skip shell extension 'dsv' for command environment
[1.797s] DEBUG:colcon.colcon_core.event_handler.log_command:Invoking command in '/home/exomy/exomy_ws/build/exomy_msgs': CMAKE_PREFIX_PATH=/opt/ros/foxy /usr/bin/cmake --build /home/exomy/exomy_ws/build/exomy_msgs -- -j2 -l2
[1.851s] DEBUG:colcon.colcon_core.event_handler.log_command:Invoking command in '/home/exomy/exomy_ws/build/exomy_sim_msgs': CMAKE_PREFIX_PATH=/opt/ros/foxy /usr/bin/cmake --build /home/exomy/exomy_ws/build/exomy_sim_msgs -- -j2 -l2
[9.872s] DEBUG:colcon.colcon_core.event_handler.log_command:Invoked command in '/home/exomy/exomy_ws/build/exomy_msgs' returned '0': CMAKE_PREFIX_PATH=/opt/ros/foxy /usr/bin/cmake --build /home/exomy/exomy_ws/build/exomy_msgs -- -j2 -l2
[9.980s] DEBUG:colcon.colcon_core.event_handler.log_command:Invoked command in '/home/exomy/exomy_ws/build/exomy_sim_msgs' returned '0': CMAKE_PREFIX_PATH=/opt/ros/foxy /usr/bin/cmake --build /home/exomy/exomy_ws/build/exomy_sim_msgs -- -j2 -l2
[12.839s] DEBUG:colcon.colcon_core.event_handler.log_command:Invoking command in '/home/exomy/exomy_ws/build/exomy_sim_msgs': CMAKE_PREFIX_PATH=/opt/ros/foxy /usr/bin/cmake --install /home/exomy/exomy_ws/build/exomy_sim_msgs
[13.735s] DEBUG:colcon.colcon_core.event_handler.log_command:Invoking command in '/home/exomy/exomy_ws/build/exomy_msgs': CMAKE_PREFIX_PATH=/opt/ros/foxy /usr/bin/cmake --install /home/exomy/exomy_ws/build/exomy_msgs
[14.203s] Level 1:colcon.colcon_core.environment:create_environment_scripts_only(exomy_sim_msgs)
[14.206s] DEBUG:colcon.colcon_core.event_handler.log_command:Invoked command in '/home/exomy/exomy_ws/build/exomy_sim_msgs' returned '0': CMAKE_PREFIX_PATH=/opt/ros/foxy /usr/bin/cmake --install /home/exomy/exomy_ws/build/exomy_sim_msgs
[14.497s] Level 1:colcon.colcon_core.environment:checking '/home/exomy/exomy_ws/install/exomy_sim_msgs' for CMake module files
[14.508s] Level 1:colcon.colcon_core.environment:checking '/home/exomy/exomy_ws/install/exomy_sim_msgs' for CMake config files
[14.546s] Level 1:colcon.colcon_core.shell:create_environment_hook('exomy_sim_msgs', 'cmake_prefix_path')
[14.553s] INFO:colcon.colcon_core.shell:Creating environment hook '/home/exomy/exomy_ws/install/exomy_sim_msgs/share/exomy_sim_msgs/hook/cmake_prefix_path.ps1'
[14.589s] INFO:colcon.colcon_core.shell:Creating environment descriptor '/home/exomy/exomy_ws/install/exomy_sim_msgs/share/exomy_sim_msgs/hook/cmake_prefix_path.dsv'
[14.608s] INFO:colcon.colcon_core.shell:Creating environment hook '/home/exomy/exomy_ws/install/exomy_sim_msgs/share/exomy_sim_msgs/hook/cmake_prefix_path.sh'
[14.641s] Level 1:colcon.colcon_core.environment:checking '/home/exomy/exomy_ws/install/exomy_sim_msgs/lib'
[14.654s] Level 1:colcon.colcon_core.shell:create_environment_hook('exomy_sim_msgs', 'ld_library_path_lib')
[14.674s] INFO:colcon.colcon_core.shell:Creating environment hook '/home/exomy/exomy_ws/install/exomy_sim_msgs/share/exomy_sim_msgs/hook/ld_library_path_lib.ps1'
[14.717s] INFO:colcon.colcon_core.shell:Creating environment descriptor '/home/exomy/exomy_ws/install/exomy_sim_msgs/share/exomy_sim_msgs/hook/ld_library_path_lib.dsv'
[14.752s] INFO:colcon.colcon_core.shell:Creating environment hook '/home/exomy/exomy_ws/install/exomy_sim_msgs/share/exomy_sim_msgs/hook/ld_library_path_lib.sh'
[14.753s] Level 1:colcon.colcon_core.environment:checking '/home/exomy/exomy_ws/install/exomy_sim_msgs/bin'
[14.753s] Level 1:colcon.colcon_core.environment:checking '/home/exomy/exomy_ws/install/exomy_sim_msgs/lib/pkgconfig/exomy_sim_msgs.pc'
[14.754s] Level 1:colcon.colcon_core.environment:checking '/home/exomy/exomy_ws/install/exomy_sim_msgs/lib/python3.8/site-packages'
[14.754s] Level 1:colcon.colcon_core.shell:create_environment_hook('exomy_sim_msgs', 'pythonpath')
[14.775s] INFO:colcon.colcon_core.shell:Creating environment hook '/home/exomy/exomy_ws/install/exomy_sim_msgs/share/exomy_sim_msgs/hook/pythonpath.ps1'
[14.783s] INFO:colcon.colcon_core.shell:Creating environment descriptor '/home/exomy/exomy_ws/install/exomy_sim_msgs/share/exomy_sim_msgs/hook/pythonpath.dsv'
[14.784s] INFO:colcon.colcon_core.shell:Creating environment hook '/home/exomy/exomy_ws/install/exomy_sim_msgs/share/exomy_sim_msgs/hook/pythonpath.sh'
[14.855s] INFO:colcon.colcon_core.shell:Creating package script '/home/exomy/exomy_ws/install/exomy_sim_msgs/share/exomy_sim_msgs/package.ps1'
[14.939s] INFO:colcon.colcon_core.shell:Creating package descriptor '/home/exomy/exomy_ws/install/exomy_sim_msgs/share/exomy_sim_msgs/package.dsv'
[14.964s] INFO:colcon.colcon_core.shell:Creating package script '/home/exomy/exomy_ws/install/exomy_sim_msgs/share/exomy_sim_msgs/package.sh'
[15.006s] INFO:colcon.colcon_core.shell:Creating package script '/home/exomy/exomy_ws/install/exomy_sim_msgs/share/exomy_sim_msgs/package.bash'
[15.093s] INFO:colcon.colcon_core.shell:Creating package script '/home/exomy/exomy_ws/install/exomy_sim_msgs/share/exomy_sim_msgs/package.zsh'
[15.147s] Level 1:colcon.colcon_core.environment:create_file_with_runtime_dependencies(/home/exomy/exomy_ws/install/exomy_sim_msgs/share/colcon-core/packages/exomy_sim_msgs)
[15.340s] Level 1:colcon.colcon_core.environment:create_environment_scripts_only(exomy_msgs)
[15.357s] DEBUG:colcon.colcon_core.event_handler.log_command:Invoked command in '/home/exomy/exomy_ws/build/exomy_msgs' returned '0': CMAKE_PREFIX_PATH=/opt/ros/foxy /usr/bin/cmake --install /home/exomy/exomy_ws/build/exomy_msgs
[15.363s] Level 1:colcon.colcon_core.environment:checking '/home/exomy/exomy_ws/install/exomy_msgs' for CMake module files
[15.391s] Level 1:colcon.colcon_core.environment:checking '/home/exomy/exomy_ws/install/exomy_msgs' for CMake config files
[15.440s] Level 1:colcon.colcon_core.shell:create_environment_hook('exomy_msgs', 'cmake_prefix_path')
[15.460s] INFO:colcon.colcon_core.shell:Creating environment hook '/home/exomy/exomy_ws/install/exomy_msgs/share/exomy_msgs/hook/cmake_prefix_path.ps1'
[15.513s] INFO:colcon.colcon_core.shell:Creating environment descriptor '/home/exomy/exomy_ws/install/exomy_msgs/share/exomy_msgs/hook/cmake_prefix_path.dsv'
[15.584s] INFO:colcon.colcon_core.shell:Creating environment hook '/home/exomy/exomy_ws/install/exomy_msgs/share/exomy_msgs/hook/cmake_prefix_path.sh'
[15.600s] Level 1:colcon.colcon_core.environment:checking '/home/exomy/exomy_ws/install/exomy_msgs/lib'
[15.607s] Level 1:colcon.colcon_core.shell:create_environment_hook('exomy_msgs', 'ld_library_path_lib')
[15.620s] INFO:colcon.colcon_core.shell:Creating environment hook '/home/exomy/exomy_ws/install/exomy_msgs/share/exomy_msgs/hook/ld_library_path_lib.ps1'
[15.655s] INFO:colcon.colcon_core.shell:Creating environment descriptor '/home/exomy/exomy_ws/install/exomy_msgs/share/exomy_msgs/hook/ld_library_path_lib.dsv'
[15.689s] INFO:colcon.colcon_core.shell:Creating environment hook '/home/exomy/exomy_ws/install/exomy_msgs/share/exomy_msgs/hook/ld_library_path_lib.sh'
[15.747s] Level 1:colcon.colcon_core.environment:checking '/home/exomy/exomy_ws/install/exomy_msgs/bin'
[15.747s] Level 1:colcon.colcon_core.environment:checking '/home/exomy/exomy_ws/install/exomy_msgs/lib/pkgconfig/exomy_msgs.pc'
[15.748s] Level 1:colcon.colcon_core.environment:checking '/home/exomy/exomy_ws/install/exomy_msgs/lib/python3.8/site-packages'
[15.748s] Level 1:colcon.colcon_core.shell:create_environment_hook('exomy_msgs', 'pythonpath')
[15.750s] INFO:colcon.colcon_core.shell:Creating environment hook '/home/exomy/exomy_ws/install/exomy_msgs/share/exomy_msgs/hook/pythonpath.ps1'
[15.792s] INFO:colcon.colcon_core.shell:Creating environment descriptor '/home/exomy/exomy_ws/install/exomy_msgs/share/exomy_msgs/hook/pythonpath.dsv'
[15.836s] INFO:colcon.colcon_core.shell:Creating environment hook '/home/exomy/exomy_ws/install/exomy_msgs/share/exomy_msgs/hook/pythonpath.sh'
[15.857s] INFO:colcon.colcon_core.shell:Creating package script '/home/exomy/exomy_ws/install/exomy_msgs/share/exomy_msgs/package.ps1'
[15.893s] INFO:colcon.colcon_core.shell:Creating package descriptor '/home/exomy/exomy_ws/install/exomy_msgs/share/exomy_msgs/package.dsv'
[15.918s] INFO:colcon.colcon_core.shell:Creating package script '/home/exomy/exomy_ws/install/exomy_msgs/share/exomy_msgs/package.sh'
[15.940s] INFO:colcon.colcon_core.shell:Creating package script '/home/exomy/exomy_ws/install/exomy_msgs/share/exomy_msgs/package.bash'
[15.976s] INFO:colcon.colcon_core.shell:Creating package script '/home/exomy/exomy_ws/install/exomy_msgs/share/exomy_msgs/package.zsh'
[15.988s] Level 1:colcon.colcon_core.environment:create_file_with_runtime_dependencies(/home/exomy/exomy_ws/install/exomy_msgs/share/colcon-core/packages/exomy_msgs)
[18.974s] Level 1:colcon.colcon_core.environment:create_environment_scripts_only(exomy_sim_msgs)
[18.976s] Level 1:colcon.colcon_core.environment:checking '/home/exomy/exomy_ws/install/exomy_sim_msgs' for CMake module files
[18.992s] Level 1:colcon.colcon_core.environment:checking '/home/exomy/exomy_ws/install/exomy_sim_msgs' for CMake config files
[18.995s] Level 1:colcon.colcon_core.shell:create_environment_hook('exomy_sim_msgs', 'cmake_prefix_path')
[18.997s] INFO:colcon.colcon_core.shell:Creating environment hook '/home/exomy/exomy_ws/install/exomy_sim_msgs/share/exomy_sim_msgs/hook/cmake_prefix_path.ps1'
[19.001s] INFO:colcon.colcon_core.shell:Creating environment descriptor '/home/exomy/exomy_ws/install/exomy_sim_msgs/share/exomy_sim_msgs/hook/cmake_prefix_path.dsv'
[19.003s] INFO:colcon.colcon_core.shell:Creating environment hook '/home/exomy/exomy_ws/install/exomy_sim_msgs/share/exomy_sim_msgs/hook/cmake_prefix_path.sh'
[19.014s] Level 1:colcon.colcon_core.environment:checking '/home/exomy/exomy_ws/install/exomy_sim_msgs/lib'
[19.059s] Level 1:colcon.colcon_core.shell:create_environment_hook('exomy_sim_msgs', 'ld_library_path_lib')
[19.061s] INFO:colcon.colcon_core.shell:Creating environment hook '/home/exomy/exomy_ws/install/exomy_sim_msgs/share/exomy_sim_msgs/hook/ld_library_path_lib.ps1'
[19.095s] INFO:colcon.colcon_core.shell:Creating environment descriptor '/home/exomy/exomy_ws/install/exomy_sim_msgs/share/exomy_sim_msgs/hook/ld_library_path_lib.dsv'
[19.107s] INFO:colcon.colcon_core.shell:Creating environment hook '/home/exomy/exomy_ws/install/exomy_sim_msgs/share/exomy_sim_msgs/hook/ld_library_path_lib.sh'
[19.109s] Level 1:colcon.colcon_core.environment:checking '/home/exomy/exomy_ws/install/exomy_sim_msgs/bin'
[19.110s] Level 1:colcon.colcon_core.environment:checking '/home/exomy/exomy_ws/install/exomy_sim_msgs/lib/pkgconfig/exomy_sim_msgs.pc'
[19.110s] Level 1:colcon.colcon_core.environment:checking '/home/exomy/exomy_ws/install/exomy_sim_msgs/lib/python3.8/site-packages'
[19.116s] Level 1:colcon.colcon_core.shell:create_environment_hook('exomy_sim_msgs', 'pythonpath')
[19.117s] INFO:colcon.colcon_core.shell:Creating environment hook '/home/exomy/exomy_ws/install/exomy_sim_msgs/share/exomy_sim_msgs/hook/pythonpath.ps1'
[19.125s] INFO:colcon.colcon_core.shell:Creating environment descriptor '/home/exomy/exomy_ws/install/exomy_sim_msgs/share/exomy_sim_msgs/hook/pythonpath.dsv'
[19.128s] INFO:colcon.colcon_core.shell:Creating environment hook '/home/exomy/exomy_ws/install/exomy_sim_msgs/share/exomy_sim_msgs/hook/pythonpath.sh'
[19.153s] INFO:colcon.colcon_core.shell:Creating package script '/home/exomy/exomy_ws/install/exomy_sim_msgs/share/exomy_sim_msgs/package.ps1'
[19.158s] INFO:colcon.colcon_core.shell:Creating package descriptor '/home/exomy/exomy_ws/install/exomy_sim_msgs/share/exomy_sim_msgs/package.dsv'
[19.165s] INFO:colcon.colcon_core.shell:Creating package script '/home/exomy/exomy_ws/install/exomy_sim_msgs/share/exomy_sim_msgs/package.sh'
[19.180s] INFO:colcon.colcon_core.shell:Creating package script '/home/exomy/exomy_ws/install/exomy_sim_msgs/share/exomy_sim_msgs/package.bash'
[19.184s] INFO:colcon.colcon_core.shell:Creating package script '/home/exomy/exomy_ws/install/exomy_sim_msgs/share/exomy_sim_msgs/package.zsh'
[19.190s] Level 1:colcon.colcon_core.environment:create_file_with_runtime_dependencies(/home/exomy/exomy_ws/install/exomy_sim_msgs/share/colcon-core/packages/exomy_sim_msgs)
[19.200s] INFO:colcon.colcon_ros.task.ament_cmake.build:Building ROS package in '/home/exomy/exomy_ws/src/rover_gazebo_plugins' with build type 'ament_cmake'
[19.203s] INFO:colcon.colcon_cmake.task.cmake.build:Building CMake package in '/home/exomy/exomy_ws/src/rover_gazebo_plugins'
[19.215s] INFO:colcon.colcon_core.shell:Skip shell extension 'powershell' for command environment: Not usable outside of PowerShell
[19.215s] DEBUG:colcon.colcon_core.shell:Skip shell extension 'dsv' for command environment
[19.498s] DEBUG:colcon.colcon_core.event_handler.log_command:Invoking command in '/home/exomy/exomy_ws/build/rover_gazebo_plugins': AMENT_PREFIX_PATH=/home/exomy/exomy_ws/install/exomy_sim_msgs:${AMENT_PREFIX_PATH} CMAKE_PREFIX_PATH=/home/exomy/exomy_ws/install/exomy_sim_msgs:/opt/ros/foxy LD_LIBRARY_PATH=/home/exomy/exomy_ws/install/exomy_sim_msgs/lib:${LD_LIBRARY_PATH} PYTHONPATH=/home/exomy/exomy_ws/install/exomy_sim_msgs/lib/python3.8/site-packages:${PYTHONPATH} /usr/bin/cmake --build /home/exomy/exomy_ws/build/rover_gazebo_plugins -- -j2 -l2
[19.785s] Level 1:colcon.colcon_core.environment:create_environment_scripts_only(exomy_msgs)
[19.787s] Level 1:colcon.colcon_core.environment:checking '/home/exomy/exomy_ws/install/exomy_msgs' for CMake module files
[19.809s] Level 1:colcon.colcon_core.environment:checking '/home/exomy/exomy_ws/install/exomy_msgs' for CMake config files
[19.823s] Level 1:colcon.colcon_core.shell:create_environment_hook('exomy_msgs', 'cmake_prefix_path')
[19.828s] INFO:colcon.colcon_core.shell:Creating environment hook '/home/exomy/exomy_ws/install/exomy_msgs/share/exomy_msgs/hook/cmake_prefix_path.ps1'
[19.830s] INFO:colcon.colcon_core.shell:Creating environment descriptor '/home/exomy/exomy_ws/install/exomy_msgs/share/exomy_msgs/hook/cmake_prefix_path.dsv'
[19.841s] INFO:colcon.colcon_core.shell:Creating environment hook '/home/exomy/exomy_ws/install/exomy_msgs/share/exomy_msgs/hook/cmake_prefix_path.sh'
[19.850s] Level 1:colcon.colcon_core.environment:checking '/home/exomy/exomy_ws/install/exomy_msgs/lib'
[19.850s] Level 1:colcon.colcon_core.shell:create_environment_hook('exomy_msgs', 'ld_library_path_lib')
[19.859s] INFO:colcon.colcon_core.shell:Creating environment hook '/home/exomy/exomy_ws/install/exomy_msgs/share/exomy_msgs/hook/ld_library_path_lib.ps1'
[19.868s] INFO:colcon.colcon_core.shell:Creating environment descriptor '/home/exomy/exomy_ws/install/exomy_msgs/share/exomy_msgs/hook/ld_library_path_lib.dsv'
[19.872s] INFO:colcon.colcon_core.shell:Creating environment hook '/home/exomy/exomy_ws/install/exomy_msgs/share/exomy_msgs/hook/ld_library_path_lib.sh'
[19.886s] Level 1:colcon.colcon_core.environment:checking '/home/exomy/exomy_ws/install/exomy_msgs/bin'
[19.886s] Level 1:colcon.colcon_core.environment:checking '/home/exomy/exomy_ws/install/exomy_msgs/lib/pkgconfig/exomy_msgs.pc'
[19.886s] Level 1:colcon.colcon_core.environment:checking '/home/exomy/exomy_ws/install/exomy_msgs/lib/python3.8/site-packages'
[19.887s] Level 1:colcon.colcon_core.shell:create_environment_hook('exomy_msgs', 'pythonpath')
[19.892s] INFO:colcon.colcon_core.shell:Creating environment hook '/home/exomy/exomy_ws/install/exomy_msgs/share/exomy_msgs/hook/pythonpath.ps1'
[19.905s] INFO:colcon.colcon_core.shell:Creating environment descriptor '/home/exomy/exomy_ws/install/exomy_msgs/share/exomy_msgs/hook/pythonpath.dsv'
[19.910s] INFO:colcon.colcon_core.shell:Creating environment hook '/home/exomy/exomy_ws/install/exomy_msgs/share/exomy_msgs/hook/pythonpath.sh'
[19.929s] INFO:colcon.colcon_core.shell:Creating package script '/home/exomy/exomy_ws/install/exomy_msgs/share/exomy_msgs/package.ps1'
[19.954s] INFO:colcon.colcon_core.shell:Creating package descriptor '/home/exomy/exomy_ws/install/exomy_msgs/share/exomy_msgs/package.dsv'
[19.957s] INFO:colcon.colcon_core.shell:Creating package script '/home/exomy/exomy_ws/install/exomy_msgs/share/exomy_msgs/package.sh'
[19.976s] INFO:colcon.colcon_core.shell:Creating package script '/home/exomy/exomy_ws/install/exomy_msgs/share/exomy_msgs/package.bash'
[20.018s] INFO:colcon.colcon_core.shell:Creating package script '/home/exomy/exomy_ws/install/exomy_msgs/share/exomy_msgs/package.zsh'
[20.103s] Level 1:colcon.colcon_core.environment:create_file_with_runtime_dependencies(/home/exomy/exomy_ws/install/exomy_msgs/share/colcon-core/packages/exomy_msgs)
[20.127s] INFO:colcon.colcon_ros.task.ament_python.build:Building ROS package in '/home/exomy/exomy_ws/src/exomy' with build type 'ament_python'
[20.161s] Level 1:colcon.colcon_core.shell:create_environment_hook('exomy', 'ament_prefix_path')
[20.204s] INFO:colcon.colcon_core.shell:Creating environment hook '/home/exomy/exomy_ws/install/exomy/share/exomy/hook/ament_prefix_path.ps1'
[20.231s] INFO:colcon.colcon_core.shell:Creating environment descriptor '/home/exomy/exomy_ws/install/exomy/share/exomy/hook/ament_prefix_path.dsv'
[20.233s] INFO:colcon.colcon_core.shell:Creating environment hook '/home/exomy/exomy_ws/install/exomy/share/exomy/hook/ament_prefix_path.sh'
[20.248s] INFO:colcon.colcon_core.shell:Skip shell extension 'powershell' for command environment: Not usable outside of PowerShell
[20.260s] DEBUG:colcon.colcon_core.shell:Skip shell extension 'dsv' for command environment
[24.659s] INFO:colcon.colcon_core.task.python.build:Building Python package in '/home/exomy/exomy_ws/src/exomy'
[24.661s] INFO:colcon.colcon_core.shell:Skip shell extension 'powershell' for command environment: Not usable outside of PowerShell
[24.661s] DEBUG:colcon.colcon_core.shell:Skip shell extension 'dsv' for command environment
[24.705s] DEBUG:colcon.colcon_core.event_handler.log_command:Invoked command in '/home/exomy/exomy_ws/build/rover_gazebo_plugins' returned '0': AMENT_PREFIX_PATH=/home/exomy/exomy_ws/install/exomy_sim_msgs:${AMENT_PREFIX_PATH} CMAKE_PREFIX_PATH=/home/exomy/exomy_ws/install/exomy_sim_msgs:/opt/ros/foxy LD_LIBRARY_PATH=/home/exomy/exomy_ws/install/exomy_sim_msgs/lib:${LD_LIBRARY_PATH} PYTHONPATH=/home/exomy/exomy_ws/install/exomy_sim_msgs/lib/python3.8/site-packages:${PYTHONPATH} /usr/bin/cmake --build /home/exomy/exomy_ws/build/rover_gazebo_plugins -- -j2 -l2
[25.150s] DEBUG:colcon.colcon_core.event_handler.log_command:Invoking command in '/home/exomy/exomy_ws/build/rover_gazebo_plugins': AMENT_PREFIX_PATH=/home/exomy/exomy_ws/install/exomy_sim_msgs:${AMENT_PREFIX_PATH} CMAKE_PREFIX_PATH=/home/exomy/exomy_ws/install/exomy_sim_msgs:/opt/ros/foxy LD_LIBRARY_PATH=/home/exomy/exomy_ws/install/exomy_sim_msgs/lib:${LD_LIBRARY_PATH} PYTHONPATH=/home/exomy/exomy_ws/install/exomy_sim_msgs/lib/python3.8/site-packages:${PYTHONPATH} /usr/bin/cmake --install /home/exomy/exomy_ws/build/rover_gazebo_plugins
[25.279s] Level 1:colcon.colcon_core.environment:create_environment_scripts_only(rover_gazebo_plugins)
[25.281s] Level 1:colcon.colcon_core.environment:checking '/home/exomy/exomy_ws/install/rover_gazebo_plugins' for CMake module files
[25.282s] Level 1:colcon.colcon_core.environment:checking '/home/exomy/exomy_ws/install/rover_gazebo_plugins' for CMake config files
[25.283s] Level 1:colcon.colcon_core.shell:create_environment_hook('rover_gazebo_plugins', 'cmake_prefix_path')
[25.284s] INFO:colcon.colcon_core.shell:Creating environment hook '/home/exomy/exomy_ws/install/rover_gazebo_plugins/share/rover_gazebo_plugins/hook/cmake_prefix_path.ps1'
[25.285s] DEBUG:colcon.colcon_core.event_handler.log_command:Invoked command in '/home/exomy/exomy_ws/build/rover_gazebo_plugins' returned '0': AMENT_PREFIX_PATH=/home/exomy/exomy_ws/install/exomy_sim_msgs:${AMENT_PREFIX_PATH} CMAKE_PREFIX_PATH=/home/exomy/exomy_ws/install/exomy_sim_msgs:/opt/ros/foxy LD_LIBRARY_PATH=/home/exomy/exomy_ws/install/exomy_sim_msgs/lib:${LD_LIBRARY_PATH} PYTHONPATH=/home/exomy/exomy_ws/install/exomy_sim_msgs/lib/python3.8/site-packages:${PYTHONPATH} /usr/bin/cmake --install /home/exomy/exomy_ws/build/rover_gazebo_plugins
[25.290s] INFO:colcon.colcon_core.shell:Creating environment descriptor '/home/exomy/exomy_ws/install/rover_gazebo_plugins/share/rover_gazebo_plugins/hook/cmake_prefix_path.dsv'
[25.291s] INFO:colcon.colcon_core.shell:Creating environment hook '/home/exomy/exomy_ws/install/rover_gazebo_plugins/share/rover_gazebo_plugins/hook/cmake_prefix_path.sh'
[25.312s] Level 1:colcon.colcon_core.environment:checking '/home/exomy/exomy_ws/install/rover_gazebo_plugins/lib'
[25.312s] Level 1:colcon.colcon_core.shell:create_environment_hook('rover_gazebo_plugins', 'ld_library_path_lib')
[25.314s] INFO:colcon.colcon_core.shell:Creating environment hook '/home/exomy/exomy_ws/install/rover_gazebo_plugins/share/rover_gazebo_plugins/hook/ld_library_path_lib.ps1'
[25.323s] INFO:colcon.colcon_core.shell:Creating environment descriptor '/home/exomy/exomy_ws/install/rover_gazebo_plugins/share/rover_gazebo_plugins/hook/ld_library_path_lib.dsv'
[25.336s] INFO:colcon.colcon_core.shell:Creating environment hook '/home/exomy/exomy_ws/install/rover_gazebo_plugins/share/rover_gazebo_plugins/hook/ld_library_path_lib.sh'
[25.338s] Level 1:colcon.colcon_core.environment:checking '/home/exomy/exomy_ws/install/rover_gazebo_plugins/bin'
[25.339s] Level 1:colcon.colcon_core.environment:checking '/home/exomy/exomy_ws/install/rover_gazebo_plugins/lib/pkgconfig/rover_gazebo_plugins.pc'
[25.351s] Level 1:colcon.colcon_core.environment:checking '/home/exomy/exomy_ws/install/rover_gazebo_plugins/lib/python3.8/site-packages'
[25.353s] INFO:colcon.colcon_core.shell:Creating package script '/home/exomy/exomy_ws/install/rover_gazebo_plugins/share/rover_gazebo_plugins/package.ps1'
[25.367s] INFO:colcon.colcon_core.shell:Creating package descriptor '/home/exomy/exomy_ws/install/rover_gazebo_plugins/share/rover_gazebo_plugins/package.dsv'
[25.378s] INFO:colcon.colcon_core.shell:Creating package script '/home/exomy/exomy_ws/install/rover_gazebo_plugins/share/rover_gazebo_plugins/package.sh'
[25.392s] INFO:colcon.colcon_core.shell:Creating package script '/home/exomy/exomy_ws/install/rover_gazebo_plugins/share/rover_gazebo_plugins/package.bash'
[25.404s] INFO:colcon.colcon_core.shell:Creating package script '/home/exomy/exomy_ws/install/rover_gazebo_plugins/share/rover_gazebo_plugins/package.zsh'
[25.407s] Level 1:colcon.colcon_core.environment:create_file_with_runtime_dependencies(/home/exomy/exomy_ws/install/rover_gazebo_plugins/share/colcon-core/packages/rover_gazebo_plugins)
[26.000s] Level 1:colcon.colcon_core.environment:create_environment_scripts_only(rover_gazebo_plugins)
[26.001s] Level 1:colcon.colcon_core.environment:checking '/home/exomy/exomy_ws/install/rover_gazebo_plugins' for CMake module files
[26.003s] Level 1:colcon.colcon_core.environment:checking '/home/exomy/exomy_ws/install/rover_gazebo_plugins' for CMake config files
[26.003s] Level 1:colcon.colcon_core.shell:create_environment_hook('rover_gazebo_plugins', 'cmake_prefix_path')
[26.013s] INFO:colcon.colcon_core.shell:Creating environment hook '/home/exomy/exomy_ws/install/rover_gazebo_plugins/share/rover_gazebo_plugins/hook/cmake_prefix_path.ps1'
[26.014s] INFO:colcon.colcon_core.shell:Creating environment descriptor '/home/exomy/exomy_ws/install/rover_gazebo_plugins/share/rover_gazebo_plugins/hook/cmake_prefix_path.dsv'
[26.015s] INFO:colcon.colcon_core.shell:Creating environment hook '/home/exomy/exomy_ws/install/rover_gazebo_plugins/share/rover_gazebo_plugins/hook/cmake_prefix_path.sh'
[26.025s] Level 1:colcon.colcon_core.environment:checking '/home/exomy/exomy_ws/install/rover_gazebo_plugins/lib'
[26.026s] Level 1:colcon.colcon_core.shell:create_environment_hook('rover_gazebo_plugins', 'ld_library_path_lib')
[26.027s] INFO:colcon.colcon_core.shell:Creating environment hook '/home/exomy/exomy_ws/install/rover_gazebo_plugins/share/rover_gazebo_plugins/hook/ld_library_path_lib.ps1'
[26.039s] INFO:colcon.colcon_core.shell:Creating environment descriptor '/home/exomy/exomy_ws/install/rover_gazebo_plugins/share/rover_gazebo_plugins/hook/ld_library_path_lib.dsv'
[26.041s] INFO:colcon.colcon_core.shell:Creating environment hook '/home/exomy/exomy_ws/install/rover_gazebo_plugins/share/rover_gazebo_plugins/hook/ld_library_path_lib.sh'
[26.042s] Level 1:colcon.colcon_core.environment:checking '/home/exomy/exomy_ws/install/rover_gazebo_plugins/bin'
[26.042s] Level 1:colcon.colcon_core.environment:checking '/home/exomy/exomy_ws/install/rover_gazebo_plugins/lib/pkgconfig/rover_gazebo_plugins.pc'
[26.042s] Level 1:colcon.colcon_core.environment:checking '/home/exomy/exomy_ws/install/rover_gazebo_plugins/lib/python3.8/site-packages'
[26.056s] INFO:colcon.colcon_core.shell:Creating package script '/home/exomy/exomy_ws/install/rover_gazebo_plugins/share/rover_gazebo_plugins/package.ps1'
[26.058s] INFO:colcon.colcon_core.shell:Creating package descriptor '/home/exomy/exomy_ws/install/rover_gazebo_plugins/share/rover_gazebo_plugins/package.dsv'
[26.060s] INFO:colcon.colcon_core.shell:Creating package script '/home/exomy/exomy_ws/install/rover_gazebo_plugins/share/rover_gazebo_plugins/package.sh'
[26.073s] INFO:colcon.colcon_core.shell:Creating package script '/home/exomy/exomy_ws/install/rover_gazebo_plugins/share/rover_gazebo_plugins/package.bash'
[26.079s] INFO:colcon.colcon_core.shell:Creating package script '/home/exomy/exomy_ws/install/rover_gazebo_plugins/share/rover_gazebo_plugins/package.zsh'
[26.081s] Level 1:colcon.colcon_core.environment:create_file_with_runtime_dependencies(/home/exomy/exomy_ws/install/rover_gazebo_plugins/share/colcon-core/packages/rover_gazebo_plugins)
[26.089s] INFO:colcon.colcon_ros.task.ament_cmake.build:Building ROS package in '/home/exomy/exomy_ws/src/exomy_sim' with build type 'ament_cmake'
[26.090s] INFO:colcon.colcon_cmake.task.cmake.build:Building CMake package in '/home/exomy/exomy_ws/src/exomy_sim'
[26.091s] INFO:colcon.colcon_core.shell:Skip shell extension 'powershell' for command environment: Not usable outside of PowerShell
[26.103s] DEBUG:colcon.colcon_core.shell:Skip shell extension 'dsv' for command environment
[26.348s] DEBUG:colcon.colcon_core.event_handler.log_command:Invoking command in '/home/exomy/exomy_ws/build/exomy_sim': AMENT_PREFIX_PATH=/home/exomy/exomy_ws/install/exomy_sim_msgs:/home/exomy/exomy_ws/install/exomy_msgs:${AMENT_PREFIX_PATH} CMAKE_PREFIX_PATH=/home/exomy/exomy_ws/install/exomy_sim_msgs:/home/exomy/exomy_ws/install/exomy_msgs:/opt/ros/foxy LD_LIBRARY_PATH=/home/exomy/exomy_ws/install/exomy_sim_msgs/lib:/home/exomy/exomy_ws/install/exomy_msgs/lib:${LD_LIBRARY_PATH} PYTHONPATH=/home/exomy/exomy_ws/install/exomy_sim_msgs/lib/python3.8/site-packages:/home/exomy/exomy_ws/install/exomy_msgs/lib/python3.8/site-packages:${PYTHONPATH} /usr/bin/cmake --build /home/exomy/exomy_ws/build/exomy_sim -- -j2 -l2
[27.711s] DEBUG:colcon.colcon_core.event_handler.log_command:Invoked command in '/home/exomy/exomy_ws/build/exomy_sim' returned '0': AMENT_PREFIX_PATH=/home/exomy/exomy_ws/install/exomy_sim_msgs:/home/exomy/exomy_ws/install/exomy_msgs:${AMENT_PREFIX_PATH} CMAKE_PREFIX_PATH=/home/exomy/exomy_ws/install/exomy_sim_msgs:/home/exomy/exomy_ws/install/exomy_msgs:/opt/ros/foxy LD_LIBRARY_PATH=/home/exomy/exomy_ws/install/exomy_sim_msgs/lib:/home/exomy/exomy_ws/install/exomy_msgs/lib:${LD_LIBRARY_PATH} PYTHONPATH=/home/exomy/exomy_ws/install/exomy_sim_msgs/lib/python3.8/site-packages:/home/exomy/exomy_ws/install/exomy_msgs/lib/python3.8/site-packages:${PYTHONPATH} /usr/bin/cmake --build /home/exomy/exomy_ws/build/exomy_sim -- -j2 -l2
[28.422s] DEBUG:colcon.colcon_core.event_handler.log_command:Invoking command in '/home/exomy/exomy_ws/build/exomy_sim': AMENT_PREFIX_PATH=/home/exomy/exomy_ws/install/exomy_sim_msgs:/home/exomy/exomy_ws/install/exomy_msgs:${AMENT_PREFIX_PATH} CMAKE_PREFIX_PATH=/home/exomy/exomy_ws/install/exomy_sim_msgs:/home/exomy/exomy_ws/install/exomy_msgs:/opt/ros/foxy LD_LIBRARY_PATH=/home/exomy/exomy_ws/install/exomy_sim_msgs/lib:/home/exomy/exomy_ws/install/exomy_msgs/lib:${LD_LIBRARY_PATH} PYTHONPATH=/home/exomy/exomy_ws/install/exomy_sim_msgs/lib/python3.8/site-packages:/home/exomy/exomy_ws/install/exomy_msgs/lib/python3.8/site-packages:${PYTHONPATH} /usr/bin/cmake --install /home/exomy/exomy_ws/build/exomy_sim
[28.991s] Level 1:colcon.colcon_core.environment:create_environment_scripts_only(exomy_sim)
[28.999s] Level 1:colcon.colcon_core.environment:checking '/home/exomy/exomy_ws/install/exomy_sim' for CMake module files
[29.032s] DEBUG:colcon.colcon_core.event_handler.log_command:Invoked command in '/home/exomy/exomy_ws/build/exomy_sim' returned '0': AMENT_PREFIX_PATH=/home/exomy/exomy_ws/install/exomy_sim_msgs:/home/exomy/exomy_ws/install/exomy_msgs:${AMENT_PREFIX_PATH} CMAKE_PREFIX_PATH=/home/exomy/exomy_ws/install/exomy_sim_msgs:/home/exomy/exomy_ws/install/exomy_msgs:/opt/ros/foxy LD_LIBRARY_PATH=/home/exomy/exomy_ws/install/exomy_sim_msgs/lib:/home/exomy/exomy_ws/install/exomy_msgs/lib:${LD_LIBRARY_PATH} PYTHONPATH=/home/exomy/exomy_ws/install/exomy_sim_msgs/lib/python3.8/site-packages:/home/exomy/exomy_ws/install/exomy_msgs/lib/python3.8/site-packages:${PYTHONPATH} /usr/bin/cmake --install /home/exomy/exomy_ws/build/exomy_sim
[29.041s] Level 1:colcon.colcon_core.environment:checking '/home/exomy/exomy_ws/install/exomy_sim' for CMake config files
[29.042s] Level 1:colcon.colcon_core.shell:create_environment_hook('exomy_sim', 'cmake_prefix_path')
[29.051s] INFO:colcon.colcon_core.shell:Creating environment hook '/home/exomy/exomy_ws/install/exomy_sim/share/exomy_sim/hook/cmake_prefix_path.ps1'
[29.063s] INFO:colcon.colcon_core.shell:Creating environment descriptor '/home/exomy/exomy_ws/install/exomy_sim/share/exomy_sim/hook/cmake_prefix_path.dsv'
[29.064s] INFO:colcon.colcon_core.shell:Creating environment hook '/home/exomy/exomy_ws/install/exomy_sim/share/exomy_sim/hook/cmake_prefix_path.sh'
[29.082s] Level 1:colcon.colcon_core.environment:checking '/home/exomy/exomy_ws/install/exomy_sim/lib'
[29.082s] Level 1:colcon.colcon_core.environment:checking '/home/exomy/exomy_ws/install/exomy_sim/bin'
[29.082s] Level 1:colcon.colcon_core.environment:checking '/home/exomy/exomy_ws/install/exomy_sim/lib/pkgconfig/exomy_sim.pc'
[29.083s] Level 1:colcon.colcon_core.environment:checking '/home/exomy/exomy_ws/install/exomy_sim/lib/python3.8/site-packages'
[29.085s] INFO:colcon.colcon_core.shell:Creating package script '/home/exomy/exomy_ws/install/exomy_sim/share/exomy_sim/package.ps1'
[29.116s] INFO:colcon.colcon_core.shell:Creating package descriptor '/home/exomy/exomy_ws/install/exomy_sim/share/exomy_sim/package.dsv'
[29.117s] INFO:colcon.colcon_core.shell:Creating package script '/home/exomy/exomy_ws/install/exomy_sim/share/exomy_sim/package.sh'
[29.118s] INFO:colcon.colcon_core.shell:Creating package script '/home/exomy/exomy_ws/install/exomy_sim/share/exomy_sim/package.bash'
[29.119s] INFO:colcon.colcon_core.shell:Creating package script '/home/exomy/exomy_ws/install/exomy_sim/share/exomy_sim/package.zsh'
[29.119s] Level 1:colcon.colcon_core.environment:create_file_with_runtime_dependencies(/home/exomy/exomy_ws/install/exomy_sim/share/colcon-core/packages/exomy_sim)
[29.586s] DEBUG:colcon.colcon_core.event_handler.log_command:Invoking command in '/home/exomy/exomy_ws/src/exomy': AMENT_PREFIX_PATH=/home/exomy/exomy_ws/install/exomy_msgs:${AMENT_PREFIX_PATH} CMAKE_PREFIX_PATH=/home/exomy/exomy_ws/install/exomy_msgs LD_LIBRARY_PATH=/home/exomy/exomy_ws/install/exomy_msgs/lib:${LD_LIBRARY_PATH} PYTHONPATH=/home/exomy/exomy_ws/install/exomy/lib/python3.8/site-packages:/home/exomy/exomy_ws/install/exomy_msgs/lib/python3.8/site-packages:${PYTHONPATH} /usr/bin/python3 setup.py egg_info --egg-base ../../build/exomy build --build-base /home/exomy/exomy_ws/build/exomy/build install --prefix /home/exomy/exomy_ws/install/exomy --record /home/exomy/exomy_ws/build/exomy/install.log --single-version-externally-managed
[29.860s] Level 1:colcon.colcon_core.environment:create_environment_scripts_only(exomy_sim)
[29.862s] Level 1:colcon.colcon_core.environment:checking '/home/exomy/exomy_ws/install/exomy_sim' for CMake module files
[29.868s] Level 1:colcon.colcon_core.environment:checking '/home/exomy/exomy_ws/install/exomy_sim' for CMake config files
[29.881s] Level 1:colcon.colcon_core.shell:create_environment_hook('exomy_sim', 'cmake_prefix_path')
[29.882s] INFO:colcon.colcon_core.shell:Creating environment hook '/home/exomy/exomy_ws/install/exomy_sim/share/exomy_sim/hook/cmake_prefix_path.ps1'
[29.890s] INFO:colcon.colcon_core.shell:Creating environment descriptor '/home/exomy/exomy_ws/install/exomy_sim/share/exomy_sim/hook/cmake_prefix_path.dsv'
[29.892s] INFO:colcon.colcon_core.shell:Creating environment hook '/home/exomy/exomy_ws/install/exomy_sim/share/exomy_sim/hook/cmake_prefix_path.sh'
[29.902s] Level 1:colcon.colcon_core.environment:checking '/home/exomy/exomy_ws/install/exomy_sim/lib'
[29.908s] Level 1:colcon.colcon_core.environment:checking '/home/exomy/exomy_ws/install/exomy_sim/bin'
[29.909s] Level 1:colcon.colcon_core.environment:checking '/home/exomy/exomy_ws/install/exomy_sim/lib/pkgconfig/exomy_sim.pc'
[29.910s] Level 1:colcon.colcon_core.environment:checking '/home/exomy/exomy_ws/install/exomy_sim/lib/python3.8/site-packages'
[29.913s] INFO:colcon.colcon_core.shell:Creating package script '/home/exomy/exomy_ws/install/exomy_sim/share/exomy_sim/package.ps1'
[29.917s] INFO:colcon.colcon_core.shell:Creating package descriptor '/home/exomy/exomy_ws/install/exomy_sim/share/exomy_sim/package.dsv'
[29.925s] INFO:colcon.colcon_core.shell:Creating package script '/home/exomy/exomy_ws/install/exomy_sim/share/exomy_sim/package.sh'
[29.934s] INFO:colcon.colcon_core.shell:Creating package script '/home/exomy/exomy_ws/install/exomy_sim/share/exomy_sim/package.bash'
[29.946s] INFO:colcon.colcon_core.shell:Creating package script '/home/exomy/exomy_ws/install/exomy_sim/share/exomy_sim/package.zsh'
[29.951s] Level 1:colcon.colcon_core.environment:create_file_with_runtime_dependencies(/home/exomy/exomy_ws/install/exomy_sim/share/colcon-core/packages/exomy_sim)
[32.341s] Level 1:colcon.colcon_core.environment:checking '/home/exomy/exomy_ws/install/exomy' for CMake module files
[32.341s] DEBUG:colcon.colcon_core.event_handler.log_command:Invoked command in '/home/exomy/exomy_ws/src/exomy' returned '0': AMENT_PREFIX_PATH=/home/exomy/exomy_ws/install/exomy_msgs:${AMENT_PREFIX_PATH} CMAKE_PREFIX_PATH=/home/exomy/exomy_ws/install/exomy_msgs LD_LIBRARY_PATH=/home/exomy/exomy_ws/install/exomy_msgs/lib:${LD_LIBRARY_PATH} PYTHONPATH=/home/exomy/exomy_ws/install/exomy/lib/python3.8/site-packages:/home/exomy/exomy_ws/install/exomy_msgs/lib/python3.8/site-packages:${PYTHONPATH} /usr/bin/python3 setup.py egg_info --egg-base ../../build/exomy build --build-base /home/exomy/exomy_ws/build/exomy/build install --prefix /home/exomy/exomy_ws/install/exomy --record /home/exomy/exomy_ws/build/exomy/install.log --single-version-externally-managed
[32.342s] Level 1:colcon.colcon_core.environment:checking '/home/exomy/exomy_ws/install/exomy' for CMake config files
[32.348s] Level 1:colcon.colcon_core.environment:checking '/home/exomy/exomy_ws/install/exomy/lib'
[32.348s] Level 1:colcon.colcon_core.environment:checking '/home/exomy/exomy_ws/install/exomy/bin'
[32.348s] Level 1:colcon.colcon_core.environment:checking '/home/exomy/exomy_ws/install/exomy/lib/pkgconfig/exomy.pc'
[32.348s] Level 1:colcon.colcon_core.environment:checking '/home/exomy/exomy_ws/install/exomy/lib/python3.8/site-packages'
[32.348s] Level 1:colcon.colcon_core.shell:create_environment_hook('exomy', 'pythonpath')
[32.349s] INFO:colcon.colcon_core.shell:Creating environment hook '/home/exomy/exomy_ws/install/exomy/share/exomy/hook/pythonpath.ps1'
[32.355s] INFO:colcon.colcon_core.shell:Creating environment descriptor '/home/exomy/exomy_ws/install/exomy/share/exomy/hook/pythonpath.dsv'
[32.357s] INFO:colcon.colcon_core.shell:Creating environment hook '/home/exomy/exomy_ws/install/exomy/share/exomy/hook/pythonpath.sh'
[32.364s] Level 1:colcon.colcon_core.environment:create_environment_scripts_only(exomy)
[32.365s] INFO:colcon.colcon_core.shell:Creating package script '/home/exomy/exomy_ws/install/exomy/share/exomy/package.ps1'
[32.379s] INFO:colcon.colcon_core.shell:Creating package descriptor '/home/exomy/exomy_ws/install/exomy/share/exomy/package.dsv'
[32.380s] INFO:colcon.colcon_core.shell:Creating package script '/home/exomy/exomy_ws/install/exomy/share/exomy/package.sh'
[32.403s] INFO:colcon.colcon_core.shell:Creating package script '/home/exomy/exomy_ws/install/exomy/share/exomy/package.bash'
[32.404s] INFO:colcon.colcon_core.shell:Creating package script '/home/exomy/exomy_ws/install/exomy/share/exomy/package.zsh'
[32.404s] Level 1:colcon.colcon_core.environment:create_file_with_runtime_dependencies(/home/exomy/exomy_ws/install/exomy/share/colcon-core/packages/exomy)
[32.405s] INFO:colcon.colcon_ros.task.ament_cmake.build:Building ROS package in '/home/exomy/exomy_ws/src/exomy_sim_launch' with build type 'ament_cmake'
[32.406s] INFO:colcon.colcon_cmake.task.cmake.build:Building CMake package in '/home/exomy/exomy_ws/src/exomy_sim_launch'
[32.414s] INFO:colcon.colcon_core.shell:Skip shell extension 'powershell' for command environment: Not usable outside of PowerShell
[32.414s] DEBUG:colcon.colcon_core.shell:Skip shell extension 'dsv' for command environment
[32.631s] DEBUG:colcon.colcon_core.event_handler.log_command:Invoking command in '/home/exomy/exomy_ws/build/exomy_sim_launch': AMENT_PREFIX_PATH=/home/exomy/exomy_ws/install/exomy_sim:/home/exomy/exomy_ws/install/exomy:/home/exomy/exomy_ws/install/exomy_sim_msgs:/home/exomy/exomy_ws/install/exomy_msgs:${AMENT_PREFIX_PATH} CMAKE_PREFIX_PATH=/home/exomy/exomy_ws/install/exomy_sim:/home/exomy/exomy_ws/install/exomy_sim_msgs:/home/exomy/exomy_ws/install/exomy_msgs:/opt/ros/foxy GAZEBO_MODEL_PATH=/home/exomy/exomy_ws/install/exomy_sim/share/exomy_sim/models:/home/exomy/exomy_ws/install/exomy_sim/share:${GAZEBO_MODEL_PATH} GAZEBO_RESOURCE_PATH=/home/exomy/exomy_ws/install/exomy_sim/share/exomy_sim/worlds:${GAZEBO_RESOURCE_PATH} LD_LIBRARY_PATH=/home/exomy/exomy_ws/install/exomy_sim_msgs/lib:/home/exomy/exomy_ws/install/exomy_msgs/lib:${LD_LIBRARY_PATH} PYTHONPATH=/home/exomy/exomy_ws/install/exomy/lib/python3.8/site-packages:/home/exomy/exomy_ws/install/exomy_sim_msgs/lib/python3.8/site-packages:/home/exomy/exomy_ws/install/exomy_msgs/lib/python3.8/site-packages:${PYTHONPATH} /usr/bin/cmake --build /home/exomy/exomy_ws/build/exomy_sim_launch -- -j2 -l2
[33.309s] DEBUG:colcon.colcon_core.event_handler.log_command:Invoked command in '/home/exomy/exomy_ws/build/exomy_sim_launch' returned '0': AMENT_PREFIX_PATH=/home/exomy/exomy_ws/install/exomy_sim:/home/exomy/exomy_ws/install/exomy:/home/exomy/exomy_ws/install/exomy_sim_msgs:/home/exomy/exomy_ws/install/exomy_msgs:${AMENT_PREFIX_PATH} CMAKE_PREFIX_PATH=/home/exomy/exomy_ws/install/exomy_sim:/home/exomy/exomy_ws/install/exomy_sim_msgs:/home/exomy/exomy_ws/install/exomy_msgs:/opt/ros/foxy GAZEBO_MODEL_PATH=/home/exomy/exomy_ws/install/exomy_sim/share/exomy_sim/models:/home/exomy/exomy_ws/install/exomy_sim/share:${GAZEBO_MODEL_PATH} GAZEBO_RESOURCE_PATH=/home/exomy/exomy_ws/install/exomy_sim/share/exomy_sim/worlds:${GAZEBO_RESOURCE_PATH} LD_LIBRARY_PATH=/home/exomy/exomy_ws/install/exomy_sim_msgs/lib:/home/exomy/exomy_ws/install/exomy_msgs/lib:${LD_LIBRARY_PATH} PYTHONPATH=/home/exomy/exomy_ws/install/exomy/lib/python3.8/site-packages:/home/exomy/exomy_ws/install/exomy_sim_msgs/lib/python3.8/site-packages:/home/exomy/exomy_ws/install/exomy_msgs/lib/python3.8/site-packages:${PYTHONPATH} /usr/bin/cmake --build /home/exomy/exomy_ws/build/exomy_sim_launch -- -j2 -l2
[33.696s] DEBUG:colcon.colcon_core.event_handler.log_command:Invoking command in '/home/exomy/exomy_ws/build/exomy_sim_launch': AMENT_PREFIX_PATH=/home/exomy/exomy_ws/install/exomy_sim:/home/exomy/exomy_ws/install/exomy:/home/exomy/exomy_ws/install/exomy_sim_msgs:/home/exomy/exomy_ws/install/exomy_msgs:${AMENT_PREFIX_PATH} CMAKE_PREFIX_PATH=/home/exomy/exomy_ws/install/exomy_sim:/home/exomy/exomy_ws/install/exomy_sim_msgs:/home/exomy/exomy_ws/install/exomy_msgs:/opt/ros/foxy GAZEBO_MODEL_PATH=/home/exomy/exomy_ws/install/exomy_sim/share/exomy_sim/models:/home/exomy/exomy_ws/install/exomy_sim/share:${GAZEBO_MODEL_PATH} GAZEBO_RESOURCE_PATH=/home/exomy/exomy_ws/install/exomy_sim/share/exomy_sim/worlds:${GAZEBO_RESOURCE_PATH} LD_LIBRARY_PATH=/home/exomy/exomy_ws/install/exomy_sim_msgs/lib:/home/exomy/exomy_ws/install/exomy_msgs/lib:${LD_LIBRARY_PATH} PYTHONPATH=/home/exomy/exomy_ws/install/exomy/lib/python3.8/site-packages:/home/exomy/exomy_ws/install/exomy_sim_msgs/lib/python3.8/site-packages:/home/exomy/exomy_ws/install/exomy_msgs/lib/python3.8/site-packages:${PYTHONPATH} /usr/bin/cmake --install /home/exomy/exomy_ws/build/exomy_sim_launch
[33.916s] Level 1:colcon.colcon_core.environment:create_environment_scripts_only(exomy_sim_launch)
[33.918s] Level 1:colcon.colcon_core.environment:checking '/home/exomy/exomy_ws/install/exomy_sim_launch' for CMake module files
[33.924s] DEBUG:colcon.colcon_core.event_handler.log_command:Invoked command in '/home/exomy/exomy_ws/build/exomy_sim_launch' returned '0': AMENT_PREFIX_PATH=/home/exomy/exomy_ws/install/exomy_sim:/home/exomy/exomy_ws/install/exomy:/home/exomy/exomy_ws/install/exomy_sim_msgs:/home/exomy/exomy_ws/install/exomy_msgs:${AMENT_PREFIX_PATH} CMAKE_PREFIX_PATH=/home/exomy/exomy_ws/install/exomy_sim:/home/exomy/exomy_ws/install/exomy_sim_msgs:/home/exomy/exomy_ws/install/exomy_msgs:/opt/ros/foxy GAZEBO_MODEL_PATH=/home/exomy/exomy_ws/install/exomy_sim/share/exomy_sim/models:/home/exomy/exomy_ws/install/exomy_sim/share:${GAZEBO_MODEL_PATH} GAZEBO_RESOURCE_PATH=/home/exomy/exomy_ws/install/exomy_sim/share/exomy_sim/worlds:${GAZEBO_RESOURCE_PATH} LD_LIBRARY_PATH=/home/exomy/exomy_ws/install/exomy_sim_msgs/lib:/home/exomy/exomy_ws/install/exomy_msgs/lib:${LD_LIBRARY_PATH} PYTHONPATH=/home/exomy/exomy_ws/install/exomy/lib/python3.8/site-packages:/home/exomy/exomy_ws/install/exomy_sim_msgs/lib/python3.8/site-packages:/home/exomy/exomy_ws/install/exomy_msgs/lib/python3.8/site-packages:${PYTHONPATH} /usr/bin/cmake --install /home/exomy/exomy_ws/build/exomy_sim_launch
[33.932s] Level 1:colcon.colcon_core.environment:checking '/home/exomy/exomy_ws/install/exomy_sim_launch' for CMake config files
[33.952s] Level 1:colcon.colcon_core.shell:create_environment_hook('exomy_sim_launch', 'cmake_prefix_path')
[33.956s] INFO:colcon.colcon_core.shell:Creating environment hook '/home/exomy/exomy_ws/install/exomy_sim_launch/share/exomy_sim_launch/hook/cmake_prefix_path.ps1'
[34.003s] INFO:colcon.colcon_core.shell:Creating environment descriptor '/home/exomy/exomy_ws/install/exomy_sim_launch/share/exomy_sim_launch/hook/cmake_prefix_path.dsv'
[34.011s] INFO:colcon.colcon_core.shell:Creating environment hook '/home/exomy/exomy_ws/install/exomy_sim_launch/share/exomy_sim_launch/hook/cmake_prefix_path.sh'
[34.045s] Level 1:colcon.colcon_core.environment:checking '/home/exomy/exomy_ws/install/exomy_sim_launch/bin'
[34.056s] Level 1:colcon.colcon_core.environment:checking '/home/exomy/exomy_ws/install/exomy_sim_launch/lib/pkgconfig/exomy_sim_launch.pc'
[34.056s] Level 1:colcon.colcon_core.environment:checking '/home/exomy/exomy_ws/install/exomy_sim_launch/lib/python3.8/site-packages'
[34.096s] INFO:colcon.colcon_core.shell:Creating package script '/home/exomy/exomy_ws/install/exomy_sim_launch/share/exomy_sim_launch/package.ps1'
[34.222s] INFO:colcon.colcon_core.shell:Creating package descriptor '/home/exomy/exomy_ws/install/exomy_sim_launch/share/exomy_sim_launch/package.dsv'
[34.224s] INFO:colcon.colcon_core.shell:Creating package script '/home/exomy/exomy_ws/install/exomy_sim_launch/share/exomy_sim_launch/package.sh'
[34.254s] INFO:colcon.colcon_core.shell:Creating package script '/home/exomy/exomy_ws/install/exomy_sim_launch/share/exomy_sim_launch/package.bash'
[34.309s] INFO:colcon.colcon_core.shell:Creating package script '/home/exomy/exomy_ws/install/exomy_sim_launch/share/exomy_sim_launch/package.zsh'
[34.350s] Level 1:colcon.colcon_core.environment:create_file_with_runtime_dependencies(/home/exomy/exomy_ws/install/exomy_sim_launch/share/colcon-core/packages/exomy_sim_launch)
[35.021s] Level 1:colcon.colcon_core.environment:create_environment_scripts_only(exomy_sim_launch)
[35.029s] Level 1:colcon.colcon_core.environment:checking '/home/exomy/exomy_ws/install/exomy_sim_launch' for CMake module files
[35.032s] Level 1:colcon.colcon_core.environment:checking '/home/exomy/exomy_ws/install/exomy_sim_launch' for CMake config files
[35.035s] Level 1:colcon.colcon_core.shell:create_environment_hook('exomy_sim_launch', 'cmake_prefix_path')
[35.061s] INFO:colcon.colcon_core.shell:Creating environment hook '/home/exomy/exomy_ws/install/exomy_sim_launch/share/exomy_sim_launch/hook/cmake_prefix_path.ps1'
[35.065s] INFO:colcon.colcon_core.shell:Creating environment descriptor '/home/exomy/exomy_ws/install/exomy_sim_launch/share/exomy_sim_launch/hook/cmake_prefix_path.dsv'
[35.070s] INFO:colcon.colcon_core.shell:Creating environment hook '/home/exomy/exomy_ws/install/exomy_sim_launch/share/exomy_sim_launch/hook/cmake_prefix_path.sh'
[35.076s] Level 1:colcon.colcon_core.environment:checking '/home/exomy/exomy_ws/install/exomy_sim_launch/bin'
[35.077s] Level 1:colcon.colcon_core.environment:checking '/home/exomy/exomy_ws/install/exomy_sim_launch/lib/pkgconfig/exomy_sim_launch.pc'
[35.078s] Level 1:colcon.colcon_core.environment:checking '/home/exomy/exomy_ws/install/exomy_sim_launch/lib/python3.8/site-packages'
[35.084s] INFO:colcon.colcon_core.shell:Creating package script '/home/exomy/exomy_ws/install/exomy_sim_launch/share/exomy_sim_launch/package.ps1'
[35.093s] INFO:colcon.colcon_core.shell:Creating package descriptor '/home/exomy/exomy_ws/install/exomy_sim_launch/share/exomy_sim_launch/package.dsv'
[35.179s] INFO:colcon.colcon_core.shell:Creating package script '/home/exomy/exomy_ws/install/exomy_sim_launch/share/exomy_sim_launch/package.sh'
[35.184s] INFO:colcon.colcon_core.shell:Creating package script '/home/exomy/exomy_ws/install/exomy_sim_launch/share/exomy_sim_launch/package.bash'
[35.185s] INFO:colcon.colcon_core.shell:Creating package script '/home/exomy/exomy_ws/install/exomy_sim_launch/share/exomy_sim_launch/package.zsh'
[35.192s] Level 1:colcon.colcon_core.environment:create_file_with_runtime_dependencies(/home/exomy/exomy_ws/install/exomy_sim_launch/share/colcon-core/packages/exomy_sim_launch)
[35.199s] DEBUG:colcon.colcon_parallel_executor.executor.parallel:closing loop
[35.199s] DEBUG:colcon.colcon_parallel_executor.executor.parallel:loop closed
[35.199s] DEBUG:colcon.colcon_parallel_executor.executor.parallel:run_until_complete finished with '0'
[35.199s] DEBUG:colcon.colcon_core.event_reactor:joining thread
[35.328s] INFO:colcon.colcon_core.plugin_system:Skipping extension 'colcon_notification.desktop_notification.notify_send': Could not find 'notify-send'
[35.339s] INFO:colcon.colcon_core.plugin_system:Skipping extension 'colcon_notification.desktop_notification.terminal_notifier': Not used on non-Darwin systems
[35.340s] INFO:colcon.colcon_core.plugin_system:Skipping extension 'colcon_notification.desktop_notification.win32': Not used on non-Windows systems
[35.340s] INFO:colcon.colcon_notification.desktop_notification:Sending desktop notification using 'notify2'
[35.373s] DEBUG:colcon.colcon_notification.desktop_notification.notify2:Failed to initialize notify2: org.freedesktop.DBus.Error.Spawn.ExecFailed: /usr/bin/dbus-launch terminated abnormally without any error message
[35.374s] DEBUG:colcon.colcon_core.event_reactor:joined thread
[35.376s] INFO:colcon.colcon_core.shell:Creating prefix script '/home/exomy/exomy_ws/install/local_setup.ps1'
[35.385s] INFO:colcon.colcon_core.shell:Creating prefix util module '/home/exomy/exomy_ws/install/_local_setup_util_ps1.py'
[35.413s] INFO:colcon.colcon_core.shell:Creating prefix chain script '/home/exomy/exomy_ws/install/setup.ps1'
[35.452s] INFO:colcon.colcon_core.shell:Creating prefix script '/home/exomy/exomy_ws/install/local_setup.sh'
[35.456s] INFO:colcon.colcon_core.shell:Creating prefix util module '/home/exomy/exomy_ws/install/_local_setup_util_sh.py'
[35.458s] INFO:colcon.colcon_core.shell:Creating prefix chain script '/home/exomy/exomy_ws/install/setup.sh'
[35.486s] INFO:colcon.colcon_core.shell:Creating prefix script '/home/exomy/exomy_ws/install/local_setup.bash'
[35.496s] INFO:colcon.colcon_core.shell:Creating prefix chain script '/home/exomy/exomy_ws/install/setup.bash'
[35.498s] INFO:colcon.colcon_core.shell:Creating prefix script '/home/exomy/exomy_ws/install/local_setup.zsh'
[35.501s] INFO:colcon.colcon_core.shell:Creating prefix chain script '/home/exomy/exomy_ws/install/setup.zsh'
