-- Found ament_cmake: 0.9.9 (/opt/ros/foxy/share/ament_cmake/cmake)
-- Found PythonInterp: /usr/bin/python3 (found suitable version "3.8.10", minimum required is "3") 
-- Using PYTHON_EXECUTABLE: /usr/bin/python3
-- Found rosidl_default_generators: 1.0.1 (/opt/ros/foxy/share/rosidl_default_generators/cmake)
-- Using all available rosidl_typesupport_c: rosidl_typesupport_fastrtps_c;rosidl_typesupport_introspection_c
-- Found rosidl_adapter: 1.2.1 (/opt/ros/foxy/share/rosidl_adapter/cmake)
-- Using all available rosidl_typesupport_cpp: rosidl_typesupport_fastrtps_cpp;rosidl_typesupport_introspection_cpp
-- Found PythonInterp: /usr/bin/python3 (found version "3.8.10") 
-- Found ament_cmake_ros: 0.9.2 (/opt/ros/foxy/share/ament_cmake_ros/cmake)
-- Using all available rosidl_typesupport_c: rosidl_typesupport_fastrtps_c;rosidl_typesupport_introspection_c
-- Using all available rosidl_typesupport_cpp: rosidl_typesupport_fastrtps_cpp;rosidl_typesupport_introspection_cpp
-- Found PythonInterp: /usr/bin/python3 (found suitable version "3.8.10", minimum required is "3.5") 
-- Found python_cmake_module: 0.8.1 (/opt/ros/foxy/share/python_cmake_module/cmake)
-- Using PYTHON_EXECUTABLE: /usr/bin/python3
-- Using PYTHON_INCLUDE_DIRS: /usr/include/python3.8
-- Using PYTHON_LIBRARIES: /usr/lib/x86_64-linux-gnu/libpython3.8.so
-- Configuring done
-- Generating done
-- Build files have been written to: /home/exomy/exomy_ws/exomy_ws_ros/exomy_ws/src/build/exomy_msgs
[35m[1mScanning dependencies of target exomy_msgs__rosidl_generator_c[0m
[  2%] [32mBuilding C object CMakeFiles/exomy_msgs__rosidl_generator_c.dir/rosidl_generator_c/exomy_msgs/msg/detail/motor_commands__functions.c.o[0m
[  4%] [32mBuilding C object CMakeFiles/exomy_msgs__rosidl_generator_c.dir/rosidl_generator_c/exomy_msgs/msg/detail/rover_command__functions.c.o[0m
[  6%] [32mBuilding C object CMakeFiles/exomy_msgs__rosidl_generator_c.dir/rosidl_generator_c/exomy_msgs/msg/detail/screen__functions.c.o[0m
[  8%] Built target exomy_msgs__cpp
[35m[1mScanning dependencies of target exomy_msgs__rosidl_typesupport_introspection_cpp[0m
[ 10%] [32mBuilding CXX object CMakeFiles/exomy_msgs__rosidl_typesupport_introspection_cpp.dir/rosidl_typesupport_introspection_cpp/exomy_msgs/msg/detail/motor_commands__type_support.cpp.o[0m
[ 12%] [32mBuilding CXX object CMakeFiles/exomy_msgs__rosidl_typesupport_introspection_cpp.dir/rosidl_typesupport_introspection_cpp/exomy_msgs/msg/detail/rover_command__type_support.cpp.o[0m
[ 14%] [32m[1mLinking C shared library libexomy_msgs__rosidl_generator_c.so[0m
[35m[1mScanning dependencies of target exomy_msgs__rosidl_typesupport_fastrtps_cpp[0m
[ 17%] Built target exomy_msgs__rosidl_generator_c
[ 19%] [32mBuilding CXX object CMakeFiles/exomy_msgs__rosidl_typesupport_fastrtps_cpp.dir/rosidl_typesupport_fastrtps_cpp/exomy_msgs/msg/detail/dds_fastrtps/motor_commands__type_support.cpp.o[0m
[35m[1mScanning dependencies of target exomy_msgs__rosidl_typesupport_cpp[0m
[ 21%] [32mBuilding CXX object CMakeFiles/exomy_msgs__rosidl_typesupport_cpp.dir/rosidl_typesupport_cpp/exomy_msgs/msg/motor_commands__type_support.cpp.o[0m
[ 23%] [32mBuilding CXX object CMakeFiles/exomy_msgs__rosidl_typesupport_introspection_cpp.dir/rosidl_typesupport_introspection_cpp/exomy_msgs/msg/detail/screen__type_support.cpp.o[0m
[ 25%] [32mBuilding CXX object CMakeFiles/exomy_msgs__rosidl_typesupport_fastrtps_cpp.dir/rosidl_typesupport_fastrtps_cpp/exomy_msgs/msg/detail/dds_fastrtps/rover_command__type_support.cpp.o[0m
[ 27%] [32mBuilding CXX object CMakeFiles/exomy_msgs__rosidl_typesupport_cpp.dir/rosidl_typesupport_cpp/exomy_msgs/msg/rover_command__type_support.cpp.o[0m
[ 29%] [32m[1mLinking CXX shared library libexomy_msgs__rosidl_typesupport_introspection_cpp.so[0m
[ 31%] [32mBuilding CXX object CMakeFiles/exomy_msgs__rosidl_typesupport_fastrtps_cpp.dir/rosidl_typesupport_fastrtps_cpp/exomy_msgs/msg/detail/dds_fastrtps/screen__type_support.cpp.o[0m
[ 34%] [32mBuilding CXX object CMakeFiles/exomy_msgs__rosidl_typesupport_cpp.dir/rosidl_typesupport_cpp/exomy_msgs/msg/screen__type_support.cpp.o[0m
[ 36%] Built target exomy_msgs__rosidl_typesupport_introspection_cpp
[35m[1mScanning dependencies of target exomy_msgs__rosidl_typesupport_introspection_c[0m
[ 38%] [32mBuilding C object CMakeFiles/exomy_msgs__rosidl_typesupport_introspection_c.dir/rosidl_typesupport_introspection_c/exomy_msgs/msg/detail/motor_commands__type_support.c.o[0m
[ 40%] [32mBuilding C object CMakeFiles/exomy_msgs__rosidl_typesupport_introspection_c.dir/rosidl_typesupport_introspection_c/exomy_msgs/msg/detail/rover_command__type_support.c.o[0m
[ 42%] [32mBuilding C object CMakeFiles/exomy_msgs__rosidl_typesupport_introspection_c.dir/rosidl_typesupport_introspection_c/exomy_msgs/msg/detail/screen__type_support.c.o[0m
[ 44%] [32m[1mLinking C shared library libexomy_msgs__rosidl_typesupport_introspection_c.so[0m
[ 46%] [32m[1mLinking CXX shared library libexomy_msgs__rosidl_typesupport_cpp.so[0m
[ 48%] Built target exomy_msgs__rosidl_typesupport_introspection_c
[35m[1mScanning dependencies of target exomy_msgs__rosidl_typesupport_c[0m
[ 51%] [32mBuilding CXX object CMakeFiles/exomy_msgs__rosidl_typesupport_c.dir/rosidl_typesupport_c/exomy_msgs/msg/motor_commands__type_support.cpp.o[0m
[ 53%] Built target exomy_msgs__rosidl_typesupport_cpp
[ 55%] [32mBuilding CXX object CMakeFiles/exomy_msgs__rosidl_typesupport_c.dir/rosidl_typesupport_c/exomy_msgs/msg/rover_command__type_support.cpp.o[0m
[ 57%] [32mBuilding CXX object CMakeFiles/exomy_msgs__rosidl_typesupport_c.dir/rosidl_typesupport_c/exomy_msgs/msg/screen__type_support.cpp.o[0m
[ 59%] [32m[1mLinking CXX shared library libexomy_msgs__rosidl_typesupport_c.so[0m
[ 61%] [32m[1mLinking CXX shared library libexomy_msgs__rosidl_typesupport_fastrtps_cpp.so[0m
[ 63%] Built target exomy_msgs__rosidl_typesupport_c
[ 65%] Built target exomy_msgs__rosidl_typesupport_fastrtps_cpp
[35m[1mScanning dependencies of target exomy_msgs__rosidl_typesupport_fastrtps_c[0m
[ 68%] [32mBuilding CXX object CMakeFiles/exomy_msgs__rosidl_typesupport_fastrtps_c.dir/rosidl_typesupport_fastrtps_c/exomy_msgs/msg/detail/motor_commands__type_support_c.cpp.o[0m
[ 70%] [32mBuilding CXX object CMakeFiles/exomy_msgs__rosidl_typesupport_fastrtps_c.dir/rosidl_typesupport_fastrtps_c/exomy_msgs/msg/detail/rover_command__type_support_c.cpp.o[0m
[ 72%] [32mBuilding CXX object CMakeFiles/exomy_msgs__rosidl_typesupport_fastrtps_c.dir/rosidl_typesupport_fastrtps_c/exomy_msgs/msg/detail/screen__type_support_c.cpp.o[0m
[ 74%] [32m[1mLinking CXX shared library libexomy_msgs__rosidl_typesupport_fastrtps_c.so[0m
[ 76%] Built target exomy_msgs__rosidl_typesupport_fastrtps_c
[ 76%] Built target exomy_msgs
[ 78%] Built target exomy_msgs__py
[35m[1mScanning dependencies of target exomy_msgs__python[0m
[ 80%] [32mBuilding C object CMakeFiles/exomy_msgs__python.dir/rosidl_generator_py/exomy_msgs/msg/_rover_command_s.c.o[0m
[ 82%] [32mBuilding C object CMakeFiles/exomy_msgs__python.dir/rosidl_generator_py/exomy_msgs/msg/_screen_s.c.o[0m
[ 85%] [32mBuilding C object CMakeFiles/exomy_msgs__python.dir/rosidl_generator_py/exomy_msgs/msg/_motor_commands_s.c.o[0m
[ 87%] [32m[1mLinking C shared library rosidl_generator_py/exomy_msgs/libexomy_msgs__python.so[0m
[ 87%] Built target exomy_msgs__python
[35m[1mScanning dependencies of target exomy_msgs__rosidl_typesupport_c__pyext[0m
[35m[1mScanning dependencies of target exomy_msgs__rosidl_typesupport_introspection_c__pyext[0m
[35m[1mScanning dependencies of target exomy_msgs__rosidl_typesupport_fastrtps_c__pyext[0m
[ 89%] [32mBuilding C object CMakeFiles/exomy_msgs__rosidl_typesupport_introspection_c__pyext.dir/rosidl_generator_py/exomy_msgs/_exomy_msgs_s.ep.rosidl_typesupport_introspection_c.c.o[0m
[ 91%] [32mBuilding C object CMakeFiles/exomy_msgs__rosidl_typesupport_c__pyext.dir/rosidl_generator_py/exomy_msgs/_exomy_msgs_s.ep.rosidl_typesupport_c.c.o[0m
[ 93%] [32mBuilding C object CMakeFiles/exomy_msgs__rosidl_typesupport_fastrtps_c__pyext.dir/rosidl_generator_py/exomy_msgs/_exomy_msgs_s.ep.rosidl_typesupport_fastrtps_c.c.o[0m
[ 95%] [32m[1mLinking C shared library rosidl_generator_py/exomy_msgs/exomy_msgs_s__rosidl_typesupport_introspection_c.cpython-38-x86_64-linux-gnu.so[0m
[ 97%] [32m[1mLinking CXX shared library rosidl_generator_py/exomy_msgs/exomy_msgs_s__rosidl_typesupport_fastrtps_c.cpython-38-x86_64-linux-gnu.so[0m
[100%] [32m[1mLinking C shared library rosidl_generator_py/exomy_msgs/exomy_msgs_s__rosidl_typesupport_c.cpython-38-x86_64-linux-gnu.so[0m
[100%] Built target exomy_msgs__rosidl_typesupport_introspection_c__pyext
[100%] Built target exomy_msgs__rosidl_typesupport_c__pyext
[100%] Built target exomy_msgs__rosidl_typesupport_fastrtps_c__pyext
-- Install configuration: ""
-- Up-to-date: /home/exomy/exomy_ws/exomy_ws_ros/exomy_ws/src/install/exomy_msgs/share/ament_index/resource_index/rosidl_interfaces/exomy_msgs
-- Up-to-date: /home/exomy/exomy_ws/exomy_ws_ros/exomy_ws/src/install/exomy_msgs/include/exomy_msgs
-- Up-to-date: /home/exomy/exomy_ws/exomy_ws_ros/exomy_ws/src/install/exomy_msgs/include/exomy_msgs/msg
-- Up-to-date: /home/exomy/exomy_ws/exomy_ws_ros/exomy_ws/src/install/exomy_msgs/include/exomy_msgs/msg/screen.h
-- Up-to-date: /home/exomy/exomy_ws/exomy_ws_ros/exomy_ws/src/install/exomy_msgs/include/exomy_msgs/msg/rosidl_generator_c__visibility_control.h
-- Up-to-date: /home/exomy/exomy_ws/exomy_ws_ros/exomy_ws/src/install/exomy_msgs/include/exomy_msgs/msg/rover_command.h
-- Up-to-date: /home/exomy/exomy_ws/exomy_ws_ros/exomy_ws/src/install/exomy_msgs/include/exomy_msgs/msg/motor_commands.h
-- Up-to-date: /home/exomy/exomy_ws/exomy_ws_ros/exomy_ws/src/install/exomy_msgs/include/exomy_msgs/msg/detail
-- Up-to-date: /home/exomy/exomy_ws/exomy_ws_ros/exomy_ws/src/install/exomy_msgs/include/exomy_msgs/msg/detail/screen__functions.c
-- Up-to-date: /home/exomy/exomy_ws/exomy_ws_ros/exomy_ws/src/install/exomy_msgs/include/exomy_msgs/msg/detail/rover_command__struct.h
-- Up-to-date: /home/exomy/exomy_ws/exomy_ws_ros/exomy_ws/src/install/exomy_msgs/include/exomy_msgs/msg/detail/rover_command__functions.h
-- Up-to-date: /home/exomy/exomy_ws/exomy_ws_ros/exomy_ws/src/install/exomy_msgs/include/exomy_msgs/msg/detail/screen__type_support.h
-- Up-to-date: /home/exomy/exomy_ws/exomy_ws_ros/exomy_ws/src/install/exomy_msgs/include/exomy_msgs/msg/detail/motor_commands__functions.c
-- Up-to-date: /home/exomy/exomy_ws/exomy_ws_ros/exomy_ws/src/install/exomy_msgs/include/exomy_msgs/msg/detail/motor_commands__struct.h
-- Up-to-date: /home/exomy/exomy_ws/exomy_ws_ros/exomy_ws/src/install/exomy_msgs/include/exomy_msgs/msg/detail/screen__functions.h
-- Up-to-date: /home/exomy/exomy_ws/exomy_ws_ros/exomy_ws/src/install/exomy_msgs/include/exomy_msgs/msg/detail/motor_commands__functions.h
-- Up-to-date: /home/exomy/exomy_ws/exomy_ws_ros/exomy_ws/src/install/exomy_msgs/include/exomy_msgs/msg/detail/rover_command__functions.c
-- Up-to-date: /home/exomy/exomy_ws/exomy_ws_ros/exomy_ws/src/install/exomy_msgs/include/exomy_msgs/msg/detail/screen__struct.h
-- Up-to-date: /home/exomy/exomy_ws/exomy_ws_ros/exomy_ws/src/install/exomy_msgs/include/exomy_msgs/msg/detail/motor_commands__type_support.h
-- Up-to-date: /home/exomy/exomy_ws/exomy_ws_ros/exomy_ws/src/install/exomy_msgs/include/exomy_msgs/msg/detail/rover_command__type_support.h
-- Installing: /home/exomy/exomy_ws/exomy_ws_ros/exomy_ws/src/install/exomy_msgs/share/exomy_msgs/environment/library_path.sh
-- Installing: /home/exomy/exomy_ws/exomy_ws_ros/exomy_ws/src/install/exomy_msgs/share/exomy_msgs/environment/library_path.dsv
-- Installing: /home/exomy/exomy_ws/exomy_ws_ros/exomy_ws/src/install/exomy_msgs/lib/libexomy_msgs__rosidl_generator_c.so
-- Set runtime path of "/home/exomy/exomy_ws/exomy_ws_ros/exomy_ws/src/install/exomy_msgs/lib/libexomy_msgs__rosidl_generator_c.so" to ""
-- Up-to-date: /home/exomy/exomy_ws/exomy_ws_ros/exomy_ws/src/install/exomy_msgs/include/exomy_msgs
-- Up-to-date: /home/exomy/exomy_ws/exomy_ws_ros/exomy_ws/src/install/exomy_msgs/include/exomy_msgs/msg
-- Up-to-date: /home/exomy/exomy_ws/exomy_ws_ros/exomy_ws/src/install/exomy_msgs/include/exomy_msgs/msg/rosidl_typesupport_fastrtps_c__visibility_control.h
-- Up-to-date: /home/exomy/exomy_ws/exomy_ws_ros/exomy_ws/src/install/exomy_msgs/include/exomy_msgs/msg/detail
-- Up-to-date: /home/exomy/exomy_ws/exomy_ws_ros/exomy_ws/src/install/exomy_msgs/include/exomy_msgs/msg/detail/motor_commands__rosidl_typesupport_fastrtps_c.h
-- Up-to-date: /home/exomy/exomy_ws/exomy_ws_ros/exomy_ws/src/install/exomy_msgs/include/exomy_msgs/msg/detail/rover_command__rosidl_typesupport_fastrtps_c.h
-- Up-to-date: /home/exomy/exomy_ws/exomy_ws_ros/exomy_ws/src/install/exomy_msgs/include/exomy_msgs/msg/detail/screen__rosidl_typesupport_fastrtps_c.h
-- Installing: /home/exomy/exomy_ws/exomy_ws_ros/exomy_ws/src/install/exomy_msgs/lib/libexomy_msgs__rosidl_typesupport_fastrtps_c.so
-- Set runtime path of "/home/exomy/exomy_ws/exomy_ws_ros/exomy_ws/src/install/exomy_msgs/lib/libexomy_msgs__rosidl_typesupport_fastrtps_c.so" to ""
-- Up-to-date: /home/exomy/exomy_ws/exomy_ws_ros/exomy_ws/src/install/exomy_msgs/include/exomy_msgs
-- Up-to-date: /home/exomy/exomy_ws/exomy_ws_ros/exomy_ws/src/install/exomy_msgs/include/exomy_msgs/msg
-- Up-to-date: /home/exomy/exomy_ws/exomy_ws_ros/exomy_ws/src/install/exomy_msgs/include/exomy_msgs/msg/rosidl_typesupport_fastrtps_cpp__visibility_control.h
-- Up-to-date: /home/exomy/exomy_ws/exomy_ws_ros/exomy_ws/src/install/exomy_msgs/include/exomy_msgs/msg/detail
-- Up-to-date: /home/exomy/exomy_ws/exomy_ws_ros/exomy_ws/src/install/exomy_msgs/include/exomy_msgs/msg/detail/screen__rosidl_typesupport_fastrtps_cpp.hpp
-- Up-to-date: /home/exomy/exomy_ws/exomy_ws_ros/exomy_ws/src/install/exomy_msgs/include/exomy_msgs/msg/detail/dds_fastrtps
-- Up-to-date: /home/exomy/exomy_ws/exomy_ws_ros/exomy_ws/src/install/exomy_msgs/include/exomy_msgs/msg/detail/motor_commands__rosidl_typesupport_fastrtps_cpp.hpp
-- Up-to-date: /home/exomy/exomy_ws/exomy_ws_ros/exomy_ws/src/install/exomy_msgs/include/exomy_msgs/msg/detail/rover_command__rosidl_typesupport_fastrtps_cpp.hpp
-- Installing: /home/exomy/exomy_ws/exomy_ws_ros/exomy_ws/src/install/exomy_msgs/lib/libexomy_msgs__rosidl_typesupport_fastrtps_cpp.so
-- Set runtime path of "/home/exomy/exomy_ws/exomy_ws_ros/exomy_ws/src/install/exomy_msgs/lib/libexomy_msgs__rosidl_typesupport_fastrtps_cpp.so" to ""
-- Up-to-date: /home/exomy/exomy_ws/exomy_ws_ros/exomy_ws/src/install/exomy_msgs/include/exomy_msgs
-- Up-to-date: /home/exomy/exomy_ws/exomy_ws_ros/exomy_ws/src/install/exomy_msgs/include/exomy_msgs/msg
-- Up-to-date: /home/exomy/exomy_ws/exomy_ws_ros/exomy_ws/src/install/exomy_msgs/include/exomy_msgs/msg/rosidl_typesupport_introspection_c__visibility_control.h
-- Up-to-date: /home/exomy/exomy_ws/exomy_ws_ros/exomy_ws/src/install/exomy_msgs/include/exomy_msgs/msg/detail
-- Up-to-date: /home/exomy/exomy_ws/exomy_ws_ros/exomy_ws/src/install/exomy_msgs/include/exomy_msgs/msg/detail/screen__rosidl_typesupport_introspection_c.h
-- Up-to-date: /home/exomy/exomy_ws/exomy_ws_ros/exomy_ws/src/install/exomy_msgs/include/exomy_msgs/msg/detail/motor_commands__type_support.c
-- Up-to-date: /home/exomy/exomy_ws/exomy_ws_ros/exomy_ws/src/install/exomy_msgs/include/exomy_msgs/msg/detail/motor_commands__rosidl_typesupport_introspection_c.h
-- Up-to-date: /home/exomy/exomy_ws/exomy_ws_ros/exomy_ws/src/install/exomy_msgs/include/exomy_msgs/msg/detail/rover_command__rosidl_typesupport_introspection_c.h
-- Up-to-date: /home/exomy/exomy_ws/exomy_ws_ros/exomy_ws/src/install/exomy_msgs/include/exomy_msgs/msg/detail/screen__type_support.c
-- Up-to-date: /home/exomy/exomy_ws/exomy_ws_ros/exomy_ws/src/install/exomy_msgs/include/exomy_msgs/msg/detail/rover_command__type_support.c
-- Installing: /home/exomy/exomy_ws/exomy_ws_ros/exomy_ws/src/install/exomy_msgs/lib/libexomy_msgs__rosidl_typesupport_introspection_c.so
-- Set runtime path of "/home/exomy/exomy_ws/exomy_ws_ros/exomy_ws/src/install/exomy_msgs/lib/libexomy_msgs__rosidl_typesupport_introspection_c.so" to ""
-- Installing: /home/exomy/exomy_ws/exomy_ws_ros/exomy_ws/src/install/exomy_msgs/lib/libexomy_msgs__rosidl_typesupport_c.so
-- Set runtime path of "/home/exomy/exomy_ws/exomy_ws_ros/exomy_ws/src/install/exomy_msgs/lib/libexomy_msgs__rosidl_typesupport_c.so" to ""
-- Up-to-date: /home/exomy/exomy_ws/exomy_ws_ros/exomy_ws/src/install/exomy_msgs/include/exomy_msgs
-- Up-to-date: /home/exomy/exomy_ws/exomy_ws_ros/exomy_ws/src/install/exomy_msgs/include/exomy_msgs/msg
-- Up-to-date: /home/exomy/exomy_ws/exomy_ws_ros/exomy_ws/src/install/exomy_msgs/include/exomy_msgs/msg/rover_command.hpp
-- Up-to-date: /home/exomy/exomy_ws/exomy_ws_ros/exomy_ws/src/install/exomy_msgs/include/exomy_msgs/msg/screen.hpp
-- Up-to-date: /home/exomy/exomy_ws/exomy_ws_ros/exomy_ws/src/install/exomy_msgs/include/exomy_msgs/msg/motor_commands.hpp
-- Up-to-date: /home/exomy/exomy_ws/exomy_ws_ros/exomy_ws/src/install/exomy_msgs/include/exomy_msgs/msg/detail
-- Up-to-date: /home/exomy/exomy_ws/exomy_ws_ros/exomy_ws/src/install/exomy_msgs/include/exomy_msgs/msg/detail/motor_commands__struct.hpp
-- Up-to-date: /home/exomy/exomy_ws/exomy_ws_ros/exomy_ws/src/install/exomy_msgs/include/exomy_msgs/msg/detail/screen__struct.hpp
-- Up-to-date: /home/exomy/exomy_ws/exomy_ws_ros/exomy_ws/src/install/exomy_msgs/include/exomy_msgs/msg/detail/rover_command__struct.hpp
-- Up-to-date: /home/exomy/exomy_ws/exomy_ws_ros/exomy_ws/src/install/exomy_msgs/include/exomy_msgs/msg/detail/rover_command__builder.hpp
-- Up-to-date: /home/exomy/exomy_ws/exomy_ws_ros/exomy_ws/src/install/exomy_msgs/include/exomy_msgs/msg/detail/motor_commands__traits.hpp
-- Up-to-date: /home/exomy/exomy_ws/exomy_ws_ros/exomy_ws/src/install/exomy_msgs/include/exomy_msgs/msg/detail/screen__builder.hpp
-- Installing: /home/exomy/exomy_ws/exomy_ws_ros/exomy_ws/src/install/exomy_msgs/include/exomy_msgs/msg/detail/motor_commands__builder.hpp
-- Up-to-date: /home/exomy/exomy_ws/exomy_ws_ros/exomy_ws/src/install/exomy_msgs/include/exomy_msgs/msg/detail/screen__traits.hpp
-- Up-to-date: /home/exomy/exomy_ws/exomy_ws_ros/exomy_ws/src/install/exomy_msgs/include/exomy_msgs/msg/detail/rover_command__traits.hpp
-- Up-to-date: /home/exomy/exomy_ws/exomy_ws_ros/exomy_ws/src/install/exomy_msgs/include/exomy_msgs
-- Up-to-date: /home/exomy/exomy_ws/exomy_ws_ros/exomy_ws/src/install/exomy_msgs/include/exomy_msgs/msg
-- Up-to-date: /home/exomy/exomy_ws/exomy_ws_ros/exomy_ws/src/install/exomy_msgs/include/exomy_msgs/msg/detail
-- Up-to-date: /home/exomy/exomy_ws/exomy_ws_ros/exomy_ws/src/install/exomy_msgs/include/exomy_msgs/msg/detail/motor_commands__type_support.cpp
-- Up-to-date: /home/exomy/exomy_ws/exomy_ws_ros/exomy_ws/src/install/exomy_msgs/include/exomy_msgs/msg/detail/motor_commands__rosidl_typesupport_introspection_cpp.hpp
-- Up-to-date: /home/exomy/exomy_ws/exomy_ws_ros/exomy_ws/src/install/exomy_msgs/include/exomy_msgs/msg/detail/screen__rosidl_typesupport_introspection_cpp.hpp
-- Up-to-date: /home/exomy/exomy_ws/exomy_ws_ros/exomy_ws/src/install/exomy_msgs/include/exomy_msgs/msg/detail/screen__type_support.cpp
-- Up-to-date: /home/exomy/exomy_ws/exomy_ws_ros/exomy_ws/src/install/exomy_msgs/include/exomy_msgs/msg/detail/rover_command__rosidl_typesupport_introspection_cpp.hpp
-- Up-to-date: /home/exomy/exomy_ws/exomy_ws_ros/exomy_ws/src/install/exomy_msgs/include/exomy_msgs/msg/detail/rover_command__type_support.cpp
-- Installing: /home/exomy/exomy_ws/exomy_ws_ros/exomy_ws/src/install/exomy_msgs/lib/libexomy_msgs__rosidl_typesupport_introspection_cpp.so
-- Set runtime path of "/home/exomy/exomy_ws/exomy_ws_ros/exomy_ws/src/install/exomy_msgs/lib/libexomy_msgs__rosidl_typesupport_introspection_cpp.so" to ""
-- Installing: /home/exomy/exomy_ws/exomy_ws_ros/exomy_ws/src/install/exomy_msgs/lib/libexomy_msgs__rosidl_typesupport_cpp.so
-- Set runtime path of "/home/exomy/exomy_ws/exomy_ws_ros/exomy_ws/src/install/exomy_msgs/lib/libexomy_msgs__rosidl_typesupport_cpp.so" to ""
-- Up-to-date: /home/exomy/exomy_ws/exomy_ws_ros/exomy_ws/src/install/exomy_msgs/share/exomy_msgs/environment/pythonpath.sh
-- Installing: /home/exomy/exomy_ws/exomy_ws_ros/exomy_ws/src/install/exomy_msgs/share/exomy_msgs/environment/pythonpath.dsv
-- Installing: /home/exomy/exomy_ws/exomy_ws_ros/exomy_ws/src/install/exomy_msgs/lib/python3.8/site-packages/exomy_msgs/__init__.py
Compiling '/home/exomy/exomy_ws/exomy_ws_ros/exomy_ws/src/install/exomy_msgs/lib/python3.8/site-packages/exomy_msgs/__init__.py'...
-- Up-to-date: /home/exomy/exomy_ws/exomy_ws_ros/exomy_ws/src/install/exomy_msgs/lib/python3.8/site-packages/exomy_msgs/msg
-- Up-to-date: /home/exomy/exomy_ws/exomy_ws_ros/exomy_ws/src/install/exomy_msgs/lib/python3.8/site-packages/exomy_msgs/msg/__init__.py
-- Up-to-date: /home/exomy/exomy_ws/exomy_ws_ros/exomy_ws/src/install/exomy_msgs/lib/python3.8/site-packages/exomy_msgs/msg/_rover_command.py
-- Up-to-date: /home/exomy/exomy_ws/exomy_ws_ros/exomy_ws/src/install/exomy_msgs/lib/python3.8/site-packages/exomy_msgs/msg/_motor_commands_s.c
-- Up-to-date: /home/exomy/exomy_ws/exomy_ws_ros/exomy_ws/src/install/exomy_msgs/lib/python3.8/site-packages/exomy_msgs/msg/_motor_commands.py
-- Up-to-date: /home/exomy/exomy_ws/exomy_ws_ros/exomy_ws/src/install/exomy_msgs/lib/python3.8/site-packages/exomy_msgs/msg/_screen.py
-- Up-to-date: /home/exomy/exomy_ws/exomy_ws_ros/exomy_ws/src/install/exomy_msgs/lib/python3.8/site-packages/exomy_msgs/msg/_rover_command_s.c
-- Up-to-date: /home/exomy/exomy_ws/exomy_ws_ros/exomy_ws/src/install/exomy_msgs/lib/python3.8/site-packages/exomy_msgs/msg/_screen_s.c
-- Installing: /home/exomy/exomy_ws/exomy_ws_ros/exomy_ws/src/install/exomy_msgs/lib/python3.8/site-packages/exomy_msgs/exomy_msgs_s__rosidl_typesupport_fastrtps_c.cpython-38-x86_64-linux-gnu.so
-- Set runtime path of "/home/exomy/exomy_ws/exomy_ws_ros/exomy_ws/src/install/exomy_msgs/lib/python3.8/site-packages/exomy_msgs/exomy_msgs_s__rosidl_typesupport_fastrtps_c.cpython-38-x86_64-linux-gnu.so" to ""
-- Installing: /home/exomy/exomy_ws/exomy_ws_ros/exomy_ws/src/install/exomy_msgs/lib/python3.8/site-packages/exomy_msgs/exomy_msgs_s__rosidl_typesupport_introspection_c.cpython-38-x86_64-linux-gnu.so
-- Set runtime path of "/home/exomy/exomy_ws/exomy_ws_ros/exomy_ws/src/install/exomy_msgs/lib/python3.8/site-packages/exomy_msgs/exomy_msgs_s__rosidl_typesupport_introspection_c.cpython-38-x86_64-linux-gnu.so" to ""
-- Installing: /home/exomy/exomy_ws/exomy_ws_ros/exomy_ws/src/install/exomy_msgs/lib/python3.8/site-packages/exomy_msgs/exomy_msgs_s__rosidl_typesupport_c.cpython-38-x86_64-linux-gnu.so
-- Set runtime path of "/home/exomy/exomy_ws/exomy_ws_ros/exomy_ws/src/install/exomy_msgs/lib/python3.8/site-packages/exomy_msgs/exomy_msgs_s__rosidl_typesupport_c.cpython-38-x86_64-linux-gnu.so" to ""
-- Installing: /home/exomy/exomy_ws/exomy_ws_ros/exomy_ws/src/install/exomy_msgs/lib/libexomy_msgs__python.so
-- Set runtime path of "/home/exomy/exomy_ws/exomy_ws_ros/exomy_ws/src/install/exomy_msgs/lib/libexomy_msgs__python.so" to ""
-- Up-to-date: /home/exomy/exomy_ws/exomy_ws_ros/exomy_ws/src/install/exomy_msgs/share/exomy_msgs/msg/MotorCommands.idl
-- Up-to-date: /home/exomy/exomy_ws/exomy_ws_ros/exomy_ws/src/install/exomy_msgs/share/exomy_msgs/msg/RoverCommand.idl
-- Up-to-date: /home/exomy/exomy_ws/exomy_ws_ros/exomy_ws/src/install/exomy_msgs/share/exomy_msgs/msg/Screen.idl
-- Installing: /home/exomy/exomy_ws/exomy_ws_ros/exomy_ws/src/install/exomy_msgs/share/exomy_msgs/msg/MotorCommands.msg
-- Installing: /home/exomy/exomy_ws/exomy_ws_ros/exomy_ws/src/install/exomy_msgs/share/exomy_msgs/msg/RoverCommand.msg
-- Installing: /home/exomy/exomy_ws/exomy_ws_ros/exomy_ws/src/install/exomy_msgs/share/exomy_msgs/msg/Screen.msg
-- Up-to-date: /home/exomy/exomy_ws/exomy_ws_ros/exomy_ws/src/install/exomy_msgs/share/ament_index/resource_index/package_run_dependencies/exomy_msgs
-- Installing: /home/exomy/exomy_ws/exomy_ws_ros/exomy_ws/src/install/exomy_msgs/share/ament_index/resource_index/parent_prefix_path/exomy_msgs
-- Installing: /home/exomy/exomy_ws/exomy_ws_ros/exomy_ws/src/install/exomy_msgs/share/exomy_msgs/environment/ament_prefix_path.sh
-- Installing: /home/exomy/exomy_ws/exomy_ws_ros/exomy_ws/src/install/exomy_msgs/share/exomy_msgs/environment/ament_prefix_path.dsv
-- Installing: /home/exomy/exomy_ws/exomy_ws_ros/exomy_ws/src/install/exomy_msgs/share/exomy_msgs/environment/path.sh
-- Installing: /home/exomy/exomy_ws/exomy_ws_ros/exomy_ws/src/install/exomy_msgs/share/exomy_msgs/environment/path.dsv
-- Up-to-date: /home/exomy/exomy_ws/exomy_ws_ros/exomy_ws/src/install/exomy_msgs/share/exomy_msgs/local_setup.bash
-- Up-to-date: /home/exomy/exomy_ws/exomy_ws_ros/exomy_ws/src/install/exomy_msgs/share/exomy_msgs/local_setup.sh
-- Up-to-date: /home/exomy/exomy_ws/exomy_ws_ros/exomy_ws/src/install/exomy_msgs/share/exomy_msgs/local_setup.zsh
-- Installing: /home/exomy/exomy_ws/exomy_ws_ros/exomy_ws/src/install/exomy_msgs/share/exomy_msgs/local_setup.dsv
-- Installing: /home/exomy/exomy_ws/exomy_ws_ros/exomy_ws/src/install/exomy_msgs/share/exomy_msgs/package.dsv
-- Up-to-date: /home/exomy/exomy_ws/exomy_ws_ros/exomy_ws/src/install/exomy_msgs/share/ament_index/resource_index/packages/exomy_msgs
-- Up-to-date: /home/exomy/exomy_ws/exomy_ws_ros/exomy_ws/src/install/exomy_msgs/share/exomy_msgs/cmake/exomy_msgs__rosidl_generator_cExport.cmake
-- Installing: /home/exomy/exomy_ws/exomy_ws_ros/exomy_ws/src/install/exomy_msgs/share/exomy_msgs/cmake/exomy_msgs__rosidl_generator_cExport-noconfig.cmake
-- Up-to-date: /home/exomy/exomy_ws/exomy_ws_ros/exomy_ws/src/install/exomy_msgs/share/exomy_msgs/cmake/exomy_msgs__rosidl_typesupport_introspection_cExport.cmake
-- Installing: /home/exomy/exomy_ws/exomy_ws_ros/exomy_ws/src/install/exomy_msgs/share/exomy_msgs/cmake/exomy_msgs__rosidl_typesupport_introspection_cExport-noconfig.cmake
-- Up-to-date: /home/exomy/exomy_ws/exomy_ws_ros/exomy_ws/src/install/exomy_msgs/share/exomy_msgs/cmake/exomy_msgs__rosidl_typesupport_cExport.cmake
-- Installing: /home/exomy/exomy_ws/exomy_ws_ros/exomy_ws/src/install/exomy_msgs/share/exomy_msgs/cmake/exomy_msgs__rosidl_typesupport_cExport-noconfig.cmake
-- Up-to-date: /home/exomy/exomy_ws/exomy_ws_ros/exomy_ws/src/install/exomy_msgs/share/exomy_msgs/cmake/exomy_msgs__rosidl_generator_cppExport.cmake
-- Up-to-date: /home/exomy/exomy_ws/exomy_ws_ros/exomy_ws/src/install/exomy_msgs/share/exomy_msgs/cmake/exomy_msgs__rosidl_typesupport_introspection_cppExport.cmake
-- Installing: /home/exomy/exomy_ws/exomy_ws_ros/exomy_ws/src/install/exomy_msgs/share/exomy_msgs/cmake/exomy_msgs__rosidl_typesupport_introspection_cppExport-noconfig.cmake
-- Up-to-date: /home/exomy/exomy_ws/exomy_ws_ros/exomy_ws/src/install/exomy_msgs/share/exomy_msgs/cmake/exomy_msgs__rosidl_typesupport_cppExport.cmake
-- Installing: /home/exomy/exomy_ws/exomy_ws_ros/exomy_ws/src/install/exomy_msgs/share/exomy_msgs/cmake/exomy_msgs__rosidl_typesupport_cppExport-noconfig.cmake
-- Up-to-date: /home/exomy/exomy_ws/exomy_ws_ros/exomy_ws/src/install/exomy_msgs/share/exomy_msgs/cmake/rosidl_cmake-extras.cmake
-- Up-to-date: /home/exomy/exomy_ws/exomy_ws_ros/exomy_ws/src/install/exomy_msgs/share/exomy_msgs/cmake/ament_cmake_export_dependencies-extras.cmake
-- Up-to-date: /home/exomy/exomy_ws/exomy_ws_ros/exomy_ws/src/install/exomy_msgs/share/exomy_msgs/cmake/ament_cmake_export_libraries-extras.cmake
-- Up-to-date: /home/exomy/exomy_ws/exomy_ws_ros/exomy_ws/src/install/exomy_msgs/share/exomy_msgs/cmake/ament_cmake_export_targets-extras.cmake
-- Up-to-date: /home/exomy/exomy_ws/exomy_ws_ros/exomy_ws/src/install/exomy_msgs/share/exomy_msgs/cmake/ament_cmake_export_include_directories-extras.cmake
-- Up-to-date: /home/exomy/exomy_ws/exomy_ws_ros/exomy_ws/src/install/exomy_msgs/share/exomy_msgs/cmake/rosidl_cmake_export_typesupport_libraries-extras.cmake
-- Up-to-date: /home/exomy/exomy_ws/exomy_ws_ros/exomy_ws/src/install/exomy_msgs/share/exomy_msgs/cmake/rosidl_cmake_export_typesupport_targets-extras.cmake
-- Up-to-date: /home/exomy/exomy_ws/exomy_ws_ros/exomy_ws/src/install/exomy_msgs/share/exomy_msgs/cmake/exomy_msgsConfig.cmake
-- Up-to-date: /home/exomy/exomy_ws/exomy_ws_ros/exomy_ws/src/install/exomy_msgs/share/exomy_msgs/cmake/exomy_msgsConfig-version.cmake
-- Installing: /home/exomy/exomy_ws/exomy_ws_ros/exomy_ws/src/install/exomy_msgs/share/exomy_msgs/package.xml
