[0.042s] Invoking command in '/home/exomy/exomy_ws/exomy_ws_ros/exomy_ws/src/build/exomy_msgs': CMAKE_PREFIX_PATH=${CMAKE_PREFIX_PATH}:/home/exomy/exomy_ws/exomy_ws_ros/exomy_ws/src/install/exomy:/home/exomy/exomy_ws/install/exomy:/home/exomy/exomy_ws/exomy_ws_ros/exomy_ws/install/exomy:/opt/ros/foxy /usr/bin/cmake --build /home/exomy/exomy_ws/exomy_ws_ros/exomy_ws/src/build/exomy_msgs -- -j4 -l4
[0.094s] -- Found ament_cmake: 0.9.9 (/opt/ros/foxy/share/ament_cmake/cmake)
[0.131s] -- Found PythonInterp: /usr/bin/python3 (found suitable version "3.8.10", minimum required is "3") 
[0.133s] -- Using PYTHON_EXECUTABLE: /usr/bin/python3
[0.392s] -- Found rosidl_default_generators: 1.0.1 (/opt/ros/foxy/share/rosidl_default_generators/cmake)
[0.403s] -- Using all available rosidl_typesupport_c: rosidl_typesupport_fastrtps_c;rosidl_typesupport_introspection_c
[0.410s] -- Found rosidl_adapter: 1.2.1 (/opt/ros/foxy/share/rosidl_adapter/cmake)
[0.659s] -- Using all available rosidl_typesupport_cpp: rosidl_typesupport_fastrtps_cpp;rosidl_typesupport_introspection_cpp
[0.737s] -- Found PythonInterp: /usr/bin/python3 (found version "3.8.10") 
[0.943s] -- Found ament_cmake_ros: 0.9.2 (/opt/ros/foxy/share/ament_cmake_ros/cmake)
[1.164s] -- Using all available rosidl_typesupport_c: rosidl_typesupport_fastrtps_c;rosidl_typesupport_introspection_c
[1.188s] -- Using all available rosidl_typesupport_cpp: rosidl_typesupport_fastrtps_cpp;rosidl_typesupport_introspection_cpp
[1.221s] -- Found PythonInterp: /usr/bin/python3 (found suitable version "3.8.10", minimum required is "3.5") 
[1.222s] -- Found python_cmake_module: 0.8.1 (/opt/ros/foxy/share/python_cmake_module/cmake)
[1.264s] -- Using PYTHON_EXECUTABLE: /usr/bin/python3
[1.264s] -- Using PYTHON_INCLUDE_DIRS: /usr/include/python3.8
[1.264s] -- Using PYTHON_LIBRARIES: /usr/lib/x86_64-linux-gnu/libpython3.8.so
[1.321s] -- Configuring done
[1.431s] -- Generating done
[1.447s] -- Build files have been written to: /home/exomy/exomy_ws/exomy_ws_ros/exomy_ws/src/build/exomy_msgs
[1.500s] [35m[1mScanning dependencies of target exomy_msgs__rosidl_generator_c[0m
[1.586s] [  2%] [32mBuilding C object CMakeFiles/exomy_msgs__rosidl_generator_c.dir/rosidl_generator_c/exomy_msgs/msg/detail/motor_commands__functions.c.o[0m
[1.599s] [  4%] [32mBuilding C object CMakeFiles/exomy_msgs__rosidl_generator_c.dir/rosidl_generator_c/exomy_msgs/msg/detail/rover_command__functions.c.o[0m
[1.602s] [  6%] [32mBuilding C object CMakeFiles/exomy_msgs__rosidl_generator_c.dir/rosidl_generator_c/exomy_msgs/msg/detail/screen__functions.c.o[0m
[1.625s] [  8%] Built target exomy_msgs__cpp
[1.646s] [35m[1mScanning dependencies of target exomy_msgs__rosidl_typesupport_introspection_cpp[0m
[1.692s] [ 10%] [32mBuilding CXX object CMakeFiles/exomy_msgs__rosidl_typesupport_introspection_cpp.dir/rosidl_typesupport_introspection_cpp/exomy_msgs/msg/detail/motor_commands__type_support.cpp.o[0m
[1.885s] [ 12%] [32mBuilding CXX object CMakeFiles/exomy_msgs__rosidl_typesupport_introspection_cpp.dir/rosidl_typesupport_introspection_cpp/exomy_msgs/msg/detail/rover_command__type_support.cpp.o[0m
[1.894s] [ 14%] [32m[1mLinking C shared library libexomy_msgs__rosidl_generator_c.so[0m
[1.916s] [35m[1mScanning dependencies of target exomy_msgs__rosidl_typesupport_fastrtps_cpp[0m
[1.999s] [ 17%] Built target exomy_msgs__rosidl_generator_c
[2.007s] [ 19%] [32mBuilding CXX object CMakeFiles/exomy_msgs__rosidl_typesupport_fastrtps_cpp.dir/rosidl_typesupport_fastrtps_cpp/exomy_msgs/msg/detail/dds_fastrtps/motor_commands__type_support.cpp.o[0m
[2.018s] [35m[1mScanning dependencies of target exomy_msgs__rosidl_typesupport_cpp[0m
[2.044s] [ 21%] [32mBuilding CXX object CMakeFiles/exomy_msgs__rosidl_typesupport_cpp.dir/rosidl_typesupport_cpp/exomy_msgs/msg/motor_commands__type_support.cpp.o[0m
[2.616s] [ 23%] [32mBuilding CXX object CMakeFiles/exomy_msgs__rosidl_typesupport_introspection_cpp.dir/rosidl_typesupport_introspection_cpp/exomy_msgs/msg/detail/screen__type_support.cpp.o[0m
[2.775s] [ 25%] [32mBuilding CXX object CMakeFiles/exomy_msgs__rosidl_typesupport_fastrtps_cpp.dir/rosidl_typesupport_fastrtps_cpp/exomy_msgs/msg/detail/dds_fastrtps/rover_command__type_support.cpp.o[0m
[2.808s] [ 27%] [32mBuilding CXX object CMakeFiles/exomy_msgs__rosidl_typesupport_cpp.dir/rosidl_typesupport_cpp/exomy_msgs/msg/rover_command__type_support.cpp.o[0m
[3.687s] [ 29%] [32m[1mLinking CXX shared library libexomy_msgs__rosidl_typesupport_introspection_cpp.so[0m
[3.721s] [ 31%] [32mBuilding CXX object CMakeFiles/exomy_msgs__rosidl_typesupport_fastrtps_cpp.dir/rosidl_typesupport_fastrtps_cpp/exomy_msgs/msg/detail/dds_fastrtps/screen__type_support.cpp.o[0m
[3.837s] [ 34%] [32mBuilding CXX object CMakeFiles/exomy_msgs__rosidl_typesupport_cpp.dir/rosidl_typesupport_cpp/exomy_msgs/msg/screen__type_support.cpp.o[0m
[4.078s] [ 36%] Built target exomy_msgs__rosidl_typesupport_introspection_cpp
[4.147s] [35m[1mScanning dependencies of target exomy_msgs__rosidl_typesupport_introspection_c[0m
[4.214s] [ 38%] [32mBuilding C object CMakeFiles/exomy_msgs__rosidl_typesupport_introspection_c.dir/rosidl_typesupport_introspection_c/exomy_msgs/msg/detail/motor_commands__type_support.c.o[0m
[4.330s] [ 40%] [32mBuilding C object CMakeFiles/exomy_msgs__rosidl_typesupport_introspection_c.dir/rosidl_typesupport_introspection_c/exomy_msgs/msg/detail/rover_command__type_support.c.o[0m
[4.506s] [ 42%] [32mBuilding C object CMakeFiles/exomy_msgs__rosidl_typesupport_introspection_c.dir/rosidl_typesupport_introspection_c/exomy_msgs/msg/detail/screen__type_support.c.o[0m
[4.659s] [ 44%] [32m[1mLinking C shared library libexomy_msgs__rosidl_typesupport_introspection_c.so[0m
[4.726s] [ 46%] [32m[1mLinking CXX shared library libexomy_msgs__rosidl_typesupport_cpp.so[0m
[4.814s] [ 48%] Built target exomy_msgs__rosidl_typesupport_introspection_c
[4.848s] [35m[1mScanning dependencies of target exomy_msgs__rosidl_typesupport_c[0m
[4.887s] [ 51%] [32mBuilding CXX object CMakeFiles/exomy_msgs__rosidl_typesupport_c.dir/rosidl_typesupport_c/exomy_msgs/msg/motor_commands__type_support.cpp.o[0m
[4.916s] [ 53%] Built target exomy_msgs__rosidl_typesupport_cpp
[4.918s] [ 55%] [32mBuilding CXX object CMakeFiles/exomy_msgs__rosidl_typesupport_c.dir/rosidl_typesupport_c/exomy_msgs/msg/rover_command__type_support.cpp.o[0m
[4.971s] [ 57%] [32mBuilding CXX object CMakeFiles/exomy_msgs__rosidl_typesupport_c.dir/rosidl_typesupport_c/exomy_msgs/msg/screen__type_support.cpp.o[0m
[5.050s] [ 59%] [32m[1mLinking CXX shared library libexomy_msgs__rosidl_typesupport_c.so[0m
[5.076s] [ 61%] [32m[1mLinking CXX shared library libexomy_msgs__rosidl_typesupport_fastrtps_cpp.so[0m
[5.166s] [ 63%] Built target exomy_msgs__rosidl_typesupport_c
[5.247s] [ 65%] Built target exomy_msgs__rosidl_typesupport_fastrtps_cpp
[5.265s] [35m[1mScanning dependencies of target exomy_msgs__rosidl_typesupport_fastrtps_c[0m
[5.299s] [ 68%] [32mBuilding CXX object CMakeFiles/exomy_msgs__rosidl_typesupport_fastrtps_c.dir/rosidl_typesupport_fastrtps_c/exomy_msgs/msg/detail/motor_commands__type_support_c.cpp.o[0m
[5.311s] [ 70%] [32mBuilding CXX object CMakeFiles/exomy_msgs__rosidl_typesupport_fastrtps_c.dir/rosidl_typesupport_fastrtps_c/exomy_msgs/msg/detail/rover_command__type_support_c.cpp.o[0m
[5.313s] [ 72%] [32mBuilding CXX object CMakeFiles/exomy_msgs__rosidl_typesupport_fastrtps_c.dir/rosidl_typesupport_fastrtps_c/exomy_msgs/msg/detail/screen__type_support_c.cpp.o[0m
[6.735s] [ 74%] [32m[1mLinking CXX shared library libexomy_msgs__rosidl_typesupport_fastrtps_c.so[0m
[7.062s] [ 76%] Built target exomy_msgs__rosidl_typesupport_fastrtps_c
[7.123s] [ 76%] Built target exomy_msgs
[7.194s] [ 78%] Built target exomy_msgs__py
[7.251s] [35m[1mScanning dependencies of target exomy_msgs__python[0m
[7.379s] [ 80%] [32mBuilding C object CMakeFiles/exomy_msgs__python.dir/rosidl_generator_py/exomy_msgs/msg/_rover_command_s.c.o[0m
[7.389s] [ 82%] [32mBuilding C object CMakeFiles/exomy_msgs__python.dir/rosidl_generator_py/exomy_msgs/msg/_screen_s.c.o[0m
[7.396s] [ 85%] [32mBuilding C object CMakeFiles/exomy_msgs__python.dir/rosidl_generator_py/exomy_msgs/msg/_motor_commands_s.c.o[0m
[7.900s] [ 87%] [32m[1mLinking C shared library rosidl_generator_py/exomy_msgs/libexomy_msgs__python.so[0m
[8.044s] [ 87%] Built target exomy_msgs__python
[8.093s] [35m[1mScanning dependencies of target exomy_msgs__rosidl_typesupport_c__pyext[0m
[8.094s] [35m[1mScanning dependencies of target exomy_msgs__rosidl_typesupport_introspection_c__pyext[0m
[8.096s] [35m[1mScanning dependencies of target exomy_msgs__rosidl_typesupport_fastrtps_c__pyext[0m
[8.182s] [ 89%] [32mBuilding C object CMakeFiles/exomy_msgs__rosidl_typesupport_introspection_c__pyext.dir/rosidl_generator_py/exomy_msgs/_exomy_msgs_s.ep.rosidl_typesupport_introspection_c.c.o[0m
[8.184s] [ 91%] [32mBuilding C object CMakeFiles/exomy_msgs__rosidl_typesupport_c__pyext.dir/rosidl_generator_py/exomy_msgs/_exomy_msgs_s.ep.rosidl_typesupport_c.c.o[0m
[8.185s] [ 93%] [32mBuilding C object CMakeFiles/exomy_msgs__rosidl_typesupport_fastrtps_c__pyext.dir/rosidl_generator_py/exomy_msgs/_exomy_msgs_s.ep.rosidl_typesupport_fastrtps_c.c.o[0m
[8.489s] [ 95%] [32m[1mLinking C shared library rosidl_generator_py/exomy_msgs/exomy_msgs_s__rosidl_typesupport_introspection_c.cpython-38-x86_64-linux-gnu.so[0m
[8.490s] [ 97%] [32m[1mLinking CXX shared library rosidl_generator_py/exomy_msgs/exomy_msgs_s__rosidl_typesupport_fastrtps_c.cpython-38-x86_64-linux-gnu.so[0m
[8.530s] [100%] [32m[1mLinking C shared library rosidl_generator_py/exomy_msgs/exomy_msgs_s__rosidl_typesupport_c.cpython-38-x86_64-linux-gnu.so[0m
[8.680s] [100%] Built target exomy_msgs__rosidl_typesupport_introspection_c__pyext
[8.756s] [100%] Built target exomy_msgs__rosidl_typesupport_c__pyext
[8.779s] [100%] Built target exomy_msgs__rosidl_typesupport_fastrtps_c__pyext
[8.827s] Invoked command in '/home/exomy/exomy_ws/exomy_ws_ros/exomy_ws/src/build/exomy_msgs' returned '0': CMAKE_PREFIX_PATH=${CMAKE_PREFIX_PATH}:/home/exomy/exomy_ws/exomy_ws_ros/exomy_ws/src/install/exomy:/home/exomy/exomy_ws/install/exomy:/home/exomy/exomy_ws/exomy_ws_ros/exomy_ws/install/exomy:/opt/ros/foxy /usr/bin/cmake --build /home/exomy/exomy_ws/exomy_ws_ros/exomy_ws/src/build/exomy_msgs -- -j4 -l4
[9.454s] Invoking command in '/home/exomy/exomy_ws/exomy_ws_ros/exomy_ws/src/build/exomy_msgs': CMAKE_PREFIX_PATH=${CMAKE_PREFIX_PATH}:/home/exomy/exomy_ws/exomy_ws_ros/exomy_ws/src/install/exomy:/home/exomy/exomy_ws/install/exomy:/home/exomy/exomy_ws/exomy_ws_ros/exomy_ws/install/exomy:/opt/ros/foxy /usr/bin/cmake --install /home/exomy/exomy_ws/exomy_ws_ros/exomy_ws/src/build/exomy_msgs
[9.493s] -- Install configuration: ""
[9.494s] -- Up-to-date: /home/exomy/exomy_ws/exomy_ws_ros/exomy_ws/src/install/exomy_msgs/share/ament_index/resource_index/rosidl_interfaces/exomy_msgs
[9.495s] -- Up-to-date: /home/exomy/exomy_ws/exomy_ws_ros/exomy_ws/src/install/exomy_msgs/include/exomy_msgs
[9.497s] -- Up-to-date: /home/exomy/exomy_ws/exomy_ws_ros/exomy_ws/src/install/exomy_msgs/include/exomy_msgs/msg
[9.498s] -- Up-to-date: /home/exomy/exomy_ws/exomy_ws_ros/exomy_ws/src/install/exomy_msgs/include/exomy_msgs/msg/screen.h
[9.498s] -- Up-to-date: /home/exomy/exomy_ws/exomy_ws_ros/exomy_ws/src/install/exomy_msgs/include/exomy_msgs/msg/rosidl_generator_c__visibility_control.h
[9.499s] -- Up-to-date: /home/exomy/exomy_ws/exomy_ws_ros/exomy_ws/src/install/exomy_msgs/include/exomy_msgs/msg/rover_command.h
[9.500s] -- Up-to-date: /home/exomy/exomy_ws/exomy_ws_ros/exomy_ws/src/install/exomy_msgs/include/exomy_msgs/msg/motor_commands.h
[9.501s] -- Up-to-date: /home/exomy/exomy_ws/exomy_ws_ros/exomy_ws/src/install/exomy_msgs/include/exomy_msgs/msg/detail
[9.502s] -- Up-to-date: /home/exomy/exomy_ws/exomy_ws_ros/exomy_ws/src/install/exomy_msgs/include/exomy_msgs/msg/detail/screen__functions.c
[9.503s] -- Up-to-date: /home/exomy/exomy_ws/exomy_ws_ros/exomy_ws/src/install/exomy_msgs/include/exomy_msgs/msg/detail/rover_command__struct.h
[9.504s] -- Up-to-date: /home/exomy/exomy_ws/exomy_ws_ros/exomy_ws/src/install/exomy_msgs/include/exomy_msgs/msg/detail/rover_command__functions.h
[9.505s] -- Up-to-date: /home/exomy/exomy_ws/exomy_ws_ros/exomy_ws/src/install/exomy_msgs/include/exomy_msgs/msg/detail/screen__type_support.h
[9.505s] -- Up-to-date: /home/exomy/exomy_ws/exomy_ws_ros/exomy_ws/src/install/exomy_msgs/include/exomy_msgs/msg/detail/motor_commands__functions.c
[9.506s] -- Up-to-date: /home/exomy/exomy_ws/exomy_ws_ros/exomy_ws/src/install/exomy_msgs/include/exomy_msgs/msg/detail/motor_commands__struct.h
[9.507s] -- Up-to-date: /home/exomy/exomy_ws/exomy_ws_ros/exomy_ws/src/install/exomy_msgs/include/exomy_msgs/msg/detail/screen__functions.h
[9.509s] -- Up-to-date: /home/exomy/exomy_ws/exomy_ws_ros/exomy_ws/src/install/exomy_msgs/include/exomy_msgs/msg/detail/motor_commands__functions.h
[9.510s] -- Up-to-date: /home/exomy/exomy_ws/exomy_ws_ros/exomy_ws/src/install/exomy_msgs/include/exomy_msgs/msg/detail/rover_command__functions.c
[9.511s] -- Up-to-date: /home/exomy/exomy_ws/exomy_ws_ros/exomy_ws/src/install/exomy_msgs/include/exomy_msgs/msg/detail/screen__struct.h
[9.514s] -- Up-to-date: /home/exomy/exomy_ws/exomy_ws_ros/exomy_ws/src/install/exomy_msgs/include/exomy_msgs/msg/detail/motor_commands__type_support.h
[9.515s] -- Up-to-date: /home/exomy/exomy_ws/exomy_ws_ros/exomy_ws/src/install/exomy_msgs/include/exomy_msgs/msg/detail/rover_command__type_support.h
[9.517s] -- Installing: /home/exomy/exomy_ws/exomy_ws_ros/exomy_ws/src/install/exomy_msgs/share/exomy_msgs/environment/library_path.sh
[9.518s] -- Installing: /home/exomy/exomy_ws/exomy_ws_ros/exomy_ws/src/install/exomy_msgs/share/exomy_msgs/environment/library_path.dsv
[9.518s] -- Installing: /home/exomy/exomy_ws/exomy_ws_ros/exomy_ws/src/install/exomy_msgs/lib/libexomy_msgs__rosidl_generator_c.so
[9.519s] -- Set runtime path of "/home/exomy/exomy_ws/exomy_ws_ros/exomy_ws/src/install/exomy_msgs/lib/libexomy_msgs__rosidl_generator_c.so" to ""
[9.520s] -- Up-to-date: /home/exomy/exomy_ws/exomy_ws_ros/exomy_ws/src/install/exomy_msgs/include/exomy_msgs
[9.522s] -- Up-to-date: /home/exomy/exomy_ws/exomy_ws_ros/exomy_ws/src/install/exomy_msgs/include/exomy_msgs/msg
[9.524s] -- Up-to-date: /home/exomy/exomy_ws/exomy_ws_ros/exomy_ws/src/install/exomy_msgs/include/exomy_msgs/msg/rosidl_typesupport_fastrtps_c__visibility_control.h
[9.527s] -- Up-to-date: /home/exomy/exomy_ws/exomy_ws_ros/exomy_ws/src/install/exomy_msgs/include/exomy_msgs/msg/detail
[9.528s] -- Up-to-date: /home/exomy/exomy_ws/exomy_ws_ros/exomy_ws/src/install/exomy_msgs/include/exomy_msgs/msg/detail/motor_commands__rosidl_typesupport_fastrtps_c.h
[9.529s] -- Up-to-date: /home/exomy/exomy_ws/exomy_ws_ros/exomy_ws/src/install/exomy_msgs/include/exomy_msgs/msg/detail/rover_command__rosidl_typesupport_fastrtps_c.h
[9.530s] -- Up-to-date: /home/exomy/exomy_ws/exomy_ws_ros/exomy_ws/src/install/exomy_msgs/include/exomy_msgs/msg/detail/screen__rosidl_typesupport_fastrtps_c.h
[9.530s] -- Installing: /home/exomy/exomy_ws/exomy_ws_ros/exomy_ws/src/install/exomy_msgs/lib/libexomy_msgs__rosidl_typesupport_fastrtps_c.so
[9.531s] -- Set runtime path of "/home/exomy/exomy_ws/exomy_ws_ros/exomy_ws/src/install/exomy_msgs/lib/libexomy_msgs__rosidl_typesupport_fastrtps_c.so" to ""
[9.532s] -- Up-to-date: /home/exomy/exomy_ws/exomy_ws_ros/exomy_ws/src/install/exomy_msgs/include/exomy_msgs
[9.533s] -- Up-to-date: /home/exomy/exomy_ws/exomy_ws_ros/exomy_ws/src/install/exomy_msgs/include/exomy_msgs/msg
[9.533s] -- Up-to-date: /home/exomy/exomy_ws/exomy_ws_ros/exomy_ws/src/install/exomy_msgs/include/exomy_msgs/msg/rosidl_typesupport_fastrtps_cpp__visibility_control.h
[9.535s] -- Up-to-date: /home/exomy/exomy_ws/exomy_ws_ros/exomy_ws/src/install/exomy_msgs/include/exomy_msgs/msg/detail
[9.537s] -- Up-to-date: /home/exomy/exomy_ws/exomy_ws_ros/exomy_ws/src/install/exomy_msgs/include/exomy_msgs/msg/detail/screen__rosidl_typesupport_fastrtps_cpp.hpp
[9.537s] -- Up-to-date: /home/exomy/exomy_ws/exomy_ws_ros/exomy_ws/src/install/exomy_msgs/include/exomy_msgs/msg/detail/dds_fastrtps
[9.539s] -- Up-to-date: /home/exomy/exomy_ws/exomy_ws_ros/exomy_ws/src/install/exomy_msgs/include/exomy_msgs/msg/detail/motor_commands__rosidl_typesupport_fastrtps_cpp.hpp
[9.540s] -- Up-to-date: /home/exomy/exomy_ws/exomy_ws_ros/exomy_ws/src/install/exomy_msgs/include/exomy_msgs/msg/detail/rover_command__rosidl_typesupport_fastrtps_cpp.hpp
[9.541s] -- Installing: /home/exomy/exomy_ws/exomy_ws_ros/exomy_ws/src/install/exomy_msgs/lib/libexomy_msgs__rosidl_typesupport_fastrtps_cpp.so
[9.541s] -- Set runtime path of "/home/exomy/exomy_ws/exomy_ws_ros/exomy_ws/src/install/exomy_msgs/lib/libexomy_msgs__rosidl_typesupport_fastrtps_cpp.so" to ""
[9.542s] -- Up-to-date: /home/exomy/exomy_ws/exomy_ws_ros/exomy_ws/src/install/exomy_msgs/include/exomy_msgs
[9.543s] -- Up-to-date: /home/exomy/exomy_ws/exomy_ws_ros/exomy_ws/src/install/exomy_msgs/include/exomy_msgs/msg
[9.544s] -- Up-to-date: /home/exomy/exomy_ws/exomy_ws_ros/exomy_ws/src/install/exomy_msgs/include/exomy_msgs/msg/rosidl_typesupport_introspection_c__visibility_control.h
[9.553s] -- Up-to-date: /home/exomy/exomy_ws/exomy_ws_ros/exomy_ws/src/install/exomy_msgs/include/exomy_msgs/msg/detail
[9.555s] -- Up-to-date: /home/exomy/exomy_ws/exomy_ws_ros/exomy_ws/src/install/exomy_msgs/include/exomy_msgs/msg/detail/screen__rosidl_typesupport_introspection_c.h
[9.556s] -- Up-to-date: /home/exomy/exomy_ws/exomy_ws_ros/exomy_ws/src/install/exomy_msgs/include/exomy_msgs/msg/detail/motor_commands__type_support.c
[9.557s] -- Up-to-date: /home/exomy/exomy_ws/exomy_ws_ros/exomy_ws/src/install/exomy_msgs/include/exomy_msgs/msg/detail/motor_commands__rosidl_typesupport_introspection_c.h
[9.558s] -- Up-to-date: /home/exomy/exomy_ws/exomy_ws_ros/exomy_ws/src/install/exomy_msgs/include/exomy_msgs/msg/detail/rover_command__rosidl_typesupport_introspection_c.h
[9.559s] -- Up-to-date: /home/exomy/exomy_ws/exomy_ws_ros/exomy_ws/src/install/exomy_msgs/include/exomy_msgs/msg/detail/screen__type_support.c
[9.560s] -- Up-to-date: /home/exomy/exomy_ws/exomy_ws_ros/exomy_ws/src/install/exomy_msgs/include/exomy_msgs/msg/detail/rover_command__type_support.c
[9.562s] -- Installing: /home/exomy/exomy_ws/exomy_ws_ros/exomy_ws/src/install/exomy_msgs/lib/libexomy_msgs__rosidl_typesupport_introspection_c.so
[9.564s] -- Set runtime path of "/home/exomy/exomy_ws/exomy_ws_ros/exomy_ws/src/install/exomy_msgs/lib/libexomy_msgs__rosidl_typesupport_introspection_c.so" to ""
[9.566s] -- Installing: /home/exomy/exomy_ws/exomy_ws_ros/exomy_ws/src/install/exomy_msgs/lib/libexomy_msgs__rosidl_typesupport_c.so
[9.568s] -- Set runtime path of "/home/exomy/exomy_ws/exomy_ws_ros/exomy_ws/src/install/exomy_msgs/lib/libexomy_msgs__rosidl_typesupport_c.so" to ""
[9.569s] -- Up-to-date: /home/exomy/exomy_ws/exomy_ws_ros/exomy_ws/src/install/exomy_msgs/include/exomy_msgs
[9.569s] -- Up-to-date: /home/exomy/exomy_ws/exomy_ws_ros/exomy_ws/src/install/exomy_msgs/include/exomy_msgs/msg
[9.570s] -- Up-to-date: /home/exomy/exomy_ws/exomy_ws_ros/exomy_ws/src/install/exomy_msgs/include/exomy_msgs/msg/rover_command.hpp
[9.572s] -- Up-to-date: /home/exomy/exomy_ws/exomy_ws_ros/exomy_ws/src/install/exomy_msgs/include/exomy_msgs/msg/screen.hpp
[9.573s] -- Up-to-date: /home/exomy/exomy_ws/exomy_ws_ros/exomy_ws/src/install/exomy_msgs/include/exomy_msgs/msg/motor_commands.hpp
[9.574s] -- Up-to-date: /home/exomy/exomy_ws/exomy_ws_ros/exomy_ws/src/install/exomy_msgs/include/exomy_msgs/msg/detail
[9.576s] -- Up-to-date: /home/exomy/exomy_ws/exomy_ws_ros/exomy_ws/src/install/exomy_msgs/include/exomy_msgs/msg/detail/motor_commands__struct.hpp
[9.577s] -- Up-to-date: /home/exomy/exomy_ws/exomy_ws_ros/exomy_ws/src/install/exomy_msgs/include/exomy_msgs/msg/detail/screen__struct.hpp
[9.577s] -- Up-to-date: /home/exomy/exomy_ws/exomy_ws_ros/exomy_ws/src/install/exomy_msgs/include/exomy_msgs/msg/detail/rover_command__struct.hpp
[9.578s] -- Up-to-date: /home/exomy/exomy_ws/exomy_ws_ros/exomy_ws/src/install/exomy_msgs/include/exomy_msgs/msg/detail/rover_command__builder.hpp
[9.578s] -- Up-to-date: /home/exomy/exomy_ws/exomy_ws_ros/exomy_ws/src/install/exomy_msgs/include/exomy_msgs/msg/detail/motor_commands__traits.hpp
[9.580s] -- Up-to-date: /home/exomy/exomy_ws/exomy_ws_ros/exomy_ws/src/install/exomy_msgs/include/exomy_msgs/msg/detail/screen__builder.hpp
[9.581s] -- Installing: /home/exomy/exomy_ws/exomy_ws_ros/exomy_ws/src/install/exomy_msgs/include/exomy_msgs/msg/detail/motor_commands__builder.hpp
[9.582s] -- Up-to-date: /home/exomy/exomy_ws/exomy_ws_ros/exomy_ws/src/install/exomy_msgs/include/exomy_msgs/msg/detail/screen__traits.hpp
[9.583s] -- Up-to-date: /home/exomy/exomy_ws/exomy_ws_ros/exomy_ws/src/install/exomy_msgs/include/exomy_msgs/msg/detail/rover_command__traits.hpp
[9.584s] -- Up-to-date: /home/exomy/exomy_ws/exomy_ws_ros/exomy_ws/src/install/exomy_msgs/include/exomy_msgs
[9.585s] -- Up-to-date: /home/exomy/exomy_ws/exomy_ws_ros/exomy_ws/src/install/exomy_msgs/include/exomy_msgs/msg
[9.586s] -- Up-to-date: /home/exomy/exomy_ws/exomy_ws_ros/exomy_ws/src/install/exomy_msgs/include/exomy_msgs/msg/detail
[9.587s] -- Up-to-date: /home/exomy/exomy_ws/exomy_ws_ros/exomy_ws/src/install/exomy_msgs/include/exomy_msgs/msg/detail/motor_commands__type_support.cpp
[9.588s] -- Up-to-date: /home/exomy/exomy_ws/exomy_ws_ros/exomy_ws/src/install/exomy_msgs/include/exomy_msgs/msg/detail/motor_commands__rosidl_typesupport_introspection_cpp.hpp
[9.589s] -- Up-to-date: /home/exomy/exomy_ws/exomy_ws_ros/exomy_ws/src/install/exomy_msgs/include/exomy_msgs/msg/detail/screen__rosidl_typesupport_introspection_cpp.hpp
[9.590s] -- Up-to-date: /home/exomy/exomy_ws/exomy_ws_ros/exomy_ws/src/install/exomy_msgs/include/exomy_msgs/msg/detail/screen__type_support.cpp
[9.591s] -- Up-to-date: /home/exomy/exomy_ws/exomy_ws_ros/exomy_ws/src/install/exomy_msgs/include/exomy_msgs/msg/detail/rover_command__rosidl_typesupport_introspection_cpp.hpp
[9.592s] -- Up-to-date: /home/exomy/exomy_ws/exomy_ws_ros/exomy_ws/src/install/exomy_msgs/include/exomy_msgs/msg/detail/rover_command__type_support.cpp
[9.593s] -- Installing: /home/exomy/exomy_ws/exomy_ws_ros/exomy_ws/src/install/exomy_msgs/lib/libexomy_msgs__rosidl_typesupport_introspection_cpp.so
[9.594s] -- Set runtime path of "/home/exomy/exomy_ws/exomy_ws_ros/exomy_ws/src/install/exomy_msgs/lib/libexomy_msgs__rosidl_typesupport_introspection_cpp.so" to ""
[9.595s] -- Installing: /home/exomy/exomy_ws/exomy_ws_ros/exomy_ws/src/install/exomy_msgs/lib/libexomy_msgs__rosidl_typesupport_cpp.so
[9.596s] -- Set runtime path of "/home/exomy/exomy_ws/exomy_ws_ros/exomy_ws/src/install/exomy_msgs/lib/libexomy_msgs__rosidl_typesupport_cpp.so" to ""
[9.597s] -- Up-to-date: /home/exomy/exomy_ws/exomy_ws_ros/exomy_ws/src/install/exomy_msgs/share/exomy_msgs/environment/pythonpath.sh
[9.598s] -- Installing: /home/exomy/exomy_ws/exomy_ws_ros/exomy_ws/src/install/exomy_msgs/share/exomy_msgs/environment/pythonpath.dsv
[9.600s] -- Installing: /home/exomy/exomy_ws/exomy_ws_ros/exomy_ws/src/install/exomy_msgs/lib/python3.8/site-packages/exomy_msgs/__init__.py
[9.783s] Compiling '/home/exomy/exomy_ws/exomy_ws_ros/exomy_ws/src/install/exomy_msgs/lib/python3.8/site-packages/exomy_msgs/__init__.py'...
[9.789s] -- Up-to-date: /home/exomy/exomy_ws/exomy_ws_ros/exomy_ws/src/install/exomy_msgs/lib/python3.8/site-packages/exomy_msgs/msg
[9.790s] -- Up-to-date: /home/exomy/exomy_ws/exomy_ws_ros/exomy_ws/src/install/exomy_msgs/lib/python3.8/site-packages/exomy_msgs/msg/__init__.py
[9.790s] -- Up-to-date: /home/exomy/exomy_ws/exomy_ws_ros/exomy_ws/src/install/exomy_msgs/lib/python3.8/site-packages/exomy_msgs/msg/_rover_command.py
[9.790s] -- Up-to-date: /home/exomy/exomy_ws/exomy_ws_ros/exomy_ws/src/install/exomy_msgs/lib/python3.8/site-packages/exomy_msgs/msg/_motor_commands_s.c
[9.791s] -- Up-to-date: /home/exomy/exomy_ws/exomy_ws_ros/exomy_ws/src/install/exomy_msgs/lib/python3.8/site-packages/exomy_msgs/msg/_motor_commands.py
[9.791s] -- Up-to-date: /home/exomy/exomy_ws/exomy_ws_ros/exomy_ws/src/install/exomy_msgs/lib/python3.8/site-packages/exomy_msgs/msg/_screen.py
[9.793s] -- Up-to-date: /home/exomy/exomy_ws/exomy_ws_ros/exomy_ws/src/install/exomy_msgs/lib/python3.8/site-packages/exomy_msgs/msg/_rover_command_s.c
[9.794s] -- Up-to-date: /home/exomy/exomy_ws/exomy_ws_ros/exomy_ws/src/install/exomy_msgs/lib/python3.8/site-packages/exomy_msgs/msg/_screen_s.c
[9.794s] -- Installing: /home/exomy/exomy_ws/exomy_ws_ros/exomy_ws/src/install/exomy_msgs/lib/python3.8/site-packages/exomy_msgs/exomy_msgs_s__rosidl_typesupport_fastrtps_c.cpython-38-x86_64-linux-gnu.so
[9.796s] -- Set runtime path of "/home/exomy/exomy_ws/exomy_ws_ros/exomy_ws/src/install/exomy_msgs/lib/python3.8/site-packages/exomy_msgs/exomy_msgs_s__rosidl_typesupport_fastrtps_c.cpython-38-x86_64-linux-gnu.so" to ""
[9.797s] -- Installing: /home/exomy/exomy_ws/exomy_ws_ros/exomy_ws/src/install/exomy_msgs/lib/python3.8/site-packages/exomy_msgs/exomy_msgs_s__rosidl_typesupport_introspection_c.cpython-38-x86_64-linux-gnu.so
[9.800s] -- Set runtime path of "/home/exomy/exomy_ws/exomy_ws_ros/exomy_ws/src/install/exomy_msgs/lib/python3.8/site-packages/exomy_msgs/exomy_msgs_s__rosidl_typesupport_introspection_c.cpython-38-x86_64-linux-gnu.so" to ""
[9.801s] -- Installing: /home/exomy/exomy_ws/exomy_ws_ros/exomy_ws/src/install/exomy_msgs/lib/python3.8/site-packages/exomy_msgs/exomy_msgs_s__rosidl_typesupport_c.cpython-38-x86_64-linux-gnu.so
[9.802s] -- Set runtime path of "/home/exomy/exomy_ws/exomy_ws_ros/exomy_ws/src/install/exomy_msgs/lib/python3.8/site-packages/exomy_msgs/exomy_msgs_s__rosidl_typesupport_c.cpython-38-x86_64-linux-gnu.so" to ""
[9.804s] -- Installing: /home/exomy/exomy_ws/exomy_ws_ros/exomy_ws/src/install/exomy_msgs/lib/libexomy_msgs__python.so
[9.811s] -- Set runtime path of "/home/exomy/exomy_ws/exomy_ws_ros/exomy_ws/src/install/exomy_msgs/lib/libexomy_msgs__python.so" to ""
[9.814s] -- Up-to-date: /home/exomy/exomy_ws/exomy_ws_ros/exomy_ws/src/install/exomy_msgs/share/exomy_msgs/msg/MotorCommands.idl
[9.818s] -- Up-to-date: /home/exomy/exomy_ws/exomy_ws_ros/exomy_ws/src/install/exomy_msgs/share/exomy_msgs/msg/RoverCommand.idl
[9.821s] -- Up-to-date: /home/exomy/exomy_ws/exomy_ws_ros/exomy_ws/src/install/exomy_msgs/share/exomy_msgs/msg/Screen.idl
[9.822s] -- Installing: /home/exomy/exomy_ws/exomy_ws_ros/exomy_ws/src/install/exomy_msgs/share/exomy_msgs/msg/MotorCommands.msg
[9.823s] -- Installing: /home/exomy/exomy_ws/exomy_ws_ros/exomy_ws/src/install/exomy_msgs/share/exomy_msgs/msg/RoverCommand.msg
[9.823s] -- Installing: /home/exomy/exomy_ws/exomy_ws_ros/exomy_ws/src/install/exomy_msgs/share/exomy_msgs/msg/Screen.msg
[9.825s] -- Up-to-date: /home/exomy/exomy_ws/exomy_ws_ros/exomy_ws/src/install/exomy_msgs/share/ament_index/resource_index/package_run_dependencies/exomy_msgs
[9.826s] -- Installing: /home/exomy/exomy_ws/exomy_ws_ros/exomy_ws/src/install/exomy_msgs/share/ament_index/resource_index/parent_prefix_path/exomy_msgs
[9.828s] -- Installing: /home/exomy/exomy_ws/exomy_ws_ros/exomy_ws/src/install/exomy_msgs/share/exomy_msgs/environment/ament_prefix_path.sh
[9.832s] -- Installing: /home/exomy/exomy_ws/exomy_ws_ros/exomy_ws/src/install/exomy_msgs/share/exomy_msgs/environment/ament_prefix_path.dsv
[9.833s] -- Installing: /home/exomy/exomy_ws/exomy_ws_ros/exomy_ws/src/install/exomy_msgs/share/exomy_msgs/environment/path.sh
[9.834s] -- Installing: /home/exomy/exomy_ws/exomy_ws_ros/exomy_ws/src/install/exomy_msgs/share/exomy_msgs/environment/path.dsv
[9.836s] -- Up-to-date: /home/exomy/exomy_ws/exomy_ws_ros/exomy_ws/src/install/exomy_msgs/share/exomy_msgs/local_setup.bash
[9.837s] -- Up-to-date: /home/exomy/exomy_ws/exomy_ws_ros/exomy_ws/src/install/exomy_msgs/share/exomy_msgs/local_setup.sh
[9.839s] -- Up-to-date: /home/exomy/exomy_ws/exomy_ws_ros/exomy_ws/src/install/exomy_msgs/share/exomy_msgs/local_setup.zsh
[9.841s] -- Installing: /home/exomy/exomy_ws/exomy_ws_ros/exomy_ws/src/install/exomy_msgs/share/exomy_msgs/local_setup.dsv
[9.842s] -- Installing: /home/exomy/exomy_ws/exomy_ws_ros/exomy_ws/src/install/exomy_msgs/share/exomy_msgs/package.dsv
[9.842s] -- Up-to-date: /home/exomy/exomy_ws/exomy_ws_ros/exomy_ws/src/install/exomy_msgs/share/ament_index/resource_index/packages/exomy_msgs
[9.843s] -- Up-to-date: /home/exomy/exomy_ws/exomy_ws_ros/exomy_ws/src/install/exomy_msgs/share/exomy_msgs/cmake/exomy_msgs__rosidl_generator_cExport.cmake
[9.844s] -- Installing: /home/exomy/exomy_ws/exomy_ws_ros/exomy_ws/src/install/exomy_msgs/share/exomy_msgs/cmake/exomy_msgs__rosidl_generator_cExport-noconfig.cmake
[9.845s] -- Up-to-date: /home/exomy/exomy_ws/exomy_ws_ros/exomy_ws/src/install/exomy_msgs/share/exomy_msgs/cmake/exomy_msgs__rosidl_typesupport_introspection_cExport.cmake
[9.846s] -- Installing: /home/exomy/exomy_ws/exomy_ws_ros/exomy_ws/src/install/exomy_msgs/share/exomy_msgs/cmake/exomy_msgs__rosidl_typesupport_introspection_cExport-noconfig.cmake
[9.847s] -- Up-to-date: /home/exomy/exomy_ws/exomy_ws_ros/exomy_ws/src/install/exomy_msgs/share/exomy_msgs/cmake/exomy_msgs__rosidl_typesupport_cExport.cmake
[9.849s] -- Installing: /home/exomy/exomy_ws/exomy_ws_ros/exomy_ws/src/install/exomy_msgs/share/exomy_msgs/cmake/exomy_msgs__rosidl_typesupport_cExport-noconfig.cmake
[9.850s] -- Up-to-date: /home/exomy/exomy_ws/exomy_ws_ros/exomy_ws/src/install/exomy_msgs/share/exomy_msgs/cmake/exomy_msgs__rosidl_generator_cppExport.cmake
[9.852s] -- Up-to-date: /home/exomy/exomy_ws/exomy_ws_ros/exomy_ws/src/install/exomy_msgs/share/exomy_msgs/cmake/exomy_msgs__rosidl_typesupport_introspection_cppExport.cmake
[9.854s] -- Installing: /home/exomy/exomy_ws/exomy_ws_ros/exomy_ws/src/install/exomy_msgs/share/exomy_msgs/cmake/exomy_msgs__rosidl_typesupport_introspection_cppExport-noconfig.cmake
[9.855s] -- Up-to-date: /home/exomy/exomy_ws/exomy_ws_ros/exomy_ws/src/install/exomy_msgs/share/exomy_msgs/cmake/exomy_msgs__rosidl_typesupport_cppExport.cmake
[9.856s] -- Installing: /home/exomy/exomy_ws/exomy_ws_ros/exomy_ws/src/install/exomy_msgs/share/exomy_msgs/cmake/exomy_msgs__rosidl_typesupport_cppExport-noconfig.cmake
[9.858s] -- Up-to-date: /home/exomy/exomy_ws/exomy_ws_ros/exomy_ws/src/install/exomy_msgs/share/exomy_msgs/cmake/rosidl_cmake-extras.cmake
[9.860s] -- Up-to-date: /home/exomy/exomy_ws/exomy_ws_ros/exomy_ws/src/install/exomy_msgs/share/exomy_msgs/cmake/ament_cmake_export_dependencies-extras.cmake
[9.861s] -- Up-to-date: /home/exomy/exomy_ws/exomy_ws_ros/exomy_ws/src/install/exomy_msgs/share/exomy_msgs/cmake/ament_cmake_export_libraries-extras.cmake
[9.862s] -- Up-to-date: /home/exomy/exomy_ws/exomy_ws_ros/exomy_ws/src/install/exomy_msgs/share/exomy_msgs/cmake/ament_cmake_export_targets-extras.cmake
[9.863s] -- Up-to-date: /home/exomy/exomy_ws/exomy_ws_ros/exomy_ws/src/install/exomy_msgs/share/exomy_msgs/cmake/ament_cmake_export_include_directories-extras.cmake
[9.864s] -- Up-to-date: /home/exomy/exomy_ws/exomy_ws_ros/exomy_ws/src/install/exomy_msgs/share/exomy_msgs/cmake/rosidl_cmake_export_typesupport_libraries-extras.cmake
[9.867s] -- Up-to-date: /home/exomy/exomy_ws/exomy_ws_ros/exomy_ws/src/install/exomy_msgs/share/exomy_msgs/cmake/rosidl_cmake_export_typesupport_targets-extras.cmake
[9.869s] -- Up-to-date: /home/exomy/exomy_ws/exomy_ws_ros/exomy_ws/src/install/exomy_msgs/share/exomy_msgs/cmake/exomy_msgsConfig.cmake
[9.870s] -- Up-to-date: /home/exomy/exomy_ws/exomy_ws_ros/exomy_ws/src/install/exomy_msgs/share/exomy_msgs/cmake/exomy_msgsConfig-version.cmake
[9.880s] -- Installing: /home/exomy/exomy_ws/exomy_ws_ros/exomy_ws/src/install/exomy_msgs/share/exomy_msgs/package.xml
[9.900s] Invoked command in '/home/exomy/exomy_ws/exomy_ws_ros/exomy_ws/src/build/exomy_msgs' returned '0': CMAKE_PREFIX_PATH=${CMAKE_PREFIX_PATH}:/home/exomy/exomy_ws/exomy_ws_ros/exomy_ws/src/install/exomy:/home/exomy/exomy_ws/install/exomy:/home/exomy/exomy_ws/exomy_ws_ros/exomy_ws/install/exomy:/opt/ros/foxy /usr/bin/cmake --install /home/exomy/exomy_ws/exomy_ws_ros/exomy_ws/src/build/exomy_msgs
